<?xml version="1.0" encoding="UTF-8"?>
<coverage generated="1782008679692" clover="3.2.0">
  <project timestamp="1782008679692" name="All files">
    <metrics statements="393" coveredstatements="278" conditionals="335" coveredconditionals="201" methods="61" coveredmethods="51" elements="789" coveredelements="530" complexity="0" loc="393" ncloc="393" packages="1" files="2" classes="2"/>
    <file name="painelMetricsService.js" path="E:\xampp\htdocs\simpa\simpa-backend\src\services\painelMetricsService.js">
      <metrics statements="136" coveredstatements="136" conditionals="82" coveredconditionals="74" methods="21" coveredmethods="21"/>
      <line num="1" count="1" type="stmt"/>
      <line num="3" count="1" type="stmt"/>
      <line num="4" count="1" type="stmt"/>
      <line num="5" count="1" type="stmt"/>
      <line num="6" count="3" type="stmt"/>
      <line num="7" count="3" type="stmt"/>
      <line num="9" count="1" type="stmt"/>
      <line num="10" count="1" type="stmt"/>
      <line num="14" count="3" type="stmt"/>
      <line num="15" count="3" type="stmt"/>
      <line num="16" count="3" type="stmt"/>
      <line num="17" count="3" type="stmt"/>
      <line num="23" count="5" type="stmt"/>
      <line num="24" count="5" type="stmt"/>
      <line num="25" count="5" type="stmt"/>
      <line num="26" count="5" type="stmt"/>
      <line num="32" count="5" type="stmt"/>
      <line num="33" count="5" type="stmt"/>
      <line num="34" count="5" type="stmt"/>
      <line num="35" count="5" type="stmt"/>
      <line num="40" count="10" type="cond" truecount="4" falsecount="0"/>
      <line num="41" count="1" type="stmt"/>
      <line num="44" count="9" type="stmt"/>
      <line num="45" count="9" type="cond" truecount="2" falsecount="0"/>
      <line num="46" count="1" type="stmt"/>
      <line num="49" count="8" type="stmt"/>
      <line num="50" count="8" type="cond" truecount="4" falsecount="0"/>
      <line num="51" count="1" type="stmt"/>
      <line num="54" count="7" type="stmt"/>
      <line num="58" count="13" type="cond" truecount="4" falsecount="0"/>
      <line num="59" count="4" type="stmt"/>
      <line num="62" count="9" type="stmt"/>
      <line num="63" count="9" type="cond" truecount="4" falsecount="0"/>
      <line num="64" count="1" type="stmt"/>
      <line num="67" count="8" type="stmt"/>
      <line num="71" count="12" type="stmt"/>
      <line num="72" count="12" type="cond" truecount="2" falsecount="0"/>
      <line num="73" count="1" type="stmt"/>
      <line num="76" count="11" type="stmt"/>
      <line num="77" count="11" type="stmt"/>
      <line num="81" count="14" type="cond" truecount="4" falsecount="0"/>
      <line num="82" count="2" type="stmt"/>
      <line num="85" count="12" type="cond" truecount="2" falsecount="0"/>
      <line num="86" count="2" type="stmt"/>
      <line num="89" count="10" type="stmt"/>
      <line num="95" count="6" type="stmt"/>
      <line num="96" count="6" type="stmt"/>
      <line num="97" count="6" type="stmt"/>
      <line num="98" count="11" type="stmt"/>
      <line num="99" count="11" type="cond" truecount="2" falsecount="0"/>
      <line num="100" count="1" type="stmt"/>
      <line num="102" count="11" type="stmt"/>
      <line num="104" count="6" type="stmt"/>
      <line num="106" count="6" type="cond" truecount="2" falsecount="0"/>
      <line num="107" count="1" type="stmt"/>
      <line num="112" count="5" type="stmt"/>
      <line num="113" count="15" type="stmt"/>
      <line num="115" count="5" type="stmt"/>
      <line num="116" count="8" type="stmt"/>
      <line num="117" count="8" type="stmt"/>
      <line num="120" count="5" type="stmt"/>
      <line num="122" count="10" type="stmt"/>
      <line num="124" count="8" type="stmt"/>
      <line num="126" count="5" type="stmt"/>
      <line num="130" count="4" type="cond" truecount="4" falsecount="0"/>
      <line num="131" count="1" type="stmt"/>
      <line num="134" count="3" type="stmt"/>
      <line num="135" count="3" type="cond" truecount="2" falsecount="0"/>
      <line num="136" count="1" type="stmt"/>
      <line num="139" count="2" type="stmt"/>
      <line num="140" count="2" type="cond" truecount="2" falsecount="0"/>
      <line num="144" count="17" type="cond" truecount="1" falsecount="1"/>
      <line num="152" count="17" type="cond" truecount="1" falsecount="1"/>
      <line num="156" count="4" type="stmt"/>
      <line num="157" count="4" type="cond" truecount="2" falsecount="0"/>
      <line num="158" count="3" type="stmt"/>
      <line num="160" count="1" type="stmt"/>
      <line num="164" count="12" type="cond" truecount="1" falsecount="1"/>
      <line num="168" count="3" type="stmt"/>
      <line num="169" count="3" type="stmt"/>
      <line num="170" count="3" type="stmt"/>
      <line num="171" count="3" type="stmt"/>
      <line num="173" count="3" type="stmt"/>
      <line num="195" count="3" type="stmt"/>
      <line num="212" count="3" type="cond" truecount="2" falsecount="0"/>
      <line num="213" count="1" type="stmt"/>
      <line num="216" count="2" type="stmt"/>
      <line num="217" count="2" type="stmt"/>
      <line num="219" count="2" type="stmt"/>
      <line num="220" count="2" type="stmt"/>
      <line num="221" count="2" type="stmt"/>
      <line num="222" count="2" type="stmt"/>
      <line num="224" count="2" type="stmt"/>
      <line num="263" count="2" type="cond" truecount="2" falsecount="0"/>
      <line num="264" count="1" type="stmt"/>
      <line num="266" count="1" type="stmt"/>
      <line num="270" count="2" type="stmt"/>
      <line num="274" count="2" type="cond" truecount="1" falsecount="1"/>
      <line num="275" count="2" type="cond" truecount="1" falsecount="1"/>
      <line num="276" count="2" type="stmt"/>
      <line num="278" count="2" type="stmt"/>
      <line num="279" count="2" type="stmt"/>
      <line num="281" count="2" type="cond" truecount="2" falsecount="0"/>
      <line num="282" count="1" type="stmt"/>
      <line num="283" count="1" type="stmt"/>
      <line num="285" count="2" type="cond" truecount="2" falsecount="0"/>
      <line num="286" count="1" type="stmt"/>
      <line num="287" count="1" type="stmt"/>
      <line num="290" count="2" type="cond" truecount="2" falsecount="0"/>
      <line num="291" count="2" type="cond" truecount="2" falsecount="0"/>
      <line num="293" count="2" type="stmt"/>
      <line num="294" count="2" type="stmt"/>
      <line num="295" count="2" type="cond" truecount="1" falsecount="1"/>
      <line num="297" count="2" type="stmt"/>
      <line num="298" count="2" type="stmt"/>
      <line num="303" count="2" type="stmt"/>
      <line num="305" count="2" type="stmt"/>
      <line num="317" count="3" type="stmt"/>
      <line num="318" count="3" type="cond" truecount="4" falsecount="0"/>
      <line num="319" count="1" type="stmt"/>
      <line num="320" count="1" type="stmt"/>
      <line num="321" count="1" type="stmt"/>
      <line num="324" count="2" type="stmt"/>
      <line num="332" count="2" type="cond" truecount="2" falsecount="0"/>
      <line num="333" count="1" type="stmt"/>
      <line num="336" count="1" type="stmt"/>
      <line num="340" count="5" type="stmt"/>
      <line num="341" count="5" type="cond" truecount="4" falsecount="0"/>
      <line num="342" count="1" type="stmt"/>
      <line num="345" count="4" type="stmt"/>
      <line num="354" count="4" type="cond" truecount="2" falsecount="0"/>
      <line num="355" count="1" type="stmt"/>
      <line num="358" count="3" type="stmt"/>
      <line num="359" count="2" type="stmt"/>
      <line num="361" count="2" type="stmt"/>
      <line num="367" count="1" type="stmt"/>
    </file>
    <file name="painelWidgetsService.js" path="E:\xampp\htdocs\simpa\simpa-backend\src\services\painelWidgetsService.js">
      <metrics statements="257" coveredstatements="142" conditionals="253" coveredconditionals="127" methods="40" coveredmethods="30"/>
      <line num="1" count="1" type="stmt"/>
      <line num="2" count="1" type="stmt"/>
      <line num="4" count="1" type="stmt"/>
      <line num="22" count="1" type="stmt"/>
      <line num="25" count="2" type="stmt"/>
      <line num="26" count="2" type="stmt"/>
      <line num="27" count="2" type="cond" truecount="1" falsecount="1"/>
      <line num="28" count="2" type="stmt"/>
      <line num="30" count="2" type="stmt"/>
      <line num="34" count="3" type="stmt"/>
      <line num="35" count="3" type="cond" truecount="3" falsecount="1"/>
      <line num="36" count="0" type="stmt"/>
      <line num="38" count="3" type="stmt"/>
      <line num="42" count="6" type="cond" truecount="5" falsecount="0"/>
      <line num="43" count="4" type="stmt"/>
      <line num="45" count="2" type="stmt"/>
      <line num="49" count="8" type="cond" truecount="2" falsecount="0"/>
      <line num="50" count="4" type="stmt"/>
      <line num="53" count="4" type="cond" truecount="1" falsecount="1"/>
      <line num="54" count="0" type="cond" truecount="0" falsecount="2"/>
      <line num="55" count="0" type="stmt"/>
      <line num="57" count="0" type="stmt"/>
      <line num="60" count="4" type="cond" truecount="4" falsecount="0"/>
      <line num="61" count="1" type="stmt"/>
      <line num="64" count="3" type="stmt"/>
      <line num="68" count="0" type="cond" truecount="0" falsecount="2"/>
      <line num="69" count="0" type="stmt"/>
      <line num="72" count="0" type="stmt"/>
      <line num="81" count="0" type="cond" truecount="0" falsecount="2"/>
      <line num="82" count="0" type="stmt"/>
      <line num="87" count="0" type="stmt"/>
      <line num="88" count="0" type="stmt"/>
      <line num="96" count="0" type="cond" truecount="0" falsecount="2"/>
      <line num="97" count="0" type="stmt"/>
      <line num="98" count="0" type="stmt"/>
      <line num="101" count="0" type="stmt"/>
      <line num="103" count="0" type="stmt"/>
      <line num="104" count="0" type="cond" truecount="0" falsecount="2"/>
      <line num="105" count="0" type="stmt"/>
      <line num="114" count="0" type="stmt"/>
      <line num="115" count="0" type="stmt"/>
      <line num="116" count="0" type="cond" truecount="0" falsecount="2"/>
      <line num="117" count="0" type="stmt"/>
      <line num="121" count="0" type="cond" truecount="0" falsecount="7"/>
      <line num="122" count="0" type="stmt"/>
      <line num="129" count="0" type="cond" truecount="0" falsecount="2"/>
      <line num="130" count="0" type="stmt"/>
      <line num="131" count="0" type="stmt"/>
      <line num="132" count="0" type="stmt"/>
      <line num="134" count="0" type="stmt"/>
      <line num="135" count="0" type="stmt"/>
      <line num="136" count="0" type="cond" truecount="0" falsecount="2"/>
      <line num="138" count="0" type="stmt"/>
      <line num="142" count="0" type="stmt"/>
      <line num="143" count="0" type="stmt"/>
      <line num="144" count="0" type="cond" truecount="0" falsecount="2"/>
      <line num="145" count="0" type="stmt"/>
      <line num="149" count="0" type="cond" truecount="0" falsecount="2"/>
      <line num="150" count="0" type="stmt"/>
      <line num="153" count="0" type="cond" truecount="0" falsecount="2"/>
      <line num="154" count="0" type="stmt"/>
      <line num="156" count="0" type="cond" truecount="0" falsecount="2"/>
      <line num="157" count="0" type="stmt"/>
      <line num="159" count="0" type="cond" truecount="0" falsecount="2"/>
      <line num="160" count="0" type="stmt"/>
      <line num="162" count="0" type="cond" truecount="0" falsecount="2"/>
      <line num="163" count="0" type="stmt"/>
      <line num="166" count="0" type="cond" truecount="0" falsecount="2"/>
      <line num="167" count="0" type="stmt"/>
      <line num="169" count="0" type="cond" truecount="0" falsecount="2"/>
      <line num="170" count="0" type="stmt"/>
      <line num="173" count="0" type="stmt"/>
      <line num="176" count="1" type="stmt"/>
      <line num="188" count="12" type="cond" truecount="2" falsecount="0"/>
      <line num="189" count="1" type="stmt"/>
      <line num="192" count="11" type="cond" truecount="1" falsecount="1"/>
      <line num="193" count="0" type="stmt"/>
      <line num="199" count="11" type="cond" truecount="1" falsecount="1"/>
      <line num="200" count="0" type="stmt"/>
      <line num="207" count="11" type="cond" truecount="1" falsecount="1"/>
      <line num="208" count="0" type="stmt"/>
      <line num="211" count="11" type="stmt"/>
      <line num="215" count="3" type="stmt"/>
      <line num="216" count="3" type="cond" truecount="2" falsecount="0"/>
      <line num="217" count="1" type="stmt"/>
      <line num="220" count="2" type="stmt"/>
      <line num="221" count="2" type="stmt"/>
      <line num="222" count="2" type="stmt"/>
      <line num="223" count="2" type="stmt"/>
      <line num="224" count="2" type="stmt"/>
      <line num="225" count="2" type="stmt"/>
      <line num="226" count="2" type="stmt"/>
      <line num="230" count="5" type="cond" truecount="5" falsecount="0"/>
      <line num="231" count="1" type="stmt"/>
      <line num="234" count="4" type="stmt"/>
      <line num="235" count="4" type="cond" truecount="4" falsecount="0"/>
      <line num="236" count="4" type="stmt"/>
      <line num="237" count="4" type="cond" truecount="2" falsecount="0"/>
      <line num="238" count="2" type="cond" truecount="2" falsecount="0"/>
      <line num="239" count="1" type="stmt"/>
      <line num="243" count="3" type="stmt"/>
      <line num="252" count="3" type="cond" truecount="2" falsecount="0"/>
      <line num="256" count="13" type="cond" truecount="2" falsecount="0"/>
      <line num="257" count="1" type="stmt"/>
      <line num="260" count="12" type="stmt"/>
      <line num="261" count="12" type="cond" truecount="2" falsecount="0"/>
      <line num="262" count="7" type="stmt"/>
      <line num="265" count="5" type="cond" truecount="2" falsecount="0"/>
      <line num="266" count="3" type="stmt"/>
      <line num="269" count="2" type="stmt"/>
      <line num="270" count="2" type="cond" truecount="2" falsecount="0"/>
      <line num="271" count="1" type="stmt"/>
      <line num="274" count="1" type="stmt"/>
      <line num="278" count="12" type="stmt"/>
      <line num="286" count="8" type="cond" truecount="2" falsecount="0"/>
      <line num="287" count="8" type="cond" truecount="3" falsecount="1"/>
      <line num="288" count="0" type="stmt"/>
      <line num="291" count="8" type="cond" truecount="2" falsecount="0"/>
      <line num="292" count="2" type="stmt"/>
      <line num="298" count="6" type="cond" truecount="4" falsecount="0"/>
      <line num="299" count="5" type="stmt"/>
      <line num="302" count="1" type="stmt"/>
      <line num="306" count="1" type="stmt"/>
      <line num="307" count="1" type="stmt"/>
      <line num="312" count="1" type="stmt"/>
      <line num="316" count="8" type="cond" truecount="2" falsecount="0"/>
      <line num="317" count="7" type="stmt"/>
      <line num="320" count="1" type="stmt"/>
      <line num="321" count="1" type="cond" truecount="1" falsecount="1"/>
      <line num="322" count="0" type="stmt"/>
      <line num="325" count="1" type="stmt"/>
      <line num="326" count="3" type="stmt"/>
      <line num="327" count="3" type="stmt"/>
      <line num="331" count="8" type="stmt"/>
      <line num="332" count="8" type="stmt"/>
      <line num="334" count="8" type="cond" truecount="2" falsecount="0"/>
      <line num="335" count="1" type="stmt"/>
      <line num="336" count="1" type="stmt"/>
      <line num="337" count="1" type="cond" truecount="1" falsecount="1"/>
      <line num="338" count="1" type="stmt"/>
      <line num="339" count="1" type="cond" truecount="1" falsecount="1"/>
      <line num="340" count="1" type="stmt"/>
      <line num="341" count="1" type="stmt"/>
      <line num="345" count="1" type="stmt"/>
      <line num="347" count="1" type="cond" truecount="2" falsecount="2"/>
      <line num="351" count="1" type="stmt"/>
      <line num="366" count="7" type="stmt"/>
      <line num="367" count="7" type="stmt"/>
      <line num="383" count="2" type="stmt"/>
      <line num="384" count="4" type="stmt"/>
      <line num="388" count="4" type="cond" truecount="2" falsecount="0"/>
      <line num="392" count="2" type="stmt"/>
      <line num="393" count="5" type="stmt"/>
      <line num="400" count="5" type="cond" truecount="2" falsecount="0"/>
      <line num="405" count="1" type="stmt"/>
      <line num="410" count="1" type="stmt"/>
      <line num="411" count="1" type="stmt"/>
      <line num="426" count="1" type="stmt"/>
      <line num="431" count="1" type="cond" truecount="2" falsecount="2"/>
      <line num="432" count="1" type="stmt"/>
      <line num="434" count="1" type="cond" truecount="1" falsecount="1"/>
      <line num="435" count="1" type="stmt"/>
      <line num="436" count="2" type="stmt"/>
      <line num="440" count="1" type="stmt"/>
      <line num="455" count="11" type="cond" truecount="2" falsecount="0"/>
      <line num="456" count="8" type="stmt"/>
      <line num="458" count="3" type="cond" truecount="2" falsecount="0"/>
      <line num="459" count="1" type="stmt"/>
      <line num="461" count="2" type="cond" truecount="4" falsecount="0"/>
      <line num="462" count="1" type="stmt"/>
      <line num="465" count="1" type="stmt"/>
      <line num="479" count="10" type="cond" truecount="3" falsecount="1"/>
      <line num="480" count="0" type="stmt"/>
      <line num="483" count="10" type="stmt"/>
      <line num="484" count="10" type="stmt"/>
      <line num="485" count="10" type="cond" truecount="1" falsecount="1"/>
      <line num="486" count="10" type="stmt"/>
      <line num="489" count="10" type="stmt"/>
      <line num="496" count="10" type="stmt"/>
      <line num="500" count="1" type="stmt"/>
      <line num="501" count="1" type="stmt"/>
      <line num="508" count="1" type="cond" truecount="1" falsecount="1"/>
      <line num="509" count="0" type="stmt"/>
      <line num="512" count="1" type="stmt"/>
      <line num="516" count="0" type="stmt"/>
      <line num="517" count="0" type="stmt"/>
      <line num="518" count="0" type="stmt"/>
      <line num="519" count="0" type="stmt"/>
      <line num="521" count="0" type="stmt"/>
      <line num="551" count="0" type="stmt"/>
      <line num="555" count="0" type="stmt"/>
      <line num="556" count="0" type="stmt"/>
      <line num="557" count="0" type="stmt"/>
      <line num="559" count="0" type="stmt"/>
      <line num="565" count="0" type="cond" truecount="0" falsecount="2"/>
      <line num="566" count="0" type="stmt"/>
      <line num="568" count="0" type="cond" truecount="0" falsecount="2"/>
      <line num="569" count="0" type="stmt"/>
      <line num="571" count="0" type="cond" truecount="0" falsecount="2"/>
      <line num="576" count="0" type="stmt"/>
      <line num="579" count="0" type="stmt"/>
      <line num="580" count="0" type="stmt"/>
      <line num="581" count="0" type="stmt"/>
      <line num="582" count="0" type="stmt"/>
      <line num="583" count="0" type="stmt"/>
      <line num="586" count="0" type="stmt"/>
      <line num="587" count="0" type="cond" truecount="0" falsecount="5"/>
      <line num="588" count="0" type="cond" truecount="0" falsecount="2"/>
      <line num="589" count="0" type="stmt"/>
      <line num="590" count="0" type="stmt"/>
      <line num="592" count="0" type="stmt"/>
      <line num="595" count="0" type="stmt"/>
      <line num="596" count="0" type="stmt"/>
      <line num="598" count="0" type="stmt"/>
      <line num="606" count="0" type="cond" truecount="0" falsecount="2"/>
      <line num="607" count="0" type="stmt"/>
      <line num="610" count="0" type="stmt"/>
      <line num="614" count="0" type="cond" truecount="0" falsecount="6"/>
      <line num="615" count="0" type="stmt"/>
      <line num="622" count="0" type="stmt"/>
      <line num="623" count="0" type="stmt"/>
      <line num="624" count="0" type="cond" truecount="0" falsecount="2"/>
      <line num="625" count="0" type="stmt"/>
      <line num="628" count="0" type="stmt"/>
      <line num="629" count="0" type="stmt"/>
      <line num="630" count="0" type="stmt"/>
      <line num="632" count="0" type="stmt"/>
      <line num="642" count="0" type="cond" truecount="0" falsecount="2"/>
      <line num="643" count="0" type="stmt"/>
      <line num="650" count="0" type="stmt"/>
      <line num="651" count="0" type="stmt"/>
      <line num="660" count="0" type="stmt"/>
      <line num="662" count="0" type="stmt"/>
      <line num="663" count="0" type="stmt"/>
      <line num="665" count="0" type="stmt"/>
      <line num="668" count="0" type="stmt"/>
      <line num="672" count="0" type="stmt"/>
      <line num="674" count="0" type="stmt"/>
      <line num="683" count="0" type="cond" truecount="0" falsecount="2"/>
      <line num="684" count="0" type="stmt"/>
      <line num="687" count="0" type="stmt"/>
      <line num="691" count="3" type="stmt"/>
      <line num="708" count="2" type="stmt"/>
      <line num="718" count="10" type="stmt"/>
      <line num="719" count="10" type="stmt"/>
      <line num="720" count="10" type="stmt"/>
      <line num="722" count="10" type="cond" truecount="2" falsecount="0"/>
      <line num="723" count="1" type="stmt"/>
      <line num="726" count="9" type="stmt"/>
      <line num="727" count="9" type="stmt"/>
      <line num="728" count="9" type="stmt"/>
      <line num="731" count="9" type="stmt"/>
      <line num="742" count="9" type="stmt"/>
      <line num="751" count="2" type="stmt"/>
      <line num="753" count="2" type="cond" truecount="4" falsecount="0"/>
      <line num="757" count="2" type="stmt"/>
      <line num="760" count="1" type="stmt"/>
    </file>
  </project>
</coverage>
