{"E:\\xampp\\htdocs\\simpa\\simpa-backend\\src\\middleware\\errorHandler.js": {"path":"E:\\xampp\\htdocs\\simpa\\simpa-backend\\src\\middleware\\errorHandler.js","statementMap":{"0":{"start":{"line":2,"column":17},"end":{"line":2,"column":34}},"1":{"start":{"line":3,"column":18},"end":{"line":6,"column":3}},"2":{"start":{"line":8,"column":2},"end":{"line":10,"column":3}},"3":{"start":{"line":9,"column":4},"end":{"line":9,"column":30}},"4":{"start":{"line":12,"column":2},"end":{"line":19,"column":4}},"5":{"start":{"line":21,"column":2},"end":{"line":21,"column":35}},"6":{"start":{"line":24,"column":0},"end":{"line":24,"column":30}}},"fnMap":{"0":{"name":"errorHandler","decl":{"start":{"line":1,"column":9},"end":{"line":1,"column":21}},"loc":{"start":{"line":1,"column":44},"end":{"line":22,"column":1}},"line":1}},"branchMap":{"0":{"loc":{"start":{"line":2,"column":17},"end":{"line":2,"column":34}},"type":"binary-expr","locations":[{"start":{"line":2,"column":17},"end":{"line":2,"column":27}},{"start":{"line":2,"column":31},"end":{"line":2,"column":34}}],"line":2},"1":{"loc":{"start":{"line":4,"column":11},"end":{"line":4,"column":40}},"type":"binary-expr","locations":[{"start":{"line":4,"column":11},"end":{"line":4,"column":22}},{"start":{"line":4,"column":26},"end":{"line":4,"column":40}}],"line":4},"2":{"loc":{"start":{"line":8,"column":2},"end":{"line":10,"column":3}},"type":"if","locations":[{"start":{"line":8,"column":2},"end":{"line":10,"column":3}},{"start":{},"end":{}}],"line":8},"3":{"loc":{"start":{"line":8,"column":6},"end":{"line":8,"column":56}},"type":"binary-expr","locations":[{"start":{"line":8,"column":6},"end":{"line":8,"column":43}},{"start":{"line":8,"column":47},"end":{"line":8,"column":56}}],"line":8}},"s":{"0":0,"1":0,"2":0,"3":0,"4":0,"5":0,"6":0},"f":{"0":0},"b":{"0":[0,0],"1":[0,0],"2":[0,0],"3":[0,0]}}
,"E:\\xampp\\htdocs\\simpa\\simpa-backend\\src\\middleware\\requestLogger.js": {"path":"E:\\xampp\\htdocs\\simpa\\simpa-backend\\src\\middleware\\requestLogger.js","statementMap":{"0":{"start":{"line":1,"column":15},"end":{"line":1,"column":32}},"1":{"start":{"line":4,"column":20},"end":{"line":4,"column":70}},"2":{"start":{"line":5,"column":2},"end":{"line":5,"column":28}},"3":{"start":{"line":6,"column":2},"end":{"line":6,"column":43}},"4":{"start":{"line":8,"column":16},"end":{"line":8,"column":26}},"5":{"start":{"line":9,"column":2},"end":{"line":19,"column":5}},"6":{"start":{"line":10,"column":4},"end":{"line":18,"column":6}},"7":{"start":{"line":21,"column":2},"end":{"line":21,"column":9}},"8":{"start":{"line":24,"column":0},"end":{"line":24,"column":31}}},"fnMap":{"0":{"name":"requestLogger","decl":{"start":{"line":3,"column":9},"end":{"line":3,"column":22}},"loc":{"start":{"line":3,"column":39},"end":{"line":22,"column":1}},"line":3},"1":{"name":"(anonymous_1)","decl":{"start":{"line":9,"column":19},"end":{"line":9,"column":20}},"loc":{"start":{"line":9,"column":25},"end":{"line":19,"column":3}},"line":9}},"branchMap":{"0":{"loc":{"start":{"line":4,"column":20},"end":{"line":4,"column":70}},"type":"binary-expr","locations":[{"start":{"line":4,"column":20},"end":{"line":4,"column":47}},{"start":{"line":4,"column":51},"end":{"line":4,"column":70}}],"line":4},"1":{"loc":{"start":{"line":14,"column":14},"end":{"line":14,"column":40}},"type":"binary-expr","locations":[{"start":{"line":14,"column":14},"end":{"line":14,"column":29}},{"start":{"line":14,"column":33},"end":{"line":14,"column":40}}],"line":14}},"s":{"0":0,"1":0,"2":0,"3":0,"4":0,"5":0,"6":0,"7":0,"8":0},"f":{"0":0,"1":0},"b":{"0":[0,0],"1":[0,0]}}
,"E:\\xampp\\htdocs\\simpa\\simpa-backend\\src\\middleware\\requireAdmin.js": {"path":"E:\\xampp\\htdocs\\simpa\\simpa-backend\\src\\middleware\\requireAdmin.js","statementMap":{"0":{"start":{"line":2,"column":2},"end":{"line":4,"column":3}},"1":{"start":{"line":3,"column":4},"end":{"line":3,"column":78}},"2":{"start":{"line":5,"column":2},"end":{"line":5,"column":16}},"3":{"start":{"line":8,"column":0},"end":{"line":8,"column":30}}},"fnMap":{"0":{"name":"requireAdmin","decl":{"start":{"line":1,"column":9},"end":{"line":1,"column":21}},"loc":{"start":{"line":1,"column":38},"end":{"line":6,"column":1}},"line":1}},"branchMap":{"0":{"loc":{"start":{"line":2,"column":2},"end":{"line":4,"column":3}},"type":"if","locations":[{"start":{"line":2,"column":2},"end":{"line":4,"column":3}},{"start":{},"end":{}}],"line":2}},"s":{"0":0,"1":0,"2":0,"3":0},"f":{"0":0},"b":{"0":[0,0]}}
,"E:\\xampp\\htdocs\\simpa\\simpa-backend\\src\\middleware\\requireAdminOrPlanning.js": {"path":"E:\\xampp\\htdocs\\simpa\\simpa-backend\\src\\middleware\\requireAdminOrPlanning.js","statementMap":{"0":{"start":{"line":2,"column":17},"end":{"line":2,"column":33}},"1":{"start":{"line":3,"column":2},"end":{"line":5,"column":3}},"2":{"start":{"line":4,"column":4},"end":{"line":4,"column":18}},"3":{"start":{"line":6,"column":2},"end":{"line":6,"column":92}},"4":{"start":{"line":9,"column":0},"end":{"line":9,"column":40}}},"fnMap":{"0":{"name":"requireAdminOrPlanning","decl":{"start":{"line":1,"column":9},"end":{"line":1,"column":31}},"loc":{"start":{"line":1,"column":48},"end":{"line":7,"column":1}},"line":1}},"branchMap":{"0":{"loc":{"start":{"line":3,"column":2},"end":{"line":5,"column":3}},"type":"if","locations":[{"start":{"line":3,"column":2},"end":{"line":5,"column":3}},{"start":{},"end":{}}],"line":3},"1":{"loc":{"start":{"line":3,"column":6},"end":{"line":3,"column":61}},"type":"binary-expr","locations":[{"start":{"line":3,"column":6},"end":{"line":3,"column":32}},{"start":{"line":3,"column":36},"end":{"line":3,"column":61}}],"line":3}},"s":{"0":0,"1":0,"2":0,"3":0,"4":0},"f":{"0":0},"b":{"0":[0,0],"1":[0,0]}}
,"E:\\xampp\\htdocs\\simpa\\simpa-backend\\src\\middleware\\requirePlanningStaff.js": {"path":"E:\\xampp\\htdocs\\simpa\\simpa-backend\\src\\middleware\\requirePlanningStaff.js","statementMap":{"0":{"start":{"line":1,"column":28},"end":{"line":5,"column":1}},"1":{"start":{"line":8,"column":2},"end":{"line":12,"column":3}},"2":{"start":{"line":9,"column":4},"end":{"line":11,"column":7}},"3":{"start":{"line":14,"column":2},"end":{"line":14,"column":16}},"4":{"start":{"line":17,"column":0},"end":{"line":17,"column":38}},"5":{"start":{"line":18,"column":0},"end":{"line":18,"column":57}}},"fnMap":{"0":{"name":"requirePlanningStaff","decl":{"start":{"line":7,"column":9},"end":{"line":7,"column":29}},"loc":{"start":{"line":7,"column":46},"end":{"line":15,"column":1}},"line":7}},"branchMap":{"0":{"loc":{"start":{"line":8,"column":2},"end":{"line":12,"column":3}},"type":"if","locations":[{"start":{"line":8,"column":2},"end":{"line":12,"column":3}},{"start":{},"end":{}}],"line":8}},"s":{"0":0,"1":0,"2":0,"3":0,"4":0,"5":0},"f":{"0":0},"b":{"0":[0,0]}}
,"E:\\xampp\\htdocs\\simpa\\simpa-backend\\src\\middleware\\verifyJWT.js": {"path":"E:\\xampp\\htdocs\\simpa\\simpa-backend\\src\\middleware\\verifyJWT.js","statementMap":{"0":{"start":{"line":1,"column":12},"end":{"line":1,"column":35}},"1":{"start":{"line":2,"column":22},"end":{"line":2,"column":56}},"2":{"start":{"line":5,"column":17},"end":{"line":5,"column":48}},"3":{"start":{"line":6,"column":16},"end":{"line":6,"column":48}},"4":{"start":{"line":8,"column":2},"end":{"line":10,"column":3}},"5":{"start":{"line":9,"column":4},"end":{"line":9,"column":72}},"6":{"start":{"line":12,"column":2},"end":{"line":23,"column":3}},"7":{"start":{"line":13,"column":20},"end":{"line":13,"column":53}},"8":{"start":{"line":14,"column":4},"end":{"line":19,"column":6}},"9":{"start":{"line":20,"column":4},"end":{"line":20,"column":18}},"10":{"start":{"line":22,"column":4},"end":{"line":22,"column":72}},"11":{"start":{"line":26,"column":0},"end":{"line":26,"column":27}}},"fnMap":{"0":{"name":"verifyJWT","decl":{"start":{"line":4,"column":9},"end":{"line":4,"column":18}},"loc":{"start":{"line":4,"column":35},"end":{"line":24,"column":1}},"line":4}},"branchMap":{"0":{"loc":{"start":{"line":5,"column":17},"end":{"line":5,"column":48}},"type":"binary-expr","locations":[{"start":{"line":5,"column":17},"end":{"line":5,"column":42}},{"start":{"line":5,"column":46},"end":{"line":5,"column":48}}],"line":5},"1":{"loc":{"start":{"line":8,"column":2},"end":{"line":10,"column":3}},"type":"if","locations":[{"start":{"line":8,"column":2},"end":{"line":10,"column":3}},{"start":{},"end":{}}],"line":8}},"s":{"0":0,"1":0,"2":0,"3":0,"4":0,"5":0,"6":0,"7":0,"8":0,"9":0,"10":0,"11":0},"f":{"0":0},"b":{"0":[0,0],"1":[0,0]}}
,"E:\\xampp\\htdocs\\simpa\\simpa-backend\\src\\routes\\admin.js": {"path":"E:\\xampp\\htdocs\\simpa\\simpa-backend\\src\\routes\\admin.js","statementMap":{"0":{"start":{"line":1,"column":16},"end":{"line":1,"column":34}},"1":{"start":{"line":2,"column":15},"end":{"line":2,"column":32}},"2":{"start":{"line":3,"column":18},"end":{"line":3,"column":43}},"3":{"start":{"line":4,"column":21},"end":{"line":4,"column":58}},"4":{"start":{"line":5,"column":31},"end":{"line":5,"column":78}},"5":{"start":{"line":6,"column":21},"end":{"line":6,"column":56}},"6":{"start":{"line":8,"column":15},"end":{"line":8,"column":31}},"7":{"start":{"line":10,"column":21},"end":{"line":15,"column":1}},"8":{"start":{"line":18,"column":2},"end":{"line":18,"column":81}},"9":{"start":{"line":22,"column":2},"end":{"line":24,"column":3}},"10":{"start":{"line":23,"column":4},"end":{"line":23,"column":50}},"11":{"start":{"line":25,"column":2},"end":{"line":25,"column":14}},"12":{"start":{"line":28,"column":0},"end":{"line":78,"column":3}},"13":{"start":{"line":29,"column":2},"end":{"line":77,"column":3}},"14":{"start":{"line":30,"column":17},"end":{"line":30,"column":65}},"15":{"start":{"line":31,"column":18},"end":{"line":31,"column":83}},"16":{"start":{"line":32,"column":19},"end":{"line":32,"column":37}},"17":{"start":{"line":34,"column":23},"end":{"line":34,"column":25}},"18":{"start":{"line":35,"column":19},"end":{"line":35,"column":21}},"19":{"start":{"line":37,"column":4},"end":{"line":40,"column":5}},"20":{"start":{"line":38,"column":6},"end":{"line":38,"column":40}},"21":{"start":{"line":39,"column":6},"end":{"line":39,"column":58}},"22":{"start":{"line":41,"column":4},"end":{"line":44,"column":5}},"23":{"start":{"line":42,"column":6},"end":{"line":42,"column":34}},"24":{"start":{"line":43,"column":6},"end":{"line":43,"column":52}},"25":{"start":{"line":46,"column":18},"end":{"line":46,"column":78}},"26":{"start":{"line":48,"column":24},"end":{"line":51,"column":5}},"27":{"start":{"line":52,"column":18},"end":{"line":52,"column":43}},"28":{"start":{"line":54,"column":4},"end":{"line":54,"column":31}},"29":{"start":{"line":55,"column":21},"end":{"line":64,"column":5}},"30":{"start":{"line":66,"column":4},"end":{"line":74,"column":7}},"31":{"start":{"line":76,"column":4},"end":{"line":76,"column":21}},"32":{"start":{"line":80,"column":0},"end":{"line":80,"column":25}},"33":{"start":{"line":82,"column":0},"end":{"line":93,"column":3}},"34":{"start":{"line":83,"column":2},"end":{"line":92,"column":3}},"35":{"start":{"line":84,"column":21},"end":{"line":88,"column":5}},"36":{"start":{"line":89,"column":4},"end":{"line":89,"column":26}},"37":{"start":{"line":91,"column":4},"end":{"line":91,"column":21}},"38":{"start":{"line":95,"column":0},"end":{"line":137,"column":3}},"39":{"start":{"line":96,"column":2},"end":{"line":136,"column":3}},"40":{"start":{"line":97,"column":46},"end":{"line":97,"column":60}},"41":{"start":{"line":99,"column":4},"end":{"line":103,"column":5}},"42":{"start":{"line":100,"column":6},"end":{"line":102,"column":9}},"43":{"start":{"line":105,"column":4},"end":{"line":107,"column":5}},"44":{"start":{"line":106,"column":6},"end":{"line":106,"column":64}},"45":{"start":{"line":109,"column":23},"end":{"line":109,"column":43}},"46":{"start":{"line":110,"column":4},"end":{"line":112,"column":5}},"47":{"start":{"line":111,"column":6},"end":{"line":111,"column":57}},"48":{"start":{"line":114,"column":22},"end":{"line":114,"column":50}},"49":{"start":{"line":115,"column":21},"end":{"line":120,"column":5}},"50":{"start":{"line":122,"column":4},"end":{"line":128,"column":7}},"51":{"start":{"line":130,"column":4},"end":{"line":130,"column":41}},"52":{"start":{"line":132,"column":4},"end":{"line":134,"column":5}},"53":{"start":{"line":133,"column":6},"end":{"line":133,"column":67}},"54":{"start":{"line":135,"column":4},"end":{"line":135,"column":21}},"55":{"start":{"line":139,"column":0},"end":{"line":203,"column":3}},"56":{"start":{"line":140,"column":2},"end":{"line":202,"column":3}},"57":{"start":{"line":141,"column":43},"end":{"line":141,"column":57}},"58":{"start":{"line":143,"column":4},"end":{"line":145,"column":5}},"59":{"start":{"line":144,"column":6},"end":{"line":144,"column":64}},"60":{"start":{"line":147,"column":17},"end":{"line":147,"column":19}},"61":{"start":{"line":148,"column":19},"end":{"line":148,"column":21}},"62":{"start":{"line":150,"column":4},"end":{"line":153,"column":5}},"63":{"start":{"line":151,"column":6},"end":{"line":151,"column":24}},"64":{"start":{"line":152,"column":6},"end":{"line":152,"column":42}},"65":{"start":{"line":154,"column":4},"end":{"line":157,"column":5}},"66":{"start":{"line":155,"column":6},"end":{"line":155,"column":26}},"67":{"start":{"line":156,"column":6},"end":{"line":156,"column":44}},"68":{"start":{"line":158,"column":4},"end":{"line":161,"column":5}},"69":{"start":{"line":159,"column":6},"end":{"line":159,"column":25}},"70":{"start":{"line":160,"column":6},"end":{"line":160,"column":43}},"71":{"start":{"line":162,"column":4},"end":{"line":170,"column":5}},"72":{"start":{"line":163,"column":25},"end":{"line":163,"column":45}},"73":{"start":{"line":164,"column":6},"end":{"line":166,"column":7}},"74":{"start":{"line":165,"column":8},"end":{"line":165,"column":59}},"75":{"start":{"line":167,"column":24},"end":{"line":167,"column":52}},"76":{"start":{"line":168,"column":6},"end":{"line":168,"column":29}},"77":{"start":{"line":169,"column":6},"end":{"line":169,"column":48}},"78":{"start":{"line":172,"column":4},"end":{"line":174,"column":5}},"79":{"start":{"line":173,"column":6},"end":{"line":173,"column":76}},"80":{"start":{"line":176,"column":4},"end":{"line":178,"column":5}},"81":{"start":{"line":177,"column":6},"end":{"line":177,"column":88}},"82":{"start":{"line":180,"column":4},"end":{"line":180,"column":31}},"83":{"start":{"line":181,"column":21},"end":{"line":185,"column":5}},"84":{"start":{"line":187,"column":4},"end":{"line":189,"column":5}},"85":{"start":{"line":188,"column":6},"end":{"line":188,"column":71}},"86":{"start":{"line":191,"column":4},"end":{"line":197,"column":7}},"87":{"start":{"line":199,"column":4},"end":{"line":199,"column":29}},"88":{"start":{"line":201,"column":4},"end":{"line":201,"column":21}},"89":{"start":{"line":205,"column":0},"end":{"line":241,"column":3}},"90":{"start":{"line":206,"column":2},"end":{"line":240,"column":3}},"91":{"start":{"line":207,"column":21},"end":{"line":207,"column":42}},"92":{"start":{"line":208,"column":4},"end":{"line":210,"column":5}},"93":{"start":{"line":209,"column":6},"end":{"line":209,"column":88}},"94":{"start":{"line":212,"column":19},"end":{"line":214,"column":5}},"95":{"start":{"line":215,"column":4},"end":{"line":217,"column":5}},"96":{"start":{"line":216,"column":6},"end":{"line":216,"column":95}},"97":{"start":{"line":219,"column":21},"end":{"line":223,"column":5}},"98":{"start":{"line":225,"column":4},"end":{"line":227,"column":5}},"99":{"start":{"line":226,"column":6},"end":{"line":226,"column":71}},"100":{"start":{"line":229,"column":4},"end":{"line":235,"column":7}},"101":{"start":{"line":237,"column":4},"end":{"line":237,"column":57}},"102":{"start":{"line":239,"column":4},"end":{"line":239,"column":21}},"103":{"start":{"line":243,"column":0},"end":{"line":254,"column":3}},"104":{"start":{"line":244,"column":2},"end":{"line":253,"column":3}},"105":{"start":{"line":245,"column":21},"end":{"line":249,"column":5}},"106":{"start":{"line":250,"column":4},"end":{"line":250,"column":26}},"107":{"start":{"line":252,"column":4},"end":{"line":252,"column":21}},"108":{"start":{"line":256,"column":0},"end":{"line":301,"column":3}},"109":{"start":{"line":257,"column":2},"end":{"line":300,"column":3}},"110":{"start":{"line":258,"column":18},"end":{"line":262,"column":12}},"111":{"start":{"line":264,"column":4},"end":{"line":268,"column":5}},"112":{"start":{"line":265,"column":6},"end":{"line":267,"column":9}},"113":{"start":{"line":270,"column":20},"end":{"line":270,"column":22}},"114":{"start":{"line":271,"column":4},"end":{"line":287,"column":5}},"115":{"start":{"line":272,"column":6},"end":{"line":274,"column":7}},"116":{"start":{"line":273,"column":8},"end":{"line":273,"column":81}},"117":{"start":{"line":276,"column":23},"end":{"line":285,"column":7}},"118":{"start":{"line":286,"column":6},"end":{"line":286,"column":28}},"119":{"start":{"line":289,"column":4},"end":{"line":295,"column":7}},"120":{"start":{"line":293,"column":47},"end":{"line":293,"column":56}},"121":{"start":{"line":297,"column":4},"end":{"line":297,"column":29}},"122":{"start":{"line":299,"column":4},"end":{"line":299,"column":21}},"123":{"start":{"line":303,"column":0},"end":{"line":303,"column":24}}},"fnMap":{"0":{"name":"clientIp","decl":{"start":{"line":17,"column":9},"end":{"line":17,"column":17}},"loc":{"start":{"line":17,"column":23},"end":{"line":19,"column":1}},"line":17},"1":{"name":"validateSenha","decl":{"start":{"line":21,"column":9},"end":{"line":21,"column":22}},"loc":{"start":{"line":21,"column":30},"end":{"line":26,"column":1}},"line":21},"2":{"name":"(anonymous_2)","decl":{"start":{"line":28,"column":49},"end":{"line":28,"column":50}},"loc":{"start":{"line":28,"column":75},"end":{"line":78,"column":1}},"line":28},"3":{"name":"(anonymous_3)","decl":{"start":{"line":82,"column":24},"end":{"line":82,"column":25}},"loc":{"start":{"line":82,"column":50},"end":{"line":93,"column":1}},"line":82},"4":{"name":"(anonymous_4)","decl":{"start":{"line":95,"column":25},"end":{"line":95,"column":26}},"loc":{"start":{"line":95,"column":51},"end":{"line":137,"column":1}},"line":95},"5":{"name":"(anonymous_5)","decl":{"start":{"line":139,"column":28},"end":{"line":139,"column":29}},"loc":{"start":{"line":139,"column":54},"end":{"line":203,"column":1}},"line":139},"6":{"name":"(anonymous_6)","decl":{"start":{"line":205,"column":31},"end":{"line":205,"column":32}},"loc":{"start":{"line":205,"column":57},"end":{"line":241,"column":1}},"line":205},"7":{"name":"(anonymous_7)","decl":{"start":{"line":243,"column":29},"end":{"line":243,"column":30}},"loc":{"start":{"line":243,"column":56},"end":{"line":254,"column":1}},"line":243},"8":{"name":"(anonymous_8)","decl":{"start":{"line":256,"column":29},"end":{"line":256,"column":30}},"loc":{"start":{"line":256,"column":55},"end":{"line":301,"column":1}},"line":256},"9":{"name":"(anonymous_9)","decl":{"start":{"line":293,"column":38},"end":{"line":293,"column":39}},"loc":{"start":{"line":293,"column":47},"end":{"line":293,"column":56}},"line":293}},"branchMap":{"0":{"loc":{"start":{"line":18,"column":9},"end":{"line":18,"column":80}},"type":"binary-expr","locations":[{"start":{"line":18,"column":9},"end":{"line":18,"column":62}},{"start":{"line":18,"column":66},"end":{"line":18,"column":72}},{"start":{"line":18,"column":76},"end":{"line":18,"column":80}}],"line":18},"1":{"loc":{"start":{"line":22,"column":2},"end":{"line":24,"column":3}},"type":"if","locations":[{"start":{"line":22,"column":2},"end":{"line":24,"column":3}},{"start":{},"end":{}}],"line":22},"2":{"loc":{"start":{"line":22,"column":6},"end":{"line":22,"column":40}},"type":"binary-expr","locations":[{"start":{"line":22,"column":6},"end":{"line":22,"column":12}},{"start":{"line":22,"column":16},"end":{"line":22,"column":40}}],"line":22},"3":{"loc":{"start":{"line":30,"column":38},"end":{"line":30,"column":59}},"type":"binary-expr","locations":[{"start":{"line":30,"column":38},"end":{"line":30,"column":52}},{"start":{"line":30,"column":56},"end":{"line":30,"column":59}}],"line":30},"4":{"loc":{"start":{"line":31,"column":53},"end":{"line":31,"column":76}},"type":"binary-expr","locations":[{"start":{"line":31,"column":53},"end":{"line":31,"column":68}},{"start":{"line":31,"column":72},"end":{"line":31,"column":76}}],"line":31},"5":{"loc":{"start":{"line":37,"column":4},"end":{"line":40,"column":5}},"type":"if","locations":[{"start":{"line":37,"column":4},"end":{"line":40,"column":5}},{"start":{},"end":{}}],"line":37},"6":{"loc":{"start":{"line":41,"column":4},"end":{"line":44,"column":5}},"type":"if","locations":[{"start":{"line":41,"column":4},"end":{"line":44,"column":5}},{"start":{},"end":{}}],"line":41},"7":{"loc":{"start":{"line":46,"column":18},"end":{"line":46,"column":78}},"type":"cond-expr","locations":[{"start":{"line":46,"column":38},"end":{"line":46,"column":73}},{"start":{"line":46,"column":76},"end":{"line":46,"column":78}}],"line":46},"8":{"loc":{"start":{"line":72,"column":15},"end":{"line":72,"column":44}},"type":"binary-expr","locations":[{"start":{"line":72,"column":15},"end":{"line":72,"column":39}},{"start":{"line":72,"column":43},"end":{"line":72,"column":44}}],"line":72},"9":{"loc":{"start":{"line":97,"column":46},"end":{"line":97,"column":60}},"type":"binary-expr","locations":[{"start":{"line":97,"column":46},"end":{"line":97,"column":54}},{"start":{"line":97,"column":58},"end":{"line":97,"column":60}}],"line":97},"10":{"loc":{"start":{"line":99,"column":4},"end":{"line":103,"column":5}},"type":"if","locations":[{"start":{"line":99,"column":4},"end":{"line":103,"column":5}},{"start":{},"end":{}}],"line":99},"11":{"loc":{"start":{"line":99,"column":8},"end":{"line":99,"column":47}},"type":"binary-expr","locations":[{"start":{"line":99,"column":8},"end":{"line":99,"column":17}},{"start":{"line":99,"column":21},"end":{"line":99,"column":27}},{"start":{"line":99,"column":31},"end":{"line":99,"column":36}},{"start":{"line":99,"column":40},"end":{"line":99,"column":47}}],"line":99},"12":{"loc":{"start":{"line":105,"column":4},"end":{"line":107,"column":5}},"type":"if","locations":[{"start":{"line":105,"column":4},"end":{"line":107,"column":5}},{"start":{},"end":{}}],"line":105},"13":{"loc":{"start":{"line":110,"column":4},"end":{"line":112,"column":5}},"type":"if","locations":[{"start":{"line":110,"column":4},"end":{"line":112,"column":5}},{"start":{},"end":{}}],"line":110},"14":{"loc":{"start":{"line":132,"column":4},"end":{"line":134,"column":5}},"type":"if","locations":[{"start":{"line":132,"column":4},"end":{"line":134,"column":5}},{"start":{},"end":{}}],"line":132},"15":{"loc":{"start":{"line":141,"column":43},"end":{"line":141,"column":57}},"type":"binary-expr","locations":[{"start":{"line":141,"column":43},"end":{"line":141,"column":51}},{"start":{"line":141,"column":55},"end":{"line":141,"column":57}}],"line":141},"16":{"loc":{"start":{"line":143,"column":4},"end":{"line":145,"column":5}},"type":"if","locations":[{"start":{"line":143,"column":4},"end":{"line":145,"column":5}},{"start":{},"end":{}}],"line":143},"17":{"loc":{"start":{"line":143,"column":8},"end":{"line":143,"column":48}},"type":"binary-expr","locations":[{"start":{"line":143,"column":8},"end":{"line":143,"column":14}},{"start":{"line":143,"column":18},"end":{"line":143,"column":48}}],"line":143},"18":{"loc":{"start":{"line":150,"column":4},"end":{"line":153,"column":5}},"type":"if","locations":[{"start":{"line":150,"column":4},"end":{"line":153,"column":5}},{"start":{},"end":{}}],"line":150},"19":{"loc":{"start":{"line":154,"column":4},"end":{"line":157,"column":5}},"type":"if","locations":[{"start":{"line":154,"column":4},"end":{"line":157,"column":5}},{"start":{},"end":{}}],"line":154},"20":{"loc":{"start":{"line":158,"column":4},"end":{"line":161,"column":5}},"type":"if","locations":[{"start":{"line":158,"column":4},"end":{"line":161,"column":5}},{"start":{},"end":{}}],"line":158},"21":{"loc":{"start":{"line":162,"column":4},"end":{"line":170,"column":5}},"type":"if","locations":[{"start":{"line":162,"column":4},"end":{"line":170,"column":5}},{"start":{},"end":{}}],"line":162},"22":{"loc":{"start":{"line":164,"column":6},"end":{"line":166,"column":7}},"type":"if","locations":[{"start":{"line":164,"column":6},"end":{"line":166,"column":7}},{"start":{},"end":{}}],"line":164},"23":{"loc":{"start":{"line":172,"column":4},"end":{"line":174,"column":5}},"type":"if","locations":[{"start":{"line":172,"column":4},"end":{"line":174,"column":5}},{"start":{},"end":{}}],"line":172},"24":{"loc":{"start":{"line":176,"column":4},"end":{"line":178,"column":5}},"type":"if","locations":[{"start":{"line":176,"column":4},"end":{"line":178,"column":5}},{"start":{},"end":{}}],"line":176},"25":{"loc":{"start":{"line":176,"column":8},"end":{"line":176,"column":72}},"type":"binary-expr","locations":[{"start":{"line":176,"column":8},"end":{"line":176,"column":23}},{"start":{"line":176,"column":27},"end":{"line":176,"column":72}}],"line":176},"26":{"loc":{"start":{"line":187,"column":4},"end":{"line":189,"column":5}},"type":"if","locations":[{"start":{"line":187,"column":4},"end":{"line":189,"column":5}},{"start":{},"end":{}}],"line":187},"27":{"loc":{"start":{"line":208,"column":4},"end":{"line":210,"column":5}},"type":"if","locations":[{"start":{"line":208,"column":4},"end":{"line":210,"column":5}},{"start":{},"end":{}}],"line":208},"28":{"loc":{"start":{"line":215,"column":4},"end":{"line":217,"column":5}},"type":"if","locations":[{"start":{"line":215,"column":4},"end":{"line":217,"column":5}},{"start":{},"end":{}}],"line":215},"29":{"loc":{"start":{"line":215,"column":8},"end":{"line":215,"column":74}},"type":"binary-expr","locations":[{"start":{"line":215,"column":8},"end":{"line":215,"column":32}},{"start":{"line":215,"column":36},"end":{"line":215,"column":74}}],"line":215},"30":{"loc":{"start":{"line":225,"column":4},"end":{"line":227,"column":5}},"type":"if","locations":[{"start":{"line":225,"column":4},"end":{"line":227,"column":5}},{"start":{},"end":{}}],"line":225},"31":{"loc":{"start":{"line":258,"column":18},"end":{"line":262,"column":12}},"type":"cond-expr","locations":[{"start":{"line":259,"column":8},"end":{"line":259,"column":30}},{"start":{"line":260,"column":8},"end":{"line":262,"column":12}}],"line":258},"32":{"loc":{"start":{"line":260,"column":8},"end":{"line":262,"column":12}},"type":"cond-expr","locations":[{"start":{"line":261,"column":10},"end":{"line":261,"column":20}},{"start":{"line":262,"column":10},"end":{"line":262,"column":12}}],"line":260},"33":{"loc":{"start":{"line":264,"column":4},"end":{"line":268,"column":5}},"type":"if","locations":[{"start":{"line":264,"column":4},"end":{"line":268,"column":5}},{"start":{},"end":{}}],"line":264},"34":{"loc":{"start":{"line":272,"column":6},"end":{"line":274,"column":7}},"type":"if","locations":[{"start":{"line":272,"column":6},"end":{"line":274,"column":7}},{"start":{},"end":{}}],"line":272},"35":{"loc":{"start":{"line":272,"column":10},"end":{"line":272,"column":49}},"type":"binary-expr","locations":[{"start":{"line":272,"column":10},"end":{"line":272,"column":21}},{"start":{"line":272,"column":25},"end":{"line":272,"column":49}}],"line":272},"36":{"loc":{"start":{"line":284,"column":41},"end":{"line":284,"column":63}},"type":"binary-expr","locations":[{"start":{"line":284,"column":41},"end":{"line":284,"column":55}},{"start":{"line":284,"column":59},"end":{"line":284,"column":63}}],"line":284}},"s":{"0":0,"1":0,"2":0,"3":0,"4":0,"5":0,"6":0,"7":0,"8":0,"9":0,"10":0,"11":0,"12":0,"13":0,"14":0,"15":0,"16":0,"17":0,"18":0,"19":0,"20":0,"21":0,"22":0,"23":0,"24":0,"25":0,"26":0,"27":0,"28":0,"29":0,"30":0,"31":0,"32":0,"33":0,"34":0,"35":0,"36":0,"37":0,"38":0,"39":0,"40":0,"41":0,"42":0,"43":0,"44":0,"45":0,"46":0,"47":0,"48":0,"49":0,"50":0,"51":0,"52":0,"53":0,"54":0,"55":0,"56":0,"57":0,"58":0,"59":0,"60":0,"61":0,"62":0,"63":0,"64":0,"65":0,"66":0,"67":0,"68":0,"69":0,"70":0,"71":0,"72":0,"73":0,"74":0,"75":0,"76":0,"77":0,"78":0,"79":0,"80":0,"81":0,"82":0,"83":0,"84":0,"85":0,"86":0,"87":0,"88":0,"89":0,"90":0,"91":0,"92":0,"93":0,"94":0,"95":0,"96":0,"97":0,"98":0,"99":0,"100":0,"101":0,"102":0,"103":0,"104":0,"105":0,"106":0,"107":0,"108":0,"109":0,"110":0,"111":0,"112":0,"113":0,"114":0,"115":0,"116":0,"117":0,"118":0,"119":0,"120":0,"121":0,"122":0,"123":0},"f":{"0":0,"1":0,"2":0,"3":0,"4":0,"5":0,"6":0,"7":0,"8":0,"9":0},"b":{"0":[0,0,0],"1":[0,0],"2":[0,0],"3":[0,0],"4":[0,0],"5":[0,0],"6":[0,0],"7":[0,0],"8":[0,0],"9":[0,0],"10":[0,0],"11":[0,0,0,0],"12":[0,0],"13":[0,0],"14":[0,0],"15":[0,0],"16":[0,0],"17":[0,0],"18":[0,0],"19":[0,0],"20":[0,0],"21":[0,0],"22":[0,0],"23":[0,0],"24":[0,0],"25":[0,0],"26":[0,0],"27":[0,0],"28":[0,0],"29":[0,0],"30":[0,0],"31":[0,0],"32":[0,0],"33":[0,0],"34":[0,0],"35":[0,0],"36":[0,0]}}
,"E:\\xampp\\htdocs\\simpa\\simpa-backend\\src\\routes\\api.js": {"path":"E:\\xampp\\htdocs\\simpa\\simpa-backend\\src\\routes\\api.js","statementMap":{"0":{"start":{"line":1,"column":16},"end":{"line":1,"column":34}},"1":{"start":{"line":2,"column":24},"end":{"line":2,"column":46}},"2":{"start":{"line":3,"column":25},"end":{"line":3,"column":48}},"3":{"start":{"line":4,"column":18},"end":{"line":4,"column":34}},"4":{"start":{"line":5,"column":24},"end":{"line":5,"column":46}},"5":{"start":{"line":6,"column":20},"end":{"line":6,"column":38}},"6":{"start":{"line":8,"column":15},"end":{"line":8,"column":31}},"7":{"start":{"line":10,"column":0},"end":{"line":10,"column":45}},"8":{"start":{"line":11,"column":0},"end":{"line":11,"column":44}},"9":{"start":{"line":12,"column":0},"end":{"line":12,"column":30}},"10":{"start":{"line":13,"column":0},"end":{"line":13,"column":42}},"11":{"start":{"line":14,"column":0},"end":{"line":14,"column":34}},"12":{"start":{"line":16,"column":0},"end":{"line":16,"column":24}}},"fnMap":{},"branchMap":{},"s":{"0":0,"1":0,"2":0,"3":0,"4":0,"5":0,"6":0,"7":0,"8":0,"9":0,"10":0,"11":0,"12":0},"f":{},"b":{}}
,"E:\\xampp\\htdocs\\simpa\\simpa-backend\\src\\routes\\auth.js": {"path":"E:\\xampp\\htdocs\\simpa\\simpa-backend\\src\\routes\\auth.js","statementMap":{"0":{"start":{"line":1,"column":16},"end":{"line":1,"column":34}},"1":{"start":{"line":2,"column":18},"end":{"line":2,"column":52}},"2":{"start":{"line":3,"column":46},"end":{"line":3,"column":80}},"3":{"start":{"line":4,"column":21},"end":{"line":4,"column":56}},"4":{"start":{"line":6,"column":15},"end":{"line":6,"column":31}},"5":{"start":{"line":9,"column":2},"end":{"line":9,"column":81}},"6":{"start":{"line":12,"column":0},"end":{"line":46,"column":3}},"7":{"start":{"line":13,"column":2},"end":{"line":45,"column":3}},"8":{"start":{"line":14,"column":32},"end":{"line":14,"column":46}},"9":{"start":{"line":16,"column":4},"end":{"line":18,"column":5}},"10":{"start":{"line":17,"column":6},"end":{"line":17,"column":82}},"11":{"start":{"line":20,"column":19},"end":{"line":20,"column":54}},"12":{"start":{"line":21,"column":15},"end":{"line":21,"column":28}},"13":{"start":{"line":23,"column":4},"end":{"line":32,"column":5}},"14":{"start":{"line":24,"column":6},"end":{"line":30,"column":9}},"15":{"start":{"line":31,"column":6},"end":{"line":31,"column":66}},"16":{"start":{"line":34,"column":4},"end":{"line":40,"column":7}},"17":{"start":{"line":42,"column":4},"end":{"line":42,"column":64}},"18":{"start":{"line":44,"column":4},"end":{"line":44,"column":21}},"19":{"start":{"line":48,"column":0},"end":{"line":50,"column":3}},"20":{"start":{"line":49,"column":2},"end":{"line":49,"column":25}},"21":{"start":{"line":52,"column":0},"end":{"line":58,"column":3}},"22":{"start":{"line":53,"column":2},"end":{"line":57,"column":5}},"23":{"start":{"line":60,"column":0},"end":{"line":60,"column":24}}},"fnMap":{"0":{"name":"clientIp","decl":{"start":{"line":8,"column":9},"end":{"line":8,"column":17}},"loc":{"start":{"line":8,"column":23},"end":{"line":10,"column":1}},"line":8},"1":{"name":"(anonymous_1)","decl":{"start":{"line":12,"column":22},"end":{"line":12,"column":23}},"loc":{"start":{"line":12,"column":48},"end":{"line":46,"column":1}},"line":12},"2":{"name":"(anonymous_2)","decl":{"start":{"line":48,"column":23},"end":{"line":48,"column":24}},"loc":{"start":{"line":48,"column":38},"end":{"line":50,"column":1}},"line":48},"3":{"name":"(anonymous_3)","decl":{"start":{"line":52,"column":29},"end":{"line":52,"column":30}},"loc":{"start":{"line":52,"column":43},"end":{"line":58,"column":1}},"line":52}},"branchMap":{"0":{"loc":{"start":{"line":9,"column":9},"end":{"line":9,"column":80}},"type":"binary-expr","locations":[{"start":{"line":9,"column":9},"end":{"line":9,"column":62}},{"start":{"line":9,"column":66},"end":{"line":9,"column":72}},{"start":{"line":9,"column":76},"end":{"line":9,"column":80}}],"line":9},"1":{"loc":{"start":{"line":14,"column":32},"end":{"line":14,"column":46}},"type":"binary-expr","locations":[{"start":{"line":14,"column":32},"end":{"line":14,"column":40}},{"start":{"line":14,"column":44},"end":{"line":14,"column":46}}],"line":14},"2":{"loc":{"start":{"line":16,"column":4},"end":{"line":18,"column":5}},"type":"if","locations":[{"start":{"line":16,"column":4},"end":{"line":18,"column":5}},{"start":{},"end":{}}],"line":16},"3":{"loc":{"start":{"line":16,"column":8},"end":{"line":16,"column":27}},"type":"binary-expr","locations":[{"start":{"line":16,"column":8},"end":{"line":16,"column":17}},{"start":{"line":16,"column":21},"end":{"line":16,"column":27}}],"line":16},"4":{"loc":{"start":{"line":23,"column":4},"end":{"line":32,"column":5}},"type":"if","locations":[{"start":{"line":23,"column":4},"end":{"line":32,"column":5}},{"start":{},"end":{}}],"line":23},"5":{"loc":{"start":{"line":25,"column":19},"end":{"line":25,"column":42}},"type":"binary-expr","locations":[{"start":{"line":25,"column":19},"end":{"line":25,"column":34}},{"start":{"line":25,"column":38},"end":{"line":25,"column":42}}],"line":25}},"s":{"0":0,"1":0,"2":0,"3":0,"4":0,"5":0,"6":0,"7":0,"8":0,"9":0,"10":0,"11":0,"12":0,"13":0,"14":0,"15":0,"16":0,"17":0,"18":0,"19":0,"20":0,"21":0,"22":0,"23":0},"f":{"0":0,"1":0,"2":0,"3":0},"b":{"0":[0,0,0],"1":[0,0],"2":[0,0],"3":[0,0],"4":[0,0],"5":[0,0]}}
,"E:\\xampp\\htdocs\\simpa\\simpa-backend\\src\\routes\\cadastros.js": {"path":"E:\\xampp\\htdocs\\simpa\\simpa-backend\\src\\routes\\cadastros.js","statementMap":{"0":{"start":{"line":1,"column":16},"end":{"line":1,"column":34}},"1":{"start":{"line":2,"column":21},"end":{"line":2,"column":60}},"2":{"start":{"line":8,"column":4},"end":{"line":8,"column":43}},"3":{"start":{"line":13,"column":4},"end":{"line":13,"column":40}},"4":{"start":{"line":21,"column":4},"end":{"line":21,"column":50}},"5":{"start":{"line":25,"column":4},"end":{"line":25,"column":47}},"6":{"start":{"line":26,"column":21},"end":{"line":26,"column":56}},"7":{"start":{"line":27,"column":29},"end":{"line":27,"column":74}},"8":{"start":{"line":29,"column":15},"end":{"line":29,"column":31}},"9":{"start":{"line":31,"column":0},"end":{"line":52,"column":3}},"10":{"start":{"line":32,"column":2},"end":{"line":51,"column":3}},"11":{"start":{"line":33,"column":22},"end":{"line":33,"column":41}},"12":{"start":{"line":35,"column":4},"end":{"line":46,"column":5}},"13":{"start":{"line":36,"column":6},"end":{"line":45,"column":9}},"14":{"start":{"line":48,"column":4},"end":{"line":48,"column":43}},"15":{"start":{"line":50,"column":4},"end":{"line":50,"column":21}},"16":{"start":{"line":54,"column":0},"end":{"line":61,"column":3}},"17":{"start":{"line":55,"column":2},"end":{"line":60,"column":3}},"18":{"start":{"line":56,"column":19},"end":{"line":56,"column":40}},"19":{"start":{"line":57,"column":4},"end":{"line":57,"column":28}},"20":{"start":{"line":59,"column":4},"end":{"line":59,"column":21}},"21":{"start":{"line":63,"column":0},"end":{"line":73,"column":3}},"22":{"start":{"line":64,"column":2},"end":{"line":72,"column":3}},"23":{"start":{"line":65,"column":20},"end":{"line":68,"column":6}},"24":{"start":{"line":69,"column":4},"end":{"line":69,"column":29}},"25":{"start":{"line":71,"column":4},"end":{"line":71,"column":21}},"26":{"start":{"line":75,"column":0},"end":{"line":82,"column":3}},"27":{"start":{"line":76,"column":2},"end":{"line":81,"column":3}},"28":{"start":{"line":77,"column":19},"end":{"line":77,"column":56}},"29":{"start":{"line":78,"column":4},"end":{"line":78,"column":28}},"30":{"start":{"line":80,"column":4},"end":{"line":80,"column":21}},"31":{"start":{"line":84,"column":0},"end":{"line":103,"column":3}},"32":{"start":{"line":85,"column":2},"end":{"line":102,"column":3}},"33":{"start":{"line":86,"column":16},"end":{"line":86,"column":67}},"34":{"start":{"line":88,"column":4},"end":{"line":97,"column":7}},"35":{"start":{"line":99,"column":4},"end":{"line":99,"column":25}},"36":{"start":{"line":101,"column":4},"end":{"line":101,"column":21}},"37":{"start":{"line":105,"column":0},"end":{"line":128,"column":2}},"38":{"start":{"line":109,"column":4},"end":{"line":126,"column":5}},"39":{"start":{"line":110,"column":18},"end":{"line":110,"column":82}},"40":{"start":{"line":112,"column":6},"end":{"line":121,"column":9}},"41":{"start":{"line":123,"column":6},"end":{"line":123,"column":27}},"42":{"start":{"line":125,"column":6},"end":{"line":125,"column":23}},"43":{"start":{"line":130,"column":0},"end":{"line":154,"column":2}},"44":{"start":{"line":134,"column":4},"end":{"line":152,"column":5}},"45":{"start":{"line":135,"column":18},"end":{"line":135,"column":69}},"46":{"start":{"line":137,"column":6},"end":{"line":147,"column":9}},"47":{"start":{"line":149,"column":6},"end":{"line":149,"column":27}},"48":{"start":{"line":151,"column":6},"end":{"line":151,"column":23}},"49":{"start":{"line":156,"column":0},"end":{"line":163,"column":3}},"50":{"start":{"line":157,"column":2},"end":{"line":162,"column":3}},"51":{"start":{"line":158,"column":16},"end":{"line":158,"column":59}},"52":{"start":{"line":159,"column":4},"end":{"line":159,"column":25}},"53":{"start":{"line":161,"column":4},"end":{"line":161,"column":21}},"54":{"start":{"line":165,"column":0},"end":{"line":172,"column":3}},"55":{"start":{"line":166,"column":2},"end":{"line":171,"column":3}},"56":{"start":{"line":167,"column":19},"end":{"line":167,"column":53}},"57":{"start":{"line":168,"column":4},"end":{"line":168,"column":28}},"58":{"start":{"line":170,"column":4},"end":{"line":170,"column":21}},"59":{"start":{"line":174,"column":0},"end":{"line":181,"column":3}},"60":{"start":{"line":175,"column":2},"end":{"line":180,"column":3}},"61":{"start":{"line":176,"column":16},"end":{"line":176,"column":56}},"62":{"start":{"line":177,"column":4},"end":{"line":177,"column":25}},"63":{"start":{"line":179,"column":4},"end":{"line":179,"column":21}},"64":{"start":{"line":184,"column":2},"end":{"line":187,"column":5}},"65":{"start":{"line":190,"column":0},"end":{"line":190,"column":52}},"66":{"start":{"line":191,"column":0},"end":{"line":191,"column":55}},"67":{"start":{"line":192,"column":0},"end":{"line":192,"column":58}},"68":{"start":{"line":195,"column":2},"end":{"line":202,"column":5}},"69":{"start":{"line":196,"column":4},"end":{"line":201,"column":5}},"70":{"start":{"line":197,"column":19},"end":{"line":197,"column":55}},"71":{"start":{"line":198,"column":6},"end":{"line":198,"column":28}},"72":{"start":{"line":200,"column":6},"end":{"line":200,"column":23}},"73":{"start":{"line":204,"column":2},"end":{"line":211,"column":5}},"74":{"start":{"line":205,"column":4},"end":{"line":210,"column":5}},"75":{"start":{"line":206,"column":18},"end":{"line":206,"column":55}},"76":{"start":{"line":207,"column":6},"end":{"line":207,"column":39}},"77":{"start":{"line":209,"column":6},"end":{"line":209,"column":23}},"78":{"start":{"line":213,"column":2},"end":{"line":220,"column":5}},"79":{"start":{"line":214,"column":4},"end":{"line":219,"column":5}},"80":{"start":{"line":215,"column":18},"end":{"line":215,"column":70}},"81":{"start":{"line":216,"column":6},"end":{"line":216,"column":27}},"82":{"start":{"line":218,"column":6},"end":{"line":218,"column":23}},"83":{"start":{"line":222,"column":2},"end":{"line":229,"column":5}},"84":{"start":{"line":223,"column":4},"end":{"line":228,"column":5}},"85":{"start":{"line":224,"column":21},"end":{"line":224,"column":67}},"86":{"start":{"line":225,"column":6},"end":{"line":225,"column":30}},"87":{"start":{"line":227,"column":6},"end":{"line":227,"column":23}},"88":{"start":{"line":232,"column":0},"end":{"line":232,"column":48}},"89":{"start":{"line":234,"column":0},"end":{"line":234,"column":24}}},"fnMap":{"0":{"name":"(anonymous_0)","decl":{"start":{"line":31,"column":50},"end":{"line":31,"column":51}},"loc":{"start":{"line":31,"column":76},"end":{"line":52,"column":1}},"line":31},"1":{"name":"(anonymous_1)","decl":{"start":{"line":54,"column":37},"end":{"line":54,"column":38}},"loc":{"start":{"line":54,"column":64},"end":{"line":61,"column":1}},"line":54},"2":{"name":"(anonymous_2)","decl":{"start":{"line":63,"column":30},"end":{"line":63,"column":31}},"loc":{"start":{"line":63,"column":56},"end":{"line":73,"column":1}},"line":63},"3":{"name":"(anonymous_3)","decl":{"start":{"line":75,"column":32},"end":{"line":75,"column":33}},"loc":{"start":{"line":75,"column":58},"end":{"line":82,"column":1}},"line":75},"4":{"name":"(anonymous_4)","decl":{"start":{"line":84,"column":65},"end":{"line":84,"column":66}},"loc":{"start":{"line":84,"column":91},"end":{"line":103,"column":1}},"line":84},"5":{"name":"(anonymous_5)","decl":{"start":{"line":108,"column":2},"end":{"line":108,"column":3}},"loc":{"start":{"line":108,"column":28},"end":{"line":127,"column":3}},"line":108},"6":{"name":"(anonymous_6)","decl":{"start":{"line":133,"column":2},"end":{"line":133,"column":3}},"loc":{"start":{"line":133,"column":28},"end":{"line":153,"column":3}},"line":133},"7":{"name":"(anonymous_7)","decl":{"start":{"line":156,"column":36},"end":{"line":156,"column":37}},"loc":{"start":{"line":156,"column":62},"end":{"line":163,"column":1}},"line":156},"8":{"name":"(anonymous_8)","decl":{"start":{"line":165,"column":29},"end":{"line":165,"column":30}},"loc":{"start":{"line":165,"column":55},"end":{"line":172,"column":1}},"line":165},"9":{"name":"(anonymous_9)","decl":{"start":{"line":174,"column":33},"end":{"line":174,"column":34}},"loc":{"start":{"line":174,"column":59},"end":{"line":181,"column":1}},"line":174},"10":{"name":"readOnlyWriteHandler","decl":{"start":{"line":183,"column":9},"end":{"line":183,"column":29}},"loc":{"start":{"line":183,"column":41},"end":{"line":188,"column":1}},"line":183},"11":{"name":"registerResource","decl":{"start":{"line":194,"column":9},"end":{"line":194,"column":25}},"loc":{"start":{"line":194,"column":35},"end":{"line":230,"column":1}},"line":194},"12":{"name":"(anonymous_12)","decl":{"start":{"line":195,"column":28},"end":{"line":195,"column":29}},"loc":{"start":{"line":195,"column":54},"end":{"line":202,"column":3}},"line":195},"13":{"name":"(anonymous_13)","decl":{"start":{"line":204,"column":29},"end":{"line":204,"column":30}},"loc":{"start":{"line":204,"column":55},"end":{"line":211,"column":3}},"line":204},"14":{"name":"(anonymous_14)","decl":{"start":{"line":213,"column":32},"end":{"line":213,"column":33}},"loc":{"start":{"line":213,"column":58},"end":{"line":220,"column":3}},"line":213},"15":{"name":"(anonymous_15)","decl":{"start":{"line":222,"column":35},"end":{"line":222,"column":36}},"loc":{"start":{"line":222,"column":61},"end":{"line":229,"column":3}},"line":222}},"branchMap":{"0":{"loc":{"start":{"line":35,"column":4},"end":{"line":46,"column":5}},"type":"if","locations":[{"start":{"line":35,"column":4},"end":{"line":46,"column":5}},{"start":{},"end":{}}],"line":35},"1":{"loc":{"start":{"line":37,"column":19},"end":{"line":37,"column":39}},"type":"binary-expr","locations":[{"start":{"line":37,"column":19},"end":{"line":37,"column":31}},{"start":{"line":37,"column":35},"end":{"line":37,"column":39}}],"line":37},"2":{"loc":{"start":{"line":89,"column":17},"end":{"line":89,"column":37}},"type":"binary-expr","locations":[{"start":{"line":89,"column":17},"end":{"line":89,"column":29}},{"start":{"line":89,"column":33},"end":{"line":89,"column":37}}],"line":89},"3":{"loc":{"start":{"line":113,"column":19},"end":{"line":113,"column":39}},"type":"binary-expr","locations":[{"start":{"line":113,"column":19},"end":{"line":113,"column":31}},{"start":{"line":113,"column":35},"end":{"line":113,"column":39}}],"line":113},"4":{"loc":{"start":{"line":138,"column":19},"end":{"line":138,"column":39}},"type":"binary-expr","locations":[{"start":{"line":138,"column":19},"end":{"line":138,"column":31}},{"start":{"line":138,"column":35},"end":{"line":138,"column":39}}],"line":138},"5":{"loc":{"start":{"line":143,"column":16},"end":{"line":143,"column":58}},"type":"binary-expr","locations":[{"start":{"line":143,"column":16},"end":{"line":143,"column":42}},{"start":{"line":143,"column":46},"end":{"line":143,"column":58}}],"line":143}},"s":{"0":0,"1":0,"2":0,"3":0,"4":0,"5":0,"6":0,"7":0,"8":0,"9":0,"10":0,"11":0,"12":0,"13":0,"14":0,"15":0,"16":0,"17":0,"18":0,"19":0,"20":0,"21":0,"22":0,"23":0,"24":0,"25":0,"26":0,"27":0,"28":0,"29":0,"30":0,"31":0,"32":0,"33":0,"34":0,"35":0,"36":0,"37":0,"38":0,"39":0,"40":0,"41":0,"42":0,"43":0,"44":0,"45":0,"46":0,"47":0,"48":0,"49":0,"50":0,"51":0,"52":0,"53":0,"54":0,"55":0,"56":0,"57":0,"58":0,"59":0,"60":0,"61":0,"62":0,"63":0,"64":0,"65":0,"66":0,"67":0,"68":0,"69":0,"70":0,"71":0,"72":0,"73":0,"74":0,"75":0,"76":0,"77":0,"78":0,"79":0,"80":0,"81":0,"82":0,"83":0,"84":0,"85":0,"86":0,"87":0,"88":0,"89":0},"f":{"0":0,"1":0,"2":0,"3":0,"4":0,"5":0,"6":0,"7":0,"8":0,"9":0,"10":0,"11":0,"12":0,"13":0,"14":0,"15":0},"b":{"0":[0,0],"1":[0,0],"2":[0,0],"3":[0,0],"4":[0,0],"5":[0,0]}}
,"E:\\xampp\\htdocs\\simpa\\simpa-backend\\src\\routes\\config.js": {"path":"E:\\xampp\\htdocs\\simpa\\simpa-backend\\src\\routes\\config.js","statementMap":{"0":{"start":{"line":1,"column":16},"end":{"line":1,"column":34}},"1":{"start":{"line":2,"column":18},"end":{"line":2,"column":43}},"2":{"start":{"line":4,"column":15},"end":{"line":4,"column":31}},"3":{"start":{"line":6,"column":33},"end":{"line":6,"column":59}},"4":{"start":{"line":7,"column":23},"end":{"line":7,"column":38}},"5":{"start":{"line":9,"column":0},"end":{"line":22,"column":3}},"6":{"start":{"line":10,"column":2},"end":{"line":21,"column":3}},"7":{"start":{"line":11,"column":21},"end":{"line":14,"column":5}},"8":{"start":{"line":15,"column":18},"end":{"line":15,"column":32}},"9":{"start":{"line":17,"column":6},"end":{"line":17,"column":81}},"10":{"start":{"line":18,"column":4},"end":{"line":18,"column":37}},"11":{"start":{"line":20,"column":4},"end":{"line":20,"column":21}},"12":{"start":{"line":24,"column":0},"end":{"line":24,"column":24}}},"fnMap":{"0":{"name":"(anonymous_0)","decl":{"start":{"line":9,"column":34},"end":{"line":9,"column":35}},"loc":{"start":{"line":9,"column":61},"end":{"line":22,"column":1}},"line":9}},"branchMap":{"0":{"loc":{"start":{"line":17,"column":6},"end":{"line":17,"column":81}},"type":"cond-expr","locations":[{"start":{"line":17,"column":64},"end":{"line":17,"column":69}},{"start":{"line":17,"column":72},"end":{"line":17,"column":81}}],"line":17},"1":{"loc":{"start":{"line":17,"column":6},"end":{"line":17,"column":61}},"type":"binary-expr","locations":[{"start":{"line":17,"column":6},"end":{"line":17,"column":31}},{"start":{"line":17,"column":35},"end":{"line":17,"column":61}}],"line":17}},"s":{"0":0,"1":0,"2":0,"3":0,"4":0,"5":0,"6":0,"7":0,"8":0,"9":0,"10":0,"11":0,"12":0},"f":{"0":0},"b":{"0":[0,0],"1":[0,0]}}
,"E:\\xampp\\htdocs\\simpa\\simpa-backend\\src\\routes\\dashboard.js": {"path":"E:\\xampp\\htdocs\\simpa\\simpa-backend\\src\\routes\\dashboard.js","statementMap":{"0":{"start":{"line":1,"column":16},"end":{"line":1,"column":34}},"1":{"start":{"line":2,"column":27},"end":{"line":2,"column":66}},"2":{"start":{"line":3,"column":29},"end":{"line":3,"column":64}},"3":{"start":{"line":5,"column":15},"end":{"line":5,"column":31}},"4":{"start":{"line":7,"column":0},"end":{"line":22,"column":3}},"5":{"start":{"line":8,"column":2},"end":{"line":21,"column":3}},"6":{"start":{"line":10,"column":6},"end":{"line":10,"column":15}},"7":{"start":{"line":11,"column":19},"end":{"line":17,"column":6}},"8":{"start":{"line":18,"column":4},"end":{"line":18,"column":55}},"9":{"start":{"line":20,"column":4},"end":{"line":20,"column":21}},"10":{"start":{"line":24,"column":0},"end":{"line":49,"column":3}},"11":{"start":{"line":25,"column":2},"end":{"line":48,"column":3}},"12":{"start":{"line":26,"column":50},"end":{"line":26,"column":59}},"13":{"start":{"line":27,"column":19},"end":{"line":27,"column":48}},"14":{"start":{"line":29,"column":4},"end":{"line":32,"column":5}},"15":{"start":{"line":30,"column":21},"end":{"line":30,"column":58}},"16":{"start":{"line":31,"column":6},"end":{"line":31,"column":42}},"17":{"start":{"line":34,"column":4},"end":{"line":39,"column":5}},"18":{"start":{"line":35,"column":6},"end":{"line":38,"column":9}},"19":{"start":{"line":41,"column":19},"end":{"line":41,"column":75}},"20":{"start":{"line":42,"column":4},"end":{"line":42,"column":40}},"21":{"start":{"line":44,"column":4},"end":{"line":46,"column":5}},"22":{"start":{"line":45,"column":6},"end":{"line":45,"column":30}},"23":{"start":{"line":47,"column":4},"end":{"line":47,"column":21}},"24":{"start":{"line":51,"column":0},"end":{"line":51,"column":24}}},"fnMap":{"0":{"name":"(anonymous_0)","decl":{"start":{"line":7,"column":28},"end":{"line":7,"column":29}},"loc":{"start":{"line":7,"column":54},"end":{"line":22,"column":1}},"line":7},"1":{"name":"(anonymous_1)","decl":{"start":{"line":24,"column":27},"end":{"line":24,"column":28}},"loc":{"start":{"line":24,"column":53},"end":{"line":49,"column":1}},"line":24}},"branchMap":{"0":{"loc":{"start":{"line":27,"column":19},"end":{"line":27,"column":48}},"type":"binary-expr","locations":[{"start":{"line":27,"column":19},"end":{"line":27,"column":33}},{"start":{"line":27,"column":37},"end":{"line":27,"column":48}}],"line":27},"1":{"loc":{"start":{"line":29,"column":4},"end":{"line":32,"column":5}},"type":"if","locations":[{"start":{"line":29,"column":4},"end":{"line":32,"column":5}},{"start":{},"end":{}}],"line":29},"2":{"loc":{"start":{"line":34,"column":4},"end":{"line":39,"column":5}},"type":"if","locations":[{"start":{"line":34,"column":4},"end":{"line":39,"column":5}},{"start":{},"end":{}}],"line":34},"3":{"loc":{"start":{"line":34,"column":8},"end":{"line":34,"column":43}},"type":"binary-expr","locations":[{"start":{"line":34,"column":8},"end":{"line":34,"column":20}},{"start":{"line":34,"column":24},"end":{"line":34,"column":32}},{"start":{"line":34,"column":36},"end":{"line":34,"column":43}}],"line":34},"4":{"loc":{"start":{"line":44,"column":4},"end":{"line":46,"column":5}},"type":"if","locations":[{"start":{"line":44,"column":4},"end":{"line":46,"column":5}},{"start":{},"end":{}}],"line":44}},"s":{"0":0,"1":0,"2":0,"3":0,"4":0,"5":0,"6":0,"7":0,"8":0,"9":0,"10":0,"11":0,"12":0,"13":0,"14":0,"15":0,"16":0,"17":0,"18":0,"19":0,"20":0,"21":0,"22":0,"23":0,"24":0},"f":{"0":0,"1":0},"b":{"0":[0,0],"1":[0,0],"2":[0,0],"3":[0,0,0],"4":[0,0]}}
,"E:\\xampp\\htdocs\\simpa\\simpa-backend\\src\\routes\\health.js": {"path":"E:\\xampp\\htdocs\\simpa\\simpa-backend\\src\\routes\\health.js","statementMap":{"0":{"start":{"line":1,"column":16},"end":{"line":1,"column":34}},"1":{"start":{"line":2,"column":18},"end":{"line":2,"column":43}},"2":{"start":{"line":3,"column":23},"end":{"line":3,"column":56}},"3":{"start":{"line":5,"column":15},"end":{"line":5,"column":31}},"4":{"start":{"line":7,"column":0},"end":{"line":34,"column":3}},"5":{"start":{"line":8,"column":2},"end":{"line":33,"column":3}},"6":{"start":{"line":9,"column":4},"end":{"line":9,"column":34}},"7":{"start":{"line":10,"column":19},"end":{"line":15,"column":6}},"8":{"start":{"line":16,"column":18},"end":{"line":16,"column":36}},"9":{"start":{"line":18,"column":4},"end":{"line":25,"column":7}},"10":{"start":{"line":22,"column":46},"end":{"line":22,"column":59}},"11":{"start":{"line":27,"column":4},"end":{"line":32,"column":7}},"12":{"start":{"line":36,"column":0},"end":{"line":36,"column":24}}},"fnMap":{"0":{"name":"(anonymous_0)","decl":{"start":{"line":7,"column":16},"end":{"line":7,"column":17}},"loc":{"start":{"line":7,"column":37},"end":{"line":34,"column":1}},"line":7},"1":{"name":"(anonymous_1)","decl":{"start":{"line":22,"column":37},"end":{"line":22,"column":38}},"loc":{"start":{"line":22,"column":46},"end":{"line":22,"column":59}},"line":22}},"branchMap":{},"s":{"0":0,"1":0,"2":0,"3":0,"4":0,"5":0,"6":0,"7":0,"8":0,"9":0,"10":0,"11":0,"12":0},"f":{"0":0,"1":0},"b":{}}
,"E:\\xampp\\htdocs\\simpa\\simpa-backend\\src\\routes\\importacao.js": {"path":"E:\\xampp\\htdocs\\simpa\\simpa-backend\\src\\routes\\importacao.js","statementMap":{"0":{"start":{"line":1,"column":16},"end":{"line":1,"column":34}},"1":{"start":{"line":2,"column":15},"end":{"line":2,"column":32}},"2":{"start":{"line":3,"column":11},"end":{"line":3,"column":24}},"3":{"start":{"line":5,"column":18},"end":{"line":5,"column":43}},"4":{"start":{"line":6,"column":31},"end":{"line":6,"column":60}},"5":{"start":{"line":7,"column":29},"end":{"line":7,"column":64}},"6":{"start":{"line":14,"column":4},"end":{"line":14,"column":34}},"7":{"start":{"line":15,"column":29},"end":{"line":15,"column":74}},"8":{"start":{"line":24,"column":4},"end":{"line":24,"column":47}},"9":{"start":{"line":26,"column":15},"end":{"line":26,"column":31}},"10":{"start":{"line":28,"column":25},"end":{"line":28,"column":95}},"11":{"start":{"line":29,"column":15},"end":{"line":32,"column":2}},"12":{"start":{"line":35,"column":2},"end":{"line":37,"column":3}},"13":{"start":{"line":36,"column":4},"end":{"line":36,"column":16}},"14":{"start":{"line":38,"column":2},"end":{"line":44,"column":3}},"15":{"start":{"line":39,"column":4},"end":{"line":43,"column":5}},"16":{"start":{"line":40,"column":6},"end":{"line":40,"column":29}},"17":{"start":{"line":42,"column":6},"end":{"line":42,"column":18}},"18":{"start":{"line":45,"column":2},"end":{"line":47,"column":3}},"19":{"start":{"line":46,"column":4},"end":{"line":46,"column":15}},"20":{"start":{"line":48,"column":2},"end":{"line":48,"column":14}},"21":{"start":{"line":52,"column":14},"end":{"line":52,"column":23}},"22":{"start":{"line":53,"column":2},"end":{"line":57,"column":3}},"23":{"start":{"line":54,"column":4},"end":{"line":56,"column":5}},"24":{"start":{"line":55,"column":6},"end":{"line":55,"column":34}},"25":{"start":{"line":58,"column":2},"end":{"line":58,"column":13}},"26":{"start":{"line":62,"column":2},"end":{"line":83,"column":3}},"27":{"start":{"line":63,"column":4},"end":{"line":81,"column":6}},"28":{"start":{"line":82,"column":4},"end":{"line":82,"column":11}},"29":{"start":{"line":85,"column":2},"end":{"line":103,"column":4}},"30":{"start":{"line":107,"column":2},"end":{"line":124,"column":3}},"31":{"start":{"line":108,"column":19},"end":{"line":120,"column":5}},"32":{"start":{"line":121,"column":4},"end":{"line":121,"column":47}},"33":{"start":{"line":123,"column":4},"end":{"line":123,"column":45}},"34":{"start":{"line":127,"column":0},"end":{"line":182,"column":3}},"35":{"start":{"line":128,"column":2},"end":{"line":181,"column":3}},"36":{"start":{"line":129,"column":4},"end":{"line":131,"column":5}},"37":{"start":{"line":130,"column":6},"end":{"line":130,"column":89}},"38":{"start":{"line":133,"column":23},"end":{"line":133,"column":25}},"39":{"start":{"line":134,"column":23},"end":{"line":134,"column":24}},"40":{"start":{"line":136,"column":4},"end":{"line":164,"column":5}},"41":{"start":{"line":137,"column":6},"end":{"line":163,"column":7}},"42":{"start":{"line":138,"column":25},"end":{"line":138,"column":49}},"43":{"start":{"line":139,"column":21},"end":{"line":139,"column":32}},"44":{"start":{"line":140,"column":8},"end":{"line":146,"column":9}},"45":{"start":{"line":141,"column":10},"end":{"line":144,"column":13}},"46":{"start":{"line":145,"column":10},"end":{"line":145,"column":19}},"47":{"start":{"line":148,"column":25},"end":{"line":151,"column":9}},"48":{"start":{"line":152,"column":8},"end":{"line":154,"column":9}},"49":{"start":{"line":153,"column":10},"end":{"line":153,"column":28}},"50":{"start":{"line":155,"column":8},"end":{"line":155,"column":34}},"51":{"start":{"line":157,"column":8},"end":{"line":160,"column":11}},"52":{"start":{"line":162,"column":8},"end":{"line":162,"column":34}},"53":{"start":{"line":166,"column":4},"end":{"line":175,"column":5}},"54":{"start":{"line":167,"column":6},"end":{"line":174,"column":8}},"55":{"start":{"line":177,"column":4},"end":{"line":177,"column":32}},"56":{"start":{"line":179,"column":4},"end":{"line":179,"column":60}},"57":{"start":{"line":179,"column":33},"end":{"line":179,"column":58}},"58":{"start":{"line":180,"column":4},"end":{"line":180,"column":21}},"59":{"start":{"line":184,"column":0},"end":{"line":276,"column":3}},"60":{"start":{"line":185,"column":2},"end":{"line":275,"column":3}},"61":{"start":{"line":186,"column":4},"end":{"line":188,"column":5}},"62":{"start":{"line":187,"column":6},"end":{"line":187,"column":89}},"63":{"start":{"line":190,"column":23},"end":{"line":190,"column":59}},"64":{"start":{"line":191,"column":4},"end":{"line":194,"column":5}},"65":{"start":{"line":192,"column":6},"end":{"line":192,"column":61}},"66":{"start":{"line":192,"column":34},"end":{"line":192,"column":59}},"67":{"start":{"line":193,"column":6},"end":{"line":193,"column":92}},"68":{"start":{"line":196,"column":22},"end":{"line":196,"column":46}},"69":{"start":{"line":197,"column":4},"end":{"line":204,"column":5}},"70":{"start":{"line":198,"column":6},"end":{"line":203,"column":7}},"71":{"start":{"line":199,"column":8},"end":{"line":199,"column":57}},"72":{"start":{"line":199,"column":33},"end":{"line":199,"column":55}},"73":{"start":{"line":200,"column":8},"end":{"line":202,"column":11}},"74":{"start":{"line":206,"column":23},"end":{"line":206,"column":25}},"75":{"start":{"line":207,"column":4},"end":{"line":268,"column":5}},"76":{"start":{"line":208,"column":24},"end":{"line":208,"column":56}},"77":{"start":{"line":210,"column":6},"end":{"line":267,"column":7}},"78":{"start":{"line":211,"column":25},"end":{"line":211,"column":49}},"79":{"start":{"line":212,"column":21},"end":{"line":212,"column":32}},"80":{"start":{"line":213,"column":8},"end":{"line":220,"column":9}},"81":{"start":{"line":214,"column":10},"end":{"line":214,"column":36}},"82":{"start":{"line":215,"column":10},"end":{"line":218,"column":13}},"83":{"start":{"line":219,"column":10},"end":{"line":219,"column":19}},"84":{"start":{"line":222,"column":25},"end":{"line":222,"column":74}},"85":{"start":{"line":224,"column":25},"end":{"line":228,"column":9}},"86":{"start":{"line":229,"column":8},"end":{"line":229,"column":38}},"87":{"start":{"line":231,"column":21},"end":{"line":231,"column":39}},"88":{"start":{"line":232,"column":26},"end":{"line":235,"column":10}},"89":{"start":{"line":236,"column":8},"end":{"line":236,"column":64}},"90":{"start":{"line":238,"column":29},"end":{"line":238,"column":71}},"91":{"start":{"line":239,"column":8},"end":{"line":247,"column":11}},"92":{"start":{"line":249,"column":8},"end":{"line":249,"column":34}},"93":{"start":{"line":250,"column":8},"end":{"line":255,"column":9}},"94":{"start":{"line":251,"column":10},"end":{"line":254,"column":13}},"95":{"start":{"line":256,"column":8},"end":{"line":258,"column":9}},"96":{"start":{"line":257,"column":10},"end":{"line":257,"column":62}},"97":{"start":{"line":259,"column":8},"end":{"line":265,"column":9}},"98":{"start":{"line":260,"column":10},"end":{"line":263,"column":13}},"99":{"start":{"line":264,"column":10},"end":{"line":264,"column":19}},"100":{"start":{"line":266,"column":8},"end":{"line":266,"column":18}},"101":{"start":{"line":270,"column":22},"end":{"line":270,"column":57}},"102":{"start":{"line":270,"column":47},"end":{"line":270,"column":56}},"103":{"start":{"line":271,"column":4},"end":{"line":271,"column":62}},"104":{"start":{"line":273,"column":4},"end":{"line":273,"column":60}},"105":{"start":{"line":273,"column":33},"end":{"line":273,"column":58}},"106":{"start":{"line":274,"column":4},"end":{"line":274,"column":21}},"107":{"start":{"line":278,"column":0},"end":{"line":285,"column":3}},"108":{"start":{"line":279,"column":2},"end":{"line":284,"column":3}},"109":{"start":{"line":280,"column":19},"end":{"line":280,"column":51}},"110":{"start":{"line":281,"column":4},"end":{"line":281,"column":28}},"111":{"start":{"line":283,"column":4},"end":{"line":283,"column":21}},"112":{"start":{"line":287,"column":0},"end":{"line":305,"column":3}},"113":{"start":{"line":288,"column":2},"end":{"line":304,"column":3}},"114":{"start":{"line":289,"column":16},"end":{"line":289,"column":58}},"115":{"start":{"line":290,"column":4},"end":{"line":297,"column":6}},"116":{"start":{"line":298,"column":4},"end":{"line":298,"column":37}},"117":{"start":{"line":300,"column":4},"end":{"line":302,"column":5}},"118":{"start":{"line":301,"column":6},"end":{"line":301,"column":58}},"119":{"start":{"line":303,"column":4},"end":{"line":303,"column":21}},"120":{"start":{"line":307,"column":0},"end":{"line":336,"column":3}},"121":{"start":{"line":308,"column":2},"end":{"line":335,"column":3}},"122":{"start":{"line":309,"column":21},"end":{"line":313,"column":5}},"123":{"start":{"line":314,"column":4},"end":{"line":316,"column":5}},"124":{"start":{"line":315,"column":6},"end":{"line":315,"column":74}},"125":{"start":{"line":318,"column":21},"end":{"line":318,"column":28}},"126":{"start":{"line":319,"column":16},"end":{"line":328,"column":5}},"127":{"start":{"line":329,"column":4},"end":{"line":329,"column":25}},"128":{"start":{"line":331,"column":4},"end":{"line":333,"column":5}},"129":{"start":{"line":332,"column":6},"end":{"line":332,"column":58}},"130":{"start":{"line":334,"column":4},"end":{"line":334,"column":21}},"131":{"start":{"line":338,"column":0},"end":{"line":348,"column":3}},"132":{"start":{"line":339,"column":2},"end":{"line":347,"column":3}},"133":{"start":{"line":340,"column":19},"end":{"line":340,"column":70}},"134":{"start":{"line":341,"column":4},"end":{"line":341,"column":28}},"135":{"start":{"line":343,"column":4},"end":{"line":345,"column":5}},"136":{"start":{"line":344,"column":6},"end":{"line":344,"column":58}},"137":{"start":{"line":346,"column":4},"end":{"line":346,"column":21}},"138":{"start":{"line":350,"column":0},"end":{"line":385,"column":3}},"139":{"start":{"line":351,"column":2},"end":{"line":384,"column":3}},"140":{"start":{"line":352,"column":37},"end":{"line":352,"column":46}},"141":{"start":{"line":353,"column":23},"end":{"line":353,"column":25}},"142":{"start":{"line":354,"column":19},"end":{"line":354,"column":21}},"143":{"start":{"line":356,"column":4},"end":{"line":359,"column":5}},"144":{"start":{"line":357,"column":6},"end":{"line":357,"column":48}},"145":{"start":{"line":358,"column":6},"end":{"line":358,"column":59}},"146":{"start":{"line":360,"column":4},"end":{"line":363,"column":5}},"147":{"start":{"line":361,"column":6},"end":{"line":361,"column":34}},"148":{"start":{"line":362,"column":6},"end":{"line":362,"column":59}},"149":{"start":{"line":365,"column":18},"end":{"line":365,"column":78}},"150":{"start":{"line":366,"column":21},"end":{"line":379,"column":5}},"151":{"start":{"line":381,"column":4},"end":{"line":381,"column":26}},"152":{"start":{"line":383,"column":4},"end":{"line":383,"column":21}},"153":{"start":{"line":387,"column":0},"end":{"line":426,"column":3}},"154":{"start":{"line":388,"column":2},"end":{"line":425,"column":3}},"155":{"start":{"line":389,"column":21},"end":{"line":389,"column":92}},"156":{"start":{"line":390,"column":4},"end":{"line":392,"column":5}},"157":{"start":{"line":391,"column":6},"end":{"line":391,"column":69}},"158":{"start":{"line":394,"column":18},"end":{"line":394,"column":25}},"159":{"start":{"line":395,"column":4},"end":{"line":397,"column":5}},"160":{"start":{"line":396,"column":6},"end":{"line":396,"column":94}},"161":{"start":{"line":400,"column":6},"end":{"line":405,"column":12}},"162":{"start":{"line":407,"column":22},"end":{"line":407,"column":72}},"163":{"start":{"line":408,"column":25},"end":{"line":420,"column":5}},"164":{"start":{"line":422,"column":4},"end":{"line":422,"column":55}},"165":{"start":{"line":424,"column":4},"end":{"line":424,"column":21}},"166":{"start":{"line":428,"column":0},"end":{"line":494,"column":3}},"167":{"start":{"line":429,"column":2},"end":{"line":493,"column":3}},"168":{"start":{"line":430,"column":4},"end":{"line":432,"column":5}},"169":{"start":{"line":431,"column":6},"end":{"line":431,"column":82}},"170":{"start":{"line":434,"column":21},"end":{"line":434,"column":92}},"171":{"start":{"line":435,"column":4},"end":{"line":438,"column":5}},"172":{"start":{"line":436,"column":6},"end":{"line":436,"column":36}},"173":{"start":{"line":437,"column":6},"end":{"line":437,"column":69}},"174":{"start":{"line":440,"column":18},"end":{"line":440,"column":25}},"175":{"start":{"line":441,"column":21},"end":{"line":441,"column":49}},"176":{"start":{"line":442,"column":17},"end":{"line":442,"column":28}},"177":{"start":{"line":443,"column":4},"end":{"line":446,"column":5}},"178":{"start":{"line":444,"column":6},"end":{"line":444,"column":36}},"179":{"start":{"line":445,"column":6},"end":{"line":445,"column":61}},"180":{"start":{"line":448,"column":21},"end":{"line":452,"column":5}},"181":{"start":{"line":454,"column":4},"end":{"line":456,"column":5}},"182":{"start":{"line":455,"column":6},"end":{"line":455,"column":37}},"183":{"start":{"line":457,"column":4},"end":{"line":457,"column":38}},"184":{"start":{"line":459,"column":17},"end":{"line":459,"column":35}},"185":{"start":{"line":461,"column":6},"end":{"line":466,"column":12}},"186":{"start":{"line":467,"column":22},"end":{"line":467,"column":62}},"187":{"start":{"line":468,"column":4},"end":{"line":473,"column":6}},"188":{"start":{"line":475,"column":25},"end":{"line":483,"column":5}},"189":{"start":{"line":484,"column":4},"end":{"line":489,"column":7}},"190":{"start":{"line":491,"column":4},"end":{"line":491,"column":35}},"191":{"start":{"line":492,"column":4},"end":{"line":492,"column":21}},"192":{"start":{"line":496,"column":0},"end":{"line":515,"column":3}},"193":{"start":{"line":497,"column":2},"end":{"line":514,"column":3}},"194":{"start":{"line":498,"column":21},"end":{"line":501,"column":5}},"195":{"start":{"line":502,"column":4},"end":{"line":504,"column":5}},"196":{"start":{"line":503,"column":6},"end":{"line":503,"column":69}},"197":{"start":{"line":506,"column":4},"end":{"line":508,"column":5}},"198":{"start":{"line":507,"column":6},"end":{"line":507,"column":39}},"199":{"start":{"line":510,"column":4},"end":{"line":510,"column":74}},"200":{"start":{"line":511,"column":4},"end":{"line":511,"column":66}},"201":{"start":{"line":513,"column":4},"end":{"line":513,"column":21}},"202":{"start":{"line":517,"column":0},"end":{"line":517,"column":24}}},"fnMap":{"0":{"name":"parseResolucoes","decl":{"start":{"line":34,"column":9},"end":{"line":34,"column":24}},"loc":{"start":{"line":34,"column":30},"end":{"line":49,"column":1}},"line":34},"1":{"name":"resolucaoMap","decl":{"start":{"line":51,"column":9},"end":{"line":51,"column":21}},"loc":{"start":{"line":51,"column":34},"end":{"line":59,"column":1}},"line":51},"2":{"name":"updateArquivoPath","decl":{"start":{"line":61,"column":15},"end":{"line":61,"column":32}},"loc":{"start":{"line":61,"column":93},"end":{"line":104,"column":1}},"line":61},"3":{"name":"triggerConsolidation","decl":{"start":{"line":106,"column":15},"end":{"line":106,"column":35}},"loc":{"start":{"line":106,"column":52},"end":{"line":125,"column":1}},"line":106},"4":{"name":"(anonymous_4)","decl":{"start":{"line":127,"column":47},"end":{"line":127,"column":48}},"loc":{"start":{"line":127,"column":73},"end":{"line":182,"column":1}},"line":127},"5":{"name":"(anonymous_5)","decl":{"start":{"line":179,"column":23},"end":{"line":179,"column":24}},"loc":{"start":{"line":179,"column":33},"end":{"line":179,"column":58}},"line":179},"6":{"name":"(anonymous_6)","decl":{"start":{"line":184,"column":68},"end":{"line":184,"column":69}},"loc":{"start":{"line":184,"column":94},"end":{"line":276,"column":1}},"line":184},"7":{"name":"(anonymous_7)","decl":{"start":{"line":192,"column":24},"end":{"line":192,"column":25}},"loc":{"start":{"line":192,"column":34},"end":{"line":192,"column":59}},"line":192},"8":{"name":"(anonymous_8)","decl":{"start":{"line":199,"column":26},"end":{"line":199,"column":27}},"loc":{"start":{"line":199,"column":33},"end":{"line":199,"column":55}},"line":199},"9":{"name":"(anonymous_9)","decl":{"start":{"line":270,"column":38},"end":{"line":270,"column":39}},"loc":{"start":{"line":270,"column":47},"end":{"line":270,"column":56}},"line":270},"10":{"name":"(anonymous_10)","decl":{"start":{"line":273,"column":23},"end":{"line":273,"column":24}},"loc":{"start":{"line":273,"column":33},"end":{"line":273,"column":58}},"line":273},"11":{"name":"(anonymous_11)","decl":{"start":{"line":278,"column":27},"end":{"line":278,"column":28}},"loc":{"start":{"line":278,"column":53},"end":{"line":285,"column":1}},"line":278},"12":{"name":"(anonymous_12)","decl":{"start":{"line":287,"column":50},"end":{"line":287,"column":51}},"loc":{"start":{"line":287,"column":76},"end":{"line":305,"column":1}},"line":287},"13":{"name":"(anonymous_13)","decl":{"start":{"line":307,"column":53},"end":{"line":307,"column":54}},"loc":{"start":{"line":307,"column":79},"end":{"line":336,"column":1}},"line":307},"14":{"name":"(anonymous_14)","decl":{"start":{"line":338,"column":56},"end":{"line":338,"column":57}},"loc":{"start":{"line":338,"column":82},"end":{"line":348,"column":1}},"line":338},"15":{"name":"(anonymous_15)","decl":{"start":{"line":350,"column":22},"end":{"line":350,"column":23}},"loc":{"start":{"line":350,"column":48},"end":{"line":385,"column":1}},"line":350},"16":{"name":"(anonymous_16)","decl":{"start":{"line":387,"column":32},"end":{"line":387,"column":33}},"loc":{"start":{"line":387,"column":58},"end":{"line":426,"column":1}},"line":387},"17":{"name":"(anonymous_17)","decl":{"start":{"line":428,"column":53},"end":{"line":428,"column":54}},"loc":{"start":{"line":428,"column":79},"end":{"line":494,"column":1}},"line":428},"18":{"name":"(anonymous_18)","decl":{"start":{"line":496,"column":22},"end":{"line":496,"column":23}},"loc":{"start":{"line":496,"column":48},"end":{"line":515,"column":1}},"line":496}},"branchMap":{"0":{"loc":{"start":{"line":28,"column":34},"end":{"line":28,"column":90}},"type":"binary-expr","locations":[{"start":{"line":28,"column":34},"end":{"line":28,"column":62}},{"start":{"line":28,"column":66},"end":{"line":28,"column":90}}],"line":28},"1":{"loc":{"start":{"line":35,"column":2},"end":{"line":37,"column":3}},"type":"if","locations":[{"start":{"line":35,"column":2},"end":{"line":37,"column":3}},{"start":{},"end":{}}],"line":35},"2":{"loc":{"start":{"line":35,"column":6},"end":{"line":35,"column":31}},"type":"binary-expr","locations":[{"start":{"line":35,"column":6},"end":{"line":35,"column":17}},{"start":{"line":35,"column":21},"end":{"line":35,"column":31}}],"line":35},"3":{"loc":{"start":{"line":38,"column":2},"end":{"line":44,"column":3}},"type":"if","locations":[{"start":{"line":38,"column":2},"end":{"line":44,"column":3}},{"start":{},"end":{}}],"line":38},"4":{"loc":{"start":{"line":45,"column":2},"end":{"line":47,"column":3}},"type":"if","locations":[{"start":{"line":45,"column":2},"end":{"line":47,"column":3}},{"start":{},"end":{}}],"line":45},"5":{"loc":{"start":{"line":54,"column":4},"end":{"line":56,"column":5}},"type":"if","locations":[{"start":{"line":54,"column":4},"end":{"line":56,"column":5}},{"start":{},"end":{}}],"line":54},"6":{"loc":{"start":{"line":61,"column":55},"end":{"line":61,"column":91}},"type":"default-arg","locations":[{"start":{"line":61,"column":89},"end":{"line":61,"column":91}}],"line":61},"7":{"loc":{"start":{"line":62,"column":2},"end":{"line":83,"column":3}},"type":"if","locations":[{"start":{"line":62,"column":2},"end":{"line":83,"column":3}},{"start":{},"end":{}}],"line":62},"8":{"loc":{"start":{"line":62,"column":6},"end":{"line":62,"column":51}},"type":"binary-expr","locations":[{"start":{"line":62,"column":6},"end":{"line":62,"column":31}},{"start":{"line":62,"column":35},"end":{"line":62,"column":51}}],"line":62},"9":{"loc":{"start":{"line":109,"column":6},"end":{"line":119,"column":11}},"type":"cond-expr","locations":[{"start":{"line":110,"column":10},"end":{"line":114,"column":11}},{"start":{"line":115,"column":10},"end":{"line":119,"column":11}}],"line":109},"10":{"loc":{"start":{"line":109,"column":6},"end":{"line":109,"column":71}},"type":"binary-expr","locations":[{"start":{"line":109,"column":6},"end":{"line":109,"column":41}},{"start":{"line":109,"column":45},"end":{"line":109,"column":71}}],"line":109},"11":{"loc":{"start":{"line":129,"column":4},"end":{"line":131,"column":5}},"type":"if","locations":[{"start":{"line":129,"column":4},"end":{"line":131,"column":5}},{"start":{},"end":{}}],"line":129},"12":{"loc":{"start":{"line":140,"column":8},"end":{"line":146,"column":9}},"type":"if","locations":[{"start":{"line":140,"column":8},"end":{"line":146,"column":9}},{"start":{},"end":{}}],"line":140},"13":{"loc":{"start":{"line":152,"column":8},"end":{"line":154,"column":9}},"type":"if","locations":[{"start":{"line":152,"column":8},"end":{"line":154,"column":9}},{"start":{},"end":{}}],"line":152},"14":{"loc":{"start":{"line":159,"column":17},"end":{"line":159,"column":54}},"type":"binary-expr","locations":[{"start":{"line":159,"column":17},"end":{"line":159,"column":28}},{"start":{"line":159,"column":32},"end":{"line":159,"column":54}}],"line":159},"15":{"loc":{"start":{"line":166,"column":4},"end":{"line":175,"column":5}},"type":"if","locations":[{"start":{"line":166,"column":4},"end":{"line":175,"column":5}},{"start":{},"end":{}}],"line":166},"16":{"loc":{"start":{"line":186,"column":4},"end":{"line":188,"column":5}},"type":"if","locations":[{"start":{"line":186,"column":4},"end":{"line":188,"column":5}},{"start":{},"end":{}}],"line":186},"17":{"loc":{"start":{"line":191,"column":4},"end":{"line":194,"column":5}},"type":"if","locations":[{"start":{"line":191,"column":4},"end":{"line":194,"column":5}},{"start":{},"end":{}}],"line":191},"18":{"loc":{"start":{"line":198,"column":6},"end":{"line":203,"column":7}},"type":"if","locations":[{"start":{"line":198,"column":6},"end":{"line":203,"column":7}},{"start":{},"end":{}}],"line":198},"19":{"loc":{"start":{"line":213,"column":8},"end":{"line":220,"column":9}},"type":"if","locations":[{"start":{"line":213,"column":8},"end":{"line":220,"column":9}},{"start":{},"end":{}}],"line":213},"20":{"loc":{"start":{"line":250,"column":8},"end":{"line":255,"column":9}},"type":"if","locations":[{"start":{"line":250,"column":8},"end":{"line":255,"column":9}},{"start":{},"end":{}}],"line":250},"21":{"loc":{"start":{"line":256,"column":8},"end":{"line":258,"column":9}},"type":"if","locations":[{"start":{"line":256,"column":8},"end":{"line":258,"column":9}},{"start":{},"end":{}}],"line":256},"22":{"loc":{"start":{"line":259,"column":8},"end":{"line":265,"column":9}},"type":"if","locations":[{"start":{"line":259,"column":8},"end":{"line":265,"column":9}},{"start":{},"end":{}}],"line":259},"23":{"loc":{"start":{"line":271,"column":22},"end":{"line":271,"column":43}},"type":"cond-expr","locations":[{"start":{"line":271,"column":34},"end":{"line":271,"column":37}},{"start":{"line":271,"column":40},"end":{"line":271,"column":43}}],"line":271},"24":{"loc":{"start":{"line":300,"column":4},"end":{"line":302,"column":5}},"type":"if","locations":[{"start":{"line":300,"column":4},"end":{"line":302,"column":5}},{"start":{},"end":{}}],"line":300},"25":{"loc":{"start":{"line":314,"column":4},"end":{"line":316,"column":5}},"type":"if","locations":[{"start":{"line":314,"column":4},"end":{"line":316,"column":5}},{"start":{},"end":{}}],"line":314},"26":{"loc":{"start":{"line":321,"column":28},"end":{"line":321,"column":86}},"type":"binary-expr","locations":[{"start":{"line":321,"column":28},"end":{"line":321,"column":55}},{"start":{"line":321,"column":59},"end":{"line":321,"column":86}}],"line":321},"27":{"loc":{"start":{"line":322,"column":28},"end":{"line":322,"column":86}},"type":"binary-expr","locations":[{"start":{"line":322,"column":28},"end":{"line":322,"column":55}},{"start":{"line":322,"column":59},"end":{"line":322,"column":86}}],"line":322},"28":{"loc":{"start":{"line":323,"column":26},"end":{"line":323,"column":80}},"type":"binary-expr","locations":[{"start":{"line":323,"column":26},"end":{"line":323,"column":51}},{"start":{"line":323,"column":55},"end":{"line":323,"column":80}}],"line":323},"29":{"loc":{"start":{"line":331,"column":4},"end":{"line":333,"column":5}},"type":"if","locations":[{"start":{"line":331,"column":4},"end":{"line":333,"column":5}},{"start":{},"end":{}}],"line":331},"30":{"loc":{"start":{"line":343,"column":4},"end":{"line":345,"column":5}},"type":"if","locations":[{"start":{"line":343,"column":4},"end":{"line":345,"column":5}},{"start":{},"end":{}}],"line":343},"31":{"loc":{"start":{"line":356,"column":4},"end":{"line":359,"column":5}},"type":"if","locations":[{"start":{"line":356,"column":4},"end":{"line":359,"column":5}},{"start":{},"end":{}}],"line":356},"32":{"loc":{"start":{"line":360,"column":4},"end":{"line":363,"column":5}},"type":"if","locations":[{"start":{"line":360,"column":4},"end":{"line":363,"column":5}},{"start":{},"end":{}}],"line":360},"33":{"loc":{"start":{"line":365,"column":18},"end":{"line":365,"column":78}},"type":"cond-expr","locations":[{"start":{"line":365,"column":38},"end":{"line":365,"column":73}},{"start":{"line":365,"column":76},"end":{"line":365,"column":78}}],"line":365},"34":{"loc":{"start":{"line":390,"column":4},"end":{"line":392,"column":5}},"type":"if","locations":[{"start":{"line":390,"column":4},"end":{"line":392,"column":5}},{"start":{},"end":{}}],"line":390},"35":{"loc":{"start":{"line":395,"column":4},"end":{"line":397,"column":5}},"type":"if","locations":[{"start":{"line":395,"column":4},"end":{"line":397,"column":5}},{"start":{},"end":{}}],"line":395},"36":{"loc":{"start":{"line":400,"column":6},"end":{"line":405,"column":12}},"type":"cond-expr","locations":[{"start":{"line":401,"column":10},"end":{"line":404,"column":11}},{"start":{"line":405,"column":10},"end":{"line":405,"column":12}}],"line":400},"37":{"loc":{"start":{"line":400,"column":6},"end":{"line":400,"column":65}},"type":"binary-expr","locations":[{"start":{"line":400,"column":6},"end":{"line":400,"column":38}},{"start":{"line":400,"column":42},"end":{"line":400,"column":65}}],"line":400},"38":{"loc":{"start":{"line":414,"column":6},"end":{"line":419,"column":14}},"type":"cond-expr","locations":[{"start":{"line":415,"column":10},"end":{"line":418,"column":11}},{"start":{"line":419,"column":10},"end":{"line":419,"column":14}}],"line":414},"39":{"loc":{"start":{"line":414,"column":6},"end":{"line":414,"column":65}},"type":"binary-expr","locations":[{"start":{"line":414,"column":6},"end":{"line":414,"column":38}},{"start":{"line":414,"column":42},"end":{"line":414,"column":65}}],"line":414},"40":{"loc":{"start":{"line":430,"column":4},"end":{"line":432,"column":5}},"type":"if","locations":[{"start":{"line":430,"column":4},"end":{"line":432,"column":5}},{"start":{},"end":{}}],"line":430},"41":{"loc":{"start":{"line":435,"column":4},"end":{"line":438,"column":5}},"type":"if","locations":[{"start":{"line":435,"column":4},"end":{"line":438,"column":5}},{"start":{},"end":{}}],"line":435},"42":{"loc":{"start":{"line":443,"column":4},"end":{"line":446,"column":5}},"type":"if","locations":[{"start":{"line":443,"column":4},"end":{"line":446,"column":5}},{"start":{},"end":{}}
[...]
5}},"line":39},"7":{"name":"(anonymous_7)","decl":{"start":{"line":45,"column":21},"end":{"line":45,"column":22}},"loc":{"start":{"line":45,"column":31},"end":{"line":69,"column":5}},"line":45},"8":{"name":"(anonymous_8)","decl":{"start":{"line":73,"column":16},"end":{"line":73,"column":17}},"loc":{"start":{"line":73,"column":29},"end":{"line":73,"column":61}},"line":73},"9":{"name":"(anonymous_9)","decl":{"start":{"line":74,"column":18},"end":{"line":74,"column":19}},"loc":{"start":{"line":74,"column":45},"end":{"line":74,"column":86}},"line":74}},"branchMap":{"0":{"loc":{"start":{"line":6,"column":4},"end":{"line":6,"column":83}},"type":"binary-expr","locations":[{"start":{"line":6,"column":4},"end":{"line":6,"column":29}},{"start":{"line":6,"column":33},"end":{"line":6,"column":83}}],"line":6},"1":{"loc":{"start":{"line":11,"column":9},"end":{"line":11,"column":44}},"type":"binary-expr","locations":[{"start":{"line":11,"column":9},"end":{"line":11,"column":31}},{"start":{"line":11,"column":35},"end":{"line":11,"column":44}}],"line":11},"2":{"loc":{"start":{"line":14,"column":40},"end":{"line":14,"column":52}},"type":"default-arg","locations":[{"start":{"line":14,"column":50},"end":{"line":14,"column":52}}],"line":14},"3":{"loc":{"start":{"line":16,"column":2},"end":{"line":18,"column":3}},"type":"if","locations":[{"start":{"line":16,"column":2},"end":{"line":18,"column":3}},{"start":{},"end":{}}],"line":16},"4":{"loc":{"start":{"line":19,"column":2},"end":{"line":21,"column":3}},"type":"if","locations":[{"start":{"line":19,"column":2},"end":{"line":21,"column":3}},{"start":{},"end":{}}],"line":19},"5":{"loc":{"start":{"line":25,"column":34},"end":{"line":25,"column":46}},"type":"default-arg","locations":[{"start":{"line":25,"column":44},"end":{"line":25,"column":46}}],"line":25},"6":{"loc":{"start":{"line":46,"column":6},"end":{"line":52,"column":7}},"type":"if","locations":[{"start":{"line":46,"column":6},"end":{"line":52,"column":7}},{"start":{},"end":{}}],"line":46},"7":{"loc":{"start":{"line":47,"column":32},"end":{"line":47,"column":78}},"type":"binary-expr","locations":[{"start":{"line":47,"column":32},"end":{"line":47,"column":45}},{"start":{"line":47,"column":49},"end":{"line":47,"column":78}}],"line":47},"8":{"loc":{"start":{"line":55,"column":6},"end":{"line":58,"column":7}},"type":"if","locations":[{"start":{"line":55,"column":6},"end":{"line":58,"column":7}},{"start":{},"end":{}}],"line":55},"9":{"loc":{"start":{"line":62,"column":16},"end":{"line":62,"column":57}},"type":"cond-expr","locations":[{"start":{"line":62,"column":40},"end":{"line":62,"column":46}},{"start":{"line":62,"column":49},"end":{"line":62,"column":57}}],"line":62},"10":{"loc":{"start":{"line":74,"column":28},"end":{"line":74,"column":40}},"type":"default-arg","locations":[{"start":{"line":74,"column":38},"end":{"line":74,"column":40}}],"line":74}},"s":{"0":0,"1":0,"2":0,"3":0,"4":0,"5":0,"6":0,"7":0,"8":0,"9":0,"10":0,"11":0,"12":0,"13":0,"14":0,"15":0,"16":0,"17":0,"18":0,"19":0,"20":0,"21":0,"22":0,"23":0,"24":0,"25":0,"26":0,"27":0,"28":0,"29":0,"30":0,"31":0,"32":0,"33":0,"34":0,"35":0,"36":0,"37":0,"38":0,"39":0,"40":0,"41":0,"42":0},"f":{"0":0,"1":0,"2":0,"3":0,"4":0,"5":0,"6":0,"7":0,"8":0,"9":0},"b":{"0":[0,0],"1":[0,0],"2":[0],"3":[0,0],"4":[0,0],"5":[0],"6":[0,0],"7":[0,0],"8":[0,0],"9":[0,0],"10":[0]}}
,"E:\\xampp\\htdocs\\simpa\\simpa-backend\\src\\services\\procedimentosService.js": {"path":"E:\\xampp\\htdocs\\simpa\\simpa-backend\\src\\services\\procedimentosService.js","statementMap":{"0":{"start":{"line":1,"column":18},"end":{"line":1,"column":33}},"1":{"start":{"line":4,"column":2},"end":{"line":16,"column":4}},"2":{"start":{"line":20,"column":12},"end":{"line":20,"column":55}},"3":{"start":{"line":21,"column":17},"end":{"line":21,"column":46}},"4":{"start":{"line":22,"column":15},"end":{"line":22,"column":63}},"5":{"start":{"line":23,"column":16},"end":{"line":23,"column":81}},"6":{"start":{"line":24,"column":17},"end":{"line":24,"column":35}},"7":{"start":{"line":26,"column":21},"end":{"line":26,"column":28}},"8":{"start":{"line":27,"column":17},"end":{"line":27,"column":19}},"9":{"start":{"line":29,"column":2},"end":{"line":32,"column":3}},"10":{"start":{"line":30,"column":4},"end":{"line":30,"column":24}},"11":{"start":{"line":31,"column":4},"end":{"line":31,"column":50}},"12":{"start":{"line":34,"column":2},"end":{"line":39,"column":3}},"13":{"start":{"line":35,"column":4},"end":{"line":35,"column":19}},"14":{"start":{"line":36,"column":4},"end":{"line":38,"column":6}},"15":{"start":{"line":41,"column":16},"end":{"line":41,"column":40}},"16":{"start":{"line":43,"column":22},"end":{"line":46,"column":3}},"17":{"start":{"line":47,"column":16},"end":{"line":47,"column":41}},"18":{"start":{"line":49,"column":2},"end":{"line":49,"column":29}},"19":{"start":{"line":50,"column":19},"end":{"line":58,"column":3}},"20":{"start":{"line":60,"column":2},"end":{"line":68,"column":4}},"21":{"start":{"line":72,"column":19},"end":{"line":78,"column":3}},"22":{"start":{"line":80,"column":2},"end":{"line":84,"column":3}},"23":{"start":{"line":81,"column":18},"end":{"line":81,"column":58}},"24":{"start":{"line":82,"column":4},"end":{"line":82,"column":23}},"25":{"start":{"line":83,"column":4},"end":{"line":83,"column":16}},"26":{"start":{"line":86,"column":2},"end":{"line":86,"column":37}},"27":{"start":{"line":89,"column":0},"end":{"line":93,"column":2}}},"fnMap":{"0":{"name":"mapProcedimentoRow","decl":{"start":{"line":3,"column":9},"end":{"line":3,"column":27}},"loc":{"start":{"line":3,"column":33},"end":{"line":17,"column":1}},"line":3},"1":{"name":"listProcedimentos","decl":{"start":{"line":19,"column":15},"end":{"line":19,"column":32}},"loc":{"start":{"line":19,"column":51},"end":{"line":69,"column":1}},"line":19},"2":{"name":"getProcedimentoById","decl":{"start":{"line":71,"column":15},"end":{"line":71,"column":34}},"loc":{"start":{"line":71,"column":39},"end":{"line":87,"column":1}},"line":71}},"branchMap":{"0":{"loc":{"start":{"line":19,"column":33},"end":{"line":19,"column":49}},"type":"default-arg","locations":[{"start":{"line":19,"column":47},"end":{"line":19,"column":49}}],"line":19},"1":{"loc":{"start":{"line":20,"column":12},"end":{"line":20,"column":55}},"type":"cond-expr","locations":[{"start":{"line":20,"column":28},"end":{"line":20,"column":48}},{"start":{"line":20,"column":51},"end":{"line":20,"column":55}}],"line":20},"2":{"loc":{"start":{"line":21,"column":17},"end":{"line":21,"column":46}},"type":"binary-expr","locations":[{"start":{"line":21,"column":17},"end":{"line":21,"column":35}},{"start":{"line":21,"column":39},"end":{"line":21,"column":46}}],"line":21},"3":{"loc":{"start":{"line":22,"column":24},"end":{"line":22,"column":59}},"type":"binary-expr","locations":[{"start":{"line":22,"column":24},"end":{"line":22,"column":54}},{"start":{"line":22,"column":58},"end":{"line":22,"column":59}}],"line":22},"4":{"loc":{"start":{"line":23,"column":34},"end":{"line":23,"column":71}},"type":"binary-expr","locations":[{"start":{"line":23,"column":34},"end":{"line":23,"column":65}},{"start":{"line":23,"column":69},"end":{"line":23,"column":71}}],"line":23},"5":{"loc":{"start":{"line":29,"column":2},"end":{"line":32,"column":3}},"type":"if","locations":[{"start":{"line":29,"column":2},"end":{"line":32,"column":3}},{"start":{},"end":{}}],"line":29},"6":{"loc":{"start":{"line":34,"column":2},"end":{"line":39,"column":3}},"type":"if","locations":[{"start":{"line":34,"column":2},"end":{"line":39,"column":3}},{"start":{},"end":{}}],"line":34},"7":{"loc":{"start":{"line":66,"column":13},"end":{"line":66,"column":42}},"type":"binary-expr","locations":[{"start":{"line":66,"column":13},"end":{"line":66,"column":37}},{"start":{"line":66,"column":41},"end":{"line":66,"column":42}}],"line":66},"8":{"loc":{"start":{"line":80,"column":2},"end":{"line":84,"column":3}},"type":"if","locations":[{"start":{"line":80,"column":2},"end":{"line":84,"column":3}},{"start":{},"end":{}}],"line":80}},"s":{"0":0,"1":0,"2":0,"3":0,"4":0,"5":0,"6":0,"7":0,"8":0,"9":0,"10":0,"11":0,"12":0,"13":0,"14":0,"15":0,"16":0,"17":0,"18":0,"19":0,"20":0,"21":0,"22":0,"23":0,"24":0,"25":0,"26":0,"27":0},"f":{"0":0,"1":0,"2":0},"b":{"0":[0],"1":[0,0],"2":[0,0],"3":[0,0],"4":[0,0],"5":[0,0],"6":[0,0],"7":[0,0],"8":[0,0]}}
,"E:\\xampp\\htdocs\\simpa\\simpa-backend\\src\\services\\sia.js": {"path":"E:\\xampp\\htdocs\\simpa\\simpa-backend\\src\\services\\sia.js","statementMap":{"0":{"start":{"line":1,"column":18},"end":{"line":1,"column":42}},"1":{"start":{"line":2,"column":13},"end":{"line":2,"column":28}},"2":{"start":{"line":5,"column":2},"end":{"line":8,"column":4}},"3":{"start":{"line":12,"column":2},"end":{"line":12,"column":45}},"4":{"start":{"line":16,"column":18},"end":{"line":16,"column":31}},"5":{"start":{"line":17,"column":2},"end":{"line":19,"column":3}},"6":{"start":{"line":18,"column":4},"end":{"line":18,"column":16}},"7":{"start":{"line":21,"column":17},"end":{"line":21,"column":36}},"8":{"start":{"line":22,"column":2},"end":{"line":24,"column":3}},"9":{"start":{"line":23,"column":4},"end":{"line":23,"column":52}},"10":{"start":{"line":25,"column":2},"end":{"line":25,"column":16}},"11":{"start":{"line":29,"column":2},"end":{"line":77,"column":5}},"12":{"start":{"line":30,"column":19},"end":{"line":30,"column":31}},"13":{"start":{"line":31,"column":17},"end":{"line":38,"column":5}},"14":{"start":{"line":40,"column":17},"end":{"line":40,"column":19}},"15":{"start":{"line":41,"column":17},"end":{"line":41,"column":19}},"16":{"start":{"line":43,"column":4},"end":{"line":45,"column":7}},"17":{"start":{"line":44,"column":6},"end":{"line":44,"column":33}},"18":{"start":{"line":46,"column":4},"end":{"line":48,"column":7}},"19":{"start":{"line":47,"column":6},"end":{"line":47,"column":33}},"20":{"start":{"line":50,"column":4},"end":{"line":50,"column":29}},"21":{"start":{"line":52,"column":4},"end":{"line":76,"column":7}},"22":{"start":{"line":53,"column":6},"end":{"line":59,"column":7}},"23":{"start":{"line":54,"column":22},"end":{"line":54,"column":79}},"24":{"start":{"line":55,"column":8},"end":{"line":55,"column":27}},"25":{"start":{"line":56,"column":8},"end":{"line":56,"column":38}},"26":{"start":{"line":57,"column":8},"end":{"line":57,"column":22}},"27":{"start":{"line":58,"column":8},"end":{"line":58,"column":15}},"28":{"start":{"line":61,"column":6},"end":{"line":75,"column":7}},"29":{"start":{"line":62,"column":23},"end":{"line":62,"column":46}},"30":{"start":{"line":63,"column":8},"end":{"line":68,"column":9}},"31":{"start":{"line":64,"column":24},"end":{"line":64,"column":60}},"32":{"start":{"line":65,"column":10},"end":{"line":65,"column":29}},"33":{"start":{"line":66,"column":10},"end":{"line":66,"column":24}},"34":{"start":{"line":67,"column":10},"end":{"line":67,"column":17}},"35":{"start":{"line":69,"column":8},"end":{"line":69,"column":24}},"36":{"start":{"line":71,"column":22},"end":{"line":71,"column":66}},"37":{"start":{"line":72,"column":8},"end":{"line":72,"column":27}},"38":{"start":{"line":73,"column":8},"end":{"line":73,"column":52}},"39":{"start":{"line":74,"column":8},"end":{"line":74,"column":22}},"40":{"start":{"line":80,"column":0},"end":{"line":80,"column":73}}},"fnMap":{"0":{"name":"scriptPath","decl":{"start":{"line":4,"column":9},"end":{"line":4,"column":19}},"loc":{"start":{"line":4,"column":22},"end":{"line":9,"column":1}},"line":4},"1":{"name":"pythonBin","decl":{"start":{"line":11,"column":9},"end":{"line":11,"column":18}},"loc":{"start":{"line":11,"column":21},"end":{"line":13,"column":1}},"line":11},"2":{"name":"parseSyncOutput","decl":{"start":{"line":15,"column":9},"end":{"line":15,"column":24}},"loc":{"start":{"line":15,"column":33},"end":{"line":26,"column":1}},"line":15},"3":{"name":"sincronizar","decl":{"start":{"line":28,"column":9},"end":{"line":28,"column":20}},"loc":{"start":{"line":28,"column":34},"end":{"line":78,"column":1}},"line":28},"4":{"name":"(anonymous_4)","decl":{"start":{"line":29,"column":21},"end":{"line":29,"column":22}},"loc":{"start":{"line":29,"column":42},"end":{"line":77,"column":3}},"line":29},"5":{"name":"(anonymous_5)","decl":{"start":{"line":43,"column":27},"end":{"line":43,"column":28}},"loc":{"start":{"line":43,"column":38},"end":{"line":45,"column":5}},"line":43},"6":{"name":"(anonymous_6)","decl":{"start":{"line":46,"column":27},"end":{"line":46,"column":28}},"loc":{"start":{"line":46,"column":38},"end":{"line":48,"column":5}},"line":46},"7":{"name":"(anonymous_7)","decl":{"start":{"line":52,"column":21},"end":{"line":52,"column":22}},"loc":{"start":{"line":52,"column":31},"end":{"line":76,"column":5}},"line":52}},"branchMap":{"0":{"loc":{"start":{"line":6,"column":4},"end":{"line":7,"column":54}},"type":"binary-expr","locations":[{"start":{"line":6,"column":4},"end":{"line":6,"column":31}},{"start":{"line":7,"column":4},"end":{"line":7,"column":54}}],"line":6},"1":{"loc":{"start":{"line":12,"column":9},"end":{"line":12,"column":44}},"type":"binary-expr","locations":[{"start":{"line":12,"column":9},"end":{"line":12,"column":31}},{"start":{"line":12,"column":35},"end":{"line":12,"column":44}}],"line":12},"2":{"loc":{"start":{"line":17,"column":2},"end":{"line":19,"column":3}},"type":"if","locations":[{"start":{"line":17,"column":2},"end":{"line":19,"column":3}},{"start":{},"end":{}}],"line":17},"3":{"loc":{"start":{"line":22,"column":2},"end":{"line":24,"column":3}},"type":"if","locations":[{"start":{"line":22,"column":2},"end":{"line":24,"column":3}},{"start":{},"end":{}}],"line":22},"4":{"loc":{"start":{"line":23,"column":11},"end":{"line":23,"column":51}},"type":"cond-expr","locations":[{"start":{"line":23,"column":33},"end":{"line":23,"column":42}},{"start":{"line":23,"column":45},"end":{"line":23,"column":51}}],"line":23},"5":{"loc":{"start":{"line":53,"column":6},"end":{"line":59,"column":7}},"type":"if","locations":[{"start":{"line":53,"column":6},"end":{"line":59,"column":7}},{"start":{},"end":{}}],"line":53},"6":{"loc":{"start":{"line":54,"column":32},"end":{"line":54,"column":78}},"type":"binary-expr","locations":[{"start":{"line":54,"column":32},"end":{"line":54,"column":45}},{"start":{"line":54,"column":49},"end":{"line":54,"column":78}}],"line":54},"7":{"loc":{"start":{"line":63,"column":8},"end":{"line":68,"column":9}},"type":"if","locations":[{"start":{"line":63,"column":8},"end":{"line":68,"column":9}},{"start":{},"end":{}}],"line":63}},"s":{"0":0,"1":0,"2":0,"3":0,"4":0,"5":0,"6":0,"7":0,"8":0,"9":0,"10":0,"11":0,"12":0,"13":0,"14":0,"15":0,"16":0,"17":0,"18":0,"19":0,"20":0,"21":0,"22":0,"23":0,"24":0,"25":0,"26":0,"27":0,"28":0,"29":0,"30":0,"31":0,"32":0,"33":0,"34":0,"35":0,"36":0,"37":0,"38":0,"39":0,"40":0},"f":{"0":0,"1":0,"2":0,"3":0,"4":0,"5":0,"6":0,"7":0},"b":{"0":[0,0],"1":[0,0],"2":[0,0],"3":[0,0],"4":[0,0],"5":[0,0],"6":[0,0],"7":[0,0]}}
,"E:\\xampp\\htdocs\\simpa\\simpa-backend\\src\\services\\storage.js": {"path":"E:\\xampp\\htdocs\\simpa\\simpa-backend\\src\\services\\storage.js","statementMap":{"0":{"start":{"line":1,"column":15},"end":{"line":1,"column":32}},"1":{"start":{"line":2,"column":11},"end":{"line":2,"column":24}},"2":{"start":{"line":3,"column":13},"end":{"line":3,"column":28}},"3":{"start":{"line":6,"column":2},"end":{"line":6,"column":76}},"4":{"start":{"line":10,"column":16},"end":{"line":10,"column":47}},"5":{"start":{"line":11,"column":21},"end":{"line":11,"column":37}},"6":{"start":{"line":12,"column":2},"end":{"line":14,"column":3}},"7":{"start":{"line":13,"column":4},"end":{"line":13,"column":58}},"8":{"start":{"line":15,"column":2},"end":{"line":15,"column":29}},"9":{"start":{"line":19,"column":2},"end":{"line":23,"column":22}},"10":{"start":{"line":30,"column":23},"end":{"line":30,"column":52}},"11":{"start":{"line":31,"column":15},"end":{"line":31,"column":35}},"12":{"start":{"line":32,"column":2},"end":{"line":32,"column":68}},"13":{"start":{"line":36,"column":17},"end":{"line":36,"column":42}},"14":{"start":{"line":37,"column":2},"end":{"line":37,"column":66}},"15":{"start":{"line":41,"column":2},"end":{"line":41,"column":60}},"16":{"start":{"line":42,"column":2},"end":{"line":52,"column":3}},"17":{"start":{"line":43,"column":4},"end":{"line":43,"column":37}},"18":{"start":{"line":46,"column":4},"end":{"line":50,"column":5}},"19":{"start":{"line":47,"column":6},"end":{"line":47,"column":41}},"20":{"start":{"line":48,"column":6},"end":{"line":48,"column":29}},"21":{"start":{"line":49,"column":6},"end":{"line":49,"column":13}},"22":{"start":{"line":51,"column":4},"end":{"line":51,"column":14}},"23":{"start":{"line":56,"column":2},"end":{"line":60,"column":3}},"24":{"start":{"line":57,"column":4},"end":{"line":57,"column":28}},"25":{"start":{"line":64,"column":2},"end":{"line":66,"column":3}},"26":{"start":{"line":65,"column":4},"end":{"line":65,"column":25}},"27":{"start":{"line":69,"column":0},"end":{"line":78,"column":2}}},"fnMap":{"0":{"name":"uploadsRoot","decl":{"start":{"line":5,"column":9},"end":{"line":5,"column":20}},"loc":{"start":{"line":5,"column":23},"end":{"line":7,"column":1}},"line":5},"1":{"name":"competenciaParts","decl":{"start":{"line":9,"column":9},"end":{"line":9,"column":25}},"loc":{"start":{"line":9,"column":39},"end":{"line":16,"column":1}},"line":9},"2":{"name":"slugUnidade","decl":{"start":{"line":18,"column":9},"end":{"line":18,"column":20}},"loc":{"start":{"line":18,"column":30},"end":{"line":24,"column":1}},"line":18},"3":{"name":"buildPath","decl":{"start":{"line":29,"column":9},"end":{"line":29,"column":18}},"loc":{"start":{"line":29,"column":51},"end":{"line":33,"column":1}},"line":29},"4":{"name":"hashFile","decl":{"start":{"line":35,"column":9},"end":{"line":35,"column":17}},"loc":{"start":{"line":35,"column":28},"end":{"line":38,"column":1}},"line":35},"5":{"name":"moveFile","decl":{"start":{"line":40,"column":9},"end":{"line":40,"column":17}},"loc":{"start":{"line":40,"column":37},"end":{"line":53,"column":1}},"line":40},"6":{"name":"removeFile","decl":{"start":{"line":55,"column":9},"end":{"line":55,"column":19}},"loc":{"start":{"line":55,"column":30},"end":{"line":61,"column":1}},"line":55},"7":{"name":"removeTempFile","decl":{"start":{"line":63,"column":9},"end":{"line":63,"column":23}},"loc":{"start":{"line":63,"column":34},"end":{"line":67,"column":1}},"line":63}},"branchMap":{"0":{"loc":{"start":{"line":6,"column":9},"end":{"line":6,"column":75}},"type":"binary-expr","locations":[{"start":{"line":6,"column":9},"end":{"line":6,"column":31}},{"start":{"line":6,"column":35},"end":{"line":6,"column":75}}],"line":6},"1":{"loc":{"start":{"line":12,"column":2},"end":{"line":14,"column":3}},"type":"if","locations":[{"start":{"line":12,"column":2},"end":{"line":14,"column":3}},{"start":{},"end":{}}],"line":12},"2":{"loc":{"start":{"line":12,"column":6},"end":{"line":12,"column":18}},"type":"binary-expr","locations":[{"start":{"line":12,"column":6},"end":{"line":12,"column":10}},{"start":{"line":12,"column":14},"end":{"line":12,"column":18}}],"line":12},"3":{"loc":{"start":{"line":19,"column":16},"end":{"line":19,"column":40}},"type":"binary-expr","locations":[{"start":{"line":19,"column":16},"end":{"line":19,"column":23}},{"start":{"line":19,"column":27},"end":{"line":19,"column":40}}],"line":19},"4":{"loc":{"start":{"line":46,"column":4},"end":{"line":50,"column":5}},"type":"if","locations":[{"start":{"line":46,"column":4},"end":{"line":50,"column":5}},{"start":{},"end":{}}],"line":46},"5":{"loc":{"start":{"line":64,"column":2},"end":{"line":66,"column":3}},"type":"if","locations":[{"start":{"line":64,"column":2},"end":{"line":66,"column":3}},{"start":{},"end":{}}],"line":64}},"s":{"0":0,"1":0,"2":0,"3":0,"4":0,"5":0,"6":0,"7":0,"8":0,"9":0,"10":0,"11":0,"12":0,"13":0,"14":0,"15":0,"16":0,"17":0,"18":0,"19":0,"20":0,"21":0,"22":0,"23":0,"24":0,"25":0,"26":0,"27":0},"f":{"0":0,"1":0,"2":0,"3":0,"4":0,"5":0,"6":0,"7":0},"b":{"0":[0,0],"1":[0,0],"2":[0,0],"3":[0,0],"4":[0,0],"5":[0,0]}}
}
