{"E:\\xampp\\htdocs\\simpa\\simpa-backend\\src\\services\\painelMetricsService.js": {"path":"E:\\xampp\\htdocs\\simpa\\simpa-backend\\src\\services\\painelMetricsService.js","statementMap":{"0":{"start":{"line":1,"column":18},"end":{"line":1,"column":33}},"1":{"start":{"line":3,"column":23},"end":{"line":3,"column":42}},"2":{"start":{"line":4,"column":26},"end":{"line":4,"column":76}},"3":{"start":{"line":5,"column":26},"end":{"line":8,"column":6}},"4":{"start":{"line":6,"column":2},"end":{"line":6,"column":21}},"5":{"start":{"line":7,"column":2},"end":{"line":7,"column":13}},"6":{"start":{"line":9,"column":23},"end":{"line":9,"column":57}},"7":{"start":{"line":10,"column":23},"end":{"line":10,"column":26}},"8":{"start":{"line":14,"column":4},"end":{"line":14,"column":19}},"9":{"start":{"line":15,"column":4},"end":{"line":15,"column":38}},"10":{"start":{"line":16,"column":4},"end":{"line":16,"column":35}},"11":{"start":{"line":17,"column":4},"end":{"line":17,"column":22}},"12":{"start":{"line":23,"column":4},"end":{"line":23,"column":19}},"13":{"start":{"line":24,"column":4},"end":{"line":24,"column":45}},"14":{"start":{"line":25,"column":4},"end":{"line":25,"column":42}},"15":{"start":{"line":26,"column":4},"end":{"line":26,"column":22}},"16":{"start":{"line":32,"column":4},"end":{"line":32,"column":19}},"17":{"start":{"line":33,"column":4},"end":{"line":33,"column":42}},"18":{"start":{"line":34,"column":4},"end":{"line":34,"column":39}},"19":{"start":{"line":35,"column":4},"end":{"line":35,"column":22}},"20":{"start":{"line":40,"column":2},"end":{"line":42,"column":3}},"21":{"start":{"line":41,"column":4},"end":{"line":41,"column":75}},"22":{"start":{"line":44,"column":16},"end":{"line":44,"column":48}},"23":{"start":{"line":45,"column":2},"end":{"line":47,"column":3}},"24":{"start":{"line":46,"column":4},"end":{"line":46,"column":76}},"25":{"start":{"line":49,"column":16},"end":{"line":49,"column":45}},"26":{"start":{"line":50,"column":2},"end":{"line":52,"column":3}},"27":{"start":{"line":51,"column":4},"end":{"line":51,"column":92}},"28":{"start":{"line":54,"column":2},"end":{"line":54,"column":29}},"29":{"start":{"line":58,"column":2},"end":{"line":60,"column":3}},"30":{"start":{"line":59,"column":4},"end":{"line":59,"column":16}},"31":{"start":{"line":62,"column":17},"end":{"line":62,"column":51}},"32":{"start":{"line":63,"column":2},"end":{"line":65,"column":3}},"33":{"start":{"line":64,"column":4},"end":{"line":64,"column":59}},"34":{"start":{"line":67,"column":2},"end":{"line":67,"column":16}},"35":{"start":{"line":71,"column":18},"end":{"line":71,"column":28}},"36":{"start":{"line":72,"column":2},"end":{"line":74,"column":3}},"37":{"start":{"line":73,"column":4},"end":{"line":73,"column":16}},"38":{"start":{"line":76,"column":35},"end":{"line":76,"column":63}},"39":{"start":{"line":77,"column":2},"end":{"line":77,"column":48}},"40":{"start":{"line":81,"column":2},"end":{"line":83,"column":3}},"41":{"start":{"line":82,"column":4},"end":{"line":82,"column":66}},"42":{"start":{"line":85,"column":2},"end":{"line":87,"column":3}},"43":{"start":{"line":86,"column":4},"end":{"line":86,"column":90}},"44":{"start":{"line":89,"column":22},"end":{"line":93,"column":3}},"45":{"start":{"line":95,"column":24},"end":{"line":95,"column":33}},"46":{"start":{"line":96,"column":19},"end":{"line":96,"column":43}},"47":{"start":{"line":97,"column":2},"end":{"line":103,"column":3}},"48":{"start":{"line":98,"column":18},"end":{"line":98,"column":31}},"49":{"start":{"line":99,"column":4},"end":{"line":101,"column":5}},"50":{"start":{"line":100,"column":6},"end":{"line":100,"column":31}},"51":{"start":{"line":102,"column":4},"end":{"line":102,"column":42}},"52":{"start":{"line":104,"column":2},"end":{"line":104,"column":31}},"53":{"start":{"line":106,"column":2},"end":{"line":110,"column":3}},"54":{"start":{"line":107,"column":4},"end":{"line":109,"column":6}},"55":{"start":{"line":112,"column":27},"end":{"line":114,"column":3}},"56":{"start":{"line":113,"column":4},"end":{"line":113,"column":59}},"57":{"start":{"line":115,"column":20},"end":{"line":118,"column":8}},"58":{"start":{"line":116,"column":4},"end":{"line":116,"column":25}},"59":{"start":{"line":117,"column":4},"end":{"line":117,"column":15}},"60":{"start":{"line":120,"column":15},"end":{"line":123,"column":3}},"61":{"start":{"line":122,"column":18},"end":{"line":122,"column":40}},"62":{"start":{"line":124,"column":17},"end":{"line":124,"column":68}},"63":{"start":{"line":124,"column":49},"end":{"line":124,"column":67}},"64":{"start":{"line":126,"column":2},"end":{"line":126,"column":26}},"65":{"start":{"line":130,"column":2},"end":{"line":132,"column":3}},"66":{"start":{"line":131,"column":4},"end":{"line":131,"column":16}},"67":{"start":{"line":134,"column":14},"end":{"line":134,"column":28}},"68":{"start":{"line":135,"column":2},"end":{"line":137,"column":3}},"69":{"start":{"line":136,"column":4},"end":{"line":136,"column":16}},"70":{"start":{"line":139,"column":17},"end":{"line":139,"column":28}},"71":{"start":{"line":140,"column":2},"end":{"line":140,"column":49}},"72":{"start":{"line":144,"column":21},"end":{"line":150,"column":28}},"73":{"start":{"line":152,"column":2},"end":{"line":152,"column":35}},"74":{"start":{"line":156,"column":15},"end":{"line":156,"column":139}},"75":{"start":{"line":157,"column":2},"end":{"line":159,"column":3}},"76":{"start":{"line":158,"column":4},"end":{"line":158,"column":16}},"77":{"start":{"line":160,"column":2},"end":{"line":160,"column":39}},"78":{"start":{"line":164,"column":2},"end":{"line":164,"column":49}},"79":{"start":{"line":168,"column":15},"end":{"line":168,"column":47}},"80":{"start":{"line":169,"column":14},"end":{"line":169,"column":37}},"81":{"start":{"line":170,"column":15},"end":{"line":170,"column":42}},"82":{"start":{"line":171,"column":16},"end":{"line":171,"column":44}},"83":{"start":{"line":173,"column":2},"end":{"line":182,"column":9}},"84":{"start":{"line":195,"column":15},"end":{"line":210,"column":3}},"85":{"start":{"line":212,"column":2},"end":{"line":214,"column":3}},"86":{"start":{"line":213,"column":4},"end":{"line":213,"column":39}},"87":{"start":{"line":216,"column":17},"end":{"line":216,"column":18}},"88":{"start":{"line":217,"column":16},"end":{"line":217,"column":17}},"89":{"start":{"line":219,"column":2},"end":{"line":268,"column":3}},"90":{"start":{"line":220,"column":18},"end":{"line":220,"column":37}},"91":{"start":{"line":221,"column":24},"end":{"line":221,"column":55}},"92":{"start":{"line":222,"column":18},"end":{"line":222,"column":85}},"93":{"start":{"line":224,"column":19},"end":{"line":261,"column":5}},"94":{"start":{"line":263,"column":4},"end":{"line":267,"column":5}},"95":{"start":{"line":264,"column":6},"end":{"line":264,"column":20}},"96":{"start":{"line":266,"column":6},"end":{"line":266,"column":19}},"97":{"start":{"line":270,"column":2},"end":{"line":270,"column":31}},"98":{"start":{"line":274,"column":19},"end":{"line":274,"column":70}},"99":{"start":{"line":275,"column":20},"end":{"line":275,"column":88}},"100":{"start":{"line":276,"column":17},"end":{"line":276,"column":43}},"101":{"start":{"line":278,"column":16},"end":{"line":278,"column":18}},"102":{"start":{"line":279,"column":17},"end":{"line":279,"column":19}},"103":{"start":{"line":281,"column":2},"end":{"line":284,"column":3}},"104":{"start":{"line":282,"column":4},"end":{"line":282,"column":26}},"105":{"start":{"line":283,"column":4},"end":{"line":283,"column":83}},"106":{"start":{"line":285,"column":2},"end":{"line":288,"column":3}},"107":{"start":{"line":286,"column":4},"end":{"line":286,"column":28}},"108":{"start":{"line":287,"column":4},"end":{"line":287,"column":49}},"109":{"start":{"line":290,"column":22},"end":{"line":290,"column":72}},"110":{"start":{"line":291,"column":22},"end":{"line":291,"column":105}},"111":{"start":{"line":293,"column":19},"end":{"line":293,"column":95}},"112":{"start":{"line":294,"column":22},"end":{"line":294,"column":51}},"113":{"start":{"line":295,"column":16},"end":{"line":295,"column":47}},"114":{"start":{"line":297,"column":21},"end":{"line":297,"column":51}},"115":{"start":{"line":298,"column":18},"end":{"line":302,"column":80}},"116":{"start":{"line":303,"column":17},"end":{"line":303,"column":49}},"117":{"start":{"line":305,"column":2},"end":{"line":313,"column":4}},"118":{"start":{"line":317,"column":19},"end":{"line":317,"column":50}},"119":{"start":{"line":318,"column":2},"end":{"line":322,"column":3}},"120":{"start":{"line":319,"column":16},"end":{"line":319,"column":65}},"121":{"start":{"line":320,"column":4},"end":{"line":320,"column":21}},"122":{"start":{"line":321,"column":4},"end":{"line":321,"column":14}},"123":{"start":{"line":324,"column":17},"end":{"line":330,"column":3}},"124":{"start":{"line":332,"column":2},"end":{"line":334,"column":3}},"125":{"start":{"line":333,"column":4},"end":{"line":333,"column":60}},"126":{"start":{"line":336,"column":2},"end":{"line":336,"column":24}},"127":{"start":{"line":340,"column":25},"end":{"line":340,"column":63}},"128":{"start":{"line":341,"column":2},"end":{"line":343,"column":3}},"129":{"start":{"line":342,"column":4},"end":{"line":342,"column":60}},"130":{"start":{"line":345,"column":23},"end":{"line":352,"column":3}},"131":{"start":{"line":354,"column":2},"end":{"line":356,"column":3}},"132":{"start":{"line":355,"column":4},"end":{"line":355,"column":78}},"133":{"start":{"line":358,"column":16},"end":{"line":358,"column":70}},"134":{"start":{"line":359,"column":20},"end":{"line":359,"column":57}},"135":{"start":{"line":361,"column":2},"end":{"line":364,"column":4}},"136":{"start":{"line":367,"column":0},"end":{"line":381,"column":2}}},"fnMap":{"0":{"name":"(anonymous_0)","decl":{"start":{"line":5,"column":51},"end":{"line":5,"column":52}},"loc":{"start":{"line":5,"column":70},"end":{"line":8,"column":1}},"line":5},"1":{"name":"(anonymous_1)","decl":{"start":{"line":13,"column":2},"end":{"line":13,"column":3}},"loc":{"start":{"line":13,"column":61},"end":{"line":18,"column":3}},"line":13},"2":{"name":"(anonymous_2)","decl":{"start":{"line":22,"column":2},"end":{"line":22,"column":3}},"loc":{"start":{"line":22,"column":23},"end":{"line":27,"column":3}},"line":22},"3":{"name":"(anonymous_3)","decl":{"start":{"line":31,"column":2},"end":{"line":31,"column":3}},"loc":{"start":{"line":31,"column":23},"end":{"line":36,"column":3}},"line":31},"4":{"name":"parseCompetencia","decl":{"start":{"line":39,"column":9},"end":{"line":39,"column":25}},"loc":{"start":{"line":39,"column":39},"end":{"line":55,"column":1}},"line":39},"5":{"name":"parseOptionalBigInt","decl":{"start":{"line":57,"column":9},"end":{"line":57,"column":28}},"loc":{"start":{"line":57,"column":43},"end":{"line":68,"column":1}},"line":57},"6":{"name":"hasMultipleStatements","decl":{"start":{"line":70,"column":9},"end":{"line":70,"column":30}},"loc":{"start":{"line":70,"column":36},"end":{"line":78,"column":1}},"line":70},"7":{"name":"bindTemplate","decl":{"start":{"line":80,"column":9},"end":{"line":80,"column":21}},"loc":{"start":{"line":80,"column":34},"end":{"line":127,"column":1}},"line":80},"8":{"name":"(anonymous_8)","decl":{"start":{"line":112,"column":52},"end":{"line":112,"column":53}},"loc":{"start":{"line":113,"column":4},"end":{"line":113,"column":59}},"line":113},"9":{"name":"(anonymous_9)","decl":{"start":{"line":115,"column":44},"end":{"line":115,"column":45}},"loc":{"start":{"line":115,"column":65},"end":{"line":118,"column":3}},"line":115},"10":{"name":"(anonymous_10)","decl":{"start":{"line":122,"column":4},"end":{"line":122,"column":5}},"loc":{"start":{"line":122,"column":18},"end":{"line":122,"column":40}},"line":122},"11":{"name":"(anonymous_11)","decl":{"start":{"line":124,"column":38},"end":{"line":124,"column":39}},"loc":{"start":{"line":124,"column":49},"end":{"line":124,"column":67}},"line":124},"12":{"name":"extractSingleValue","decl":{"start":{"line":129,"column":9},"end":{"line":129,"column":27}},"loc":{"start":{"line":129,"column":34},"end":{"line":141,"column":1}},"line":129},"13":{"name":"slugifySegment","decl":{"start":{"line":143,"column":9},"end":{"line":143,"column":23}},"loc":{"start":{"line":143,"column":31},"end":{"line":153,"column":1}},"line":143},"14":{"name":"buildMetricKey","decl":{"start":{"line":155,"column":9},"end":{"line":155,"column":23}},"loc":{"start":{"line":155,"column":74},"end":{"line":161,"column":1}},"line":155},"15":{"name":"escapeSqlLiteral","decl":{"start":{"line":163,"column":9},"end":{"line":163,"column":25}},"loc":{"start":{"line":163,"column":33},"end":{"line":165,"column":1}},"line":163},"16":{"name":"buildDiscoveredSqlTemplate","decl":{"start":{"line":167,"column":9},"end":{"line":167,"column":35}},"loc":{"start":{"line":167,"column":86},"end":{"line":183,"column":1}},"line":167},"17":{"name":"discoverMetricsFromRaw","decl":{"start":{"line":194,"column":15},"end":{"line":194,"column":37}},"loc":{"start":{"line":194,"column":40},"end":{"line":271,"column":1}},"line":194},"18":{"name":"listMetricas","decl":{"start":{"line":273,"column":15},"end":{"line":273,"column":27}},"loc":{"start":{"line":273,"column":74},"end":{"line":314,"column":1}},"line":273},"19":{"name":"getMetricaById","decl":{"start":{"line":316,"column":15},"end":{"line":316,"column":29}},"loc":{"start":{"line":316,"column":34},"end":{"line":337,"column":1}},"line":316},"20":{"name":"executeMetric","decl":{"start":{"line":339,"column":15},"end":{"line":339,"column":28}},"loc":{"start":{"line":339,"column":47},"end":{"line":365,"column":1}},"line":339}},"branchMap":{"0":{"loc":{"start":{"line":13,"column":14},"end":{"line":13,"column":59}},"type":"default-arg","locations":[{"start":{"line":13,"column":24},"end":{"line":13,"column":59}}],"line":13},"1":{"loc":{"start":{"line":40,"column":2},"end":{"line":42,"column":3}},"type":"if","locations":[{"start":{"line":40,"column":2},"end":{"line":42,"column":3}},{"start":{},"end":{}}],"line":40},"2":{"loc":{"start":{"line":40,"column":6},"end":{"line":40,"column":53}},"type":"binary-expr","locations":[{"start":{"line":40,"column":6},"end":{"line":40,"column":18}},{"start":{"line":40,"column":22},"end":{"line":40,"column":53}}],"line":40},"3":{"loc":{"start":{"line":45,"column":2},"end":{"line":47,"column":3}},"type":"if","locations":[{"start":{"line":45,"column":2},"end":{"line":47,"column":3}},{"start":{},"end":{}}],"line":45},"4":{"loc":{"start":{"line":50,"column":2},"end":{"line":52,"column":3}},"type":"if","locations":[{"start":{"line":50,"column":2},"end":{"line":52,"column":3}},{"start":{},"end":{}}],"line":50},"5":{"loc":{"start":{"line":50,"column":6},"end":{"line":50,"column":29}},"type":"binary-expr","locations":[{"start":{"line":50,"column":6},"end":{"line":50,"column":15}},{"start":{"line":50,"column":19},"end":{"line":50,"column":29}}],"line":50},"6":{"loc":{"start":{"line":58,"column":2},"end":{"line":60,"column":3}},"type":"if","locations":[{"start":{"line":58,"column":2},"end":{"line":60,"column":3}},{"start":{},"end":{}}],"line":58},"7":{"loc":{"start":{"line":58,"column":6},"end":{"line":58,"column":35}},"type":"binary-expr","locations":[{"start":{"line":58,"column":6},"end":{"line":58,"column":19}},{"start":{"line":58,"column":23},"end":{"line":58,"column":35}}],"line":58},"8":{"loc":{"start":{"line":63,"column":2},"end":{"line":65,"column":3}},"type":"if","locations":[{"start":{"line":63,"column":2},"end":{"line":65,"column":3}},{"start":{},"end":{}}],"line":63},"9":{"loc":{"start":{"line":63,"column":6},"end":{"line":63,"column":44}},"type":"binary-expr","locations":[{"start":{"line":63,"column":6},"end":{"line":63,"column":30}},{"start":{"line":63,"column":34},"end":{"line":63,"column":44}}],"line":63},"10":{"loc":{"start":{"line":72,"column":2},"end":{"line":74,"column":3}},"type":"if","locations":[{"start":{"line":72,"column":2},"end":{"line":74,"column":3}},{"start":{},"end":{}}],"line":72},"11":{"loc":{"start":{"line":81,"column":2},"end":{"line":83,"column":3}},"type":"if","locations":[{"start":{"line":81,"column":2},"end":{"line":83,"column":3}},{"start":{},"end":{}}],"line":81},"12":{"loc":{"start":{"line":81,"column":6},"end":{"line":81,"column":37}},"type":"binary-expr","locations":[{"start":{"line":81,"column":6},"end":{"line":81,"column":10}},{"start":{"line":81,"column":14},"end":{"line":81,"column":37}}],"line":81},"13":{"loc":{"start":{"line":85,"column":2},"end":{"line":87,"column":3}},"type":"if","locations":[{"start":{"line":85,"column":2},"end":{"line":87,"column":3}},{"start":{},"end":{}}],"line":85},"14":{"loc":{"start":{"line":99,"column":4},"end":{"line":101,"column":5}},"type":"if","locations":[{"start":{"line":99,"column":4},"end":{"line":101,"column":5}},{"start":{},"end":{}}],"line":99},"15":{"loc":{"start":{"line":106,"column":2},"end":{"line":110,"column":3}},"type":"if","locations":[{"start":{"line":106,"column":2},"end":{"line":110,"column":3}},{"start":{},"end":{}}],"line":106},"16":{"loc":{"start":{"line":130,"column":2},"end":{"line":132,"column":3}},"type":"if","locations":[{"start":{"line":130,"column":2},"end":{"line":132,"column":3}},{"start":{},"end":{}}],"line":130},"17":{"loc":{"start":{"line":130,"column":6},"end":{"line":130,"column":47}},"type":"binary-expr","locations":[{"start":{"line":130,"column":6},"end":{"line":130,"column":26}},{"start":{"line":130,"column":30},"end":{"line":130,"column":47}}],"line":130},"18":{"loc":{"start":{"line":135,"column":2},"end":{"line":137,"column":3}},"type":"if","locations":[{"start":{"line":135,"column":2},"end":{"line":137,"column":3}},{"start":{},"end":{}}],"line":135},"19":{"loc":{"start":{"line":140,"column":9},"end":{"line":140,"column":48}},"type":"cond-expr","locations":[{"start":{"line":140,"column":35},"end":{"line":140,"column":41}},{"start":{"line":140,"column":44},"end":{"line":140,"column":48}}],"line":140},"20":{"loc":{"start":{"line":144,"column":28},"end":{"line":144,"column":39}},"type":"binary-expr","locations":[{"start":{"line":144,"column":28},"end":{"line":144,"column":33}},{"start":{"line":144,"column":37},"end":{"line":144,"column":39}}],"line":144},"21":{"loc":{"start":{"line":152,"column":9},"end":{"line":152,"column":34}},"type":"binary-expr","locations":[{"start":{"line":152,"column":9},"end":{"line":152,"column":19}},{"start":{"line":152,"column":23},"end":{"line":152,"column":34}}],"line":152},"22":{"loc":{"start":{"line":157,"column":2},"end":{"line":159,"column":3}},"type":"if","locations":[{"start":{"line":157,"column":2},"end":{"line":159,"column":3}},{"start":{},"end":{}}],"line":157},"23":{"loc":{"start":{"line":164,"column":16},"end":{"line":164,"column":27}},"type":"binary-expr","locations":[{"start":{"line":164,"column":16},"end":{"line":164,"column":21}},{"start":{"line":164,"column":25},"end":{"line":164,"column":27}}],"line":164},"24":{"loc":{"start":{"line":212,"column":2},"end":{"line":214,"column":3}},"type":"if","locations":[{"start":{"line":212,"column":2},"end":{"line":214,"column":3}},{"start":{},"end":{}}],"line":212},"25":{"loc":{"start":{"line":263,"column":4},"end":{"line":267,"column":5}},"type":"if","locations":[{"start":{"line":263,"column":4},"end":{"line":267,"column":5}},{"start":{"line":265,"column":11},"end":{"line":267,"column":5}}],"line":263},"26":{"loc":{"start":{"line":273,"column":28},"end":{"line":273,"column":72}},"type":"default-arg","locations":[{"start":{"line":273,"column":70},"end":{"line":273,"column":72}}],"line":273},"27":{"loc":{"start":{"line":273,"column":45},"end":{"line":273,"column":53}},"type":"default-arg","locations":[{"start":{"line":273,"column":52},"end":{"line":273,"column":53}}],"line":273},"28":{"loc":{"start":{"line":273,"column":55},"end":{"line":273,"column":65}},"type":"default-arg","locations":[{"start":{"line":273,"column":63},"end":{"line":273,"column":65}}],"line":273},"29":{"loc":{"start":{"line":274,"column":28},"end":{"line":274,"column":66}},"type":"binary-expr","locations":[{"start":{"line":274,"column":28},"end":{"line":274,"column":61}},{"start":{"line":274,"column":65},"end":{"line":274,"column":66}}],"line":274},"30":{"loc":{"start":{"line":275,"column":38},"end":{"line":275,"column":78}},"type":"binary-expr","locations":[{"start":{"line":275,"column":38},"end":{"line":275,"column":72}},{"start":{"line":275,"column":76},"end":{"line":275,"column":78}}],"line":275},"31":{"loc":{"start":{"line":281,"column":2},"end":{"line":284,"column":3}},"type":"if","locations":[{"start":{"line":281,"column":2},"end":{"line":284,"column":3}},{"start":{},"end":{}}],"line":281},"32":{"loc":{"start":{"line":285,"column":2},"end":{"line":288,"column":3}},"type":"if","locations":[{"start":{"line":285,"column":2},"end":{"line":288,"column":3}},{"start":{},"end":{}}],"line":285},"33":{"loc":{"start":{"line":290,"column":22},"end":{"line":290,"column":72}},"type":"cond-expr","locations":[{"start":{"line":290,"column":37},"end":{"line":290,"column":67}},{"start":{"line":290,"column":70},"end":{"line":290,"column":72}}],"line":290},"34":{"loc":{"start":{"line":291,"column":22},"end":{"line":291,"column":105}},"type":"cond-expr","locations":[{"start":{"line":291,"column":26},"end":{"line":291,"column":64}},{"start":{"line":291,"column":67},"end":{"line":291,"column":105}}],"line":291},"35":{"loc":{"start":{"line":295,"column":16},"end":{"line":295,"column":47}},"type":"binary-expr","locations":[{"start":{"line":295,"column":16},"end":{"line":295,"column":42}},{"start":{"line":295,"column":46},"end":{"line":295,"column":47}}],"line":295},"36":{"loc":{"start":{"line":311,"column":13},"end":{"line":311,"column":46}},"type":"binary-expr","locations":[{"start":{"line":311,"column":13},"end":{"line":311,"column":41}},{"start":{"line":311,"column":45},"end":{"line":311,"column":46}}],"line":311},"37":{"loc":{"start":{"line":318,"column":2},"end":{"line":322,"column":3}},"type":"if","locations":[{"start":{"line":318,"column":2},"end":{"line":322,"column":3}},{"start":{},"end":{}}],"line":318},"38":{"loc":{"start":{"line":318,"column":6},"end":{"line":318,"column":48}},"type":"binary-expr","locations":[{"start":{"line":318,"column":6},"end":{"line":318,"column":32}},{"start":{"line":318,"column":36},"end":{"line":318,"column":48}}],"line":318},"39":{"loc":{"start":{"line":332,"column":2},"end":{"line":334,"column":3}},"type":"if","locations":[{"start":{"line":332,"column":2},"end":{"line":334,"column":3}},{"start":{},"end":{}}],"line":332},"40":{"loc":{"start":{"line":341,"column":2},"end":{"line":343,"column":3}},"type":"if","locations":[{"start":{"line":341,"column":2},"end":{"line":343,"column":3}},{"start":{},"end":{}}],"line":341},"41":{"loc":{"start":{"line":341,"column":6},"end":{"line":341,"column":60}},"type":"binary-expr","locations":[{"start":{"line":341,"column":6},"end":{"line":341,"column":38}},{"start":{"line":341,"column":42},"end":{"line":341,"column":60}}],"line":341},"42":{"loc":{"start":{"line":354,"column":2},"end":{"line":356,"column":3}},"type":"if","locations":[{"start":{"line":354,"column":2},"end":{"line":356,"column":3}},{"start":{},"end":{}}],"line":354}},"s":{"0":1,"1":1,"2":1,"3":1,"4":3,"5":3,"6":1,"7":1,"8":3,"9":3,"10":3,"11":3,"12":5,"13":5,"14":5,"15":5,"16":5,"17":5,"18":5,"19":5,"20":10,"21":1,"22":9,"23":9,"24":1,"25":8,"26":8,"27":1,"28":7,"29":13,"30":4,"31":9,"32":9,"33":1,"34":8,"35":12,"36":12,"37":1,"38":11,"39":11,"40":14,"41":2,"42":12,"43":2,"44":10,"45":6,"46":6,"47":6,"48":11,"49":11,"50":1,"51":11,"52":6,"53":6,"54":1,"55":5,"56":15,"57":5,"58":8,"59":8,"60":5,"61":10,"62":5,"63":8,"64":5,"65":4,"66":1,"67":3,"68":3,"69":1,"70":2,"71":2,"72":17,"73":17,"74":4,"75":4,"76":3,"77":1,"78":12,"79":3,"80":3,"81":3,"82":3,"83":3,"84":3,"85":3,"86":1,"87":2,"88":2,"89":2,"90":2,"91":2,"92":2,"93":2,"94":2,"95":1,"96":1,"97":2,"98":2,"99":2,"100":2,"101":2,"102":2,"103":2,"104":1,"105":1,"106":2,"107":1,"108":1,"109":2,"110":2,"111":2,"112":2,"113":2,"114":2,"115":2,"116":2,"117":2,"118":3,"119":3,"120":1,"121":1,"122":1,"123":2,"124":2,"125":1,"126":1,"127":5,"128":5,"129":1,"130":4,"131":4,"132":1,"133":3,"134":2,"135":2,"136":1},"f":{"0":3,"1":3,"2":5,"3":5,"4":10,"5":13,"6":12,"7":14,"8":15,"9":8,"10":10,"11":8,"12":4,"13":17,"14":4,"15":12,"16":3,"17":3,"18":2,"19":3,"20":5},"b":{"0":[0],"1":[1,9],"2":[10,9],"3":[1,8],"4":[1,7],"5":[8,8],"6":[4,9],"7":[13,9],"8":[1,8],"9":[9,9],"10":[1,11],"11":[2,12],"12":[14,12],"13":[2,10],"14":[1,10],"15":[1,5],"16":[1,3],"17":[4,4],"18":[1,2],"19":[1,1],"20":[17,0],"21":[17,0],"22":[3,1],"23":[12,0],"24":[1,2],"25":[1,1],"26":[0],"27":[1],"28":[1],"29":[2,0],"30":[2,0],"31":[1,1],"32":[1,1],"33":[1,1],"34":[1,1],"35":[2,0],"36":[2,1],"37":[1,2],"38":[3,2],"39":[1,1],"40":[1,4],"41":[5,4],"42":[1,3]},"_coverageSchema":"1a1c01bbd47fc00a2c39e90264f33305004495a9","hash":"e3cbdc3a8a0a502e3d47fac7cfa77d52307a4e81"}
,"E:\\xampp\\htdocs\\simpa\\simpa-backend\\src\\services\\painelWidgetsService.js": {"path":"E:\\xampp\\htdocs\\simpa\\simpa-backend\\src\\services\\painelWidgetsService.js","statementMap":{"0":{"start":{"line":1,"column":24},"end":{"line":1,"column":39}},"1":{"start":{"line":2,"column":26},"end":{"line":2,"column":59}},"2":{"start":{"line":4,"column":23},"end":{"line":20,"column":1}},"3":{"start":{"line":22,"column":16},"end":{"line":22,"column":19}},"4":{"start":{"line":25,"column":16},"end":{"line":25,"column":34}},"5":{"start":{"line":26,"column":2},"end":{"line":26,"column":24}},"6":{"start":{"line":27,"column":2},"end":{"line":29,"column":3}},"7":{"start":{"line":28,"column":4},"end":{"line":28,"column":22}},"8":{"start":{"line":30,"column":2},"end":{"line":30,"column":15}},"9":{"start":{"line":34,"column":17},"end":{"line":34,"column":51}},"10":{"start":{"line":35,"column":2},"end":{"line":37,"column":3}},"11":{"start":{"line":36,"column":4},"end":{"line":36,"column":76}},"12":{"start":{"line":38,"column":2},"end":{"line":38,"column":16}},"13":{"start":{"line":42,"column":2},"end":{"line":44,"column":3}},"14":{"start":{"line":43,"column":4},"end":{"line":43,"column":16}},"15":{"start":{"line":45,"column":2},"end":{"line":45,"column":45}},"16":{"start":{"line":49,"column":2},"end":{"line":51,"column":3}},"17":{"start":{"line":50,"column":4},"end":{"line":50,"column":21}},"18":{"start":{"line":53,"column":2},"end":{"line":58,"column":3}},"19":{"start":{"line":54,"column":4},"end":{"line":56,"column":5}},"20":{"start":{"line":55,"column":6},"end":{"line":55,"column":90}},"21":{"start":{"line":57,"column":4},"end":{"line":57,"column":16}},"22":{"start":{"line":60,"column":2},"end":{"line":62,"column":3}},"23":{"start":{"line":61,"column":4},"end":{"line":61,"column":88}},"24":{"start":{"line":64,"column":2},"end":{"line":64,"column":15}},"25":{"start":{"line":68,"column":2},"end":{"line":70,"column":3}},"26":{"start":{"line":69,"column":4},"end":{"line":69,"column":11}},"27":{"start":{"line":72,"column":19},"end":{"line":79,"column":3}},"28":{"start":{"line":81,"column":2},"end":{"line":83,"column":3}},"29":{"start":{"line":82,"column":4},"end":{"line":82,"column":85}},"30":{"start":{"line":87,"column":17},"end":{"line":87,"column":39}},"31":{"start":{"line":88,"column":12},"end":{"line":94,"column":3}},"32":{"start":{"line":96,"column":2},"end":{"line":99,"column":3}},"33":{"start":{"line":97,"column":4},"end":{"line":97,"column":26}},"34":{"start":{"line":98,"column":4},"end":{"line":98,"column":42}},"35":{"start":{"line":101,"column":2},"end":{"line":101,"column":20}},"36":{"start":{"line":103,"column":19},"end":{"line":103,"column":43}},"37":{"start":{"line":104,"column":2},"end":{"line":110,"column":3}},"38":{"start":{"line":105,"column":4},"end":{"line":109,"column":6}},"39":{"start":{"line":114,"column":18},"end":{"line":114,"column":20}},"40":{"start":{"line":115,"column":2},"end":{"line":119,"column":3}},"41":{"start":{"line":116,"column":4},"end":{"line":118,"column":5}},"42":{"start":{"line":117,"column":6},"end":{"line":117,"column":35}},"43":{"start":{"line":121,"column":2},"end":{"line":127,"column":3}},"44":{"start":{"line":122,"column":4},"end":{"line":126,"column":6}},"45":{"start":{"line":129,"column":2},"end":{"line":129,"column":94}},"46":{"start":{"line":130,"column":2},"end":{"line":130,"column":79}},"47":{"start":{"line":131,"column":2},"end":{"line":131,"column":97}},"48":{"start":{"line":132,"column":2},"end":{"line":133,"column":93}},"49":{"start":{"line":134,"column":2},"end":{"line":134,"column":86}},"50":{"start":{"line":135,"column":2},"end":{"line":135,"column":86}},"51":{"start":{"line":136,"column":2},"end":{"line":136,"column":45}},"52":{"start":{"line":138,"column":2},"end":{"line":138,"column":17}},"53":{"start":{"line":142,"column":18},"end":{"line":142,"column":20}},"54":{"start":{"line":143,"column":2},"end":{"line":147,"column":3}},"55":{"start":{"line":144,"column":4},"end":{"line":146,"column":5}},"56":{"start":{"line":145,"column":6},"end":{"line":145,"column":35}},"57":{"start":{"line":149,"column":2},"end":{"line":151,"column":3}},"58":{"start":{"line":150,"column":4},"end":{"line":150,"column":82}},"59":{"start":{"line":153,"column":2},"end":{"line":155,"column":3}},"60":{"start":{"line":154,"column":4},"end":{"line":154,"column":62}},"61":{"start":{"line":156,"column":2},"end":{"line":158,"column":3}},"62":{"start":{"line":157,"column":4},"end":{"line":157,"column":81}},"63":{"start":{"line":159,"column":2},"end":{"line":161,"column":3}},"64":{"start":{"line":160,"column":4},"end":{"line":160,"column":99}},"65":{"start":{"line":162,"column":2},"end":{"line":165,"column":3}},"66":{"start":{"line":163,"column":4},"end":{"line":164,"column":95}},"67":{"start":{"line":166,"column":2},"end":{"line":168,"column":3}},"68":{"start":{"line":167,"column":4},"end":{"line":167,"column":88}},"69":{"start":{"line":169,"column":2},"end":{"line":171,"column":3}},"70":{"start":{"line":170,"column":4},"end":{"line":170,"column":88}},"71":{"start":{"line":173,"column":2},"end":{"line":173,"column":17}},"72":{"start":{"line":176,"column":20},"end":{"line":185,"column":1}},"73":{"start":{"line":188,"column":2},"end":{"line":190,"column":3}},"74":{"start":{"line":189,"column":4},"end":{"line":189,"column":19}},"75":{"start":{"line":192,"column":2},"end":{"line":197,"column":3}},"76":{"start":{"line":193,"column":4},"end":{"line":196,"column":38}},"77":{"start":{"line":199,"column":2},"end":{"line":205,"column":3}},"78":{"start":{"line":200,"column":4},"end":{"line":204,"column":29}},"79":{"start":{"line":207,"column":2},"end":{"line":209,"column":3}},"80":{"start":{"line":208,"column":4},"end":{"line":208,"column":25}},"81":{"start":{"line":211,"column":2},"end":{"line":211,"column":62}},"82":{"start":{"line":215,"column":16},"end":{"line":215,"column":61}},"83":{"start":{"line":216,"column":2},"end":{"line":218,"column":3}},"84":{"start":{"line":217,"column":4},"end":{"line":217,"column":23}},"85":{"start":{"line":220,"column":15},"end":{"line":220,"column":44}},"86":{"start":{"line":221,"column":16},"end":{"line":221,"column":45}},"87":{"start":{"line":222,"column":18},"end":{"line":222,"column":56}},"88":{"start":{"line":223,"column":2},"end":{"line":223,"column":49}},"89":{"start":{"line":224,"column":19},"end":{"line":224,"column":43}},"90":{"start":{"line":225,"column":20},"end":{"line":225,"column":70}},"91":{"start":{"line":226,"column":2},"end":{"line":226,"column":36}},"92":{"start":{"line":230,"column":2},"end":{"line":232,"column":3}},"93":{"start":{"line":231,"column":4},"end":{"line":231,"column":49}},"94":{"start":{"line":234,"column":14},"end":{"line":234,"column":53}},"95":{"start":{"line":235,"column":17},"end":{"line":235,"column":52}},"96":{"start":{"line":236,"column":16},"end":{"line":236,"column":74}},"97":{"start":{"line":237,"column":2},"end":{"line":237,"column":49}},"98":{"start":{"line":237,"column":15},"end":{"line":237,"column":49}},"99":{"start":{"line":238,"column":2},"end":{"line":238,"column":51}},"100":{"start":{"line":238,"column":15},"end":{"line":238,"column":51}},"101":{"start":{"line":239,"column":2},"end":{"line":239,"column":51}},"102":{"start":{"line":243,"column":19},"end":{"line":250,"column":3}},"103":{"start":{"line":252,"column":2},"end":{"line":252,"column":25}},"104":{"start":{"line":256,"column":2},"end":{"line":258,"column":3}},"105":{"start":{"line":257,"column":4},"end":{"line":257,"column":38}},"106":{"start":{"line":260,"column":18},"end":{"line":260,"column":55}},"107":{"start":{"line":261,"column":2},"end":{"line":263,"column":3}},"108":{"start":{"line":262,"column":4},"end":{"line":262,"column":19}},"109":{"start":{"line":265,"column":2},"end":{"line":267,"column":3}},"110":{"start":{"line":266,"column":4},"end":{"line":266,"column":19}},"111":{"start":{"line":269,"column":25},"end":{"line":269,"column":62}},"112":{"start":{"line":270,"column":2},"end":{"line":272,"column":3}},"113":{"start":{"line":271,"column":4},"end":{"line":271,"column":19}},"114":{"start":{"line":274,"column":2},"end":{"line":274,"column":49}},"115":{"start":{"line":278,"column":2},"end":{"line":282,"column":4}},"116":{"start":{"line":286,"column":22},"end":{"line":286,"column":47}},"117":{"start":{"line":287,"column":2},"end":{"line":289,"column":3}},"118":{"start":{"line":288,"column":4},"end":{"line":288,"column":21}},"119":{"start":{"line":291,"column":2},"end":{"line":296,"column":3}},"120":{"start":{"line":292,"column":4},"end":{"line":295,"column":6}},"121":{"start":{"line":298,"column":2},"end":{"line":300,"column":3}},"122":{"start":{"line":299,"column":4},"end":{"line":299,"column":21}},"123":{"start":{"line":302,"column":24},"end":{"line":305,"column":3}},"124":{"start":{"line":306,"column":24},"end":{"line":306,"column":59}},"125":{"start":{"line":307,"column":25},"end":{"line":311,"column":3}},"126":{"start":{"line":312,"column":2},"end":{"line":312,"column":59}},"127":{"start":{"line":316,"column":2},"end":{"line":318,"column":3}},"128":{"start":{"line":317,"column":4},"end":{"line":317,"column":21}},"129":{"start":{"line":320,"column":22},"end":{"line":320,"column":73}},"130":{"start":{"line":321,"column":2},"end":{"line":323,"column":3}},"131":{"start":{"line":322,"column":4},"end":{"line":322,"column":14}},"132":{"start":{"line":325,"column":2},"end":{"line":327,"column":47}},"133":{"start":{"line":326,"column":18},"end":{"line":326,"column":36}},"134":{"start":{"line":327,"column":23},"end":{"line":327,"column":45}},"135":{"start":{"line":331,"column":24},"end":{"line":331,"column":59}},"136":{"start":{"line":332,"column":23},"end":{"line":332,"column":88}},"137":{"start":{"line":334,"column":2},"end":{"line":364,"column":3}},"138":{"start":{"line":335,"column":21},"end":{"line":335,"column":51}},"139":{"start":{"line":336,"column":22},"end":{"line":336,"column":26}},"140":{"start":{"line":337,"column":4},"end":{"line":343,"column":5}},"141":{"start":{"line":338,"column":24},"end":{"line":338,"column":56}},"142":{"start":{"line":339,"column":6},"end":{"line":342,"column":7}},"143":{"start":{"line":340,"column":26},"end":{"line":340,"column":66}},"144":{"start":{"line":341,"column":8},"end":{"line":341,"column":39}},"145":{"start":{"line":345,"column":22},"end":{"line":345,"column":41}},"146":{"start":{"line":347,"column":6},"end":{"line":349,"column":51}},"147":{"start":{"line":351,"column":4},"end":{"line":363,"column":6}},"148":{"start":{"line":366,"column":16},"end":{"line":366,"column":35}},"149":{"start":{"line":367,"column":2},"end":{"line":379,"column":4}},"150":{"start":{"line":383,"column":2},"end":{"line":388,"column":71}},"151":{"start":{"line":384,"column":19},"end":{"line":387,"column":5}},"152":{"start":{"line":388,"column":22},"end":{"line":388,"column":69}},"153":{"start":{"line":392,"column":2},"end":{"line":401,"column":22}},"154":{"start":{"line":393,"column":19},"end":{"line":399,"column":5}},"155":{"start":{"line":400,"column":22},"end":{"line":400,"column":63}},"156":{"start":{"line":405,"column":23},"end":{"line":409,"column":3}},"157":{"start":{"line":410,"column":17},"end":{"line":410,"column":49}},"158":{"start":{"line":411,"column":2},"end":{"line":422,"column":4}},"159":{"start":{"line":426,"column":23},"end":{"line":430,"column":3}},"160":{"start":{"line":431,"column":17},"end":{"line":431,"column":83}},"161":{"start":{"line":432,"column":16},"end":{"line":432,"column":73}},"162":{"start":{"line":434,"column":2},"end":{"line":438,"column":3}},"163":{"start":{"line":435,"column":4},"end":{"line":437,"column":19}},"164":{"start":{"line":436,"column":24},"end":{"line":436,"column":83}},"165":{"start":{"line":440,"column":2},"end":{"line":451,"column":4}},"166":{"start":{"line":455,"column":2},"end":{"line":457,"column":3}},"167":{"start":{"line":456,"column":4},"end":{"line":456,"column":44}},"168":{"start":{"line":458,"column":2},"end":{"line":460,"column":3}},"169":{"start":{"line":459,"column":4},"end":{"line":459,"column":44}},"170":{"start":{"line":461,"column":2},"end":{"line":463,"column":3}},"171":{"start":{"line":462,"column":4},"end":{"line":462,"column":47}},"172":{"start":{"line":465,"column":2},"end":{"line":475,"column":4}},"173":{"start":{"line":479,"column":2},"end":{"line":481,"column":3}},"174":{"start":{"line":480,"column":4},"end":{"line":480,"column":87}},"175":{"start":{"line":483,"column":17},"end":{"line":483,"column":33}},"176":{"start":{"line":484,"column":21},"end":{"line":484,"column":55}},"177":{"start":{"line":485,"column":2},"end":{"line":487,"column":3}},"178":{"start":{"line":486,"column":4},"end":{"line":486,"column":42}},"179":{"start":{"line":489,"column":19},"end":{"line":494,"column":3}},"180":{"start":{"line":496,"column":2},"end":{"line":496,"column":14}},"181":{"start":{"line":500,"column":19},"end":{"line":500,"column":46}},"182":{"start":{"line":501,"column":19},"end":{"line":506,"column":3}},"183":{"start":{"line":508,"column":2},"end":{"line":510,"column":3}},"184":{"start":{"line":509,"column":4},"end":{"line":509,"column":76}},"185":{"start":{"line":512,"column":2},"end":{"line":512,"column":17}},"186":{"start":{"line":516,"column":18},"end":{"line":516,"column":46}},"187":{"start":{"line":517,"column":2},"end":{"line":517,"column":61}},"188":{"start":{"line":518,"column":2},"end":{"line":518,"column":73}},"189":{"start":{"line":519,"column":2},"end":{"line":519,"column":71}},"190":{"start":{"line":521,"column":19},"end":{"line":549,"column":3}},"191":{"start":{"line":551,"column":2},"end":{"line":551,"column":35}},"192":{"start":{"line":555,"column":19},"end":{"line":555,"column":46}},"193":{"start":{"line":556,"column":18},"end":{"line":556,"column":47}},"194":{"start":{"line":557,"column":18},"end":{"line":557,"column":46}},"195":{"start":{"line":559,"column":17},"end":{"line":563,"column":3}},"196":{"start":{"line":565,"column":2},"end":{"line":567,"column":3}},"197":{"start":{"line":566,"column":4},"end":{"line":566,"column":63}},"198":{"start":{"line":568,"column":2},"end":{"line":570,"column":3}},"199":{"start":{"line":569,"column":4},"end":{"line":569,"column":75}},"200":{"start":{"line":571,"column":2},"end":{"line":577,"column":3}},"201":{"start":{"line":576,"column":4},"end":{"line":576,"column":80}},"202":{"start":{"line":579,"column":17},"end":{"line":579,"column":19}},"203":{"start":{"line":580,"column":17},"end":{"line":580,"column":19}},"204":{"start":{"line":581,"column":15},"end":{"line":584,"column":3}},"205":{"start":{"line":582,"column":4},"end":{"line":582,"column":23}},"206":{"start":{"line":583,"column":4},"end":{"line":583,"column":48}},"207":{"start":{"line":586,"column":2},"end":{"line":593,"column":3}},"208":{"start":{"line":587,"column":4},"end":{"line":591,"column":5}},"209":{"start":{"line":588,"column":6},"end":{"line":588,"column":64}},"210":{"start":{"line":589,"column":6},"end":{"line":589,"column":57}},"211":{"start":{"line":590,"column":6},"end":{"line":590,"column":15}},"212":{"start":{"line":592,"column":4},"end":{"line":592,"column":23}},"213":{"start":{"line":595,"column":2},"end":{"line":595,"column":39}},"214":{"start":{"line":596,"column":2},"end":{"line":596,"column":24}},"215":{"start":{"line":598,"column":19},"end":{"line":604,"column":3}},"216":{"start":{"line":606,"column":2},"end":{"line":608,"column":3}},"217":{"start":{"line":607,"column":4},"end":{"line":607,"column":76}},"218":{"start":{"line":610,"column":2},"end":{"line":610,"column":33}},"219":{"start":{"line":614,"column":2},"end":{"line":620,"column":3}},"220":{"start":{"line":615,"column":4},"end":{"line":619,"column":6}},"221":{"start":{"line":622,"column":14},"end":{"line":622,"column":73}},"222":{"start":{"line":622,"column":37},"end":{"line":622,"column":72}},"223":{"start":{"line":623,"column":20},"end":{"line":623,"column":32}},"224":{"start":{"line":624,"column":2},"end":{"line":626,"column":3}},"225":{"start":{"line":625,"column":4},"end":{"line":625,"column":87}},"226":{"start":{"line":628,"column":17},"end":{"line":628,"column":37}},"227":{"start":{"line":629,"column":2},"end":{"line":666,"column":3}},"228":{"start":{"line":630,"column":4},"end":{"line":630,"column":32}},"229":{"start":{"line":632,"column":18},"end":{"line":640,"column":5}},"230":{"start":{"line":642,"column":4},"end":{"line":648,"column":5}},"231":{"start":{"line":643,"column":6},"end":{"line":647,"column":8}},"232":{"start":{"line":650,"column":4},"end":{"line":658,"column":5}},"233":{"start":{"line":650,"column":21},"end":{"line":650,"column":22}},"234":{"start":{"line":651,"column":6},"end":{"line":657,"column":8}},"235":{"start":{"line":660,"column":4},"end":{"line":660,"column":33}},"236":{"start":{"line":662,"column":4},"end":{"line":662,"column":35}},"237":{"start":{"line":663,"column":4},"end":{"line":663,"column":16}},"238":{"start":{"line":665,"column":4},"end":{"line":665,"column":21}},"239":{"start":{"line":668,"column":2},"end":{"line":668,"column":64}},"240":{"start":{"line":672,"column":19},"end":{"line":672,"column":46}},"241":{"start":{"line":674,"column":19},"end":{"line":681,"column":3}},"242":{"start":{"line":683,"column":2},"end":{"line":685,"column":3}},"243":{"start":{"line":684,"column":4},"end":{"line":684,"column":76}},"244":{"start":{"line":687,"column":2},"end":{"line":687,"column":17}},"245":{"start":{"line":691,"column":16},"end":{"line":706,"column":3}},"246":{"start":{"line":708,"column":2},"end":{"line":708,"column":15}},"247":{"start":{"line":718,"column":20},"end":{"line":718,"column":30}},"248":{"start":{"line":719,"column":16},"end":{"line":719,"column":72}},"249":{"start":{"line":720,"column":18},"end":{"line":720,"column":79}},"250":{"start":{"line":722,"column":2},"end":{"line":724,"column":3}},"251":{"start":{"line":723,"column":4},"end":{"line":723,"column":104}},"252":{"start":{"line":726,"column":19},"end":{"line":726,"column":21}},"253":{"start":{"line":727,"column":2},"end":{"line":729,"column":3}},"254":{"start":{"line":728,"column":4},"end":{"line":728,"column":60}},"255":{"start":{"line":731,"column":2},"end":{"line":740,"column":4}},"256":{"start":{"line":742,"column":2},"end":{"line":747,"column":4}},"257":{"start":{"line":751,"column":26},"end":{"line":751,"column":43}},"258":{"start":{"line":753,"column":4},"end":{"line":755,"column":41}},"259":{"start":{"line":757,"column":2},"end":{"line":757,"column":54}},"260":{"start":{"line":760,"column":0},"end":{"line":782,"column":2}}},"fnMap":{"0":{"name":"createHttpError","decl":{"start":{"line":24,"column":9},"end":{"line":24,"column":24}},"loc":{"start":{"line":24,"column":48},"end":{"line":31,"column":1}},"line":24},"1":{"name":"assertPositiveInt","decl":{"start":{"line":33,"column":9},"end":{"line":33,"column":26}},"loc":{"start":{"line":33,"column":45},"end":{"line":39,"column":1}},"line":33},"2":{"name":"parseOptionalMetricId","decl":{"start":{"line":41,"column":9},"end":{"line":41,"column":30}},"loc":{"start":{"line":41,"column":49},"end":{"line":46,"column":1}},"line":41},"3":{"name":"ensureJsonObjectOrNull","decl":{"start":{"line":48,"column":9},"end":{"line":48,"column":31}},"loc":{"start":{"line":48,"column":77},"end":{"line":65,"column":1}},"line":48},"4":{"name":"ensureMetricActive","decl":{"start":{"line":67,"column":15},"end":{"line":67,"column":33}},"loc":{"start":{"line":67,"column":55},"end":{"line":84,"column":1}},"line":67},"5":{"name":"ensureUniqueSlug","decl":{"start":{"line":86,"column":15},"end":{"line":86,"column":31}},"loc":{"start":{"line":86,"column":71},"end":{"line":111,"column":1}},"line":86},"6":{"name":"normalizeCreatePayload","decl":{"start":{"line":113,"column":9},"end":{"line":113,"column":31}},"loc":{"start":{"line":113,"column":43},"end":{"line":139,"column":1}},"line":113},"7":{"name":"normalizeUpdatePayload","decl":{"start":{"line":141,"column":9},"end":{"line":141,"column":31}},"loc":{"start":{"line":141,"column":43},"end":{"line":174,"column":1}},"line":141},"8":{"name":"formatByFormato","decl":{"start":{"line":187,"column":9},"end":{"line":187,"column":24}},"loc":{"start":{"line":187,"column":41},"end":{"line":212,"column":1}},"line":187},"9":{"name":"getPreviousCompetencia","decl":{"start":{"line":214,"column":9},"end":{"line":214,"column":31}},"loc":{"start":{"line":214,"column":45},"end":{"line":227,"column":1}},"line":214},"10":{"name":"computeDelta","decl":{"start":{"line":229,"column":9},"end":{"line":229,"column":21}},"loc":{"start":{"line":229,"column":41},"end":{"line":240,"column":1}},"line":229},"11":{"name":"getMetricByChave","decl":{"start":{"line":242,"column":15},"end":{"line":242,"column":31}},"loc":{"start":{"line":242,"column":39},"end":{"line":253,"column":1}},"line":242},"12":{"name":"resolveMetricValue","decl":{"start":{"line":255,"column":15},"end":{"line":255,"column":33}},"loc":{"start":{"line":255,"column":74},"end":{"line":275,"column":1}},"line":255},"13":{"name":"buildScope","decl":{"start":{"line":277,"column":9},"end":{"line":277,"column":19}},"loc":{"start":{"line":277,"column":32},"end":{"line":283,"column":1}},"line":277},"14":{"name":"resolveDelta","decl":{"start":{"line":285,"column":15},"end":{"line":285,"column":27}},"loc":{"start":{"line":285,"column":57},"end":{"line":313,"column":1}},"line":285},"15":{"name":"resolveSparkSeries","decl":{"start":{"line":315,"column":15},"end":{"line":315,"column":33}},"loc":{"start":{"line":315,"column":49},"end":{"line":328,"column":1}},"line":315},"16":{"name":"(anonymous_16)","decl":{"start":{"line":326,"column":9},"end":{"line":326,"column":10}},"loc":{"start":{"line":326,"column":18},"end":{"line":326,"column":36}},"line":326},"17":{"name":"(anonymous_17)","decl":{"start":{"line":327,"column":12},"end":{"line":327,"column":13}},"loc":{"start":{"line":327,"column":23},"end":{"line":327,"column":45}},"line":327},"18":{"name":"resolveCardWidget","decl":{"start":{"line":330,"column":15},"end":{"line":330,"column":32}},"loc":{"start":{"line":330,"column":48},"end":{"line":380,"column":1}},"line":330},"19":{"name":"mapLineSeries","decl":{"start":{"line":382,"column":9},"end":{"line":382,"column":22}},"loc":{"start":{"line":382,"column":34},"end":{"line":389,"column":1}},"line":382},"20":{"name":"(anonymous_20)","decl":{"start":{"line":384,"column":9},"end":{"line":384,"column":10}},"loc":{"start":{"line":384,"column":19},"end":{"line":387,"column":5}},"line":384},"21":{"name":"(anonymous_21)","decl":{"start":{"line":388,"column":12},"end":{"line":388,"column":13}},"loc":{"start":{"line":388,"column":22},"end":{"line":388,"column":69}},"line":388},"22":{"name":"mapRankingRows","decl":{"start":{"line":391,"column":9},"end":{"line":391,"column":23}},"loc":{"start":{"line":391,"column":67},"end":{"line":402,"column":1}},"line":391},"23":{"name":"(anonymous_23)","decl":{"start":{"line":393,"column":9},"end":{"line":393,"column":10}},"loc":{"start":{"line":393,"column":19},"end":{"line":399,"column":5}},"line":393},"24":{"name":"(anonymous_24)","decl":{"start":{"line":400,"column":12},"end":{"line":400,"column":13}},"loc":{"start":{"line":400,"column":22},"end":{"line":400,"column":63}},"line":400},"25":{"name":"resolveLineWidget","decl":{"start":{"line":404,"column":15},"end":{"line":404,"column":32}},"loc":{"start":{"line":404,"column":48},"end":{"line":423,"column":1}},"line":404},"26":{"name":"resolveRankingWidget","decl":{"start":{"line":425,"column":15},"end":{"line":425,"column":35}},"loc":{"start":{"line":425,"column":51},"end":{"line":452,"column":1}},"line":425},"27":{"name":"(anonymous_27)","decl":{"start":{"line":436,"column":14},"end":{"line":436,"column":15}},"loc":{"start":{"line":436,"column":24},"end":{"line":436,"column":83}},"line":436},"28":{"name":"resolveSingleWidget","decl":{"start":{"line":454,"column":15},"end":{"line":454,"column":34}},"loc":{"start":{"line":454,"column":50},"end":{"line":476,"column":1}},"line":454},"29":{"name":"listWidgets","decl":{"start":{"line":478,"column":15},"end":{"line":478,"column":26}},"loc":{"start":{"line":478,"column":77},"end":{"line":497,"column":1}},"line":478},"30":{"name":"getWidgetById","decl":{"start":{"line":499,"column":15},"end":{"line":499,"column":28}},"loc":{"start":{"line":499,"column":33},"end":{"line":513,"column":1}},"line":499},"31":{"name":"createWidget","decl":{"start":{"line":515,"column":15},"end":{"line":515,"column":27}},"loc":{"start":{"line":515,"column":34},"end":{"line":552,"column":1}},"line":515},"32":{"name":"updateWidget","decl":{"start":{"line":554,"column":15},"end":{"line":554,"column":27}},"loc":{"start":{"line":554,"column":38},"end":{"line":611,"column":1}},"line":554},"33":{"name":"(anonymous_33)","decl":{"start":{"line":581,"column":15},"end":{"line":581,"column":16}},"loc":{"start":{"line":581,"column":33},"end":{"line":584,"column":3}},"line":581},"34":{"name":"reorderWidgets","decl":{"start":{"line":613,"column":15},"end":{"line":613,"column":29}},"loc":{"start":{"line":613,"column":58},"end":{"line":669,"column":1}},"line":613},"35":{"name":"(anonymous_35)","decl":{"start":{"line":622,"column":29},"end":{"line":622,"column":30}},"loc":{"start":{"line":622,"column":37},"end":{"line":622,"column":72}},"line":622},"36":{"name":"inactivateWidget","decl":{"start":{"line":671,"column":15},"end":{"line":671,"column":31}},"loc":{"start":{"line":671,"column":36},"end":{"line":688,"column":1}},"line":671},"37":{"name":"normalizePreviewDraft","decl":{"start":{"line":690,"column":9},"end":{"line":690,"column":30}},"loc":{"start":{"line":690,"column":44},"end":{"line":709,"column":1}},"line":690},"38":{"name":"resolvePainelLayout","decl":{"start":{"line":711,"column":15},"end":{"line":711,"column":34}},"loc":{"start":{"line":717,"column":3},"end":{"line":748,"column":1}},"line":717},"39":{"name":"previewWidget","decl":{"start":{"line":750,"column":15},"end":{"line":750,"column":28}},"loc":{"start":{"line":750,"column":53},"end":{"line":758,"column":1}},"line":750}},"branchMap":{"0":{"loc":{"start":{"line":27,"column":2},"end":{"line":29,"column":3}},"type":"if","locations":[{"start":{"line":27,"column":2},"end":{"line":29,"column":3}},{"start":{},"end":{}}],"line":27},"1":{"loc":{"start":{"line":35,"column":2},"end":{"line":37,"column":3}},"type":"if","locations":[{"start":{"line":35,"column":2},"end":{"line":37,"column":3}},{"start":{},"end":{}}],"line":35},"2":{"loc":{"start":{"line":35,"column":6},"end":{"line":35,"column":44}},"type":"binary-expr","locations":[{"start":{"line":35,"column":6},"end":{"line":35,"column":30}},{"start":{"line":35,"column":34},"end":{"line":35,"column":44}}],"line":35},"3":{"loc":{"start":{"line":42,"column":2},"end":{"line":44,"column":3}},"type":"if","locations":[{"start":{"line":42,"column":2},"end":{"line":44,"column":3}},{"start":{},"end":{}}],"line":42},"4":{"loc":{"start":{"line":42,"column":6},"end":{"line":42,"column":59}},"type":"binary-expr","locations":[{"start":{"line":42,"column":6},"end":{"line":42,"column":25}},{"start":{"line":42,"column":29},"end":{"line":42,"column":43}},{"start":{"line":42,"column":47},"end":{"line":42,"column":59}}],"line":42},"5":{"loc":{"start":{"line":48,"column":50},"end":{"line":48,"column":75}},"type":"default-arg","locations":[{"start":{"line":48,"column":73},"end":{"line":48,"column":75}}],"line":48},"6":{"loc":{"start":{"line":48,"column":52},"end":{"line":48,"column":68}},"type":"default-arg","locations":[{"start":{"line":48,"column":64},"end":{"line":48,"column":68}}],"line":48},"7":{"loc":{"start":{"line":49,"column":2},"end":{"line":51,"column":3}},"type":"if","locations":[{"start":{"line":49,"column":2},"end":{"line":51,"column":3}},{"start":{},"end":{}}],"line":49},"8":{"loc":{"start":{"line":53,"column":2},"end":{"line":58,"column":3}},"type":"if","locations":[{"start":{"line":53,"column":2},"end":{"line":58,"column":3}},{"start":{},"end":{}}],"line":53},"9":{"loc":{"start":{"line":54,"column":4},"end":{"line":56,"column":5}},"type":"if","locations":[{"start":{"line":54,"column":4},"end":{"line":56,"column":5}},{"start":{},"end":{}}],"line":54},"10":{"loc":{"start":{"line":60,"column":2},"end":{"line":62,"column":3}},"type":"if","locations":[{"start":{"line":60,"column":2},"end":{"line":62,"column":3}},{"start":{},"end":{}}],"line":60},"11":{"loc":{"start":{"line":60,"column":6},"end":{"line":60,"column":55}},"type":"binary-expr","locations":[{"start":{"line":60,"column":6},"end":{"line":60,"column":31}},{"start":{"line":60,"column":35},"end":{"line":60,"column":55}}],"line":60},"12":{"loc":{"start":{"line":68,"column":2},"end":{"line":70,"column":3}},"type":"if","locations":[{"start":{"line":68,"column":2},"end":{"line":70,"column":3}},{"start":{},"end":{}}],"line":68},"13":{"loc":{"start":{"line":81,"column":2},"end":{"line":83,"column":3}},"type":"if","locations":[{"start":{"line":81,"column":2},"end":{"line":83,"column":3}},{"start":{},"end":{}}],"line":81},"14":{"loc":{"start":{"line":86,"column":54},"end":{"line":86,"column":69}},"type":"default-arg","locations":[{"start":{"line":86,"column":65},"end":{"line":86,"column":69}}],"line":86},"15":{"loc":{"start":{"line":96,"column":2},"end":{"line":99,"column":3}},"type":"if","locations":[{"start":{"line":96,"column":2},"end":{"line":99,"column":3}},{"start":{},"end":{}}],"line":96},"16":{"loc":{"start":{"line":104,"column":2},"end":{"line":110,"column":3}},"type":"if","locations":[{"start":{"line":104,"column":2},"end":{"line":110,"column":3}},{"start":{},"end":{}}],"line":104},"17":{"loc":{"start":{"line":113,"column":32},"end":{"line":113,"column":41}},"type":"default-arg","locations":[{"start":{"line":113,"column":39},"end":{"line":113,"column":41}}],"line":113},"18":{"loc":{"start":{"line":116,"column":4},"end":{"line":118,"column":5}},"type":"if","locations":[{"start":{"line":116,"column":4},"end":{"line":118,"column":5}},{"start":{},"end":{}}],"line":116},"19":{"loc":{"start":{"line":121,"column":2},"end":{"line":127,"column":3}},"type":"if","locations":[{"start":{"line":121,"column":2},"end":{"line":127,"column":3}},{"start":{},"end":{}}],"line":121},"20":{"loc":{"start":{"line":121,"column":6},"end":{"line":121,"column":93}},"type":"binary-expr","locations":[{"start":{"line":121,"column":6},"end":{"line":121,"column":19}},{"start":{"line":121,"column":23},"end":{"line":121,"column":38}},{"start":{"line":121,"column":42},"end":{"line":121,"column":57}},{"start":{"line":121,"column":61},"end":{"line":121,"column":74}},{"start":{"line":121,"column":78},"end":{"line":121,"column":93}}],"line":121},"21":{"loc":{"start":{"line":129,"column":18},"end":{"line":129,"column":93}},"type":"cond-expr","locations":[{"start":{"line":129,"column":48},"end":{"line":129,"column":49}},{"start":{"line":129,"column":52},"end":{"line":129,"column":93}}],"line":129},"22":{"loc":{"start":{"line":133,"column":4},"end":{"line":133,"column":92}},"type":"binary-expr","locations":[{"start":{"line":133,"column":4},"end":{"line":133,"column":86}},{"start":{"line":133,"column":90},"end":{"line":133,"column":92}}],"line":133},"23":{"loc":{"start":{"line":136,"column":19},"end":{"line":136,"column":44}},"type":"binary-expr","locations":[{"start":{"line":136,"column":19},"end":{"line":136,"column":33}},{"start":{"line":136,"column":37},"end":{"line":136,"column":44}}],"line":136},"24":{"loc":{"start":{"line":141,"column":32},"end":{"line":141,"column":41}},"type":"default-arg","locations":[{"start":{"line":141,"column":39},"end":{"line":141,"column":41}}],"line":141},"25":{"loc":{"start":{"line":144,"column":4},"end":{"line":146,"column":5}},"type":"if","locations":[{"start":{"line":144,"column":4},"end":{"line":146,"column":5}},{"start":{},"end":{}}],"line":144},"26":{"loc":{"start":{"line":149,"column":2},"end":{"line":151,"column":3}},"type":"if","locations":[{"start":{"line":149,"column":2},"end":{"line":151,"column":3}},{"start":{},"end":{}}],"line":149},"27":{"loc":{"start":{"line":153,"column":2},"end":{"line":155,"column":3}},"type":"if","locations":[{"start":{"line":153,"column":2},"end":{"line":155,"column":3}},{"start":{},"end":{}}],"line":153},"28":{"loc":{"start":{"line":156,"column":2},"end":{"line":158,"column":3}},"type":"if","locations":[{"start":{"line":156,"column":2},"end":{"line":158,"column":3}},{"start":{},"end":{}}],"line":156},"29":{"loc":{"start":{"line":159,"column":2},"end":{"line":161,"column":3}},"type":"if","locations":[{"start":{"line":159,"column":2},"end":{"line":161,"column":3}},{"start":{},"end":{}}],"line":159},"30":{"loc":{"start":{"line":162,"column":2},"end":{"line":165,"column":3}},"type":"if","locations":[{"start":{"line":162,"column":2},"end":{"line":165,"column":3}},{"start":{},"end":{}}],"line":162},"31":{"loc":{"start":{"line":164,"column":6},"end":{"line":164,"column":94}},"type":"binary-expr","locations":[{"start":{"line":164,"column":6},"end":{"line":164,"column":88}},{"start":{"line":164,"column":92},"end":{"line":164,"column":94}}],"line":164},"32":{"loc":{"start":{"line":166,"column":2},"end":{"line":168,"column":3}},"type":"if","locations":[{"start":{"line":166,"column":2},"end":{"line":168,"column":3}},{"start":{},"end":{}}],"line":166},"33":{"loc":{"start":{"line":169,"column":2},"end":{"line":171,"column":3}},"type":"if","locations":[{"start":{"line":169,"column":2},"end":{"line":171,"column":3}},{"start":{},"end":{}}],"line":169},"34":{"loc":{"start":{"line":188,"column":2},"end":{"line":190,"column":3}},"type":"if","locations":[{"start":{"line":188,"column":2},"end":{"line":190,"column":3}},{"start":{},"end":{}}],"line":188},"35":{"loc":{"start":{"line":192,"column":2},"end":{"line":197,"column":3}},"type":"if","locations":[{"start":{"line":192,"column":2},"end":{"line":197,"column":3}},{"start":{},"end":{}}],"line":192},"36":{"loc":{"start":{"line":199,"column":2},"end":{"line":205,"column":3}},"type":"if","locations":[{"start":{"line":199,"column":2},"end":{"line":205,"column":3}},{"start":{},"end":{}}],"line":199},"37":{"loc":{"start":{"line":207,"column":2},"end":{"line":209,"column":3}},"type":"if","locations":[{"start":{"line":207,"column":2},"end":{"line":209,"column":3}},{"start":{},"end":{}}],"line":207},"38":{"loc":{"start":{"line":216,"column":2},"end":{"line":218,"column":3}},"type":"if","locations":[{"start":{"line":216,"column":2},"end":{"line":218,"column":3}},{"start":{},"end":{}}],"line":216},"39":{"loc":{"start":{"line":230,"column":2},"end":{"line":232,"column":3}},"type":"if","locations":[{"start":{"line":230,"column":2},"end":{"line":232,"column":3}},{"start":{},"end":{}}],"line":230},"40":{"loc":{"start":{"line":230,"column":6},"end":{"line":230,"column":59}},"type":"binary-expr","locations":[{"start":{"line":230,"column":6},"end":{"line":230,"column":21}},{"start":{"line":230,"column":25},"end":{"line":230,"column":41}},{"start":{"line":230,"column":45},"end":{"line":230,"column":59}}],"line":230},"41":{"loc":{"start":{"line":235,"column":17},"end":{"line":235,"column":52}},"type":"cond-expr","locations":[{"start":{"line":235,"column":27},"end":{"line":235,"column":30}},{"start":{"line":235,"column":33},"end":{"line":235,"column":52}}],"line":235},"42":{"loc":{"start":{"line":235,"column":33},"end":{"line":235,"column":52}},"type":"cond-expr","locations":[{"start":{"line":235,"column":43},"end":{"line":235,"column":46}},{"start":{"line":235,"column":49},"end":{"line":235,"column":52}}],"line":235},"43":{"loc":{"start":{"line":237,"column":2},"end":{"line":237,"column":49}},"type":"if","locations":[{"start":{"line":237,"column":2},"end":{"line":237,"column":49}},{"start":{},"end":{}}],"line":237},"44":{"loc":{"start":{"line":238,"column":2},"end":{"line":238,"column":51}},"type":"if","locations":[{"start":{"line":238,"column":2},"end":{"line":238,"column":51}},{"start":{},"end":{}}],"line":238},"45":{"loc":{"start":{"line":252,"column":9},"end":{"line":252,"column":24}},"type":"binary-expr","locations":[{"start":{"line":252,"column":9},"end":{"line":252,"column":16}},{"start":{"line":252,"column":20},"end":{"line":252,"column":24}}],"line":252},"46":{"loc":{"start":{"line":255,"column":52},"end":{"line":255,"column":72}},"type":"default-arg","locations":[{"start":{"line":255,"column":68},"end":{"line":255,"column":72}}],"line":255},"47":{"loc":{"start":{"line":256,"column":2},"end":{"line":258,"column":3}},"type":"if","locations":[{"start":{"line":256,"column":2},"end":{"line":258,"column":3}},{"start":{},"end":{}}],"line":256},"48":{"loc":{"start":{"line":261,"column":2},"end":{"line":263,"column":3}},"type":"if","locations":[{"start":{"line":261,"column":2},"end":{"line":263,"column":3}},{"start":{},"end":{}}],"line":261},"49":{"loc":{"start":{"line":265,"column":2},"end":{"line":267,"column":3}},"type":"if","locations":[{"start":{"line":265,"column":2},"end":{"line":267,"column":3}},{"start":{},"end":{}}],"line":265},"50":{"loc":{"start":{"line":270,"column":2},"end":{"line":272,"column":3}},"type":"if","locations":[{"start":{"line":270,"column":2},"end":{"line":272,"column":3}},{"start":{},"end":{}}],"line":270},"51":{"loc":{"start":{"line":277,"column":20},"end":{"line":277,"column":30}},"type":"default-arg","locations":[{"start":{"line":277,"column":28},"end":{"line":277,"column":30}}],"line":277},"52":{"loc":{"start":{"line":280,"column":23},"end":{"line":280,"column":54}},"type":"binary-expr","locations":[{"start":{"line":280,"column":23},"end":{"line":280,"column":46}},{"start":{"line":280,"column":50},"end":{"line":280,"column":54}}],"line":280},"53":{"loc":{"start":{"line":281,"column":14},"end":{"line":281,"column":36}},"type":"binary-expr","locations":[{"start":{"line":281,"column":14},"end":{"line":281,"column":28}},{"start":{"line":281,"column":32},"end":{"line":281,"column":36}}],"line":281},"54":{"loc":{"start":{"line":286,"column":22},"end":{"line":286,"column":47}},"type":"binary-expr","locations":[{"start":{"line":286,"column":22},"end":{"line":286,"column":41}},{"start":{"line":286,"column":45},"end":{"line":286,"column":47}}],"line":286},"55":{"loc":{"start":{"line":287,"column":2},"end":{"line":289,"column":3}},"type":"if","locations":[{"start":{"line":287,"column":2},"end":{"line":289,"column":3}},{"start":{},"end":{}}],"line":287},"56":{"loc":{"start":{"line":287,"column":6},"end":{"line":287,"column":53}},"type":"binary-expr","locations":[{"start":{"line":287,"column":6},"end":{"line":287,"column":18}},{"start":{"line":287,"column":22},"end":{"line":287,"column":53}}],"line":287},"57":{"loc":{"start":{"line":291,"column":2},"end":{"line":296,"column":3}},"type":"if","locations":[{"start":{"line":291,"column":2},"end":{"line":296,"column":3}},{"start":{},"end":{}}],"line":291},"58":{"loc":{"start":{"line":293,"column":13},"end":{"line":293,"column":41}},"type":"binary-expr","locations":[{"start":{"line":293,"column":13},"end":{"line":293,"column":30}},{"start":{"line":293,"column":34},"end":{"line":293,"column":41}}],"line":293},"59":{"loc":{"start":{"line":298,"column":2},"end":{"line":300,"column":3}},"type":"if","locations":[{"start":{"line":298,"column":2},"end":{"line":300,"column":3}},{"start":{},"end":{}}],"line":298},"60":{"loc":{"start":{"line":298,"column":6},"end":{"line":298,"column":71}},"type":"binary-expr","locations":[{"start":{"line":298,"column":6},"end":{"line":298,"column":49}},{"start":{"line":298,"column":53},"end":{"line":298,"column":71}}],"line":298},"61":{"loc":{"start":{"line":316,"column":2},"end":{"line":318,"column":3}},"type":"if","locations":[{"start":{"line":316,"column":2},"end":{"line":318,"column":3}},{"start":{},"end":{}}],"line":316},"62":{"loc":{"start":{"line":321,"column":2},"end":{"line":323,"column":3}},"type":"if","locations":[{"start":{"line":321,"column":2},"end":{"line":323,"column":3}},{"start":{},"end":{}}],"line":321},"63":{"loc":{"start":{"line":334,"column":2},"end":{"line":364,"column":3}},"type":"if","locations":[{"start":{"line":334,"column":2},"end":{"line":364,"column":3}},{"start":{},"end":{}}],"line":334},"64":{"loc":{"start":{"line":337,"column":4},"end":{"line":343,"column":5}},"type":"if","locations":[{"start":{"line":337,"column":4},"end":{"line":343,"column":5}},{"start":{},"end":{}}],"line":337},"65":{"loc":{"start":{"line":339,"column":6},"end":{"line":342,"column":7}},"type":"if","locations":[{"start":{"line":339,"column":6},"end":{"line":342,"column":7}},{"start":{},"end":{}}],"line":339},"66":{"loc":{"start":{"line":347,"column":6},"end":{"line":349,"column":51}},"type":"cond-expr","locations":[{"start":{"line":348,"column":10},"end":{"line":348,"column":17}},{"start":{"line":349,"column":10},"end":{"line":349,"column":51}}],"line":347},"67":{"loc":{"start":{"line":347,"column":6},"end":{"line":347,"column":46}},"type":"binary-expr","locations":[{"start":{"line":347,"column":6},"end":{"line":347,"column":23}},{"start":{"line":347,"column":27},"end":{"line":347,"column":46}}],"line":347},"68":{"loc":{"start":{"line":349,"column":13},"end":{"line":349,"column":27}},"type":"binary-expr","locations":[{"start":{"line":349,"column":13},"end":{"line":349,"column":22}},{"start":{"line":349,"column":26},"end":{"line":349,"column":27}}],"line":349},"69":{"loc":{"start":{"line":349,"column":33},"end":{"line":349,"column":49}},"type":"binary-expr","locations":[{"start":{"line":349,"column":33},"end":{"line":349,"column":44}},{"start":{"line":349,"column":48},"end":{"line":349,"column":49}}],"line":349},"70":{"loc":{"start":{"line":360,"column":14},"end":{"line":360,"column":54}},"type":"binary-expr","locations":[{"start":{"line":360,"column":14},"end":{"line":360,"column":31}},{"start":{"line":360,"column":35},"end":{"line":360,"column":54}}],"line":360},"71":{"loc":{"start":{"line":382,"column":23},"end":{"line":382,"column":32}},"type":"default-arg","locations":[{"start":{"line":382,"column":30},"end":{"line":382,"column":32}}],"line":382},"72":{"loc":{"start":{"line":385,"column":26},"end":{"line":385,"column":47}},"type":"binary-expr","locations":[{"start":{"line":385,"column":26},"end":{"line":385,"column":41}},{"start":{"line":385,"column":45},"end":{"line":385,"column":47}}],"line":385},"73":{"loc":{"start":{"line":388,"column":22},"end":{"line":388,"column":69}},"type":"binary-expr","locations":[{"start":{"line":388,"column":22},"end":{"line":388,"column":38}},{"start":{"line":388,"column":42},"end":{"line":388,"column":69}}],"line":388},"74":{"loc":{"start":{"line":391,"column":24},"end":{"line":391,"column":33}},"type":"default-arg","locations":[{"start":{"line":391,"column":31},"end":{"line":391,"column":33}}],"line":391},"75":{"loc":{"start":{"line":391,"column":35},"end":{"line":391,"column":53}},"type":"default-arg","locations":[{"start":{"line":391,"column":45},"end":{"line":391,"column":53}}],"line":391},"76":{"loc":{"start":{"line":391,"column":55},"end":{"line":391,"column":65}},"type":"default-arg","locations":[{"start":{"line":391,"column":64},"end":{"line":391,"column":65}}],"line":391},"77":{"loc":{"start":{"line":394,"column":13},"end":{"line":394,"column":43}},"type":"binary-expr","locations":[{"start":{"line":394,"column":13},"end":{"line":394,"column":24}},{"start":{"line":394,"column":28},"end":{"line":394,"column":37}},{"start":{"line":394,"column":41},"end":{"line":394,"column":43}}],"line":394},"78":{"loc":{"start":{"line":398,"column":8},"end":{"line":398,"column":83}},"type":"cond-expr","locations":[{"start":{"line":398,"column":41},"end":{"line":398,"column":50}},{"start":{"line":398,"column":53},"end":{"line":398,"column":83}}],"line":398},"79":{"loc":{"start":{"line":400,"column":22},"end":{"line":400,"column":63}},"type":"binary-expr","locations":[{"start":{"line":400,"column":22},"end":{"line":400,"column":32}},{"start":{"line":400,"column":36},"end":{"line":400,"column":63}}],"line":400},"80":{"loc":{"start":{"line":431,"column":17},"end":{"line":431,"column":83}},"type":"binary-expr","locations":[{"start":{"line":431,"column":17},"end":{"line":431,"column":78}},{"start":{"line":431,"column":82},"end":{"line":431,"column":83}}],"line":431},"81":{"loc":{"start":{"line":431,"column":40},"end":{"line":431,"column":72}},"type":"binary-expr","locations":[{"start":{"line":431,"column":40},"end":{"line":431,"column":67}},{"start":{"line":431,"column":71},"end":{"line":431,"column":72}}],"line":431},"82":{"loc":{"start":{"line":434,"column":2},"end":{"line":438,"column":3}},"type":"if","locations":[{"start":{"line":434,"column":2},"end":{"line":438,"column":3}},{"start":{},"end":{}}],"line":434},"83":{"loc":{"start":{"line":455,"column":2},"end":{"line":457,"column":3}},"type":"if","locations":[{"start":{"line":455,"column":2},"end":{"line":457,"column":3}},{"start":{},"end":{}}],"line":455},"84":{"loc":{"start":{"line":458,"column":2},"end":{"line":460,"column":3}},"type":"if","locations":[{"start":{"line":458,"column":2},"end":{"line":460,"column":3}},{"start":{},"end":{}}],"line":458},"85":{"loc":{"start":{"line":461,"column":2},"end":{"line":463,"column":3}},"type":"if","locations":[{"start":{"line":461,"column":2},"end":{"line":463,"column":3}},{"start":{},"end":{}}],"line":461},"86":{"loc":{"start":{"line":461,"column":6},"end":{"line":461,"column":74}},"type":"binary-expr","locations":[{"start":{"line":461,"column":6},"end":{"line":461,"column":39}},{"start":{"line":461,"column":43},"end":{"line":461,"column":74}}],"line":461},"87":{"loc":{"start":{"line":478,"column":27},"end":{"line":478,"column":75}},"type":"default-arg","locations":[{"start":{"line":478,"column":73},"end":{"line":478,"column":75}}],"line":478},"88":{"loc":{"start":{"line":478,"column":45},"end":{"line":478,"column":68}},"type":"default-arg","locations":[{"start":{"line":478,"column":63},"end":{"line":478,"column":68}}],"line":478},"89":{"loc":{"start":{"line":479,"column":2},"end":{"line":481,"column":3}},"type":"if","locations":[{"start":{"line":479,"column":2},"end":{"line":481,"column":3}},{"start":{},"end":{}}],"line":479},"90":{"loc":{"start":{"line":479,"column":6},"end":{"line":479,"column":24}},"type":"binary-expr","locations":[{"start":{"line":479,"column":6},"end":{"line":479,"column":13}},{"start":{"line":479,"column":17},"end":{"line":479,"column":24}}],"line":479},"91":{"loc":{"start":{"line":485,"column":2},"end":{"line":487,"column":3}},"type":"if","locations":[{"start":{"line":485,"column":2},"end":{"line":487,"column":3}},{"start":{},"end":{}}],"line":485},"92":{"loc":{"start":{"line":508,"column":2},"end":{"line":510,"column":3}},"type":"if","locations":[{"start":{"line":508,"column":2},"end":{"line":510,"column":3}},{"start":{},"end":{}}],"line":508},"93":{"loc":{"start":{"line":539,"column":6},"end":{"line":539,"column":31}},"type":"binary-expr","locations":[{"start":{"line":539,"column":6},"end":{"line":539,"column":23}},{"start":{"line":539,"column":27},"end":{"line":539,"column":31}}],"line":539},"94":{"loc":{"start":{"line":540,"column":6},"end":{"line":540,"column":33}},"type":"binary-expr","locations":[{"start":{"line":540,"column":6},"end":{"line":540,"column":21}},{"start":{"line":540,"column":25},"end":{"line":540,"column":33}}],"line":540},"95":{"loc":{"start":{"line":544,"column":6},"end":{"line":544,"column":80}},"type":"cond-expr","locations":[{"start":{"line":544,"column":37},"end":{"line":544,"column":41}},{"start":{"line":544,"column":44},"end":{"line":544,"column":80}}],"line":544},"96":{"loc":{"start":{"line":545,"column":6},"end":{"line":545,"column":33}},"type":"binary-expr","locations":[{"start":{"line":545,"column":6},"end":{"line":545,"column":25}},{"start":{"line":545,"column":29},"end":{"line":545,"column":33}}],"line":545},"97":{"loc":{"start":{"line":546,"column":6},"end":{"line":546,"column":80}},"type":"cond-expr","locations":[{"start":{"line":546,"column":37},"end":{"line":546,"column":41}},{"start":{"line":546,"column":44},"end":{"line":546,"column":80}}],"line":546},"98":{"loc":{"start":{"line":560,"column":12},"end":{"line":560,"column":44}},"type":"binary-expr","locations":[{"start":{"line":560,"column":12},"end":{"line":560,"column":26}},{"start":{"line":560,"column":30},"end":{"line":560,"column":44}}],"line":560},"99":{"loc":{"start":{"line":561,"column":12},"end":{"line":561,"column":44}},"type":"binary-expr","locations":[{"start":{"line":561,"column":12},"end":{"line":561,"column":26}},{"start":{"line":561,"column":30},"end":{"line":561,"column":44}}],"line":561},"100":{"loc":{"start":{"line":562,"column":10},"end":{"line":562,"column":38}},"type":"binary-expr","locations":[{"start":{"line":562,"column":10},"end":{"line":562,"column":22}},{"start":{"line":562,"column":26},"end":{"line":562,"column":38}}],"line":562},"101":{"loc":{"start":{"line":565,"column":2},"end":{"line":567,"column":3}},"type":"if","locations":[{"start":{"line":565,"column":2},"end":{"line":567,"column":3}},{"start":{},"end":{}}],"line":565},"102":{"loc":{"start":{"line":568,"column":2},"end":{"line":570,"column":3}},"type":"if","locations":[{"start":{"line":568,"column":2},"end":{"line":570,"column":3}},{"start":{},"end":{}}],"line":568},"103":{"loc":{"start":{"line":571,"column":2},"end":{"line":577,"column":3}},"type":"if","locations":[{"start":{"line":571,"column":2},"end":{"line":577,"column":3}},{"start":{},"end":{}}],"line":571},"104":{"loc":{"start":{"line":572,"column":4},"end":{"line":574,"column":59}},"type":"binary-expr","locations":[{"start":{"line":572,"column":4},"end":{"line":572,"column":57}},{"start":{"line":573,"column":4},"end":{"line":573,"column":59}},{"start":{"line":574,"column":4},"end":{"line":574,"column":59}}],"line":572},"105":{"loc":{"start":{"line":587,"column":4},"end":{"line":591,"column":5}},"type":"if","locations":[{"start":{"line":587,"column":4},"end":{"line":591,"column":5}},{"start":{},"end":{}}],"line":587},"106":{"loc":{"start":{"line":587,"column":8},"end":{"line":587,"column":88}},"type":"binary-expr","locations":[{"start":{"line":587,"column":8},"end":{"line":587,"column":32}},{"start":{"line":587,"column":36},"end":{"line":587,"column":60}},{"start":{"line":587,"column":64},"end":{"line":587,"column":88}}],"line":587},"107":{"loc":{"start":{"line":588,"column":18},"end":{"line":588,"column":62}},"type":"cond-expr","locations":[{"start":{"line":588,"column":34},"end":{"line":588,"column":38}},{"start":{"line":588,"column":41},"end":{"line":588,"column":62}}],"line":588},"108":{"loc":{"start":{"line":606,"column":2},"end":{"line":608,"column":3}},"type":"if","locations":[{"start":{"line":606,"column":2},"end":{"line":608,"column":3}},{"start":{},"end":{}}],"line":606},"109":{"loc":{"start":{"line":614,"column":2},"end":{"line":620,"column":3}},"type":"if","locations":[{"start":{"line":614,"column":2},"end":{"line":620,"column":3}},{"start":{},"end":{}}],"line":614},"110":{"loc":{"start":{"line":614,"column":6},"end":{"line":614,"column":76}},"type":"binary-expr","locations":[{"start":{"line":614,"column":6},"end":{"line":614,"column":13}},{"start":{"line":614,"column":17},"end":{"line":614,"column":24}},{"start":{"line":614,"column":28},"end":{"line":614,"column":54}},{"start":{"line":614,"column":58},"end":{"line":614,"column":76}}],"line":614},"111":{"loc":{"start":{"line":624,"column":2},"end":{"line":626,"column":3}},"type":"if","locations":[{"start":{"line":624,"column":2},"end":{"line":626,"column":3}},{"start":{},"end":{}}],"line":624},"112":{"loc":{"start":{"line":642,"column":4},"end":{"line":648,"column":5}},"type":"if","locations":[{"start":{"line":642,"column":4},"end":{"line":648,"column":5}},{"start":{},"end":{}}],"line":642},"113":{"loc":{"start":{"line":683,"column":2},"end":{"line":685,"column":3}},"type":"if","locations":[{"start":{"line":683,"column":2},"end":{"line":685,"column":3}},{"start":{},"end":{}}],"line":683},"114":{"loc":{"start":{"line":690,"column":31},"end":{"line":690,"column":42}},"type":"default-arg","locations":[{"start":{"line":690,"column":40},"end":{"line":690,"column":42}}],"line":690},"115":{"loc":{"start":{"line":693,"column":10},"end":{"line":693,"column":41}},"type":"binary-expr","locations":[{"start":{"line":693,"column":10},"end":{"line":693,"column":21}},{"start":{"line":693,"column":25},"end":{"line":693,"column":41}}],"line":693},"116":{"loc":{"start":{"line":694,"column":11},"end":{"line":694,"column":62}},"type":"binary-expr","locations":[{"start":{"line":694,"column":11},"end":{"line":694,"column":57}},{"start":{"line":694,"column":61},"end":{"line":694,"column":62}}],"line":694},"117":{"loc":{"start":{"line":694,"column":34},"end":{"line":694,"column":51}},"type":"binary-expr","locations":[{"start":{"line":694,"column":34},"end":{"line":694,"column":46}},{"start":{"line":694,"column":50},"end":{"line":694,"column":51}}],"line":694},"118":{"loc":{"start":{"line":695,"column":10},"end":{"line":695,"column":31}},"type":"binary-expr","locations":[{"start":{"line":695,"column":10},"end":{"line":695,"column":21}},{"start":{"line":695,"column":25},"end":{"line":695,"column":31}}],"line":695},"119":{"loc":{"start":{"line":696,"column":12},"end":{"line":696,"column":38}},"type":"binary-expr","locations":[{"start":{"line":696,"column":12},"end":{"line":696,"column":25}},{"start":{"line":696,"column":29},"end":{"line":696,"column":38}}],"line":696},"120":{"loc":{"start":{"line":697,"column":15},"end":{"line":697,"column":39}},"type":"binary-expr","locations":[{"start":{"line":697,"column":15},"end":{"line":697,"column":31}},{"start":{"line":697,"column":35},"end":{"line":697,"column":39}}],"line":697},"121":{"loc":{"start":{"line":698,"column":13},"end":{"line":698,"column":39}},"type":"binary-expr","locations":[{"start":{"line":698,"column":13},"end":{"line":698,"column":27}},{"start":{"line":698,"column":31},"end":{"line":698,"column":39}}],"line":698},"122":{"loc":{"start":{"line":700,"column":41},"end":{"line":700,"column":66}},"type":"binary-expr","locations":[{"start":{"line":700,"column":41},"end":{"line":700,"column":60}},{"start":{"line":700,"column":64},"end":{"line":700,"column":66}}],"line":700},"123":{"loc":{"start":{"line":712,"column":2},"end":{"line":712,"column":16}},"type":"default-arg","locations":[{"start":{"line":712,"column":11},"end":{"line":712,"column":16}}],"line":712},"124":{"loc":{"start":{"line":713,"column":2},"end":{"line":713,"column":14}},"type":"default-arg","locations":[{"start":{"line":713,"column":11},"end":{"line":713,"column":14}}],"line":713},"125":{"loc":{"start":{"line":715,"column":2},"end":{"line":715,"column":26}},"type":"default-arg","locations":[{"start":{"line":715,"column":22},"end":{"line":715,"column":26}}],"line":715},"126":{"loc":{"start":{"line":716,"column":2},"end":{"line":716,"column":17}},"type":"default-arg","locations":[{"start":{"line":716,"column":13},"end":{"line":716,"column":17}}],"line":716},"127":{"loc":{"start":{"line":722,"column":2},"end":{"line":724,"column":3}},"type":"if","locations":[{"start":{"line":722,"column":2},"end":{"line":724,"column":3}},{"start":{},"end":{}}],"line":722},"128":{"loc":{"start":{"line":750,"column":41},"end":{"line":750,"column":51}},"type":"default-arg","locations":[{"start":{"line":750,"column":49},"end":{"line":750,"column":51}}],"line":750},"129":{"loc":{"start":{"line":753,"column":4},"end":{"line":755,"column":41}},"type":"cond-expr","locations":[{"start":{"line":754,"column":8},"end":{"line":754,"column":39}},{"start":{"line":755,"column":8},"end":{"line":755,"column":41}}],"line":753},"130":{"loc":{"start":{"line":753,"column":4},"end":{"line":753,"column":70}},"type":"binary-expr","locations":[{"start":{"line":753,"column":4},"end":{"line":753,"column":34}},{"start":{"line":753,"column":38},"end":{"line":753,"column":70}}],"line":753}},"s":{"0":1,"1":1,"2":1,"3":1,"4":2,"5":2,"6":2,"7":2,"8":2,"9":3,"10":3,"11":0,"12":3,"13":6,"14":4,"15":2,"16":8,"17":4,"18":4,"19":0,"20":0,"21":0,"22":4,"23":1,"24":3,"25":0,"26":0,"27":0,"28":0,"29":0,"30":0,"31":0,"32":0,"33":0,"34":0,"35":0,"36":0,"37":0,"38":0,"39":0,"40":0,"41":0,"42":0,"43":0,"44":0,"45":0,"46":0,"47":0,"48":0,"49":0,"50":0,"51":0,"52":0,"53":0,"54":0,"55":0,"56":0,"57":0,"58":0,"59":0,"60":0,"61":0,"62":0,"63":0,"64":0,"65":0,"66":0,"67":0,"68":0,"69":0,"70":0,"71":0,"72":1,"73":12,"74":1,"75":11,"76":0,"77":11,"78":0,"79":11,"80":0,"81":11,"82":3,"83":3,"84":1,"85":2,"86":2,"87":2,"88":2,"89":2,"90":2,"91":2,"92":5,"93":1,"94":4,"95":4,"96":4,"97":4,"98":2,"99":2,"100":1,"101":1,"102":3,"103":3,"104":13,"105":1,"106":12,"107":12,"108":7,"109":5,"110":3,"111":2,"112":2,"113":1,"114":1,"115":12,"116":8,"117":8,"118":0,"119":8,"120":2,"121":6,"122":5,"123":1,"124":1,"125":1,"126":1,"127":8,"128":7,"129":1,"130":1,"131":0,"132":1,"133":3,"134":3,"135":8,"136":8,"137":8,"138":1,"139":1,"140":1,"141":1,"142":1,"143":1,"144":1,"145":1,"146":1,"147":1,"148":7,"149":7,"150":2,"151":4,"152":4,"153":2,"154":5,"155":5,"156":1,"157":1,"158":1,"159":1,"160":1,"161":1,"162":1,"163":1,"164":2,"165":1,"166":11,"167":8,"168":3,"169":1,"170":2,"171":1,"172":1,"173":10,"174":0,"175":10,"176":10,"177":10,"178":10,"179":10,"180":10,"181":1,"182":1,"183":1,"184":0,"185":1,"186":0,"187":0,"188":0,"189":0,"190":0,"191":0,"192":0,"193":0,"194":0,"195":0,"196":0,"197":0,"198":0,"199":0,"200":0,"201":0,"202":0,"203":0,"204":0,"205":0,"206":0,"207":0,"208":0,"209":0,"210":0,"211":0,"212":0,"213":0,"214":0,"215":0,"216":0,"217":0,"218":0,"219":0,"220":0,"221":0,"222":0,"223":0,"224":0,"225":0,"226":0,"227":0,"228":0,"229":0,"230":0,"231":0,"232":0,"233":0,"234":0,"235":0,"236":0,"237":0,"238":0,"239":0,"240":0,"241":0,"242":0,"243":0,"244":0,"245":3,"246":2,"247":10,"248":10,"249":10,"250":10,"251":1,"252":9,"253":9,"254":9,"255":9,"256":9,"257":2,"258":2,"259":2,"260":1},"f":{"0":2,"1":3,"2":6,"3":8,"4":0,"5":0,"6":0,"7":0,"8":12,"9":3,"10":5,"11":3,"12":13,"13":12,"14":8,"15":8,"16":3,"17":3,"18":8,"19":2,"20":4,"21":4,"22":2,"23":5,"24":5,"25":1,"26":1,"27":2,"28":11,"29":10,"30":1,"31":0,"32":0,"33":0,"34":0,"35":0,"36":0,"37":3,"38":10,"39":2},"b":{"0":[2,0],"1":[0,3],"2":[3,3],"3":[4,2],"4":[6,2,2],"5":[5],"6":[5],"7":[4,4],"8":[0,4],"9":[0,0],"10":[1,3],"11":[4,4],"12":[0,0],"13":[0,0],"14":[0],"15":[0,0],"16":[0,0],"17":[0],"18":[0,0],"19":[0,0],"20":[0,0,0,0,0],"21":[0,0],"22":[0,0],"23":[0,0],"24":[0],"25":[0,0],"26":[0,0],"27":[0,0],"28":[0,0],"29":[0,0],"30":[0,0],"31":[0,0],"32":[0,0],"33":[0,0],"34":[1,11],"35":[0,11],"36":[0,11],"37":[0,11],"38":[1,2],"39":[1,4],"40":[5,4,4],"41":[2,2],"42":[1,1],"43":[2,2],"44":[1,1],"45":[3,1],"46":[11],"47":[1,12],"48":[7,5],"49":[3,2],"50":[1,1],"51":[0],"52":[12,11],"53":[12,12],"54":[8,5],"55":[0,8],"56":[8,8],"57":[2,6],"58":[2,0],"59":[5,1],"60":[6,1],"61":[7,1],"62":[0,1],"63":[1,7],"64":[1,0],"65":[1,0],"66":[0,1],"67":[1,0],"68":[1,0],"69":[1,0],"70":[1,0],"71":[0],"72":[4,1],"73":[4,3],"74":[0],"75":[0],"76":[0],"77":[5,2,1],"78":[0,5],"79":[5,4],"80":[1,0],"81":[1,0],"82":[1,0],"83":[8,3],"84":[1,2],"85":[1,1],"86":[2,1],"87":[0],"88":[0],"89":[0,10],"90":[10,10],"91":[10,0],"92":[0,1],"93":[0,0],"94":[0,0],"95":[0,0],"96":[0,0],"97":[0,0],"98":[0,0],"99":[0,0],"100":[0,0],"101":[0,0],"102":[0,0],"103":[0,0],"104":[0,0,0],"105":[0,0],"106":[0,0,0],"107":[0,0],"108":[0,0],"109":[0,0],"110":[0,0,0,0],"111":[0,0],"112":[0,0],"113":[0,0],"114":[0],"115":[3,3],"116":[3,3],"117":[3,3],"118":[3,2],"119":[3,2],"120":[3,3],"121":[3,2],"122":[3,2],"123":[0],"124":[0],"125":[9],"126":[10],"127":[1,9],"128":[0],"129":[1,1],"130":[2,1]},"_coverageSchema":"1a1c01bbd47fc00a2c39e90264f33305004495a9","hash":"da73fc81ba2ea69da6a3ce5b5fe7fe070fe2ab0e"}
}
