TN:
SF:src\middleware\errorHandler.js
FN:1,errorHandler
FNF:1
FNH:0
FNDA:0,errorHandler
DA:2,0
DA:3,0
DA:8,0
DA:9,0
DA:12,0
DA:21,0
DA:24,0
LF:7
LH:0
BRDA:2,0,0,0
BRDA:2,0,1,0
BRDA:4,1,0,0
BRDA:4,1,1,0
BRDA:8,2,0,0
BRDA:8,2,1,0
BRDA:8,3,0,0
BRDA:8,3,1,0
BRF:8
BRH:0
end_of_record
TN:
SF:src\middleware\requestLogger.js
FN:3,requestLogger
FN:9,(anonymous_1)
FNF:2
FNH:0
FNDA:0,requestLogger
FNDA:0,(anonymous_1)
DA:1,0
DA:4,0
DA:5,0
DA:6,0
DA:8,0
DA:9,0
DA:10,0
DA:21,0
DA:24,0
LF:9
LH:0
BRDA:4,0,0,0
BRDA:4,0,1,0
BRDA:14,1,0,0
BRDA:14,1,1,0
BRF:4
BRH:0
end_of_record
TN:
SF:src\middleware\requireAdmin.js
FN:1,requireAdmin
FNF:1
FNH:0
FNDA:0,requireAdmin
DA:2,0
DA:3,0
DA:5,0
DA:8,0
LF:4
LH:0
BRDA:2,0,0,0
BRDA:2,0,1,0
BRF:2
BRH:0
end_of_record
TN:
SF:src\middleware\requireAdminOrPlanning.js
FN:1,requireAdminOrPlanning
FNF:1
FNH:0
FNDA:0,requireAdminOrPlanning
DA:2,0
DA:3,0
DA:4,0
DA:6,0
DA:9,0
LF:5
LH:0
BRDA:3,0,0,0
BRDA:3,0,1,0
BRDA:3,1,0,0
BRDA:3,1,1,0
BRF:4
BRH:0
end_of_record
TN:
SF:src\middleware\requirePlanningStaff.js
FN:7,requirePlanningStaff
FNF:1
FNH:0
FNDA:0,requirePlanningStaff
DA:1,0
DA:8,0
DA:9,0
DA:14,0
DA:17,0
DA:18,0
LF:6
LH:0
BRDA:8,0,0,0
BRDA:8,0,1,0
BRF:2
BRH:0
end_of_record
TN:
SF:src\middleware\verifyJWT.js
FN:4,verifyJWT
FNF:1
FNH:0
FNDA:0,verifyJWT
DA:1,0
DA:2,0
DA:5,0
DA:6,0
DA:8,0
DA:9,0
DA:12,0
DA:13,0
DA:14,0
DA:20,0
DA:22,0
DA:26,0
LF:12
LH:0
BRDA:5,0,0,0
BRDA:5,0,1,0
BRDA:8,1,0,0
BRDA:8,1,1,0
BRF:4
BRH:0
end_of_record
TN:
SF:src\routes\admin.js
FN:28,clientIp
FN:32,validateSenha
FN:39,(anonymous_2)
FN:93,(anonymous_3)
FN:106,(anonymous_4)
FN:150,(anonymous_5)
FN:216,(anonymous_6)
FN:254,(anonymous_7)
FN:267,(anonymous_8)
FN:304,(anonymous_9)
FN:314,(anonymous_10)
FN:322,(anonymous_11)
FN:338,(anonymous_12)
FN:355,(anonymous_13)
FN:374,(anonymous_14)
FN:407,(anonymous_15)
FNF:16
FNH:0
FNDA:0,clientIp
FNDA:0,validateSenha
FNDA:0,(anonymous_2)
FNDA:0,(anonymous_3)
FNDA:0,(anonymous_4)
FNDA:0,(anonymous_5)
FNDA:0,(anonymous_6)
FNDA:0,(anonymous_7)
FNDA:0,(anonymous_8)
FNDA:0,(anonymous_9)
FNDA:0,(anonymous_10)
FNDA:0,(anonymous_11)
FNDA:0,(anonymous_12)
FNDA:0,(anonymous_13)
FNDA:0,(anonymous_14)
FNDA:0,(anonymous_15)
DA:1,0
DA:2,0
DA:3,0
DA:4,0
DA:5,0
DA:6,0
DA:7,0
DA:8,0
DA:9,0
DA:10,0
DA:12,0
DA:14,0
DA:22,0
DA:23,0
DA:29,0
DA:33,0
DA:34,0
DA:36,0
DA:39,0
DA:40,0
DA:41,0
DA:42,0
DA:43,0
DA:45,0
DA:46,0
DA:48,0
DA:49,0
DA:50,0
DA:52,0
DA:53,0
DA:54,0
DA:57,0
DA:59,0
DA:63,0
DA:65,0
DA:66,0
DA:77,0
DA:87,0
DA:91,0
DA:93,0
DA:94,0
DA:95,0
DA:100,0
DA:102,0
DA:106,0
DA:107,0
DA:108,0
DA:110,0
DA:111,0
DA:116,0
DA:117,0
DA:120,0
DA:121,0
DA:122,0
DA:125,0
DA:126,0
DA:133,0
DA:141,0
DA:143,0
DA:144,0
DA:146,0
DA:150,0
DA:151,0
DA:152,0
DA:154,0
DA:155,0
DA:158,0
DA:159,0
DA:161,0
DA:162,0
DA:163,0
DA:165,0
DA:166,0
DA:167,0
DA:169,0
DA:170,0
DA:171,0
DA:173,0
DA:174,0
DA:175,0
DA:176,0
DA:178,0
DA:179,0
DA:180,0
DA:183,0
DA:184,0
DA:187,0
DA:188,0
DA:191,0
DA:192,0
DA:198,0
DA:199,0
DA:202,0
DA:210,0
DA:212,0
DA:216,0
DA:217,0
DA:218,0
DA:219,0
DA:220,0
DA:223,0
DA:226,0
DA:227,0
DA:230,0
DA:236,0
DA:237,0
DA:240,0
DA:248,0
DA:250,0
DA:254,0
DA:255,0
DA:256,0
DA:261,0
DA:263,0
DA:267,0
DA:268,0
DA:269,0
DA:275,0
DA:276,0
DA:281,0
DA:282,0
DA:283,0
DA:284,0
DA:287,0
DA:297,0
DA:300,0
DA:304,0
DA:308,0
DA:310,0
DA:314,0
DA:315,0
DA:316,0
DA:318,0
DA:322,0
DA:323,0
DA:324,0
DA:325,0
DA:332,0
DA:334,0
DA:338,0
DA:339,0
DA:340,0
DA:341,0
DA:342,0
DA:344,0
DA:345,0
DA:349,0
DA:351,0
DA:355,0
DA:356,0
DA:357,0
DA:358,0
DA:359,0
DA:361,0
DA:368,0
DA:370,0
DA:374,0
DA:375,0
DA:376,0
DA:377,0
DA:380,0
DA:381,0
DA:382,0
DA:384,0
DA:385,0
DA:386,0
DA:388,0
DA:391,0
DA:402,0
DA:404,0
DA:406,0
DA:407,0
DA:412,0
LF:173
LH:0
BRDA:22,0,0,0
BRDA:22,0,1,0
BRDA:29,1,0,0
BRDA:29,1,1,0
BRDA:29,1,2,0
BRDA:33,2,0,0
BRDA:33,2,1,0
BRDA:33,3,0,0
BRDA:33,3,1,0
BRDA:41,4,0,0
BRDA:41,4,1,0
BRDA:42,5,0,0
BRDA:42,5,1,0
BRDA:48,6,0,0
BRDA:48,6,1,0
BRDA:52,7,0,0
BRDA:52,7,1,0
BRDA:57,8,0,0
BRDA:57,8,1,0
BRDA:83,9,0,0
BRDA:83,9,1,0
BRDA:108,10,0,0
BRDA:108,10,1,0
BRDA:110,11,0,0
BRDA:110,11,1,0
BRDA:110,12,0,0
BRDA:110,12,1,0
BRDA:110,12,2,0
BRDA:110,12,3,0
BRDA:116,13,0,0
BRDA:116,13,1,0
BRDA:121,14,0,0
BRDA:121,14,1,0
BRDA:143,15,0,0
BRDA:143,15,1,0
BRDA:152,16,0,0
BRDA:152,16,1,0
BRDA:154,17,0,0
BRDA:154,17,1,0
BRDA:154,18,0,0
BRDA:154,18,1,0
BRDA:161,19,0,0
BRDA:161,19,1,0
BRDA:165,20,0,0
BRDA:165,20,1,0
BRDA:169,21,0,0
BRDA:169,21,1,0
BRDA:173,22,0,0
BRDA:173,22,1,0
BRDA:175,23,0,0
BRDA:175,23,1,0
BRDA:183,24,0,0
BRDA:183,24,1,0
BRDA:187,25,0,0
BRDA:187,25,1,0
BRDA:187,26,0,0
BRDA:187,26,1,0
BRDA:198,27,0,0
BRDA:198,27,1,0
BRDA:219,28,0,0
BRDA:219,28,1,0
BRDA:226,29,0,0
BRDA:226,29,1,0
BRDA:226,30,0,0
BRDA:226,30,1,0
BRDA:236,31,0,0
BRDA:236,31,1,0
BRDA:269,32,0,0
BRDA:269,32,1,0
BRDA:271,33,0,0
BRDA:271,33,1,0
BRDA:275,34,0,0
BRDA:275,34,1,0
BRDA:283,35,0,0
BRDA:283,35,1,0
BRDA:283,36,0,0
BRDA:283,36,1,0
BRDA:295,37,0,0
BRDA:295,37,1,0
BRDA:341,38,0,0
BRDA:341,38,1,0
BRDA:358,39,0,0
BRDA:358,39,1,0
BRDA:380,40,0,0
BRDA:380,40,1,0
BRDA:381,41,0,0
BRDA:381,41,1,0
BRDA:385,42,0,0
BRDA:385,42,1,0
BRDA:396,43,0,0
BRDA:396,43,1,0
BRDA:406,44,0,0
BRDA:406,44,1,0
BRF:93
BRH:0
end_of_record
TN:
SF:src\routes\api.js
FNF:0
FNH:0
DA:1,0
DA:2,0
DA:3,0
DA:4,0
DA:5,0
DA:6,0
DA:7,0
DA:8,0
DA:10,0
DA:12,0
DA:13,0
DA:14,0
DA:15,0
DA:16,0
DA:17,0
DA:18,0
DA:20,0
LF:17
LH:0
BRF:0
BRH:0
end_of_record
TN:
SF:src\routes\auth.js
FN:8,clientIp
FN:12,(anonymous_1)
FN:48,(anonymous_2)
FN:52,(anonymous_3)
FNF:4
FNH:0
FNDA:0,clientIp
FNDA:0,(anonymous_1)
FNDA:0,(anonymous_2)
FNDA:0,(anonymous_3)
DA:1,0
DA:2,0
DA:3,0
DA:4,0
DA:6,0
DA:9,0
DA:12,0
DA:13,0
DA:14,0
DA:16,0
DA:17,0
DA:20,0
DA:21,0
DA:23,0
DA:24,0
DA:31,0
DA:34,0
DA:42,0
DA:44,0
DA:48,0
DA:49,0
DA:52,0
DA:53,0
DA:60,0
LF:24
LH:0
BRDA:9,0,0,0
BRDA:9,0,1,0
BRDA:9,0,2,0
BRDA:14,1,0,0
BRDA:14,1,1,0
BRDA:16,2,0,0
BRDA:16,2,1,0
BRDA:16,3,0,0
BRDA:16,3,1,0
BRDA:23,4,0,0
BRDA:23,4,1,0
BRDA:25,5,0,0
BRDA:25,5,1,0
BRF:13
BRH:0
end_of_record
TN:
SF:src\routes\cadastros.js
FN:42,(anonymous_0)
FN:68,(anonymous_1)
FN:77,(anonymous_2)
FN:89,(anonymous_3)
FN:98,(anonymous_4)
FN:119,(anonymous_5)
FN:149,(anonymous_6)
FN:174,(anonymous_7)
FN:197,(anonymous_8)
FN:206,(anonymous_9)
FN:215,(anonymous_10)
FN:224,createReadOnlyWriteHandler
FN:225,(anonymous_12)
FN:236,(anonymous_13)
FN:249,(anonymous_14)
FN:262,registerResource
FN:263,(anonymous_16)
FN:272,(anonymous_17)
FN:281,(anonymous_18)
FN:290,(anonymous_19)
FN:304,(anonymous_20)
FN:316,(anonymous_21)
FN:332,(anonymous_22)
FN:348,(anonymous_23)
FNF:24
FNH:0
FNDA:0,(anonymous_0)
FNDA:0,(anonymous_1)
FNDA:0,(anonymous_2)
FNDA:0,(anonymous_3)
FNDA:0,(anonymous_4)
FNDA:0,(anonymous_5)
FNDA:0,(anonymous_6)
FNDA:0,(anonymous_7)
FNDA:0,(anonymous_8)
FNDA:0,(anonymous_9)
FNDA:0,(anonymous_10)
FNDA:0,createReadOnlyWriteHandler
FNDA:0,(anonymous_12)
FNDA:0,(anonymous_13)
FNDA:0,(anonymous_14)
FNDA:0,registerResource
FNDA:0,(anonymous_16)
FNDA:0,(anonymous_17)
FNDA:0,(anonymous_18)
FNDA:0,(anonymous_19)
FNDA:0,(anonymous_20)
FNDA:0,(anonymous_21)
FNDA:0,(anonymous_22)
FNDA:0,(anonymous_23)
DA:1,0
DA:2,0
DA:8,0
DA:13,0
DA:22,0
DA:26,0
DA:27,0
DA:28,0
DA:34,0
DA:35,0
DA:36,0
DA:37,0
DA:38,0
DA:40,0
DA:42,0
DA:43,0
DA:44,0
DA:46,0
DA:47,0
DA:62,0
DA:64,0
DA:68,0
DA:69,0
DA:70,0
DA:71,0
DA:73,0
DA:77,0
DA:78,0
DA:79,0
DA:83,0
DA:85,0
DA:89,0
DA:90,0
DA:91,0
DA:92,0
DA:94,0
DA:98,0
DA:99,0
DA:100,0
DA:102,0
DA:113,0
DA:115,0
DA:119,0
DA:120,0
DA:121,0
DA:126,0
DA:140,0
DA:142,0
DA:146,0
DA:150,0
DA:151,0
DA:153,0
DA:164,0
DA:166,0
DA:171,0
DA:175,0
DA:176,0
DA:178,0
DA:190,0
DA:192,0
DA:197,0
DA:198,0
DA:199,0
DA:200,0
DA:202,0
DA:206,0
DA:207,0
DA:208,0
DA:209,0
DA:211,0
DA:215,0
DA:216,0
DA:217,0
DA:218,0
DA:220,0
DA:225,0
DA:226,0
DA:232,0
DA:233,0
DA:234,0
DA:236,0
DA:237,0
DA:238,0
DA:239,0
DA:241,0
DA:245,0
DA:246,0
DA:247,0
DA:249,0
DA:250,0
DA:251,0
DA:252,0
DA:254,0
DA:258,0
DA:259,0
DA:260,0
DA:263,0
DA:264,0
DA:265,0
DA:266,0
DA:268,0
DA:272,0
DA:273,0
DA:274,0
DA:275,0
DA:277,0
DA:281,0
DA:282,0
DA:283,0
DA:284,0
DA:286,0
DA:290,0
DA:291,0
DA:292,0
DA:293,0
DA:295,0
DA:300,0
DA:301,0
DA:302,0
DA:304,0
DA:305,0
DA:306,0
DA:310,0
DA:312,0
DA:316,0
DA:317,0
DA:318,0
DA:319,0
DA:326,0
DA:328,0
DA:332,0
DA:333,0
DA:334,0
DA:335,0
DA:342,0
DA:344,0
DA:348,0
DA:349,0
DA:350,0
DA:351,0
DA:358,0
DA:360,0
DA:364,0
LF:143
LH:0
BRDA:46,0,0,0
BRDA:46,0,1,0
BRDA:48,1,0,0
BRDA:48,1,1,0
BRDA:103,2,0,0
BRDA:103,2,1,0
BRDA:127,3,0,0
BRDA:127,3,1,0
BRDA:154,4,0,0
BRDA:154,4,1,0
BRDA:179,5,0,0
BRDA:179,5,1,0
BRDA:184,6,0,0
BRDA:184,6,1,0
BRDA:320,7,0,0
BRDA:320,7,1,0
BRDA:336,8,0,0
BRDA:336,8,1,0
BRDA:352,9,0,0
BRDA:352,9,1,0
BRF:20
BRH:0
end_of_record
TN:
SF:src\routes\config.js
FN:9,(anonymous_0)
FNF:1
FNH:0
FNDA:0,(anonymous_0)
DA:1,0
DA:2,0
DA:4,0
DA:6,0
DA:7,0
DA:9,0
DA:10,0
DA:11,0
DA:15,0
DA:17,0
DA:18,0
DA:20,0
DA:24,0
LF:13
LH:0
BRDA:17,0,0,0
BRDA:17,0,1,0
BRDA:17,1,0,0
BRDA:17,1,1,0
BRF:4
BRH:0
end_of_record
TN:
SF:src\routes\dashboard.js
FN:9,parseOptionalInt
FN:17,(anonymous_1)
FN:34,(anonymous_2)
FN:82,(anonymous_3)
FNF:4
FNH:0
FNDA:0,parseOptionalInt
FNDA:0,(anonymous_1)
FNDA:0,(anonymous_2)
FNDA:0,(anonymous_3)
DA:1,0
DA:2,0
DA:3,0
DA:4,0
DA:6,0
DA:7,0
DA:10,0
DA:11,0
DA:13,0
DA:14,0
DA:17,0
DA:18,0
DA:20,0
DA:21,0
DA:28,0
DA:30,0
DA:34,0
DA:35,0
DA:42,0
DA:44,0
DA:45,0
DA:50,0
DA:51,0
DA:53,0
DA:54,0
DA:59,0
DA:60,0
DA:65,0
DA:73,0
DA:75,0
DA:76,0
DA:78,0
DA:82,0
DA:83,0
DA:84,0
DA:85,0
DA:87,0
DA:88,0
DA:89,0
DA:92,0
DA:93,0
DA:99,0
DA:100,0
DA:102,0
DA:103,0
DA:105,0
DA:109,0
LF:47
LH:0
BRDA:10,0,0,0
BRDA:10,0,1,0
BRDA:10,1,0,0
BRDA:10,1,1,0
BRDA:14,2,0,0
BRDA:14,2,1,0
BRDA:38,3,0,0
BRDA:39,4,0,0
BRDA:44,5,0,0
BRDA:44,5,1,0
BRDA:44,6,0,0
BRDA:44,6,1,0
BRDA:53,7,0,0
BRDA:53,7,1,0
BRDA:53,8,0,0
BRDA:53,8,1,0
BRDA:53,8,2,0
BRDA:59,9,0,0
BRDA:59,9,1,0
BRDA:59,10,0,0
BRDA:59,10,1,0
BRDA:59,10,2,0
BRDA:75,11,0,0
BRDA:75,11,1,0
BRDA:85,12,0,0
BRDA:85,12,1,0
BRDA:87,13,0,0
BRDA:87,13,1,0
BRDA:92,14,0,0
BRDA:92,14,1,0
BRDA:92,15,0,0
BRDA:92,15,1,0
BRDA:92,15,2,0
BRDA:102,16,0,0
BRDA:102,16,1,0
BRF:35
BRH:0
end_of_record
TN:
SF:src\routes\health.js
FN:7,(anonymous_0)
FN:22,(anonymous_1)
FNF:2
FNH:0
FNDA:0,(anonymous_0)
FNDA:0,(anonymous_1)
DA:1,0
DA:2,0
DA:3,0
DA:5,0
DA:7,0
DA:8,0
DA:9,0
DA:10,0
DA:16,0
DA:18,0
DA:22,0
DA:27,0
DA:36,0
LF:13
LH:0
BRF:0
BRH:0
end_of_record
TN:
SF:src\routes\importacao.js
FN:34,parseResolucoes
FN:51,resolucaoMap
FN:61,updateArquivoPath
FN:106,triggerConsolidation
FN:127,(anonymous_4)
FN:179,(anonymous_5)
FN:184,(anonymous_6)
FN:192,(anonymous_7)
FN:199,(anonymous_8)
FN:270,(anonymous_9)
FN:273,(anonymous_10)
FN:278,(anonymous_11)
FN:287,(anonymous_12)
FN:307,(anonymous_13)
FN:338,(anonymous_14)
FN:350,(anonymous_15)
FN:387,(anonymous_16)
FN:428,(anonymous_17)
FN:496,(anonymous_18)
FNF:19
FNH:0
FNDA:0,parseResolucoes
FNDA:0,resolucaoMap
FNDA:0,updateArquivoPath
FNDA:0,triggerConsolidation
FNDA:0,(anonymous_4)
FNDA:0,(anonymous_5)
FNDA:0,(anonymous_6)
FNDA:0,(anonymous_7)
FNDA:0,(anonymous_8)
FNDA:0,(anonymous_9)
FNDA:0,(anonymous_10)
FNDA:0,(anonymous_11)
FNDA:0,(anonymous_12)
FNDA:0,(anonymous_13)
FNDA:0,(anonymous_14)
FNDA:0,(anonymous_15)
FNDA:0,(anonymous_16)
FNDA:0,(anonymous_17)
FNDA:0,(anonymous_18)
DA:1,0
DA:2,0
DA:3,0
DA:5,0
DA:6,0
DA:7,0
DA:14,0
DA:15,0
DA:24,0
DA:26,0
DA:28,0
DA:29,0
DA:35,0
DA:36,0
DA:38,0
DA:39,0
DA:40,0
DA:42,0
DA:45,0
DA:46,0
DA:48,0
DA:52,0
DA:53,0
DA:54,0
DA:55,0
DA:58,0
DA:62,0
DA:63,0
DA:82,0
DA:85,0
DA:107,0
DA:108,0
DA:121,0
DA:123,0
DA:127,0
DA:128,0
DA:129,0
DA:130,0
DA:133,0
DA:134,0
DA:136,0
DA:137,0
DA:138,0
DA:139,0
DA:140,0
DA:141,0
DA:145,0
DA:148,0
DA:152,0
DA:153,0
DA:155,0
DA:157,0
DA:162,0
DA:166,0
DA:167,0
DA:177,0
DA:179,0
DA:180,0
DA:184,0
DA:185,0
DA:186,0
DA:187,0
DA:190,0
DA:191,0
DA:192,0
DA:193,0
DA:196,0
DA:197,0
DA:198,0
DA:199,0
DA:200,0
DA:206,0
DA:207,0
DA:208,0
DA:210,0
DA:211,0
DA:212,0
DA:213,0
DA:214,0
DA:215,0
DA:219,0
DA:222,0
DA:224,0
DA:229,0
DA:231,0
DA:232,0
DA:236,0
DA:238,0
DA:239,0
DA:249,0
DA:250,0
DA:251,0
DA:256,0
DA:257,0
DA:259,0
DA:260,0
DA:264,0
DA:266,0
DA:270,0
DA:271,0
DA:273,0
DA:274,0
DA:278,0
DA:279,0
DA:280,0
DA:281,0
DA:283,0
DA:287,0
DA:288,0
DA:289,0
DA:290,0
DA:298,0
DA:300,0
DA:301,0
DA:303,0
DA:307,0
DA:308,0
DA:309,0
DA:314,0
DA:315,0
DA:318,0
DA:319,0
DA:329,0
DA:331,0
DA:332,0
DA:334,0
DA:338,0
DA:339,0
DA:340,0
DA:341,0
DA:343,0
DA:344,0
DA:346,0
DA:350,0
DA:351,0
DA:352,0
DA:353,0
DA:354,0
DA:356,0
DA:357,0
DA:358,0
DA:360,0
DA:361,0
DA:362,0
DA:365,0
DA:366,0
DA:381,0
DA:383,0
DA:387,0
DA:388,0
DA:389,0
DA:390,0
DA:391,0
DA:394,0
DA:395,0
DA:396,0
DA:400,0
DA:407,0
DA:408,0
DA:422,0
DA:424,0
DA:428,0
DA:429,0
DA:430,0
DA:431,0
DA:434,0
DA:435,0
DA:436,0
DA:437,0
DA:440,0
DA:441,0
DA:442,0
DA:443,0
DA:444,0
DA:445,0
DA:448,0
DA:454,0
DA:455,0
DA:457,0
DA:459,0
DA:461,0
DA:467,0
DA:468,0
DA:475,0
DA:484,0
DA:491,0
DA:492,0
DA:496,0
DA:497,0
DA:498,0
DA:502,0
DA:503,0
DA:506,0
DA:507,0
DA:510,0
DA:511,0
DA:513,0
DA:517,0
LF:198
LH:0
BRDA:28,0,0,0
BRDA:28,0,1,0
BRDA:35,1,0,0
BRDA:35,1,1,0
BRDA:35,2,0,0
BRDA:35,2,1,0
BRDA:38,3,0,0
BRDA:38,3,1,0
BRDA:45,4,0,0
BRDA:45,4,1,0
BRDA:54,5,0,0
BRDA:54,5,1,0
BRDA:61,6,0,0
BRDA:62,7,0,0
BRDA:62,7,1,0
BRDA:62,8,0,0
BRDA:62,8,1,0
BRDA:109,9,0,0
BRDA:109,9,1,0
BRDA:109,10,0,0
BRDA:109,10,1,0
BRDA:129,11,0,0
BRDA:129,11,1,0
BRDA:140,12,0,0
BRDA:140,12,1,0
BRDA:152,13,0,0
BRDA:152,13,1,0
BRDA:159,14,0,0
BRDA:159,14,1,0
BRDA:166,15,0,0
BRDA:166,15,1,0
BRDA:186,16,0,0
BRDA:186,16,1,0
BRDA:191,17,0,0
BRDA:191,17,1,0
BRDA:198,18,0,0
BRDA:198,18,1,0
BRDA:213,19,0,0
BRDA:213,19,1,0
BRDA:250,20,0,0
BRDA:250,20,1,0
BRDA:256,21,0,0
BRDA:256,21,1,0
BRDA:259,22,0,0
BRDA:259,22,1,0
BRDA:271,23,0,0
BRDA:271,23,1,0
BRDA:300,24,0,0
BRDA:300,24,1,0
BRDA:314,25,0,0
BRDA:314,25,1,0
BRDA:321,26,0,0
BRDA:321,26,1,0
BRDA:322,27,0,0
BRDA:322,27,1,0
BRDA:323,28,0,0
BRDA:323,28,1,0
BRDA:331,29,0,0
BRDA:331,29,1,0
BRDA:343,30,0,0
BRDA:343,30,1,0
BRDA:356,31,0,0
BRDA:356,31,1,0
BRDA:360,32,0,0
BRDA:360,32,1,0
BRDA:365,33,0,0
BRDA:365,33,1,0
BRDA:390,34,0,0
BRDA:390,34,1,0
BRDA:395,35,0,0
BRDA:395,35,1,0
BRDA:400,36,0,0
BRDA:400,36,1,0
BRDA:400,37,0,0
BRDA:400,37,1,0
BRDA:414,38,0,0
BRDA:414,38,1,0
BRDA:414,39,0,0
BRDA:414,39,1,0
BRDA:430,40,0,0
BRDA:430,40,1,0
BRDA:435,41,0,0
BRDA:435,41,1,0
BRDA:443,42,0,0
BRDA:443,42,1,0
BRDA:454,43,0,0
BRDA:454,43,1,0
BRDA:454,44,0,0
BRDA:454,44,1,0
BRDA:461,45,0,0
BRDA:461,45,1,0
BRDA:461,46,0,0
BRDA:461,46,1,0
BRDA:477,47,0,0
BRDA:477,47,1,0
BRDA:477,48,0,0
BRDA:477,48,1,0
BRDA:502,49,0,0
BRDA:502,49,1,0
BRDA:506,50,0,0
BRDA:506,50,1,0
BRF:101
BRH:0
end_of_record
TN:
SF:src\routes\painelMetricasCadastrosRoutes.js
FN:9,registerPainelMetricasCadastrosRoutes
FN:10,(anonymous_1)
FN:24,(anonymous_2)
FN:33,(anonymous_3)
FNF:4
FNH:0
FNDA:0,registerPainelMetricasCadastrosRoutes
FNDA:0,(anonymous_1)
FNDA:0,(anonymous_2)
FNDA:0,(anonymous_3)
DA:1,0
DA:2,0
DA:7,0
DA:10,0
DA:11,0
DA:12,0
DA:18,0
DA:20,0
DA:24,0
DA:25,0
DA:26,0
DA:27,0
DA:29,0
DA:33,0
DA:34,0
DA:35,0
DA:36,0
DA:38,0
DA:46,0
DA:48,0
DA:53,0
LF:21
LH:0
BRF:0
BRH:0
end_of_record
TN:
SF:src\routes\painelWidgetsCadastrosRoutes.js
FN:13,registerPainelWidgetsCadastrosRoutes
FN:14,(anonymous_1)
FN:28,(anonymous_2)
FN:37,(anonymous_3)
FN:61,(anonymous_4)
FN:85,(anonymous_5)
FN:115,(anonymous_6)
FN:136,(anonymous_7)
FNF:8
FNH:0
FNDA:0,registerPainelWidgetsCadastrosRoutes
FNDA:0,(anonymous_1)
FNDA:0,(anonymous_2)
FNDA:0,(anonymous_3)
FNDA:0,(anonymous_4)
FNDA:0,(anonymous_5)
FNDA:0,(anonymous_6)
FNDA:0,(anonymous_7)
DA:1,0
DA:2,0
DA:11,0
DA:14,0
DA:15,0
DA:16,0
DA:17,0
DA:22,0
DA:24,0
DA:28,0
DA:29,0
DA:30,0
DA:31,0
DA:33,0
DA:37,0
DA:38,0
DA:39,0
DA:40,0
DA:42,0
DA:55,0
DA:57,0
DA:61,0
DA:62,0
DA:63,0
DA:64,0
DA:66,0
DA:79,0
DA:81,0
DA:85,0
DA:86,0
DA:87,0
DA:88,0
DA:89,0
DA:94,0
DA:95,0
DA:97,0
DA:109,0
DA:111,0
DA:115,0
DA:116,0
DA:117,0
DA:118,0
DA:120,0
DA:130,0
DA:132,0
DA:136,0
DA:137,0
DA:138,0
DA:139,0
DA:140,0
DA:141,0
DA:143,0
DA:148,0
LF:53
LH:0
BRDA:16,0,0,0
BRDA:16,1,0,0
BRDA:20,2,0,0
BRDA:20,2,1,0
BRDA:87,3,0,0
BRDA:87,3,1,0
BRDA:88,4,0,0
BRDA:88,4,1,0
BRDA:88,5,0,0
BRDA:88,5,1,0
BRDA:88,5,2,0
BRDA:88,5,3,0
BRDA:138,6,0,0
BRDA:138,6,1,0
BRDA:139,7,0,0
BRDA:139,7,1,0
BRDA:140,8,0,0
BRDA:140,8,1,0
BRF:18
BRH:0
end_of_record
TN:
SF:src\routes\populacao.js
FN:11,(anonymous_0)
FN:20,(anonymous_1)
FNF:2
FNH:0
FNDA:0,(anonymous_0)
FNDA:0,(anonymous_1)
DA:1,0
DA:2,0
DA:7,0
DA:9,0
DA:11,0
DA:12,0
DA:13,0
DA:14,0
DA:16,0
DA:20,0
DA:21,0
DA:22,0
DA:24,0
DA:25,0
DA:26,0
DA:30,0
DA:34,0
DA:35,0
DA:38,0
DA:43,0
DA:44,0
DA:49,0
DA:51,0
DA:55,0
LF:24
LH:0
BRDA:25,0,0,0
BRDA:25,0,1,0
BRDA:30,1,0,0
BRDA:30,1,1,0
BRDA:30,2,0,0
BRDA:30,2,1,0
BRDA:34,3,0,0
BRDA:34,3,1,0
BRDA:34,4,0,0
BRDA:34,4,1,0
BRDA:34,4,2,0
BRDA:43,5,0,0
BRDA:43,5,1,0
BRF:13
BRH:0
end_of_record
TN:
SF:src\routes\sia.js
FN:10,normalizeCompetencia
FN:17,getCompetenciaImportada
FN:50,(anonymous_2)
FN:90,(anonymous_3)
FN:99,(anonymous_4)
FN:116,(anonymous_5)
FN:129,(anonymous_6)
FNF:7
FNH:0
FNDA:0,normalizeCompetencia
FNDA:0,getCompetenciaImportada
FNDA:0,(anonymous_2)
FNDA:0,(anonymous_3)
FNDA:0,(anonymous_4)
FNDA:0,(anonymous_5)
FNDA:0,(anonymous_6)
DA:1,0
DA:2,0
DA:3,0
DA:4,0
DA:5,0
DA:6,0
DA:8,0
DA:11,0
DA:12,0
DA:14,0
DA:18,0
DA:19,0
DA:20,0
DA:23,0
DA:33,0
DA:34,0
DA:42,0
DA:50,0
DA:51,0
DA:52,0
DA:53,0
DA:54,0
DA:56,0
DA:57,0
DA:60,0
DA:61,0
DA:62,0
DA:70,0
DA:74,0
DA:76,0
DA:77,0
DA:78,0
DA:80,0
DA:84,0
DA:86,0
DA:90,0
DA:91,0
DA:92,0
DA:93,0
DA:94,0
DA:96,0
DA:99,0
DA:100,0
DA:101,0
DA:102,0
DA:103,0
DA:106,0
DA:107,0
DA:112,0
DA:116,0
DA:117,0
DA:118,0
DA:123,0
DA:125,0
DA:129,0
DA:130,0
DA:131,0
DA:132,0
DA:134,0
DA:138,0
LF:60
LH:0
BRDA:11,0,0,0
BRDA:11,0,1,0
BRDA:11,1,0,0
BRDA:11,1,1,0
BRDA:19,2,0,0
BRDA:19,2,1,0
BRDA:33,3,0,0
BRDA:33,3,1,0
BRDA:45,4,0,0
BRDA:45,4,1,0
BRDA:52,5,0,0
BRDA:52,5,1,0
BRDA:53,6,0,0
BRDA:53,6,1,0
BRDA:56,7,0,0
BRDA:56,7,1,0
BRDA:56,8,0,0
BRDA:56,8,1,0
BRDA:61,9,0,0
BRDA:61,9,1,0
BRDA:61,10,0,0
BRDA:61,10,1,0
BRDA:72,11,0,0
BRDA:72,11,1,0
BRDA:76,12,0,0
BRDA:76,12,1,0
BRDA:76,13,0,0
BRDA:76,13,1,0
BRDA:93,14,0,0
BRDA:93,14,1,0
BRDA:101,15,0,0
BRDA:101,15,1,0
BRDA:102,16,0,0
BRDA:102,16,1,0
BRF:34
BRH:0
end_of_record
TN:
SF:src\routes\sih.js
FN:16,normalizeCompetencia
FN:24,(anonymous_1)
FN:76,(anonymous_2)
FN:86,(anonymous_3)
FN:100,(anonymous_4)
FN:115,(anonymous_5)
FN:125,(anonymous_6)
FNF:7
FNH:0
FNDA:0,normalizeCompetencia
FNDA:0,(anonymous_1)
FNDA:0,(anonymous_2)
FNDA:0,(anonymous_3)
FNDA:0,(anonymous_4)
FNDA:0,(anonymous_5)
FNDA:0,(anonymous_6)
DA:3,0
DA:4,0
DA:9,0
DA:10,0
DA:11,0
DA:12,0
DA:14,0
DA:17,0
DA:18,0
DA:19,0
DA:20,0
DA:24,0
DA:25,0
DA:26,0
DA:28,0
DA:29,0
DA:31,0
DA:32,0
DA:35,0
DA:36,0
DA:37,0
DA:46,0
DA:52,0
DA:53,0
DA:60,0
DA:61,0
DA:62,0
DA:63,0
DA:65,0
DA:69,0
DA:71,0
DA:76,0
DA:77,0
DA:78,0
DA:79,0
DA:80,0
DA:82,0
DA:86,0
DA:87,0
DA:88,0
DA:89,0
DA:90,0
DA:92,0
DA:93,0
DA:95,0
DA:100,0
DA:101,0
DA:102,0
DA:108,0
DA:110,0
DA:115,0
DA:116,0
DA:117,0
DA:118,0
DA:120,0
DA:125,0
DA:126,0
DA:127,0
DA:128,0
DA:130,0
DA:134,0
LF:61
LH:0
BRDA:17,0,0,0
BRDA:17,0,1,0
BRDA:17,1,0,0
BRDA:17,1,1,0
BRDA:19,2,0,0
BRDA:19,2,1,0
BRDA:19,3,0,0
BRDA:19,3,1,0
BRDA:26,4,0,0
BRDA:26,4,1,0
BRDA:28,5,0,0
BRDA:28,5,1,0
BRDA:31,6,0,0
BRDA:31,6,1,0
BRDA:31,7,0,0
BRDA:31,7,1,0
BRDA:36,8,0,0
BRDA:36,8,1,0
BRDA:36,9,0,0
BRDA:36,9,1,0
BRDA:48,10,0,0
BRDA:48,10,1,0
BRDA:52,11,0,0
BRDA:52,11,1,0
BRDA:61,12,0,0
BRDA:61,12,1,0
BRDA:61,13,0,0
BRDA:61,13,1,0
BRDA:79,14,0,0
BRDA:79,14,1,0
BRDA:88,15,0,0
BRDA:88,15,1,0
BRDA:89,16,0,0
BRDA:89,16,1,0
BRF:34
BRH:0
end_of_record
TN:
SF:src\services\auditService.js
FN:3,logAudit
FNF:1
FNH:0
FNDA:0,logAudit
DA:1,0
DA:4,0
DA:11,0
LF:3
LH:0
BRDA:3,0,0,0
BRDA:3,1,0,0
BRDA:3,2,0,0
BRDA:3,3,0,0
BRF:4
BRH:0
end_of_record
TN:
SF:src\services\authService.js
FN:7,jwtExpiresIn
FN:11,jwtSecret
FN:19,findUserByUsername
FN:29,verifyPassword
FN:33,signToken
FN:46,toPublicUser
FN:54,authenticate
FNF:7
FNH:0
FNDA:0,jwtExpiresIn
FNDA:0,jwtSecret
FNDA:0,findUserByUsername
FNDA:0,verifyPassword
FNDA:0,signToken
FNDA:0,toPublicUser
FNDA:0,authenticate
DA:1,0
DA:2,0
DA:3,0
DA:5,0
DA:8,0
DA:12,0
DA:13,0
DA:14,0
DA:16,0
DA:20,0
DA:26,0
DA:30,0
DA:34,0
DA:47,0
DA:55,0
DA:56,0
DA:57,0
DA:60,0
DA:61,0
DA:62,0
DA:65,0
DA:67,0
DA:75,0
LF:23
LH:0
BRDA:8,0,0,0
BRDA:8,0,1,0
BRDA:13,1,0,0
BRDA:13,1,1,0
BRDA:26,2,0,0
BRDA:26,2,1,0
BRDA:56,3,0,0
BRDA:56,3,1,0
BRDA:56,4,0,0
BRDA:56,4,1,0
BRDA:61,5,0,0
BRDA:61,5,1,0
BRF:12
BRH:0
end_of_record
TN:
SF:src\services\backupService.js
FN:16,backupDir
FN:20,ensureBackupDir
FN:26,pgEnv
FN:37,timestampLabel
FN:41,buildFilename
FN:45,safeBackupFilename
FN:53,resolveBackupPath
FN:65,commandExists
FN:66,(anonymous_8)
FN:68,(anonymous_9)
FN:69,(anonymous_10)
FN:73,runCommand
FN:74,(anonymous_12)
FN:82,(anonymous_13)
FN:83,(anonymous_14)
FN:85,(anonymous_15)
FN:96,runPgDumpToFile
FN:109,runPsqlFile
FN:113,sqlLiteral
FN:135,listPublicTables
FN:142,(anonymous_20)
FN:145,exportDataSql
FN:155,(anonymous_22)
FN:165,(anonymous_23)
FN:167,(anonymous_24)
FN:194,createBackupPureJs
FN:204,restorePureJs
FN:214,statToMeta
FN:223,pruneOldBackups
FN:227,(anonymous_29)
FN:228,(anonymous_30)
FN:232,(anonymous_31)
FN:239,createBackup
FN:255,listBackups
FN:259,(anonymous_34)
FN:260,(anonymous_35)
FN:261,(anonymous_36)
FN:264,deleteBackup
FN:273,assertRestoreSize
FN:280,assertRestoreConfirm
FN:286,restoreBackupFile
FN:299,restoreFromStored
FN:308,restoreFromUpload
FNF:43
FNH:0
FNDA:0,backupDir
FNDA:0,ensureBackupDir
FNDA:0,pgEnv
FNDA:0,timestampLabel
FNDA:0,buildFilename
FNDA:0,safeBackupFilename
FNDA:0,resolveBackupPath
FNDA:0,commandExists
FNDA:0,(anonymous_8)
FNDA:0,(anonymous_9)
FNDA:0,(anonymous_10)
FNDA:0,runCommand
FNDA:0,(anonymous_12)
FNDA:0,(anonymous_13)
FNDA:0,(anonymous_14)
FNDA:0,(anonymous_15)
FNDA:0,runPgDumpToFile
FNDA:0,runPsqlFile
FNDA:0,sqlLiteral
FNDA:0,listPublicTables
FNDA:0,(anonymous_20)
FNDA:0,exportDataSql
FNDA:0,(anonymous_22)
FNDA:0,(anonymous_23)
FNDA:0,(anonymous_24)
FNDA:0,createBackupPureJs
FNDA:0,restorePureJs
FNDA:0,statToMeta
FNDA:0,pruneOldBackups
FNDA:0,(anonymous_29)
FNDA:0,(anonymous_30)
FNDA:0,(anonymous_31)
FNDA:0,createBackup
FNDA:0,listBackups
FNDA:0,(anonymous_34)
FNDA:0,(anonymous_35)
FNDA:0,(anonymous_36)
FNDA:0,deleteBackup
FNDA:0,assertRestoreSize
FNDA:0,assertRestoreConfirm
FNDA:0,restoreBackupFile
FNDA:0,restoreFromStored
FNDA:0,restoreFromUpload
DA:1,0
DA:2,0
DA:3,0
DA:4,0
DA:5,0
DA:7,0
DA:8,0
DA:9,0
DA:10,0
DA:11,0
DA:12,0
DA:14,0
DA:17,0
DA:21,0
DA:22,0
DA:23,0
DA:27,0
DA:38,0
DA:42,0
DA:46,0
DA:47,0
DA:48,0
DA:50,0
DA:54,0
DA:55,0
DA:56,0
DA:58,0
DA:59,0
DA:60,0
DA:62,0
DA:66,0
DA:67,0
DA:68,0
DA:69,0
DA:74,0
DA:75,0
DA:76,0
DA:82,0
DA:83,0
DA:84,0
DA:85,0
DA:86,0
DA:87,0
DA:88,0
DA:90,0
DA:97,0
DA:110,0
DA:114,0
DA:115,0
DA:117,0
DA:118,0
DA:120,0
DA:121,0
DA:123,0
DA:124,0
DA:126,0
DA:127,0
DA:129,0
DA:130,0
DA:132,0
DA:136,0
DA:142,0
DA:146,0
DA:147,0
DA:154,0
DA:155,0
DA:156,0
DA:159,0
DA:160,0
DA:161,0
DA:162,0
DA:164,0
DA:165,0
DA:166,0
DA:167,0
DA:168,0
DA:174,0
DA:175,0
DA:183,0
DA:184,0
DA:190,0
DA:191,0
DA:195,0
DA:196,0
DA:197,0
DA:198,0
DA:200,0
DA:205,0
DA:206,0
DA:207,0
DA:208,0
DA:210,0
DA:215,0
DA:216,0
DA:224,0
DA:225,0
DA:227,0
DA:228,0
DA:232,0
DA:234,0
DA:235,0
DA:240,0
DA:241,0
DA:242,0
DA:244,0
DA:245,0
DA:246,0
DA:248,0
DA:251,0
DA:252,0
DA:256,0
DA:257,0
DA:259,0
DA:260,0
DA:261,0
DA:265,0
DA:266,0
DA:267,0
DA:269,0
DA:270,0
DA:274,0
DA:275,0
DA:276,0
DA:281,0
DA:282,0
DA:287,0
DA:289,0
DA:290,0
DA:291,0
DA:292,0
DA:295,0
DA:296,0
DA:300,0
DA:301,0
DA:302,0
DA:303,0
DA:305,0
DA:309,0
DA:310,0
DA:313,0
LF:140
LH:0
BRDA:12,0,0,0
BRDA:12,0,1,0
BRDA:14,1,0,0
BRDA:14,1,1,0
BRDA:30,2,0,0
BRDA:30,2,1,0
BRDA:37,3,0,0
BRDA:41,4,0,0
BRDA:46,5,0,0
BRDA:46,5,1,0
BRDA:47,6,0,0
BRDA:47,6,1,0
BRDA:55,7,0,0
BRDA:55,7,1,0
BRDA:59,8,0,0
BRDA:59,8,1,0
BRDA:73,9,0,0
BRDA:86,10,0,0
BRDA:86,10,1,0
BRDA:88,11,0,0
BRDA:88,11,1,0
BRDA:114,12,0,0
BRDA:114,12,1,0
BRDA:114,13,0,0
BRDA:114,13,1,0
BRDA:117,14,0,0
BRDA:117,14,1,0
BRDA:118,15,0,0
BRDA:118,15,1,0
BRDA:120,16,0,0
BRDA:120,16,1,0
BRDA:123,17,0,0
BRDA:123,17,1,0
BRDA:126,18,0,0
BRDA:126,18,1,0
BRDA:129,19,0,0
BRDA:129,19,1,0
BRDA:129,20,0,0
BRDA:129,20,1,0
BRDA:154,21,0,0
BRDA:154,21,1,0
BRDA:161,22,0,0
BRDA:161,22,1,0
BRDA:245,23,0,0
BRDA:245,23,1,0
BRDA:266,24,0,0
BRDA:266,24,1,0
BRDA:275,25,0,0
BRDA:275,25,1,0
BRDA:281,26,0,0
BRDA:281,26,1,0
BRDA:281,27,0,0
BRDA:281,27,1,0
BRDA:290,28,0,0
BRDA:290,28,1,0
BRDA:302,29,0,0
BRDA:302,29,1,0
BRF:57
BRH:0
end_of_record
TN:
SF:src\services\cadastroReferenciaService.js
FN:7,canonicalCode
FN:22,canonicalFormaFromSigtap
FN:27,canonicalCboCode
FN:35,resolveFormaDescricao
FN:47,resolveCboDescricao
FNF:5
FNH:0
FNDA:0,canonicalCode
FNDA:0,canonicalFormaFromSigtap
FNDA:0,canonicalCboCode
FNDA:0,resolveFormaDescricao
FNDA:0,resolveCboDescricao
DA:1,0
DA:8,0
DA:9,0
DA:11,0
DA:12,0
DA:13,0
DA:15,0
DA:16,0
DA:18,0
DA:23,0
DA:28,0
DA:31,0
DA:33,0
DA:36,0
DA:37,0
DA:38,0
DA:40,0
DA:44,0
DA:48,0
DA:49,0
DA:50,0
DA:52,0
DA:56,0
DA:59,0
LF:24
LH:0
BRDA:7,0,0,0
BRDA:8,1,0,0
BRDA:8,1,1,0
BRDA:8,2,0,0
BRDA:8,2,1,0
BRDA:12,3,0,0
BRDA:12,3,1,0
BRDA:15,4,0,0
BRDA:15,4,1,0
BRDA:37,5,0,0
BRDA:37,5,1,0
BRDA:44,6,0,0
BRDA:44,6,1,0
BRDA:49,7,0,0
BRDA:49,7,1,0
BRDA:56,8,0,0
BRDA:56,8,1,0
BRF:17
BRH:0
end_of_record
TN:
SF:src\services\cadastroRegistry.js
FNF:0
FNH:0
DA:1,0
DA:36,0
LF:2
LH:0
BRF:0
BRH:0
end_of_record
TN:
SF:src\services\cadastrosService.js
FN:4,validateRequired
FN:5,(anonymous_1)
FN:20,pickFields
FN:30,buildInsert
FN:32,(anonymous_4)
FN:39,buildUpdate
FN:40,(anonymous_6)
FN:47,assertActiveEstabelecimento
FN:60,validateEntityFk
FN:71,listEntity
FN:117,createEntity
FN:130,(anonymous_11)
FN:135,updateEntity
FN:155,(anonymous_13)
FN:169,inactivateEntity
FNF:15
FNH:0
FNDA:0,validateRequired
FNDA:0,(anonymous_1)
FNDA:0,pickFields
FNDA:0,buildInsert
FNDA:0,(anonymous_4)
FNDA:0,buildUpdate
FNDA:0,(anonymous_6)
FNDA:0,assertActiveEstabelecimento
FNDA:0,validateEntityFk
FNDA:0,listEntity
FNDA:0,createEntity
FNDA:0,(anonymous_11)
FNDA:0,updateEntity
FNDA:0,(anonymous_13)
FNDA:0,inactivateEntity
DA:1,0
DA:2,0
DA:5,0
DA:6,0
DA:7,0
DA:10,0
DA:11,0
DA:17,0
DA:21,0
DA:22,0
DA:23,0
DA:24,0
DA:27,0
DA:31,0
DA:32,0
DA:33,0
DA:40,0
DA:41,0
DA:48,0
DA:53,0
DA:54,0
DA:55,0
DA:56,0
DA:61,0
DA:62,0
DA:63,0
DA:66,0
DA:67,0
DA:72,0
DA:73,0
DA:74,0
DA:75,0
DA:76,0
DA:79,0
DA:82,0
DA:87,0
DA:90,0
DA:91,0
DA:93,0
DA:94,0
DA:95,0
DA:100,0
DA:103,0
DA:104,0
DA:105,0
DA:109,0
DA:110,0
DA:113,0
DA:114,0
DA:118,0
DA:119,0
DA:120,0
DA:121,0
DA:122,0
DA:123,0
DA:126,0
DA:127,0
DA:129,0
DA:130,0
DA:131,0
DA:132,0
DA:136,0
DA:137,0
DA:139,0
DA:140,0
DA:141,0
DA:142,0
DA:145,0
DA:147,0
DA:148,0
DA:151,0
DA:152,0
DA:155,0
DA:158,0
DA:160,0
DA:161,0
DA:162,0
DA:163,0
DA:166,0
DA:170,0
DA:171,0
DA:176,0
DA:177,0
DA:178,0
DA:179,0
DA:182,0
DA:185,0
LF:87
LH:0
BRDA:7,0,0,0
BRDA:7,0,1,0
BRDA:7,0,2,0
BRDA:10,1,0,0
BRDA:10,1,1,0
BRDA:13,2,0,0
BRDA:13,2,1,0
BRDA:23,3,0,0
BRDA:23,3,1,0
BRDA:53,4,0,0
BRDA:53,4,1,0
BRDA:62,5,0,0
BRDA:62,5,1,0
BRDA:66,6,0,0
BRDA:66,6,1,0
BRDA:66,7,0,0
BRDA:66,7,1,0
BRDA:71,8,0,0
BRDA:73,9,0,0
BRDA:73,9,1,0
BRDA:82,10,0,0
BRDA:82,10,1,0
BRDA:83,11,0,0
BRDA:83,11,1,0
BRDA:83,11,2,0
BRDA:93,12,0,0
BRDA:93,12,1,0
BRDA:93,13,0,0
BRDA:93,13,1,0
BRDA:103,14,0,0
BRDA:103,14,1,0
BRDA:103,15,0,0
BRDA:103,15,1,0
BRDA:109,16,0,0
BRDA:109,16,1,0
BRDA:120,17,0,0
BRDA:120,17,1,0
BRDA:130,18,0,0
BRDA:130,18,1,0
BRDA:139,19,0,0
BRDA:139,19,1,0
BRDA:147,20,0,0
BRDA:147,20,1,0
BRDA:155,21,0,0
BRDA:155,21,1,0
BRDA:160,22,0,0
BRDA:160,22,1,0
BRDA:176,23,0,0
BRDA:176,23,1,0
BRF:49
BRH:0
end_of_record
TN:
SF:src\services\cadastrosSync.js
FN:12,scriptPath
FN:19,pythonBin
FN:23,parseSyncOutput
FN:36,mapSyncRow
FN:74,runSyncSubprocess
FN:75,(anonymous_5)
FN:86,(anonymous_6)
FN:95,(anonymous_7)
FN:102,(anonymous_8)
FN:105,(anonymous_9)
FN:109,(anonymous_10)
FN:111,(anonymous_11)
FN:139,sincronizar
FN:158,_resetSyncLockForTests
FN:162,listSyncHistory
FN:197,getLatestSync
FNF:16
FNH:0
FNDA:0,scriptPath
FNDA:0,pythonBin
FNDA:0,parseSyncOutput
FNDA:0,mapSyncRow
FNDA:0,runSyncSubprocess
FNDA:0,(anonymous_5)
FNDA:0,(anonymous_6)
FNDA:0,(anonymous_7)
FNDA:0,(anonymous_8)
FNDA:0,(anonymous_9)
FNDA:0,(anonymous_10)
FNDA:0,(anonymous_11)
FNDA:0,sincronizar
FNDA:0,_resetSyncLockForTests
FNDA:0,listSyncHistory
FNDA:0,getLatestSync
DA:1,0
DA:2,0
DA:3,0
DA:5,0
DA:10,0
DA:13,0
DA:20,0
DA:24,0
DA:25,0
DA:26,0
DA:29,0
DA:30,0
DA:31,0
DA:33,0
DA:37,0
DA:38,0
DA:41,0
DA:75,0
DA:76,0
DA:77,0
DA:82,0
DA:83,0
DA:84,0
DA:86,0
DA:87,0
DA:88,0
DA:90,0
DA:91,0
DA:92,0
DA:95,0
DA:96,0
DA:97,0
DA:98,0
DA:99,0
DA:102,0
DA:103,0
DA:105,0
DA:106,0
DA:109,0
DA:111,0
DA:112,0
DA:113,0
DA:114,0
DA:115,0
DA:116,0
DA:122,0
DA:123,0
DA:126,0
DA:127,0
DA:128,0
DA:129,0
DA:132,0
DA:133,0
DA:134,0
DA:140,0
DA:141,0
DA:142,0
DA:143,0
DA:146,0
DA:147,0
DA:149,0
DA:150,0
DA:152,0
DA:153,0
DA:159,0
DA:163,0
DA:164,0
DA:165,0
DA:167,0
DA:170,0
DA:172,0
DA:186,0
DA:198,0
DA:212,0
DA:213,0
DA:214,0
DA:215,0
DA:218,0
DA:221,0
LF:79
LH:0
BRDA:6,0,0,0
BRDA:6,0,1,0
BRDA:14,1,0,0
BRDA:14,1,1,0
BRDA:20,2,0,0
BRDA:20,2,1,0
BRDA:25,3,0,0
BRDA:25,3,1,0
BRDA:30,4,0,0
BRDA:30,4,1,0
BRDA:31,5,0,0
BRDA:31,5,1,0
BRDA:37,6,0,0
BRDA:37,6,1,0
BRDA:57,7,0,0
BRDA:57,7,1,0
BRDA:58,8,0,0
BRDA:58,8,1,0
BRDA:59,9,0,0
BRDA:59,9,1,0
BRDA:62,10,0,0
BRDA:62,10,1,0
BRDA:63,11,0,0
BRDA:63,11,1,0
BRDA:64,12,0,0
BRDA:64,12,1,0
BRDA:67,13,0,0
BRDA:67,13,1,0
BRDA:68,14,0,0
BRDA:68,14,1,0
BRDA:69,15,0,0
BRDA:69,15,1,0
BRDA:87,16,0,0
BRDA:87,16,1,0
BRDA:114,17,0,0
BRDA:114,17,1,0
BRDA:114,18,0,0
BRDA:114,18,1,0
BRDA:122,19,0,0
BRDA:122,19,1,0
BRDA:124,20,0,0
BRDA:124,20,1,0
BRDA:140,21,0,0
BRDA:140,21,1,0
BRDA:152,22,0,0
BRDA:152,22,1,0
BRDA:162,23,0,0
BRDA:162,24,0,0
BRDA:162,25,0,0
BRDA:163,26,0,0
BRDA:163,26,1,0
BRDA:164,27,0,0
BRDA:164,27,1,0
BRDA:192,28,0,0
BRDA:192,28,1,0
BRDA:212,29,0,0
BRDA:212,29,1,0
BRF:57
BRH:0
end_of_record
TN:
SF:src\services\cbosService.js
FN:5,createHttpError
FN:11,mapCboRow
FN:21,listCbos
FNF:3
FNH:0
FNDA:0,createHttpError
FNDA:0,mapCboRow
FNDA:0,listCbos
DA:1,0
DA:3,0
DA:6,0
DA:7,0
DA:8,0
DA:12,0
DA:22,0
DA:23,0
DA:24,0
DA:25,0
DA:26,0
DA:28,0
DA:29,0
DA:32,0
DA:33,0
DA:35,0
DA:36,0
DA:37,0
DA:40,0
DA:41,0
DA:42,0
DA:47,0
DA:49,0
DA:53,0
DA:55,0
DA:56,0
DA:65,0
DA:76,0
LF:28
LH:0
BRDA:21,0,0,0
BRDA:22,1,0,0
BRDA:22,1,1,0
BRDA:23,2,0,0
BRDA:23,2,1,0
BRDA:24,3,0,0
BRDA:24,3,1,0
BRDA:25,4,0,0
BRDA:25,4,1,0
BRDA:28,5,0,0
BRDA:28,5,1,0
BRDA:35,6,0,0
BRDA:35,6,1,0
BRDA:40,7,0,0
BRDA:40,7,1,0
BRDA:71,8,0,0
BRDA:71,8,1,0
BRF:17
BRH:0
end_of_record
TN:
SF:src\services\consolidator.js
FN:4,scriptPath
FN:11,pythonBin
FN:15,buildConsolidationArgs
FN:35,runConsolidation
FN:43,(anonymous_4)
FN:60,(anonymous_5)
FN:63,(anonymous_6)
FN:69,(anonymous_7)
FNF:8
FNH:0
FNDA:0,scriptPath
FNDA:0,pythonBin
FNDA:0,buildConsolidationArgs
FNDA:0,runConsolidation
FNDA:0,(anonymous_4)
FNDA:0,(anonymous_5)
FNDA:0,(anonymous_6)
FNDA:0,(anonymous_7)
DA:1,0
DA:2,0
DA:5,0
DA:12,0
DA:16,0
DA:18,0
DA:19,0
DA:20,0
DA:23,0
DA:25,0
DA:26,0
DA:27,0
DA:28,0
DA:31,0
DA:32,0
DA:43,0
DA:44,0
DA:45,0
DA:57,0
DA:58,0
DA:60,0
DA:61,0
DA:63,0
DA:64,0
DA:67,0
DA:69,0
DA:70,0
DA:71,0
DA:72,0
DA:73,0
DA:74,0
DA:75,0
DA:78,0
DA:79,0
DA:80,0
DA:81,0
DA:84,0
DA:85,0
DA:87,0
DA:88,0
DA:89,0
DA:90,0
DA:96,0
LF:43
LH:0
BRDA:6,0,0,0
BRDA:6,0,1,0
BRDA:12,1,0,0
BRDA:12,1,1,0
BRDA:15,2,0,0
BRDA:18,3,0,0
BRDA:18,3,1,0
BRDA:25,4,0,0
BRDA:25,4,1,0
BRDA:25,5,0,0
BRDA:25,5,1,0
BRDA:35,6,0,0
BRDA:36,7,0,0
BRDA:70,8,0,0
BRDA:70,8,1,0
BRDA:71,9,0,0
BRDA:71,9,1,0
BRDA:79,10,0,0
BRDA:79,10,1,0
BRF:19
BRH:0
end_of_record
TN:
SF:src\services\dashboardService.js
FN:7,parseCompetencia
FN:17,parseOptionalInt
FN:25,buildDashboardQuery
FN:68,envelopeDashboard
FN:97,logDashboardMiss
FN:106,fetchCadastroLabels
FN:117,isMunicipalQuery
FN:128,sumKpis
FN:145,fetchMunicipalAggregate
FN:187,(anonymous_9)
FN:196,(anonymous_10)
FN:197,(anonymous_11)
FN:202,(anonymous_12)
FN:236,fetchDashboard
FNF:14
FNH:0
FNDA:0,parseCompetencia
FNDA:0,parseOptionalInt
FNDA:0,buildDashboardQuery
FNDA:0,envelopeDashboard
FNDA:0,logDashboardMiss
FNDA:0,fetchCadastroLabels
FNDA:0,isMunicipalQuery
FNDA:0,sumKpis
FNDA:0,fetchMunicipalAggregate
FNDA:0,(anonymous_9)
FNDA:0,(anonymous_10)
FNDA:0,(anonymous_11)
FNDA:0,(anonymous_12)
FNDA:0,fetchDashboard
DA:1,0
DA:4,0
DA:5,0
DA:8,0
DA:9,0
DA:11,0
DA:12,0
DA:14,0
DA:18,0
DA:19,0
DA:21,0
DA:22,0
DA:32,0
DA:33,0
DA:34,0
DA:35,0
DA:37,0
DA:38,0
DA:39,0
DA:40,0
DA:41,0
DA:42,0
DA:43,0
DA:45,0
DA:46,0
DA:47,0
DA:49,0
DA:50,0
DA:51,0
DA:55,0
DA:69,0
DA:70,0
DA:72,0
DA:73,0
DA:83,0
DA:98,0
DA:107,0
DA:114,0
DA:118,0
DA:121,0
DA:129,0
DA:130,0
DA:131,0
DA:132,0
DA:133,0
DA:134,0
DA:135,0
DA:136,0
DA:137,0
DA:140,0
DA:142,0
DA:146,0
DA:153,0
DA:154,0
DA:157,0
DA:158,0
DA:159,0
DA:160,0
DA:161,0
DA:162,0
DA:168,0
DA:169,0
DA:170,0
DA:172,0
DA:175,0
DA:187,0
DA:193,0
DA:194,0
DA:195,0
DA:196,0
DA:197,0
DA:202,0
DA:204,0
DA:205,0
DA:207,0
DA:243,0
DA:244,0
DA:245,0
DA:248,0
DA:249,0
DA:251,0
DA:252,0
DA:260,0
DA:268,0
DA:269,0
DA:270,0
DA:271,0
DA:279,0
DA:282,0
DA:289,0
DA:291,0
DA:296,0
DA:297,0
DA:298,0
DA:303,0
DA:304,0
DA:305,0
DA:306,0
DA:307,0
DA:312,0
DA:313,0
DA:314,0
DA:316,0
DA:325,0
DA:331,0
LF:105
LH:0
BRDA:8,0,0,0
BRDA:8,0,1,0
BRDA:8,1,0,0
BRDA:8,1,1,0
BRDA:11,2,0,0
BRDA:11,2,1,0
BRDA:18,3,0,0
BRDA:18,3,1,0
BRDA:18,4,0,0
BRDA:18,4,1,0
BRDA:22,5,0,0
BRDA:22,5,1,0
BRDA:34,6,0,0
BRDA:34,6,1,0
BRDA:35,7,0,0
BRDA:35,7,1,0
BRDA:37,8,0,0
BRDA:37,8,1,0
BRDA:41,9,0,0
BRDA:41,9,1,0
BRDA:45,10,0,0
BRDA:45,10,1,0
BRDA:49,11,0,0
BRDA:49,11,1,0
BRDA:69,12,0,0
BRDA:69,12,1,0
BRDA:70,13,0,0
BRDA:70,13,1,0
BRDA:72,14,0,0
BRDA:72,14,1,0
BRDA:75,15,0,0
BRDA:75,15,1,0
BRDA:76,16,0,0
BRDA:76,16,1,0
BRDA:85,17,0,0
BRDA:85,17,1,0
BRDA:87,18,0,0
BRDA:87,18,1,0
BRDA:89,19,0,0
BRDA:89,19,1,0
BRDA:90,20,0,0
BRDA:90,20,1,0
BRDA:91,21,0,0
BRDA:91,21,1,0
BRDA:92,22,0,0
BRDA:92,22,1,0
BRDA:114,23,0,0
BRDA:114,23,1,0
BRDA:118,24,0,0
BRDA:118,24,1,0
BRDA:118,24,2,0
BRDA:118,24,3,0
BRDA:135,25,0,0
BRDA:135,25,1,0
BRDA:135,26,0,0
BRDA:135,26,1,0
BRDA:140,27,0,0
BRDA:140,27,1,0
BRDA:153,28,0,0
BRDA:153,28,1,0
BRDA:159,29,0,0
BRDA:159,29,1,0
BRDA:161,30,0,0
BRDA:161,30,1,0
BRDA:162,31,0,0
BRDA:162,31,1,0
BRDA:164,32,0,0
BRDA:164,32,1,0
BRDA:168,33,0,0
BRDA:168,33,1,0
BRDA:204,34,0,0
BRDA:204,34,1,0
BRDA:205,35,0,0
BRDA:205,35,1,0
BRDA:215,36,0,0
BRDA:215,36,1,0
BRDA:217,37,0,0
BRDA:217,37,1,0
BRDA:223,38,0,0
BRDA:223,38,1,0
BRDA:228,39,0,0
BRDA:228,39,1,0
BRDA:229,40,0,0
BRDA:229,40,1,0
BRDA:244,41,0,0
BRDA:244,41,1,0
BRDA:251,42,0,0
BRDA:251,42,1,0
BRDA:251,43,0,0
BRDA:251,43,1,0
BRDA:262,44,0,0
BRDA:262,44,1,0
BRDA:263,45,0,0
BRDA:263,45,1,0
BRDA:268,46,0,0
BRDA:268,46,1,0
BRDA:270,47,0,0
BRDA:270,47,1,0
BRDA:291,48,0,0
BRDA:291,48,1,0
BRDA:292,49,0,0
BRDA:292,49,1,0
BRDA:292,49,2,0
BRDA:297,50,0,0
BRDA:297,50,1,0
BRDA:305,51,0,0
BRDA:305,51,1,0
BRDA:312,52,0,0
BRDA:312,52,1,0
BRDA:313,53,0,0
BRDA:313,53,1,0
BRF:111
BRH:0
end_of_record
TN:
SF:src\services\db.js
FN:17,(anonymous_0)
FN:21,query
FNF:2
FNH:0
FNDA:0,(anonymous_0)
FNDA:0,query
DA:1,0
DA:2,0
DA:3,0
DA:4,0
DA:5,0
DA:6,0
DA:9,0
DA:17,0
DA:18,0
DA:22,0
DA:25,0
LF:11
LH:0
BRDA:4,0,0,0
BRDA:4,0,1,0
BRDA:5,1,0,0
BRDA:5,1,1,0
BRDA:11,2,0,0
BRDA:11,2,1,0
BRF:6
BRH:0
end_of_record
TN:
SF:src\services\estabelecimentosService.js
FN:77,createHttpError
FN:83,validateLeitos
FN:105,validateStringArray
FN:108,(anonymous_3)
FN:115,validateOptionalString
FN:128,validateEnrichmentForSlug
FN:138,(anonymous_6)
FN:147,(anonymous_7)
FN:203,validateEnrichmentPayload
FN:207,mergeScalarField
FN:218,mergeArrayField
FN:228,mergeLeitosField
FN:238,mergeEnrichmentForSlug
FN:273,(anonymous_13)
FN:282,mergeEnrichment
FN:286,mapEnrichmentFromJoin
FN:327,mapEstabelecimentoRow
FN:352,fetchEstabelecimentoCore
FN:367,fetchEnrichmentRow
FN:375,mapLegacyEnrichmentBody
FN:391,persistEnrichment
FN:497,listEstabelecimentos
FN:549,(anonymous_22)
FN:559,getEstabelecimentoById
FN:569,updatePerfil
FN:589,updateIdentidade
FN:635,upsertEnrichment
FN:704,updateEnriquecimento
FN:714,(anonymous_28)
FN:733,(anonymous_29)
FNF:30
FNH:0
FNDA:0,createHttpError
FNDA:0,validateLeitos
FNDA:0,validateStringArray
FNDA:0,(anonymous_3)
FNDA:0,validateOptionalString
FNDA:0,validateEnrichmentForSlug
FNDA:0,(anonymous_6)
FNDA:0,(anonymous_7)
FNDA:0,validateEnrichmentPayload
FNDA:0,mergeScalarField
FNDA:0,mergeArrayField
FNDA:0,mergeLeitosField
FNDA:0,mergeEnrichmentForSlug
FNDA:0,(anonymous_13)
FNDA:0,mergeEnrichment
FNDA:0,mapEnrichmentFromJoin
FNDA:0,mapEstabelecimentoRow
FNDA:0,fetchEstabelecimentoCore
FNDA:0,fetchEnrichmentRow
FNDA:0,mapLegacyEnrichmentBody
FNDA:0,persistEnrichment
FNDA:0,listEstabelecimentos
FNDA:0,(anonymous_22)
FNDA:0,getEstabelecimentoById
FNDA:0,updatePerfil
FNDA:0,updateIdentidade
FNDA:0,upsertEnrichment
FNDA:0,updateEnriquecimento
FNDA:0,(anonymous_28)
FNDA:0,(anonymous_29)
DA:1,0
DA:3,0
DA:4,0
DA:5,0
DA:7,0
DA:15,0
DA:35,0
DA:55,0
DA:57,0
DA:78,0
DA:79,0
DA:80,0
DA:84,0
DA:89,0
DA:91,0
DA:92,0
DA:99,0
DA:102,0
DA:106,0
DA:108,0
DA:110,0
DA:112,0
DA:116,0
DA:117,0
DA:119,0
DA:120,0
DA:122,0
DA:123,0
DA:125,0
DA:129,0
DA:130,0
DA:133,0
DA:134,0
DA:135,0
DA:138,0
DA:139,0
DA:140,0
DA:146,0
DA:147,0
DA:148,0
DA:149,0
DA:155,0
DA:157,0
DA:158,0
DA:159,0
DA:161,0
DA:162,0
DA:164,0
DA:165,0
DA:167,0
DA:168,0
DA:175,0
DA:176,0
DA:179,0
DA:180,0
DA:181,0
DA:182,0
DA:183,0
DA:187,0
DA:188,0
DA:189,0
DA:190,0
DA:191,0
DA:196,0
DA:197,0
DA:200,0
DA:204,0
DA:208,0
DA:209,0
DA:211,0
DA:212,0
DA:213,0
DA:215,0
DA:219,0
DA:220,0
DA:222,0
DA:223,0
DA:225,0
DA:229,0
DA:230,0
DA:232,0
DA:233,0
DA:235,0
DA:239,0
DA:241,0
DA:242,0
DA:243,0
DA:244,0
DA:245,0
DA:246,0
DA:247,0
DA:248,0
DA:249,0
DA:254,0
DA:255,0
DA:256,0
DA:257,0
DA:258,0
DA:260,0
DA:261,0
DA:262,0
DA:267,0
DA:268,0
DA:269,0
DA:270,0
DA:273,0
DA:274,0
DA:275,0
DA:279,0
DA:283,0
DA:287,0
DA:289,0
DA:297,0
DA:304,0
DA:312,0
DA:319,0
DA:323,0
DA:328,0
DA:345,0
DA:346,0
DA:349,0
DA:353,0
DA:360,0
DA:361,0
DA:364,0
DA:368,0
DA:369,0
DA:372,0
DA:376,0
DA:377,0
DA:380,0
DA:381,0
DA:382,0
DA:383,0
DA:385,0
DA:386,0
DA:388,0
DA:392,0
DA:393,0
DA:413,0
DA:416,0
DA:417,0
DA:435,0
DA:438,0
DA:439,0
DA:460,0
DA:463,0
DA:464,0
DA:482,0
DA:485,0
DA:486,0
DA:498,0
DA:499,0
DA:500,0
DA:501,0
DA:502,0
DA:503,0
DA:505,0
DA:506,0
DA:509,0
DA:510,0
DA:512,0
DA:513,0
DA:514,0
DA:517,0
DA:518,0
DA:519,0
DA:522,0
DA:523,0
DA:524,0
DA:529,0
DA:531,0
DA:535,0
DA:537,0
DA:538,0
DA:548,0
DA:549,0
DA:560,0
DA:562,0
DA:563,0
DA:566,0
DA:570,0
DA:571,0
DA:574,0
DA:582,0
DA:583,0
DA:586,0
DA:590,0
DA:591,0
DA:592,0
DA:595,0
DA:596,0
DA:598,0
DA:599,0
DA:600,0
DA:601,0
DA:603,0
DA:604,0
DA:607,0
DA:608,0
DA:609,0
DA:611,0
DA:612,0
DA:615,0
DA:616,0
DA:619,0
DA:620,0
DA:628,0
DA:629,0
DA:632,0
DA:636,0
DA:637,0
DA:640,0
DA:641,0
DA:642,0
DA:645,0
DA:646,0
DA:647,0
DA:649,0
DA:657,0
DA:658,0
DA:661,0
DA:662,0
DA:664,0
DA:665,0
DA:671,0
DA:672,0
DA:676,0
DA:677,0
DA:690,0
DA:691,0
DA:693,0
DA:695,0
DA:696,0
DA:698,0
DA:701,0
DA:705,0
DA:706,0
DA:709,0
DA:710,0
DA:711,0
DA:714,0
DA:715,0
DA:716,0
DA:722,0
DA:723,0
DA:725,0
DA:726,0
DA:732,0
DA:733,0
DA:734,0
DA:738,0
DA:741,0
LF:253
LH:0
BRDA:84,0,0,0
BRDA:84,0,1,0
BRDA:85,1,0,0
BRDA:85,1,1,0
BRDA:85,1,2,0
BRDA:92,2,0,0
BRDA:92,2,1,0
BRDA:93,3,0,0
BRDA:93,3,1,0
BRDA:93,3,2,0
BRDA:93,3,3,0
BRDA:93,3,4,0
BRDA:106,4,0,0
BRDA:106,4,1,0
BRDA:107,5,0,0
BRDA:107,5,1,0
BRDA:116,6,0,0
BRDA:116,6,1,0
BRDA:119,7,0,0
BRDA:119,7,1,0
BRDA:122,8,0,0
BRDA:122,8,1,0
BRDA:122,9,0,0
BRDA:122,9,1,0
BRDA:129,10,0,0
BRDA:129,10,1,0
BRDA:129,11,0,0
BRDA:129,11,1,0
BRDA:129,11,2,0
BRDA:134,12,0,0
BRDA:134,12,1,0
BRDA:139,13,0,0
BRDA:139,13,1,0
BRDA:146,14,0,0
BRDA:146,14,1,0
BRDA:148,15,0,0
BRDA:148,15,1,0
BRDA:157,16,0,0
BRDA:157,16,1,0
BRDA:157,17,0,0
BRDA:157,17,1,0
BRDA:158,18,0,0
BRDA:158,18,1,0
BRDA:161,19,0,0
BRDA:161,19,1,0
BRDA:161,20,0,0
BRDA:161,20,1,0
BRDA:164,21,0,0
BRDA:164,21,1,0
BRDA:164,22,0,0
BRDA:164,22,1,0
BRDA:167,23,0,0
BRDA:167,23,1,0
BRDA:167,24,0,0
BRDA:167,24,1,0
BRDA:167,24,2,0
BRDA:175,25,0,0
BRDA:175,25,1,0
BRDA:175,26,0,0
BRDA:175,26,1,0
BRDA:175,26,2,0
BRDA:179,27,0,0
BRDA:179,27,1,0
BRDA:179,28,0,0
BRDA:179,28,1,0
BRDA:181,29,0,0
BRDA:181,29,1,0
BRDA:183,30,0,0
BRDA:183,30,1,0
BRDA:187,31,0,0
BRDA:187,31,1,0
BRDA:189,32,0,0
BRDA:189,32,1,0
BRDA:191,33,0,0
BRDA:191,33,1,0
BRDA:196,34,0,0
BRDA:196,34,1,0
BRDA:208,35,0,0
BRDA:208,35,1,0
BRDA:212,36,0,0
BRDA:212,36,1,0
BRDA:212,37,0,0
BRDA:212,37,1,0
BRDA:212,37,2,0
BRDA:219,38,0,0
BRDA:219,38,1,0
BRDA:222,39,0,0
BRDA:222,39,1,0
BRDA:229,40,0,0
BRDA:229,40,1,0
BRDA:232,41,0,0
BRDA:232,41,1,0
BRDA:232,42,0,0
BRDA:232,42,1,0
BRDA:235,43,0,0
BRDA:235,43,1,0
BRDA:241,44,0,0
BRDA:241,44,1,0
BRDA:247,45,0,0
BRDA:247,45,1,0
BRDA:256,46,0,0
BRDA:256,46,1,0
BRDA:260,47,0,0
BRDA:260,47,1,0
BRDA:269,48,0,0
BRDA:269,48,1,0
BRDA:274,49,0,0
BRDA:274,49,1,0
BRDA:287,50,0,0
BRDA:287,50,1,0
BRDA:287,50,2,0
BRDA:287,50,3,0
BRDA:287,50,4,0
BRDA:287,50,5,0
BRDA:290,51,0,0
BRDA:290,51,1,0
BRDA:291,52,0,0
BRDA:291,52,1,0
BRDA:292,53,0,0
BRDA:292,53,1,0
BRDA:293,54,0,0
BRDA:293,54,1,0
BRDA:294,55,0,0
BRDA:294,55,1,0
BRDA:298,56,0,0
BRDA:298,56,1,0
BRDA:299,57,0,0
BRDA:299,57,1,0
BRDA:300,58,0,0
BRDA:300,58,1,0
BRDA:301,59,0,0
BRDA:301,59,1,0
BRDA:305,60,0,0
BRDA:305,60,1,0
BRDA:306,61,0,0
BRDA:306,61,1,0
BRDA:307,62,0,0
BRDA:307,62,1,0
BRDA:308,63,0,0
BRDA:308,63,1,0
BRDA:309,64,0,0
BRDA:309,64,1,0
BRDA:313,65,0,0
BRDA:313,65,1,0
BRDA:314,66,0,0
BRDA:314,66,1,0
BRDA:315,67,0,0
BRDA:315,67,1,0
BRDA:316,68,0,0
BRDA:316,68,1,0
BRDA:320,69,0,0
BRDA:320,69,1,0
BRDA:327,70,0,0
BRDA:327,71,0,0
BRDA:336,72,0,0
BRDA:336,72,1,0
BRDA:337,73,0,0
BRDA:337,73,1,0
BRDA:338,74,0,0
BRDA:338,74,1,0
BRDA:345,75,0,0
BRDA:345,75,1,0
BRDA:360,76,0,0
BRDA:360,76,1,0
BRDA:372,77,0,0
BRDA:372,77,1,0
BRDA:376,78,0,0
BRDA:376,78,1,0
BRDA:381,79,0,0
BRDA:381,79,1,0
BRDA:381,80,0,0
BRDA:381,80,1,0
BRDA:385,81,0,0
BRDA:385,81,1,0
BRDA:391,82,0,0
BRDA:392,83,0,0
BRDA:392,83,1,0
BRDA:406,84,0,0
BRDA:406,84,1,0
BRDA:407,85,0,0
BRDA:407,85,1,0
BRDA:408,86,0,0
BRDA:408,86,1,0
BRDA:409,87,0,0
BRDA:409,87,1,0
BRDA:410,88,0,0
BRDA:410,88,1,0
BRDA:416,89,0,0
BRDA:416,89,1,0
BRDA:429,90,0,0
BRDA:429,90,1,0
BRDA:430,91,0,0
BRDA:430,91,1,0
BRDA:431,92,0,0
BRDA:431,92,1,0
BRDA:432,93,0,0
BRDA:432,93,1,0
BRDA:438,94,0,0
BRDA:438,94,1,0
BRDA:453,95,0,0
BRDA:453,95,1,0
BRDA:454,96,0,0
BRDA:454,96,1,0
BRDA:455,97,0,0
BRDA:455,97,1,0
BRDA:456,98,0,0
BRDA:456,98,1,0
BRDA:457,99,0,0
BRDA:457,99,1,0
BRDA:463,100,0,0
BRDA:463,100,1,0
BRDA:476,101,0,0
BRDA:476,101,1,0
BRDA:477,102,0,0
BRDA:477,102,1,0
BRDA:478,103,0,0
BRDA:478,103,1,0
BRDA:479,104,0,0
BRDA:479,104,1,0
BRDA:485,105,0,0
BRDA:485,105,1,0
BRDA:492,106,0,0
BRDA:492,106,1,0
BRDA:497,107,0,0
BRDA:498,108,0,0
BRDA:498,108,1,0
BRDA:499,109,0,0
BRDA:499,109,1,0
BRDA:500,110,0,0
BRDA:500,110,1,0
BRDA:501,111,0,0
BRDA:501,111,1,0
BRDA:502,112,0,0
BRDA:502,112,1,0
BRDA:505,113,0,0
BRDA:505,113,1,0
BRDA:505,114,0,0
BRDA:505,114,1,0
BRDA:512,115,0,0
BRDA:512,115,1,0
BRDA:517,116,0,0
BRDA:517,116,1,0
BRDA:522,117,0,0
BRDA:522,117,1,0
BRDA:554,118,0,0
BRDA:554,118,1,0
BRDA:562,119,0,0
BRDA:562,119,1,0
BRDA:570,120,0,0
BRDA:570,120,1,0
BRDA:582,121,0,0
BRDA:582,121,1,0
BRDA:589,122,0,0
BRDA:591,123,0,0
BRDA:591,123,1,0
BRDA:591,124,0,0
BRDA:591,124,1,0
BRDA:598,125,0,0
BRDA:598,125,1,0
BRDA:600,126,0,0
BRDA:600,126,1,0
BRDA:600,127,0,0
BRDA:600,127,1,0
BRDA:607,128,0,0
BRDA:607,128,1,0
BRDA:608,129,0,0
BRDA:608,129,1,0
BRDA:615,130,0,0
BRDA:615,130,1,0
BRDA:628,131,0,0
BRDA:628,131,1,0
BRDA:636,132,0,0
BRDA:636,132,1,0
BRDA:641,133,0,0
BRDA:641,133,1,0
BRDA:657,134,0,0
BRDA:657,134,1,0
BRDA:664,135,0,0
BRDA:664,135,1,0
BRDA:676,136,0,0
BRDA:676,136,1,0
BRDA:705,137,0,0
BRDA:705,137,1,0
BRDA:705,138,0,0
BRDA:705,138,1,0
BRDA:705,138,2,0
BRDA:710,139,0,0
BRDA:710,139,1,0
BRDA:715,140,0,0
BRDA:715,140,1,0
BRDA:725,141,0,0
BRDA:725,141,1,0
BRDA:734,142,0,0
BRDA:734,142,1,0
BRF:294
BRH:0
end_of_record
TN:
SF:src\services\formasService.js
FN:7,createHttpError
FN:13,mapFormaRow
FN:25,listFormas
FNF:3
FNH:0
FNDA:0,createHttpError
FNDA:0,mapFormaRow
FNDA:0,listFormas
DA:1,0
DA:3,0
DA:4,0
DA:5,0
DA:8,0
DA:9,0
DA:10,0
DA:14,0
DA:26,0
DA:27,0
DA:28,0
DA:29,0
DA:30,0
DA:31,0
DA:32,0
DA:34,0
DA:35,0
DA:38,0
DA:39,0
DA:42,0
DA:43,0
DA:46,0
DA:47,0
DA:49,0
DA:50,0
DA:51,0
DA:54,0
DA:55,0
DA:56,0
DA:59,0
DA:60,0
DA:61,0
DA:64,0
DA:65,0
DA:66,0
DA:71,0
DA:73,0
DA:77,0
DA:79,0
DA:80,0
DA:89,0
DA:100,0
LF:42
LH:0
BRDA:25,0,0,0
BRDA:26,1,0,0
BRDA:26,1,1,0
BRDA:27,2,0,0
BRDA:27,2,1,0
BRDA:28,3,0,0
BRDA:28,3,1,0
BRDA:29,4,0,0
BRDA:29,4,1,0
BRDA:30,5,0,0
BRDA:30,5,1,0
BRDA:31,6,0,0
BRDA:31,6,1,0
BRDA:34,7,0,0
BRDA:34,7,1,0
BRDA:38,8,0,0
BRDA:38,8,1,0
BRDA:38,9,0,0
BRDA:38,9,1,0
BRDA:42,10,0,0
BRDA:42,10,1,0
BRDA:42,11,0,0
BRDA:42,11,1,0
BRDA:49,12,0,0
BRDA:49,12,1,0
BRDA:54,13,0,0
BRDA:54,13,1,0
BRDA:59,14,0,0
BRDA:59,14,1,0
BRDA:64,15,0,0
BRDA:64,15,1,0
BRDA:95,16,0,0
BRDA:95,16,1,0
BRF:33
BRH:0
end_of_record
TN:
SF:src\services\importMappingService.js
FN:4,competenciaDate
FN:15,competenciaLabel
FN:19,isTodasEquipe
FN:24,normalizeForSimilarity
FN:35,tokenize
FN:65,distinctiveTokens
FN:67,(anonymous_6)
FN:71,scoreNameSimilarity
FN:104,suggestEstabelecimentos
FN:115,(anonymous_9)
FN:130,(anonymous_10)
FN:134,lookupMapeamentoUnidade
FN:148,lookupMapeamentoEquipe
FN:197,getEstabelecimentoBasico
FN:205,getEquipeBasica
FN:213,ensureEquipe
FN:265,detectTodasConflict
FN:281,(anonymous_17)
FN:298,(anonymous_18)
FN:303,purgeTodasImports
FN:332,(anonymous_20)
FN:337,checkJaImportado
FN:373,enrichPreviewItem
FN:468,touchMapeamentosForMeta
FN:509,resolveForUpload
FN:595,ensureEquipeWithClient
FN:644,listMapeamentos
FN:698,upsertMapeamentoWithClient
FN:782,upsertMapeamento
FN:786,deactivateMapeamento
FNF:30
FNH:0
FNDA:0,competenciaDate
FNDA:0,competenciaLabel
FNDA:0,isTodasEquipe
FNDA:0,normalizeForSimilarity
FNDA:0,tokenize
FNDA:0,distinctiveTokens
FNDA:0,(anonymous_6)
FNDA:0,scoreNameSimilarity
FNDA:0,suggestEstabelecimentos
FNDA:0,(anonymous_9)
FNDA:0,(anonymous_10)
FNDA:0,lookupMapeamentoUnidade
FNDA:0,lookupMapeamentoEquipe
FNDA:0,getEstabelecimentoBasico
FNDA:0,getEquipeBasica
FNDA:0,ensureEquipe
FNDA:0,detectTodasConflict
FNDA:0,(anonymous_17)
FNDA:0,(anonymous_18)
FNDA:0,purgeTodasImports
FNDA:0,(anonymous_20)
FNDA:0,checkJaImportado
FNDA:0,enrichPreviewItem
FNDA:0,touchMapeamentosForMeta
FNDA:0,resolveForUpload
FNDA:0,ensureEquipeWithClient
FNDA:0,listMapeamentos
FNDA:0,upsertMapeamentoWithClient
FNDA:0,upsertMapeamento
FNDA:0,deactivateMapeamento
DA:1,0
DA:2,0
DA:5,0
DA:6,0
DA:7,0
DA:9,0
DA:10,0
DA:12,0
DA:16,0
DA:20,0
DA:21,0
DA:25,0
DA:36,0
DA:37,0
DA:38,0
DA:40,0
DA:43,0
DA:66,0
DA:67,0
DA:72,0
DA:73,0
DA:75,0
DA:76,0
DA:79,0
DA:80,0
DA:81,0
DA:82,0
DA:83,0
DA:84,0
DA:88,0
DA:89,0
DA:91,0
DA:92,0
DA:93,0
DA:98,0
DA:101,0
DA:105,0
DA:112,0
DA:114,0
DA:116,0
DA:117,0
DA:118,0
DA:119,0
DA:120,0
DA:123,0
DA:130,0
DA:135,0
DA:145,0
DA:149,0
DA:150,0
DA:151,0
DA:157,0
DA:158,0
DA:160,0
DA:163,0
DA:164,0
DA:173,0
DA:174,0
DA:178,0
DA:179,0
DA:189,0
DA:190,0
DA:194,0
DA:198,0
DA:202,0
DA:206,0
DA:210,0
DA:214,0
DA:216,0
DA:217,0
DA:218,0
DA:224,0
DA:225,0
DA:228,0
DA:234,0
DA:237,0
DA:238,0
DA:239,0
DA:240,0
DA:241,0
DA:244,0
DA:246,0
DA:252,0
DA:253,0
DA:256,0
DA:262,0
DA:266,0
DA:267,0
DA:269,0
DA:270,0
DA:279,0
DA:281,0
DA:286,0
DA:296,0
DA:298,0
DA:304,0
DA:305,0
DA:306,0
DA:308,0
DA:312,0
DA:313,0
DA:314,0
DA:317,0
DA:324,0
DA:331,0
DA:332,0
DA:338,0
DA:339,0
DA:353,0
DA:356,0
DA:370,0
DA:374,0
DA:375,0
DA:376,0
DA:378,0
DA:380,0
DA:389,0
DA:390,0
DA:391,0
DA:399,0
DA:400,0
DA:401,0
DA:402,0
DA:410,0
DA:416,0
DA:417,0
DA:419,0
DA:425,0
DA:426,0
DA:440,0
DA:444,0
DA:446,0
DA:455,0
DA:456,0
DA:457,0
DA:460,0
DA:461,0
DA:464,0
DA:465,0
DA:469,0
DA:470,0
DA:471,0
DA:472,0
DA:473,0
DA:475,0
DA:485,0
DA:486,0
DA:496,0
DA:497,0
DA:510,0
DA:511,0
DA:512,0
DA:513,0
DA:514,0
DA:517,0
DA:519,0
DA:520,0
DA:522,0
DA:528,0
DA:529,0
DA:530,0
DA:533,0
DA:534,0
DA:536,0
DA:537,0
DA:540,0
DA:541,0
DA:542,0
DA:546,0
DA:547,0
DA:548,0
DA:550,0
DA:551,0
DA:554,0
DA:559,0
DA:560,0
DA:575,0
DA:577,0
DA:579,0
DA:581,0
DA:588,0
DA:589,0
DA:591,0
DA:596,0
DA:598,0
DA:599,0
DA:600,0
DA:606,0
DA:607,0
DA:609,0
DA:615,0
DA:618,0
DA:619,0
DA:620,0
DA:621,0
DA:622,0
DA:625,0
DA:626,0
DA:632,0
DA:633,0
DA:635,0
DA:641,0
DA:645,0
DA:646,0
DA:647,0
DA:648,0
DA:650,0
DA:651,0
DA:653,0
DA:654,0
DA:655,0
DA:662,0
DA:664,0
DA:672,0
DA:673,0
DA:687,0
DA:699,0
DA:700,0
DA:702,0
DA:704,0
DA:705,0
DA:714,0
DA:715,0
DA:722,0
DA:725,0
DA:737,0
DA:740,0
DA:748,0
DA:749,0
DA:761,0
DA:764,0
DA:779,0
DA:783,0
DA:787,0
DA:795,0
DA:796,0
DA:797,0
DA:798,0
DA:801,0
DA:804,0
LF:240
LH:0
BRDA:6,0,0,0
BRDA:6,0,1,0
BRDA:9,1,0,0
BRDA:9,1,1,0
BRDA:20,2,0,0
BRDA:20,2,1,0
BRDA:21,3,0,0
BRDA:21,3,1,0
BRDA:21,3,2,0
BRDA:25,4,0,0
BRDA:25,4,1,0
BRDA:37,5,0,0
BRDA:37,5,1,0
BRDA:67,6,0,0
BRDA:67,6,1,0
BRDA:75,7,0,0
BRDA:75,7,1,0
BRDA:75,8,0,0
BRDA:75,8,1,0
BRDA:83,9,0,0
BRDA:83,9,1,0
BRDA:89,10,0,0
BRDA:89,10,1,0
BRDA:93,11,0,0
BRDA:93,11,1,0
BRDA:94,12,0,0
BRDA:94,12,1,0
BRDA:94,12,2,0
BRDA:94,12,3,0
BRDA:104,13,0,0
BRDA:104,14,0,0
BRDA:119,15,0,0
BRDA:119,15,1,0
BRDA:130,16,0,0
BRDA:130,16,1,0
BRDA:145,17,0,0
BRDA:145,17,1,0
BRDA:149,18,0,0
BRDA:149,18,1,0
BRDA:157,19,0,0
BRDA:157,19,1,0
BRDA:163,20,0,0
BRDA:163,20,1,0
BRDA:173,21,0,0
BRDA:173,21,1,0
BRDA:178,22,0,0
BRDA:178,22,1,0
BRDA:189,23,0,0
BRDA:189,23,1,0
BRDA:202,24,0,0
BRDA:202,24,1,0
BRDA:210,25,0,0
BRDA:210,25,1,0
BRDA:216,26,0,0
BRDA:216,26,1,0
BRDA:224,27,0,0
BRDA:224,27,1,0
BRDA:237,28,0,0
BRDA:237,28,1,0
BRDA:238,29,0,0
BRDA:238,29,1,0
BRDA:244,30,0,0
BRDA:244,30,1,0
BRDA:252,31,0,0
BRDA:252,31,1,0
BRDA:269,32,0,0
BRDA:269,32,1,0
BRDA:304,33,0,0
BRDA:304,33,1,0
BRDA:313,34,0,0
BRDA:313,34,1,0
BRDA:338,35,0,0
BRDA:338,35,1,0
BRDA:338,36,0,0
BRDA:338,36,1,0
BRDA:373,37,0,0
BRDA:374,38,0,0
BRDA:374,38,1,0
BRDA:374,38,2,0
BRDA:375,39,0,0
BRDA:375,39,1,0
BRDA:375,39,2,0
BRDA:376,40,0,0
BRDA:376,40,1,0
BRDA:376,40,2,0
BRDA:381,41,0,0
BRDA:381,41,1,0
BRDA:389,42,0,0
BRDA:389,42,1,0
BRDA:400,43,0,0
BRDA:400,43,1,0
BRDA:416,44,0,0
BRDA:416,44,1,0
BRDA:416,44,2,0
BRDA:417,45,0,0
BRDA:417,45,1,0
BRDA:425,46,0,0
BRDA:425,46,1,0
BRDA:440,47,0,0
BRDA:440,47,1,0
BRDA:440,47,2,0
BRDA:442,48,0,0
BRDA:442,48,1,0
BRDA:444,49,0,0
BRDA:444,49,1,0
BRDA:455,50,0,0
BRDA:455,50,1,0
BRDA:460,51,0,0
BRDA:460,51,1,0
BRDA:469,52,0,0
BRDA:469,52,1,0
BRDA:470,53,0,0
BRDA:470,53,1,0
BRDA:470,53,2,0
BRDA:471,54,0,0
BRDA:471,54,1,0
BRDA:471,54,2,0
BRDA:472,55,0,0
BRDA:472,55,1,0
BRDA:472,55,2,0
BRDA:473,56,0,0
BRDA:473,56,1,0
BRDA:485,57,0,0
BRDA:485,57,1,0
BRDA:496,58,0,0
BRDA:496,58,1,0
BRDA:511,59,0,0
BRDA:511,59,1,0
BRDA:519,60,0,0
BRDA:519,60,1,0
BRDA:519,60,2,0
BRDA:520,61,0,0
BRDA:520,61,1,0
BRDA:520,61,2,0
BRDA:528,62,0,0
BRDA:528,62,1,0
BRDA:529,63,0,0
BRDA:529,63,1,0
BRDA:536,64,0,0
BRDA:536,64,1,0
BRDA:550,65,0,0
BRDA:550,65,1,0
BRDA:550,66,0,0
BRDA:550,66,1,0
BRDA:550,66,2,0
BRDA:559,67,0,0
BRDA:559,67,1,0
BRDA:559,68,0,0
BRDA:559,68,1,0
BRDA:562,69,0,0
BRDA:562,69,1,0
BRDA:564,70,0,0
BRDA:564,70,1,0
BRDA:584,71,0,0
BRDA:584,71,1,0
BRDA:598,72,0,0
BRDA:598,72,1,0
BRDA:606,73,0,0
BRDA:606,73,1,0
BRDA:618,74,0,0
BRDA:618,74,1,0
BRDA:619,75,0,0
BRDA:619,75,1,0
BRDA:625,76,0,0
BRDA:625,76,1,0
BRDA:632,77,0,0
BRDA:632,77,1,0
BRDA:644,78,0,0
BRDA:645,79,0,0
BRDA:645,79,1,0
BRDA:646,80,0,0
BRDA:646,80,1,0
BRDA:647,81,0,0
BRDA:647,81,1,0
BRDA:653,82,0,0
BRDA:653,82,1,0
BRDA:693,83,0,0
BRDA:693,83,1,0
BRDA:699,84,0,0
BRDA:699,84,1,0
BRDA:702,85,0,0
BRDA:702,85,1,0
BRDA:704,86,0,0
BRDA:704,86,1,0
BRDA:714,87,0,0
BRDA:714,87,1,0
BRDA:720,88,0,0
BRDA:720,88,1,0
BRDA:720,89,0,0
BRDA:720,89,1,0
BRDA:733,90,0,0
BRDA:733,90,1,0
BRDA:734,91,0,0
BRDA:734,91,1,0
BRDA:748,92,0,0
BRDA:748,92,1,0
BRDA:756,93,0,0
BRDA:756,93,1,0
BRDA:757,94,0,0
BRDA:757,94,1,0
BRDA:772,95,0,0
BRDA:772,95,1,0
BRDA:773,96,0,0
BRDA:773,96,1,0
BRDA:776,97,0,0
BRDA:776,97,1,0
BRDA:792,98,0,0
BRDA:792,98,1,0
BRDA:795,99,0,0
BRDA:795,99,1,0
BRF:210
BRH:0
end_of_record
TN:
SF:src\services\metasOciParService.js
FN:6,parsePositiveInt
FN:16,parseCompetencia
FN:31,normalizePayload
FN:95,listMetasOciPar
FN:120,(anonymous_4)
FN:128,createMetaOciPar
FN:152,getMetaOciParById
FN:178,updateMetaOciPar
FN:186,(anonymous_8)
FN:193,(anonymous_9)
FN:210,inactivateMetaOciPar
FNF:11
FNH:0
FNDA:0,parsePositiveInt
FNDA:0,parseCompetencia
FNDA:0,normalizePayload
FNDA:0,listMetasOciPar
FNDA:0,(anonymous_4)
FNDA:0,createMetaOciPar
FNDA:0,getMetaOciParById
FNDA:0,updateMetaOciPar
FNDA:0,(anonymous_8)
FNDA:0,(anonymous_9)
FNDA:0,inactivateMetaOciPar
DA:1,0
DA:3,0
DA:4,0
DA:7,0
DA:8,0
DA:9,0
DA:10,0
DA:11,0
DA:13,0
DA:17,0
DA:18,0
DA:19,0
DA:20,0
DA:22,0
DA:23,0
DA:24,0
DA:25,0
DA:26,0
DA:28,0
DA:32,0
DA:34,0
DA:35,0
DA:37,0
DA:38,0
DA:39,0
DA:40,0
DA:41,0
DA:42,0
DA:44,0
DA:46,0
DA:47,0
DA:48,0
DA:49,0
DA:50,0
DA:51,0
DA:53,0
DA:55,0
DA:56,0
DA:57,0
DA:59,0
DA:60,0
DA:61,0
DA:62,0
DA:63,0
DA:65,0
DA:68,0
DA:69,0
DA:70,0
DA:72,0
DA:73,0
DA:74,0
DA:75,0
DA:76,0
DA:77,0
DA:79,0
DA:81,0
DA:82,0
DA:84,0
DA:85,0
DA:86,0
DA:88,0
DA:92,0
DA:96,0
DA:97,0
DA:99,0
DA:100,0
DA:101,0
DA:103,0
DA:104,0
DA:105,0
DA:108,0
DA:120,0
DA:129,0
DA:130,0
DA:149,0
DA:153,0
DA:154,0
DA:164,0
DA:165,0
DA:166,0
DA:167,0
DA:169,0
DA:170,0
DA:179,0
DA:180,0
DA:181,0
DA:182,0
DA:183,0
DA:186,0
DA:187,0
DA:188,0
DA:190,0
DA:193,0
DA:194,0
DA:201,0
DA:202,0
DA:203,0
DA:204,0
DA:207,0
DA:211,0
DA:212,0
DA:217,0
DA:218,0
DA:219,0
DA:220,0
DA:222,0
DA:225,0
LF:107
LH:0
BRDA:8,0,0,0
BRDA:8,0,1,0
BRDA:8,1,0,0
BRDA:8,1,1,0
BRDA:17,2,0,0
BRDA:17,2,1,0
BRDA:17,3,0,0
BRDA:17,3,1,0
BRDA:23,4,0,0
BRDA:23,4,1,0
BRDA:31,5,0,0
BRDA:31,6,0,0
BRDA:34,7,0,0
BRDA:34,7,1,0
BRDA:34,8,0,0
BRDA:34,8,1,0
BRDA:37,9,0,0
BRDA:37,9,1,0
BRDA:37,10,0,0
BRDA:37,10,1,0
BRDA:38,11,0,0
BRDA:38,11,1,0
BRDA:39,12,0,0
BRDA:39,12,1,0
BRDA:46,13,0,0
BRDA:46,13,1,0
BRDA:46,14,0,0
BRDA:46,14,1,0
BRDA:48,15,0,0
BRDA:48,15,1,0
BRDA:48,16,0,0
BRDA:48,16,1,0
BRDA:55,17,0,0
BRDA:55,17,1,0
BRDA:55,18,0,0
BRDA:55,18,1,0
BRDA:56,19,0,0
BRDA:56,19,1,0
BRDA:56,20,0,0
BRDA:56,20,1,0
BRDA:60,21,0,0
BRDA:60,21,1,0
BRDA:60,22,0,0
BRDA:60,22,1,0
BRDA:68,23,0,0
BRDA:68,23,1,0
BRDA:68,24,0,0
BRDA:68,24,1,0
BRDA:69,25,0,0
BRDA:69,25,1,0
BRDA:70,26,0,0
BRDA:70,26,1,0
BRDA:72,27,0,0
BRDA:72,27,1,0
BRDA:72,28,0,0
BRDA:72,28,1,0
BRDA:73,29,0,0
BRDA:73,29,1,0
BRDA:74,30,0,0
BRDA:74,30,1,0
BRDA:81,31,0,0
BRDA:81,31,1,0
BRDA:81,32,0,0
BRDA:81,32,1,0
BRDA:82,33,0,0
BRDA:82,33,1,0
BRDA:82,34,0,0
BRDA:82,34,1,0
BRDA:84,35,0,0
BRDA:84,35,1,0
BRDA:84,36,0,0
BRDA:84,36,1,0
BRDA:85,37,0,0
BRDA:85,37,1,0
BRDA:85,38,0,0
BRDA:85,38,1,0
BRDA:95,39,0,0
BRDA:99,40,0,0
BRDA:99,40,1,0
BRDA:103,41,0,0
BRDA:103,41,1,0
BRDA:122,42,0,0
BRDA:122,42,1,0
BRDA:141,43,0,0
BRDA:141,43,1,0
BRDA:142,44,0,0
BRDA:142,44,1,0
BRDA:143,45,0,0
BRDA:143,45,1,0
BRDA:144,46,0,0
BRDA:144,46,1,0
BRDA:145,47,0,0
BRDA:145,47,1,0
BRDA:146,48,0,0
BRDA:146,48,1,0
BRDA:164,49,0,0
BRDA:164,49,1,0
BRDA:172,50,0,0
BRDA:172,50,1,0
BRDA:182,51,0,0
BRDA:182,51,1,0
BRDA:187,52,0,0
BRDA:187,52,1,0
BRDA:201,53,0,0
BRDA:201,53,1,0
BRDA:217,54,0,0
BRDA:217,54,1,0
BRF:107
BRH:0
end_of_record
TN:
SF:src\services\mysqlProbe.js
FN:6,repoRoot
FN:10,pythonBin
FN:14,mysqlConfigured
FN:15,(anonymous_3)
FN:18,probeMysql
FN:23,(anonymous_5)
FN:31,(anonymous_6)
FN:35,(anonymous_7)
FNF:8
FNH:0
FNDA:0,repoRoot
FNDA:0,pythonBin
FNDA:0,mysqlConfigured
FNDA:0,(anonymous_3)
FNDA:0,probeMysql
FNDA:0,(anonymous_5)
FNDA:0,(anonymous_6)
FNDA:0,(anonymous_7)
DA:1,0
DA:2,0
DA:4,0
DA:7,0
DA:11,0
DA:15,0
DA:19,0
DA:20,0
DA:23,0
DA:25,0
DA:26,0
DA:31,0
DA:32,0
DA:35,0
DA:36,0
DA:44,0
LF:16
LH:0
BRDA:11,0,0,0
BRDA:11,0,1,0
BRDA:19,1,0,0
BRDA:19,1,1,0
BRDA:38,2,0,0
BRDA:38,2,1,0
BRF:6
BRH:0
end_of_record
TN:
SF:src\services\painelMetricsService.js
FN:5,(anonymous_0)
FN:13,(anonymous_1)
FN:22,(anonymous_2)
FN:31,(anonymous_3)
FN:39,parseCompetencia
FN:57,parseOptionalBigInt
FN:70,hasMultipleStatements
FN:80,bindTemplate
FN:112,(anonymous_8)
FN:115,(anonymous_9)
FN:122,(anonymous_10)
FN:124,(anonymous_11)
FN:129,extractSingleValue
FN:143,slugifySegment
FN:155,buildMetricKey
FN:163,escapeSqlLiteral
FN:167,buildDiscoveredSqlTemplate
FN:194,discoverMetricsFromRaw
FN:273,listMetricas
FN:316,getMetricaById
FN:339,executeSqlTemplate
FN:349,executeMetric
FNF:22
FNH:1
FNDA:3,(anonymous_0)
FNDA:0,(anonymous_1)
FNDA:0,(anonymous_2)
FNDA:0,(anonymous_3)
FNDA:0,parseCompetencia
FNDA:0,parseOptionalBigInt
FNDA:0,hasMultipleStatements
FNDA:0,bindTemplate
FNDA:0,(anonymous_8)
FNDA:0,(anonymous_9)
FNDA:0,(anonymous_10)
FNDA:0,(anonymous_11)
FNDA:0,extractSingleValue
FNDA:0,slugifySegment
FNDA:0,buildMetricKey
FNDA:0,escapeSqlLiteral
FNDA:0,buildDiscoveredSqlTemplate
FNDA:0,discoverMetricsFromRaw
FNDA:0,listMetricas
FNDA:0,getMetricaById
FNDA:0,executeSqlTemplate
FNDA:0,executeMetric
DA:1,1
DA:3,1
DA:4,1
DA:5,1
DA:6,3
DA:7,3
DA:9,1
DA:10,1
DA:14,0
DA:15,0
DA:16,0
DA:17,0
DA:23,0
DA:24,0
DA:25,0
DA:26,0
DA:32,0
DA:33,0
DA:34,0
DA:35,0
DA:40,0
DA:41,0
DA:44,0
DA:45,0
DA:46,0
DA:49,0
DA:50,0
DA:51,0
DA:54,0
DA:58,0
DA:59,0
DA:62,0
DA:63,0
DA:64,0
DA:67,0
DA:71,0
DA:72,0
DA:73,0
DA:76,0
DA:77,0
DA:81,0
DA:82,0
DA:85,0
DA:86,0
DA:89,0
DA:95,0
DA:96,0
DA:97,0
DA:98,0
DA:99,0
DA:100,0
DA:102,0
DA:104,0
DA:106,0
DA:107,0
DA:112,0
DA:113,0
DA:115,0
DA:116,0
DA:117,0
DA:120,0
DA:122,0
DA:124,0
DA:126,0
DA:130,0
DA:131,0
DA:134,0
DA:135,0
DA:136,0
DA:139,0
DA:140,0
DA:144,0
DA:152,0
DA:156,0
DA:157,0
DA:158,0
DA:160,0
DA:164,0
DA:168,0
DA:169,0
DA:170,0
DA:171,0
DA:173,0
DA:195,0
DA:212,0
DA:213,0
DA:216,0
DA:217,0
DA:219,0
DA:220,0
DA:221,0
DA:222,0
DA:224,0
DA:263,0
DA:264,0
DA:266,0
DA:270,0
DA:274,0
DA:275,0
DA:276,0
DA:278,0
DA:279,0
DA:281,0
DA:282,0
DA:283,0
DA:285,0
DA:286,0
DA:287,0
DA:290,0
DA:291,0
DA:293,0
DA:294,0
DA:295,0
DA:297,0
DA:298,0
DA:303,0
DA:305,0
DA:317,0
DA:318,0
DA:319,0
DA:320,0
DA:321,0
DA:324,0
DA:332,0
DA:333,0
DA:336,0
DA:340,0
DA:341,0
DA:343,0
DA:350,0
DA:351,0
DA:352,0
DA:355,0
DA:364,0
DA:365,0
DA:368,0
DA:371,1
LF:137
LH:9
BRDA:13,0,0,0
BRDA:40,1,0,0
BRDA:40,1,1,0
BRDA:40,2,0,0
BRDA:40,2,1,0
BRDA:45,3,0,0
BRDA:45,3,1,0
BRDA:50,4,0,0
BRDA:50,4,1,0
BRDA:50,5,0,0
BRDA:50,5,1,0
BRDA:58,6,0,0
BRDA:58,6,1,0
BRDA:58,7,0,0
BRDA:58,7,1,0
BRDA:63,8,0,0
BRDA:63,8,1,0
BRDA:63,9,0,0
BRDA:63,9,1,0
BRDA:72,10,0,0
BRDA:72,10,1,0
BRDA:81,11,0,0
BRDA:81,11,1,0
BRDA:81,12,0,0
BRDA:81,12,1,0
BRDA:85,13,0,0
BRDA:85,13,1,0
BRDA:99,14,0,0
BRDA:99,14,1,0
BRDA:106,15,0,0
BRDA:106,15,1,0
BRDA:130,16,0,0
BRDA:130,16,1,0
BRDA:130,17,0,0
BRDA:130,17,1,0
BRDA:135,18,0,0
BRDA:135,18,1,0
BRDA:140,19,0,0
BRDA:140,19,1,0
BRDA:144,20,0,0
BRDA:144,20,1,0
BRDA:152,21,0,0
BRDA:152,21,1,0
BRDA:157,22,0,0
BRDA:157,22,1,0
BRDA:164,23,0,0
BRDA:164,23,1,0
BRDA:212,24,0,0
BRDA:212,24,1,0
BRDA:263,25,0,0
BRDA:263,25,1,0
BRDA:273,26,0,0
BRDA:273,27,0,0
BRDA:273,28,0,0
BRDA:274,29,0,0
BRDA:274,29,1,0
BRDA:275,30,0,0
BRDA:275,30,1,0
BRDA:281,31,0,0
BRDA:281,31,1,0
BRDA:285,32,0,0
BRDA:285,32,1,0
BRDA:290,33,0,0
BRDA:290,33,1,0
BRDA:291,34,0,0
BRDA:291,34,1,0
BRDA:295,35,0,0
BRDA:295,35,1,0
BRDA:311,36,0,0
BRDA:311,36,1,0
BRDA:318,37,0,0
BRDA:318,37,1,0
BRDA:318,38,0,0
BRDA:318,38,1,0
BRDA:332,39,0,0
BRDA:332,39,1,0
BRDA:351,40,0,0
BRDA:351,40,1,0
BRDA:351,41,0,0
BRDA:351,41,1,0
BRDA:364,42,0,0
BRDA:364,42,1,0
BRF:82
BRH:0
end_of_record
TN:
SF:src\services\painelWidgetsService.js
FN:26,createHttpError
FN:35,assertPositiveInt
FN:43,parseOptionalMetricId
FN:50,ensureJsonObjectOrNull
FN:69,ensureMetricActive
FN:88,ensureUniqueSlug
FN:115,normalizeSqlOverrideField
FN:129,normalizeCreatePayload
FN:159,normalizeUpdatePayload
FN:211,formatByFormato
FN:238,getPreviousCompetencia
FN:253,computeDelta
FN:266,getMetricByChave
FN:279,resolveMetricValue
FN:310,buildScope
FN:318,resolveDelta
FN:347,resolveSparkSeries
FN:357,(anonymous_17)
FN:358,(anonymous_18)
FN:371,(anonymous_19)
FN:372,(anonymous_20)
FN:375,resolveCardWidget
FN:430,mapLineSeries
FN:432,(anonymous_23)
FN:436,(anonymous_24)
FN:439,mapRankingRows
FN:441,(anonymous_26)
FN:448,(anonymous_27)
FN:452,resolveLineWidget
FN:472,resolveRankingWidget
FN:482,(anonymous_30)
FN:500,resolveSingleWidget
FN:524,listWidgets
FN:545,getWidgetById
FN:561,createWidget
FN:604,updateWidget
FN:631,(anonymous_36)
FN:663,reorderWidgets
FN:672,(anonymous_38)
FN:721,inactivateWidget
FN:740,normalizePreviewDraft
FN:763,resolvePainelLayout
FN:802,previewWidget
FNF:43
FNH:41
FNDA:11,createHttpError
FNDA:25,assertPositiveInt
FNDA:14,parseOptionalMetricId
FNDA:17,ensureJsonObjectOrNull
FNDA:6,ensureMetricActive
FNDA:2,ensureUniqueSlug
FNDA:4,normalizeSqlOverrideField
FNDA:3,normalizeCreatePayload
FNDA:4,normalizeUpdatePayload
FNDA:13,formatByFormato
FNDA:3,getPreviousCompetencia
FNDA:5,computeDelta
FNDA:3,getMetricByChave
FNDA:14,resolveMetricValue
FNDA:13,buildScope
FNDA:9,resolveDelta
FNDA:9,resolveSparkSeries
FNDA:0,(anonymous_17)
FNDA:0,(anonymous_18)
FNDA:3,(anonymous_19)
FNDA:3,(anonymous_20)
FNDA:9,resolveCardWidget
FNDA:2,mapLineSeries
FNDA:4,(anonymous_23)
FNDA:4,(anonymous_24)
FNDA:2,mapRankingRows
FNDA:5,(anonymous_26)
FNDA:5,(anonymous_27)
FNDA:1,resolveLineWidget
FNDA:1,resolveRankingWidget
FNDA:2,(anonymous_30)
FNDA:12,resolveSingleWidget
FNDA:14,listWidgets
FNDA:7,getWidgetById
FNDA:2,createWidget
FNDA:3,updateWidget
FNDA:2,(anonymous_36)
FNDA:2,reorderWidgets
FNDA:5,(anonymous_38)
FNDA:2,inactivateWidget
FNDA:3,normalizePreviewDraft
FNDA:11,resolvePainelLayout
FNDA:2,previewWidget
DA:1,2
DA:2,2
DA:4,2
DA:24,2
DA:27,11
DA:28,11
DA:29,11
DA:30,11
DA:32,11
DA:36,25
DA:37,25
DA:38,0
DA:40,25
DA:44,14
DA:45,8
DA:47,6
DA:51,17
DA:52,9
DA:55,8
DA:56,0
DA:57,0
DA:59,0
DA:62,8
DA:63,3
DA:66,5
DA:70,6
DA:71,2
DA:74,4
DA:83,4
DA:84,1
DA:89,2
DA:90,2
DA:98,2
DA:99,0
DA:100,0
DA:103,2
DA:105,2
DA:106,2
DA:107,1
DA:116,4
DA:117,4
DA:119,0
DA:120,0
DA:122,0
DA:123,0
DA:125,0
DA:126,0
DA:130,3
DA:131,3
DA:132,51
DA:133,23
DA:137,3
DA:138,0
DA:145,3
DA:146,3
DA:147,3
DA:148,3
DA:150,2
DA:151,2
DA:152,2
DA:153,2
DA:154,2
DA:156,2
DA:160,4
DA:161,4
DA:162,68
DA:163,5
DA:167,4
DA:168,1
DA:171,3
DA:172,0
DA:174,3
DA:175,2
DA:177,3
DA:178,0
DA:180,3
DA:181,1
DA:184,3
DA:185,1
DA:187,2
DA:188,0
DA:190,2
DA:191,0
DA:193,2
DA:194,0
DA:197,2
DA:200,2
DA:212,13
DA:213,1
DA:216,12
DA:217,0
DA:223,12
DA:224,0
DA:231,12
DA:232,0
DA:235,12
DA:239,3
DA:240,3
DA:241,1
DA:244,2
DA:245,2
DA:246,2
DA:247,2
DA:248,2
DA:249,2
DA:250,2
DA:254,5
DA:255,1
DA:258,4
DA:259,4
DA:260,4
DA:261,4
DA:262,2
DA:263,1
DA:267,3
DA:276,3
DA:284,14
DA:285,14
DA:286,1
DA:289,13
DA:290,1
DA:293,12
DA:294,12
DA:295,7
DA:298,5
DA:299,3
DA:302,2
DA:303,2
DA:304,1
DA:307,1
DA:311,13
DA:319,9
DA:320,9
DA:321,0
DA:324,9
DA:325,2
DA:331,7
DA:332,6
DA:335,1
DA:339,1
DA:340,1
DA:344,1
DA:349,9
DA:351,9
DA:352,0
DA:353,0
DA:354,0
DA:356,0
DA:357,0
DA:358,0
DA:361,9
DA:362,8
DA:365,1
DA:366,1
DA:367,0
DA:370,1
DA:371,3
DA:372,3
DA:376,9
DA:377,9
DA:382,9
DA:383,1
DA:384,1
DA:385,1
DA:386,1
DA:387,1
DA:388,1
DA:389,1
DA:393,1
DA:395,1
DA:399,1
DA:414,8
DA:415,8
DA:431,2
DA:432,4
DA:436,4
DA:440,2
DA:441,5
DA:448,5
DA:453,1
DA:457,1
DA:458,1
DA:473,1
DA:477,1
DA:478,1
DA:480,1
DA:481,1
DA:482,2
DA:486,1
DA:501,12
DA:502,9
DA:504,3
DA:505,1
DA:507,2
DA:508,1
DA:511,1
DA:525,14
DA:526,1
DA:529,13
DA:530,13
DA:531,13
DA:532,12
DA:535,13
DA:542,13
DA:546,7
DA:547,7
DA:554,7
DA:555,1
DA:558,6
DA:562,2
DA:563,2
DA:564,2
DA:565,2
DA:567,1
DA:601,1
DA:605,3
DA:606,3
DA:607,3
DA:609,2
DA:615,2
DA:616,2
DA:618,1
DA:619,0
DA:621,1
DA:626,0
DA:629,1
DA:630,1
DA:631,1
DA:632,2
DA:633,2
DA:636,1
DA:637,3
DA:638,1
DA:639,1
DA:640,1
DA:642,2
DA:645,1
DA:646,1
DA:648,1
DA:656,1
DA:657,0
DA:660,1
DA:664,2
DA:665,0
DA:672,5
DA:673,2
DA:674,2
DA:675,1
DA:678,1
DA:679,1
DA:680,1
DA:682,1
DA:692,1
DA:693,0
DA:700,1
DA:701,3
DA:710,1
DA:712,0
DA:713,0
DA:715,1
DA:718,1
DA:722,2
DA:724,2
DA:733,2
DA:734,1
DA:737,1
DA:741,3
DA:760,2
DA:770,11
DA:771,11
DA:772,11
DA:774,11
DA:775,1
DA:778,10
DA:779,10
DA:780,10
DA:783,10
DA:794,10
DA:803,2
DA:805,2
DA:809,2
DA:812,2
LF:282
LH:246
BRDA:29,0,0,11
BRDA:29,0,1,0
BRDA:37,1,0,0
BRDA:37,1,1,25
BRDA:37,2,0,25
BRDA:37,2,1,25
BRDA:44,3,0,8
BRDA:44,3,1,6
BRDA:44,4,0,14
BRDA:44,4,1,6
BRDA:44,4,2,6
BRDA:50,5,0,10
BRDA:50,6,0,10
BRDA:51,7,0,9
BRDA:51,7,1,8
BRDA:55,8,0,0
BRDA:55,8,1,8
BRDA:56,9,0,0
BRDA:56,9,1,0
BRDA:62,10,0,3
BRDA:62,10,1,5
BRDA:62,11,0,8
BRDA:62,11,1,8
BRDA:70,12,0,2
BRDA:70,12,1,4
BRDA:83,13,0,1
BRDA:83,13,1,3
BRDA:88,14,0,2
BRDA:98,15,0,0
BRDA:98,15,1,2
BRDA:106,16,0,1
BRDA:106,16,1,1
BRDA:116,17,0,4
BRDA:116,17,1,0
BRDA:119,18,0,0
BRDA:119,18,1,0
BRDA:119,19,0,0
BRDA:119,19,1,0
BRDA:122,20,0,0
BRDA:122,20,1,0
BRDA:126,21,0,0
BRDA:126,21,1,0
BRDA:129,22,0,0
BRDA:132,23,0,23
BRDA:132,23,1,28
BRDA:137,24,0,0
BRDA:137,24,1,3
BRDA:137,25,0,3
BRDA:137,25,1,3
BRDA:137,25,2,3
BRDA:137,25,3,3
BRDA:137,25,4,3
BRDA:145,26,0,1
BRDA:145,26,1,2
BRDA:149,27,0,3
BRDA:149,27,1,1
BRDA:154,28,0,2
BRDA:154,28,1,2
BRDA:159,29,0,0
BRDA:162,30,0,5
BRDA:162,30,1,63
BRDA:167,31,0,1
BRDA:167,31,1,3
BRDA:171,32,0,0
BRDA:171,32,1,3
BRDA:174,33,0,2
BRDA:174,33,1,1
BRDA:177,34,0,0
BRDA:177,34,1,3
BRDA:180,35,0,1
BRDA:180,35,1,2
BRDA:182,36,0,1
BRDA:182,36,1,0
BRDA:184,37,0,1
BRDA:184,37,1,2
BRDA:187,38,0,0
BRDA:187,38,1,2
BRDA:190,39,0,0
BRDA:190,39,1,2
BRDA:193,40,0,0
BRDA:193,40,1,2
BRDA:212,41,0,1
BRDA:212,41,1,12
BRDA:216,42,0,0
BRDA:216,42,1,12
BRDA:223,43,0,0
BRDA:223,43,1,12
BRDA:231,44,0,0
BRDA:231,44,1,12
BRDA:240,45,0,1
BRDA:240,45,1,2
BRDA:254,46,0,1
BRDA:254,46,1,4
BRDA:254,47,0,5
BRDA:254,47,1,4
BRDA:254,47,2,4
BRDA:259,48,0,2
BRDA:259,48,1,2
BRDA:259,49,0,1
BRDA:259,49,1,1
BRDA:261,50,0,2
BRDA:261,50,1,2
BRDA:262,51,0,1
BRDA:262,51,1,1
BRDA:276,52,0,3
BRDA:276,52,1,1
BRDA:282,53,0,1
BRDA:282,54,0,12
BRDA:282,55,0,12
BRDA:284,56,0,1
BRDA:284,56,1,13
BRDA:285,57,0,1
BRDA:285,57,1,13
BRDA:289,58,0,1
BRDA:289,58,1,12
BRDA:294,59,0,7
BRDA:294,59,1,5
BRDA:298,60,0,3
BRDA:298,60,1,2
BRDA:303,61,0,1
BRDA:303,61,1,1
BRDA:310,62,0,0
BRDA:313,63,0,13
BRDA:313,63,1,12
BRDA:314,64,0,13
BRDA:314,64,1,13
BRDA:319,65,0,9
BRDA:319,65,1,6
BRDA:320,66,0,0
BRDA:320,66,1,9
BRDA:320,67,0,9
BRDA:320,67,1,9
BRDA:324,68,0,2
BRDA:324,68,1,7
BRDA:326,69,0,2
BRDA:326,69,1,0
BRDA:331,70,0,6
BRDA:331,70,1,1
BRDA:331,71,0,7
BRDA:331,71,1,1
BRDA:349,72,0,0
BRDA:349,72,1,9
BRDA:351,73,0,0
BRDA:351,73,1,9
BRDA:353,74,0,0
BRDA:353,74,1,0
BRDA:361,75,0,8
BRDA:361,75,1,1
BRDA:366,76,0,0
BRDA:366,76,1,1
BRDA:382,77,0,1
BRDA:382,77,1,8
BRDA:385,78,0,1
BRDA:385,78,1,0
BRDA:387,79,0,1
BRDA:387,79,1,0
BRDA:395,80,0,0
BRDA:395,80,1,1
BRDA:395,81,0,1
BRDA:395,81,1,0
BRDA:397,82,0,1
BRDA:397,82,1,0
BRDA:397,83,0,1
BRDA:397,83,1,0
BRDA:408,84,0,1
BRDA:408,84,1,0
BRDA:430,85,0,0
BRDA:433,86,0,4
BRDA:433,86,1,1
BRDA:436,87,0,4
BRDA:436,87,1,3
BRDA:439,88,0,0
BRDA:439,89,0,0
BRDA:439,90,0,0
BRDA:442,91,0,5
BRDA:442,91,1,2
BRDA:442,91,2,1
BRDA:446,92,0,0
BRDA:446,92,1,5
BRDA:448,93,0,5
BRDA:448,93,1,4
BRDA:477,94,0,1
BRDA:477,94,1,0
BRDA:477,95,0,1
BRDA:477,95,1,0
BRDA:480,96,0,1
BRDA:480,96,1,0
BRDA:501,97,0,9
BRDA:501,97,1,3
BRDA:504,98,0,1
BRDA:504,98,1,2
BRDA:507,99,0,1
BRDA:507,99,1,1
BRDA:507,100,0,2
BRDA:507,100,1,1
BRDA:524,101,0,0
BRDA:524,102,0,2
BRDA:525,103,0,1
BRDA:525,103,1,13
BRDA:525,104,0,14
BRDA:525,104,1,13
BRDA:531,105,0,12
BRDA:531,105,1,1
BRDA:554,106,0,1
BRDA:554,106,1,6
BRDA:587,107,0,1
BRDA:587,107,1,1
BRDA:588,108,0,1
BRDA:588,108,1,0
BRDA:592,109,0,1
BRDA:592,109,1,0
BRDA:593,110,0,1
BRDA:593,110,1,1
BRDA:594,111,0,1
BRDA:594,111,1,1
BRDA:595,112,0,1
BRDA:595,112,1,1
BRDA:596,113,0,1
BRDA:596,113,1,0
BRDA:610,114,0,2
BRDA:610,114,1,2
BRDA:611,115,0,2
BRDA:611,115,1,2
BRDA:612,116,0,2
BRDA:612,116,1,2
BRDA:615,117,0,2
BRDA:615,117,1,0
BRDA:618,118,0,0
BRDA:618,118,1,1
BRDA:621,119,0,0
BRDA:621,119,1,1
BRDA:622,120,0,1
BRDA:622,120,1,1
BRDA:622,120,2,1
BRDA:637,121,0,1
BRDA:637,121,1,2
BRDA:637,122,0,3
BRDA:637,122,1,2
BRDA:637,122,2,2
BRDA:638,123,0,0
BRDA:638,123,1,1
BRDA:656,124,0,0
BRDA:656,124,1,1
BRDA:664,125,0,0
BRDA:664,125,1,2
BRDA:664,126,0,2
BRDA:664,126,1,2
BRDA:664,126,2,2
BRDA:664,126,3,2
BRDA:674,127,0,1
BRDA:674,127,1,1
BRDA:692,128,0,0
BRDA:692,128,1,1
BRDA:733,129,0,1
BRDA:733,129,1,1
BRDA:740,130,0,0
BRDA:743,131,0,3
BRDA:743,131,1,3
BRDA:744,132,0,3
BRDA:744,132,1,3
BRDA:744,133,0,3
BRDA:744,133,1,3
BRDA:745,134,0,3
BRDA:745,134,1,2
BRDA:746,135,0,3
BRDA:746,135,1,2
BRDA:747,136,0,3
BRDA:747,136,1,3
BRDA:748,137,0,3
BRDA:748,137,1,2
BRDA:750,138,0,3
BRDA:750,138,1,2
BRDA:755,139,0,2
BRDA:755,139,1,2
BRDA:756,140,0,2
BRDA:756,140,1,2
BRDA:764,141,0,0
BRDA:765,142,0,0
BRDA:767,143,0,10
BRDA:768,144,0,11
BRDA:774,145,0,1
BRDA:774,145,1,10
BRDA:802,146,0,0
BRDA:805,147,0,1
BRDA:805,147,1,1
BRDA:805,148,0,2
BRDA:805,148,1,1
BRF:287
BRH:222
end_of_record
TN:
SF:src\services\parser.js
FN:4,scriptPath
FN:10,pythonBin
FN:14,buildParserArgs
FN:25,runParser
FN:26,(anonymous_4)
FN:36,(anonymous_5)
FN:39,(anonymous_6)
FN:45,(anonymous_7)
FN:73,(anonymous_8)
FN:74,(anonymous_9)
FNF:10
FNH:0
FNDA:0,scriptPath
FNDA:0,pythonBin
FNDA:0,buildParserArgs
FNDA:0,runParser
FNDA:0,(anonymous_4)
FNDA:0,(anonymous_5)
FNDA:0,(anonymous_6)
FNDA:0,(anonymous_7)
FNDA:0,(anonymous_8)
FNDA:0,(anonymous_9)
DA:1,0
DA:2,0
DA:5,0
DA:11,0
DA:15,0
DA:16,0
DA:17,0
DA:19,0
DA:20,0
DA:22,0
DA:26,0
DA:27,0
DA:28,0
DA:33,0
DA:34,0
DA:36,0
DA:37,0
DA:39,0
DA:40,0
DA:43,0
DA:45,0
DA:46,0
DA:47,0
DA:48,0
DA:49,0
DA:50,0
DA:51,0
DA:54,0
DA:55,0
DA:56,0
DA:57,0
DA:60,0
DA:61,0
DA:62,0
DA:64,0
DA:65,0
DA:66,0
DA:67,0
DA:73,0
DA:74,0
DA:76,0
LF:41
LH:0
BRDA:6,0,0,0
BRDA:6,0,1,0
BRDA:11,1,0,0
BRDA:11,1,1,0
BRDA:14,2,0,0
BRDA:16,3,0,0
BRDA:16,3,1,0
BRDA:19,4,0,0
BRDA:19,4,1,0
BRDA:25,5,0,0
BRDA:46,6,0,0
BRDA:46,6,1,0
BRDA:47,7,0,0
BRDA:47,7,1,0
BRDA:55,8,0,0
BRDA:55,8,1,0
BRDA:62,9,0,0
BRDA:62,9,1,0
BRDA:74,10,0,0
BRF:19
BRH:0
end_of_record
TN:
SF:src\services\populacaoService.js
FN:5,parseCompetencia
FN:19,_mergeFaixaEtaria
FN:39,_mergeCondicoesSaude
FN:60,_mergeRacaCor
FN:75,_aggregate
FN:134,getPopulacao
FN:159,listPopulacaoCompetencias
FN:171,(anonymous_7)
FNF:8
FNH:0
FNDA:0,parseCompetencia
FNDA:0,_mergeFaixaEtaria
FNDA:0,_mergeCondicoesSaude
FNDA:0,_mergeRacaCor
FNDA:0,_aggregate
FNDA:0,getPopulacao
FNDA:0,listPopulacaoCompetencias
FNDA:0,(anonymous_7)
DA:1,0
DA:3,0
DA:6,0
DA:7,0
DA:9,0
DA:10,0
DA:12,0
DA:20,0
DA:21,0
DA:22,0
DA:23,0
DA:24,0
DA:25,0
DA:26,0
DA:27,0
DA:28,0
DA:29,0
DA:32,0
DA:40,0
DA:41,0
DA:42,0
DA:43,0
DA:44,0
DA:45,0
DA:46,0
DA:48,0
DA:49,0
DA:50,0
DA:53,0
DA:61,0
DA:62,0
DA:63,0
DA:64,0
DA:65,0
DA:68,0
DA:76,0
DA:77,0
DA:78,0
DA:79,0
DA:80,0
DA:81,0
DA:82,0
DA:84,0
DA:85,0
DA:86,0
DA:88,0
DA:96,0
DA:97,0
DA:99,0
DA:100,0
DA:102,0
DA:103,0
DA:106,0
DA:108,0
DA:109,0
DA:110,0
DA:111,0
DA:116,0
DA:135,0
DA:138,0
DA:140,0
DA:151,0
DA:152,0
DA:160,0
DA:171,0
DA:178,0
LF:66
LH:0
BRDA:6,0,0,0
BRDA:6,0,1,0
BRDA:6,1,0,0
BRDA:6,1,1,0
BRDA:9,2,0,0
BRDA:9,2,1,0
BRDA:22,3,0,0
BRDA:22,3,1,0
BRDA:24,4,0,0
BRDA:24,4,1,0
BRDA:24,5,0,0
BRDA:24,5,1,0
BRDA:25,6,0,0
BRDA:25,6,1,0
BRDA:26,7,0,0
BRDA:26,7,1,0
BRDA:27,8,0,0
BRDA:27,8,1,0
BRDA:28,9,0,0
BRDA:28,9,1,0
BRDA:42,10,0,0
BRDA:42,10,1,0
BRDA:42,11,0,0
BRDA:42,11,1,0
BRDA:44,12,0,0
BRDA:44,12,1,0
BRDA:44,13,0,0
BRDA:44,13,1,0
BRDA:45,14,0,0
BRDA:45,14,1,0
BRDA:48,15,0,0
BRDA:48,15,1,0
BRDA:49,16,0,0
BRDA:49,16,1,0
BRDA:50,17,0,0
BRDA:50,17,1,0
BRDA:63,18,0,0
BRDA:63,18,1,0
BRDA:63,19,0,0
BRDA:63,19,1,0
BRDA:65,20,0,0
BRDA:65,20,1,0
BRDA:65,21,0,0
BRDA:65,21,1,0
BRDA:85,22,0,0
BRDA:85,22,1,0
BRDA:86,23,0,0
BRDA:86,23,1,0
BRDA:91,24,0,0
BRDA:91,24,1,0
BRDA:92,25,0,0
BRDA:92,25,1,0
BRDA:96,26,0,0
BRDA:96,26,1,0
BRDA:99,27,0,0
BRDA:99,27,1,0
BRDA:102,28,0,0
BRDA:102,28,1,0
BRDA:106,29,0,0
BRDA:106,29,1,0
BRDA:109,30,0,0
BRDA:109,30,1,0
BRDA:110,31,0,0
BRDA:110,31,1,0
BRDA:135,32,0,0
BRDA:135,32,1,0
BRDA:138,33,0,0
BRDA:138,33,1,0
BRDA:151,34,0,0
BRDA:151,34,1,0
BRF:70
BRH:0
end_of_record
TN:
SF:src\services\procedimentosService.js
FN:3,mapProcedimentoRow
FN:19,listProcedimentos
FN:71,getProcedimentoById
FNF:3
FNH:0
FNDA:0,mapProcedimentoRow
FNDA:0,listProcedimentos
FNDA:0,getProcedimentoById
DA:1,0
DA:4,0
DA:20,0
DA:21,0
DA:22,0
DA:23,0
DA:24,0
DA:26,0
DA:27,0
DA:29,0
DA:30,0
DA:31,0
DA:34,0
DA:35,0
DA:36,0
DA:41,0
DA:43,0
DA:47,0
DA:49,0
DA:50,0
DA:60,0
DA:72,0
DA:80,0
DA:81,0
DA:82,0
DA:83,0
DA:86,0
DA:89,0
LF:28
LH:0
BRDA:19,0,0,0
BRDA:20,1,0,0
BRDA:20,1,1,0
BRDA:21,2,0,0
BRDA:21,2,1,0
BRDA:22,3,0,0
BRDA:22,3,1,0
BRDA:23,4,0,0
BRDA:23,4,1,0
BRDA:29,5,0,0
BRDA:29,5,1,0
BRDA:34,6,0,0
BRDA:34,6,1,0
BRDA:66,7,0,0
BRDA:66,7,1,0
BRDA:80,8,0,0
BRDA:80,8,1,0
BRF:17
BRH:0
end_of_record
TN:
SF:src\services\sia.js
FN:7,scriptPath
FN:14,pythonBin
FN:18,parseSyncOutput
FN:31,toNumberOrNull
FN:38,nowIso
FN:42,cleanupProgressRuns
FN:51,initProgress
FN:67,updateProgress
FN:98,finalizeProgressSuccess
FN:115,finalizeProgressError
FN:127,extractProgressFromStderr
FN:150,sincronizar
FN:152,(anonymous_12)
FN:184,(anonymous_13)
FN:187,(anonymous_14)
FN:193,(anonymous_15)
FN:198,(anonymous_16)
FN:233,getSyncProgress
FNF:18
FNH:0
FNDA:0,scriptPath
FNDA:0,pythonBin
FNDA:0,parseSyncOutput
FNDA:0,toNumberOrNull
FNDA:0,nowIso
FNDA:0,cleanupProgressRuns
FNDA:0,initProgress
FNDA:0,updateProgress
FNDA:0,finalizeProgressSuccess
FNDA:0,finalizeProgressError
FNDA:0,extractProgressFromStderr
FNDA:0,sincronizar
FNDA:0,(anonymous_12)
FNDA:0,(anonymous_13)
FNDA:0,(anonymous_14)
FNDA:0,(anonymous_15)
FNDA:0,(anonymous_16)
FNDA:0,getSyncProgress
DA:1,0
DA:2,0
DA:4,0
DA:5,0
DA:8,0
DA:15,0
DA:19,0
DA:20,0
DA:21,0
DA:24,0
DA:25,0
DA:26,0
DA:28,0
DA:32,0
DA:33,0
DA:35,0
DA:39,0
DA:43,0
DA:44,0
DA:45,0
DA:46,0
DA:52,0
DA:53,0
DA:68,0
DA:69,0
DA:71,0
DA:72,0
DA:90,0
DA:91,0
DA:92,0
DA:93,0
DA:94,0
DA:99,0
DA:100,0
DA:102,0
DA:103,0
DA:104,0
DA:105,0
DA:106,0
DA:107,0
DA:116,0
DA:117,0
DA:119,0
DA:120,0
DA:121,0
DA:122,0
DA:123,0
DA:124,0
DA:128,0
DA:129,0
DA:131,0
DA:132,0
DA:133,0
DA:135,0
DA:136,0
DA:137,0
DA:138,0
DA:140,0
DA:141,0
DA:142,0
DA:143,0
DA:151,0
DA:152,0
DA:153,0
DA:154,0
DA:155,0
DA:156,0
DA:158,0
DA:159,0
DA:160,0
DA:161,0
DA:167,0
DA:180,0
DA:181,0
DA:182,0
DA:184,0
DA:185,0
DA:187,0
DA:188,0
DA:189,0
DA:190,0
DA:193,0
DA:194,0
DA:195,0
DA:198,0
DA:199,0
DA:200,0
DA:202,0
DA:203,0
DA:204,0
DA:205,0
DA:206,0
DA:207,0
DA:208,0
DA:211,0
DA:212,0
DA:213,0
DA:214,0
DA:215,0
DA:216,0
DA:217,0
DA:218,0
DA:220,0
DA:221,0
DA:223,0
DA:224,0
DA:225,0
DA:226,0
DA:227,0
DA:234,0
DA:235,0
DA:237,0
DA:238,0
DA:239,0
DA:240,0
DA:242,0
DA:255,0
LF:117
LH:0
BRDA:9,0,0,0
BRDA:9,0,1,0
BRDA:15,1,0,0
BRDA:15,1,1,0
BRDA:20,2,0,0
BRDA:20,2,1,0
BRDA:25,3,0,0
BRDA:25,3,1,0
BRDA:26,4,0,0
BRDA:26,4,1,0
BRDA:32,5,0,0
BRDA:32,5,1,0
BRDA:32,6,0,0
BRDA:32,6,1,0
BRDA:45,7,0,0
BRDA:45,7,1,0
BRDA:45,8,0,0
BRDA:45,8,1,0
BRDA:67,9,0,0
BRDA:68,10,0,0
BRDA:68,10,1,0
BRDA:68,11,0,0
BRDA:68,11,1,0
BRDA:74,12,0,0
BRDA:74,12,1,0
BRDA:74,12,2,0
BRDA:74,12,3,0
BRDA:75,13,0,0
BRDA:75,13,1,0
BRDA:75,13,2,0
BRDA:76,14,0,0
BRDA:76,14,1,0
BRDA:93,15,0,0
BRDA:93,15,1,0
BRDA:99,16,0,0
BRDA:99,16,1,0
BRDA:99,17,0,0
BRDA:99,17,1,0
BRDA:105,18,0,0
BRDA:105,18,1,0
BRDA:106,19,0,0
BRDA:106,19,1,0
BRDA:108,20,0,0
BRDA:108,20,1,0
BRDA:109,21,0,0
BRDA:109,21,1,0
BRDA:110,22,0,0
BRDA:110,22,1,0
BRDA:111,23,0,0
BRDA:111,23,1,0
BRDA:116,24,0,0
BRDA:116,24,1,0
BRDA:116,25,0,0
BRDA:116,25,1,0
BRDA:128,26,0,0
BRDA:128,26,1,0
BRDA:133,27,0,0
BRDA:133,27,1,0
BRDA:137,28,0,0
BRDA:137,28,1,0
BRDA:150,29,0,0
BRDA:151,30,0,0
BRDA:151,31,0,0
BRDA:155,32,0,0
BRDA:155,32,1,0
BRDA:158,33,0,0
BRDA:158,33,1,0
BRDA:174,34,0,0
BRDA:174,34,1,0
BRDA:175,35,0,0
BRDA:175,35,1,0
BRDA:199,36,0,0
BRDA:199,36,1,0
BRDA:202,37,0,0
BRDA:202,37,1,0
BRDA:203,38,0,0
BRDA:203,38,1,0
BRDA:213,39,0,0
BRDA:213,39,1,0
BRDA:234,40,0,0
BRDA:234,40,1,0
BRDA:239,41,0,0
BRDA:239,41,1,0
BRF:83
BRH:0
end_of_record
TN:
SF:src\services\siaProducaoService.js
FN:9,getSiaProducaoColumns
FN:20,(anonymous_1)
FN:24,listProducao
FN:79,(anonymous_3)
FNF:4
FNH:0
FNDA:0,getSiaProducaoColumns
FNDA:0,(anonymous_1)
FNDA:0,listProducao
FNDA:0,(anonymous_3)
DA:1,0
DA:5,0
DA:7,0
DA:10,0
DA:11,0
DA:13,0
DA:20,0
DA:21,0
DA:25,0
DA:26,0
DA:27,0
DA:28,0
DA:29,0
DA:32,0
DA:36,0
DA:37,0
DA:38,0
DA:40,0
DA:41,0
DA:42,0
DA:44,0
DA:45,0
DA:46,0
DA:48,0
DA:49,0
DA:50,0
DA:53,0
DA:55,0
DA:74,0
DA:77,0
DA:80,0
LF:31
LH:0
BRDA:10,0,0,0
BRDA:10,0,1,0
BRDA:24,1,0,0
BRDA:29,2,0,0
BRDA:29,2,1,0
BRDA:32,3,0,0
BRDA:32,3,1,0
BRDA:36,4,0,0
BRDA:36,4,1,0
BRDA:40,5,0,0
BRDA:40,5,1,0
BRDA:44,6,0,0
BRDA:44,6,1,0
BRDA:48,7,0,0
BRDA:48,7,1,0
BRDA:53,8,0,0
BRDA:53,8,1,0
BRF:17
BRH:0
end_of_record
TN:
SF:src\services\sih.js
FN:14,scriptPath
FN:21,pythonBin
FN:25,parseSyncOutput
FN:35,toNumberOrNull
FN:40,nowIso
FN:44,normalizeCompetencia
FN:55,cleanupProgressRuns
FN:64,initProgress
FN:80,updateProgress
FN:105,finalizeProgressSuccess
FN:122,finalizeProgressError
FN:132,extractProgressFromStderr
FN:155,getCompetenciaImportada
FN:188,sincronizar
FN:190,(anonymous_14)
FN:217,(anonymous_15)
FN:220,(anonymous_16)
FN:226,(anonymous_17)
FN:231,(anonymous_18)
FN:265,getSyncProgress
FNF:20
FNH:0
FNDA:0,scriptPath
FNDA:0,pythonBin
FNDA:0,parseSyncOutput
FNDA:0,toNumberOrNull
FNDA:0,nowIso
FNDA:0,normalizeCompetencia
FNDA:0,cleanupProgressRuns
FNDA:0,initProgress
FNDA:0,updateProgress
FNDA:0,finalizeProgressSuccess
FNDA:0,finalizeProgressError
FNDA:0,extractProgressFromStderr
FNDA:0,getCompetenciaImportada
FNDA:0,sincronizar
FNDA:0,(anonymous_14)
FNDA:0,(anonymous_15)
FNDA:0,(anonymous_16)
FNDA:0,(anonymous_17)
FNDA:0,(anonymous_18)
FNDA:0,getSyncProgress
DA:3,0
DA:4,0
DA:5,0
DA:7,0
DA:8,0
DA:15,0
DA:22,0
DA:26,0
DA:27,0
DA:28,0
DA:29,0
DA:30,0
DA:32,0
DA:36,0
DA:37,0
DA:41,0
DA:45,0
DA:46,0
DA:47,0
DA:48,0
DA:56,0
DA:57,0
DA:58,0
DA:59,0
DA:65,0
DA:66,0
DA:81,0
DA:82,0
DA:83,0
DA:97,0
DA:98,0
DA:99,0
DA:100,0
DA:101,0
DA:106,0
DA:107,0
DA:108,0
DA:109,0
DA:110,0
DA:111,0
DA:112,0
DA:123,0
DA:124,0
DA:125,0
DA:126,0
DA:127,0
DA:128,0
DA:129,0
DA:133,0
DA:134,0
DA:135,0
DA:136,0
DA:138,0
DA:139,0
DA:140,0
DA:141,0
DA:142,0
DA:143,0
DA:144,0
DA:156,0
DA:157,0
DA:159,0
DA:169,0
DA:170,0
DA:179,0
DA:189,0
DA:190,0
DA:191,0
DA:192,0
DA:193,0
DA:194,0
DA:195,0
DA:196,0
DA:197,0
DA:204,0
DA:213,0
DA:214,0
DA:215,0
DA:217,0
DA:218,0
DA:220,0
DA:221,0
DA:222,0
DA:223,0
DA:226,0
DA:227,0
DA:228,0
DA:231,0
DA:232,0
DA:233,0
DA:235,0
DA:236,0
DA:237,0
DA:238,0
DA:239,0
DA:240,0
DA:241,0
DA:243,0
DA:244,0
DA:245,0
DA:246,0
DA:247,0
DA:248,0
DA:249,0
DA:250,0
DA:252,0
DA:253,0
DA:255,0
DA:256,0
DA:257,0
DA:258,0
DA:259,0
DA:266,0
DA:267,0
DA:268,0
DA:269,0
DA:270,0
DA:283,0
LF:118
LH:0
BRDA:16,0,0,0
BRDA:16,0,1,0
BRDA:22,1,0,0
BRDA:22,1,1,0
BRDA:27,2,0,0
BRDA:27,2,1,0
BRDA:29,3,0,0
BRDA:29,3,1,0
BRDA:30,4,0,0
BRDA:30,4,1,0
BRDA:36,5,0,0
BRDA:36,5,1,0
BRDA:36,6,0,0
BRDA:36,6,1,0
BRDA:45,7,0,0
BRDA:45,7,1,0
BRDA:45,8,0,0
BRDA:45,8,1,0
BRDA:47,9,0,0
BRDA:47,9,1,0
BRDA:47,10,0,0
BRDA:47,10,1,0
BRDA:58,11,0,0
BRDA:58,11,1,0
BRDA:58,12,0,0
BRDA:58,12,1,0
BRDA:80,13,0,0
BRDA:81,14,0,0
BRDA:81,14,1,0
BRDA:81,15,0,0
BRDA:81,15,1,0
BRDA:85,16,0,0
BRDA:85,16,1,0
BRDA:85,16,2,0
BRDA:85,16,3,0
BRDA:86,17,0,0
BRDA:86,17,1,0
BRDA:86,17,2,0
BRDA:87,18,0,0
BRDA:87,18,1,0
BRDA:95,19,0,0
BRDA:95,19,1,0
BRDA:100,20,0,0
BRDA:100,20,1,0
BRDA:106,21,0,0
BRDA:106,21,1,0
BRDA:106,22,0,0
BRDA:106,22,1,0
BRDA:110,23,0,0
BRDA:110,23,1,0
BRDA:111,24,0,0
BRDA:111,24,1,0
BRDA:113,25,0,0
BRDA:113,25,1,0
BRDA:114,26,0,0
BRDA:114,26,1,0
BRDA:115,27,0,0
BRDA:115,27,1,0
BRDA:116,28,0,0
BRDA:116,28,1,0
BRDA:117,29,0,0
BRDA:117,29,1,0
BRDA:118,30,0,0
BRDA:118,30,1,0
BRDA:123,31,0,0
BRDA:123,31,1,0
BRDA:123,32,0,0
BRDA:123,32,1,0
BRDA:133,33,0,0
BRDA:133,33,1,0
BRDA:136,34,0,0
BRDA:136,34,1,0
BRDA:140,35,0,0
BRDA:140,35,1,0
BRDA:157,36,0,0
BRDA:157,36,1,0
BRDA:169,37,0,0
BRDA:169,37,1,0
BRDA:182,38,0,0
BRDA:182,38,1,0
BRDA:183,39,0,0
BRDA:183,39,1,0
BRDA:188,40,0,0
BRDA:189,41,0,0
BRDA:189,42,0,0
BRDA:193,43,0,0
BRDA:193,43,1,0
BRDA:194,44,0,0
BRDA:194,44,1,0
BRDA:208,45,0,0
BRDA:208,45,1,0
BRDA:209,46,0,0
BRDA:209,46,1,0
BRDA:232,47,0,0
BRDA:232,47,1,0
BRDA:235,48,0,0
BRDA:235,48,1,0
BRDA:236,49,0,0
BRDA:236,49,1,0
BRDA:245,50,0,0
BRDA:245,50,1,0
BRDA:266,51,0,0
BRDA:266,51,1,0
BRDA:269,52,0,0
BRDA:269,52,1,0
BRF:105
BRH:0
end_of_record
TN:
SF:src\services\sihProducaoService.js
FN:5,normalizeCompetenciaDate
FN:15,listInternacoes
FN:73,listProcedimentos
FN:125,getSihSummary
FN:176,listInternacoesPorCapituloCid
FNF:5
FNH:0
FNDA:0,normalizeCompetenciaDate
FNDA:0,listInternacoes
FNDA:0,listProcedimentos
FNDA:0,getSihSummary
FNDA:0,listInternacoesPorCapituloCid
DA:3,0
DA:6,0
DA:7,0
DA:16,0
DA:17,0
DA:19,0
DA:20,0
DA:22,0
DA:23,0
DA:24,0
DA:25,0
DA:26,0
DA:29,0
DA:30,0
DA:31,0
DA:33,0
DA:34,0
DA:35,0
DA:38,0
DA:40,0
DA:66,0
DA:74,0
DA:75,0
DA:77,0
DA:78,0
DA:80,0
DA:81,0
DA:82,0
DA:83,0
DA:84,0
DA:87,0
DA:88,0
DA:89,0
DA:91,0
DA:92,0
DA:93,0
DA:96,0
DA:98,0
DA:118,0
DA:126,0
DA:127,0
DA:129,0
DA:130,0
DA:131,0
DA:132,0
DA:133,0
DA:136,0
DA:137,0
DA:138,0
DA:141,0
DA:143,0
DA:163,0
DA:164,0
DA:177,0
DA:181,0
DA:183,0
DA:184,0
DA:185,0
DA:186,0
DA:187,0
DA:190,0
DA:191,0
DA:192,0
DA:195,0
DA:197,0
DA:208,0
DA:211,0
LF:67
LH:0
BRDA:6,0,0,0
BRDA:6,0,1,0
BRDA:6,1,0,0
BRDA:6,1,1,0
BRDA:15,2,0,0
BRDA:17,3,0,0
BRDA:17,3,1,0
BRDA:22,4,0,0
BRDA:22,4,1,0
BRDA:24,5,0,0
BRDA:24,5,1,0
BRDA:29,6,0,0
BRDA:29,6,1,0
BRDA:33,7,0,0
BRDA:33,7,1,0
BRDA:38,8,0,0
BRDA:38,8,1,0
BRDA:73,9,0,0
BRDA:75,10,0,0
BRDA:75,10,1,0
BRDA:80,11,0,0
BRDA:80,11,1,0
BRDA:82,12,0,0
BRDA:82,12,1,0
BRDA:87,13,0,0
BRDA:87,13,1,0
BRDA:91,14,0,0
BRDA:91,14,1,0
BRDA:96,15,0,0
BRDA:96,15,1,0
BRDA:129,16,0,0
BRDA:129,16,1,0
BRDA:131,17,0,0
BRDA:131,17,1,0
BRDA:136,18,0,0
BRDA:136,18,1,0
BRDA:141,19,0,0
BRDA:141,19,1,0
BRDA:163,20,0,0
BRDA:163,20,1,0
BRDA:165,21,0,0
BRDA:165,21,1,0
BRDA:166,22,0,0
BRDA:166,22,1,0
BRDA:167,23,0,0
BRDA:167,23,1,0
BRDA:168,24,0,0
BRDA:168,24,1,0
BRDA:183,25,0,0
BRDA:183,25,1,0
BRDA:185,26,0,0
BRDA:185,26,1,0
BRDA:190,27,0,0
BRDA:190,27,1,0
BRF:54
BRH:0
end_of_record
TN:
SF:src\services\storage.js
FN:5,uploadsRoot
FN:9,competenciaParts
FN:18,slugUnidade
FN:29,buildPath
FN:35,hashFile
FN:40,moveFile
FN:55,removeFile
FN:63,removeTempFile
FNF:8
FNH:0
FNDA:0,uploadsRoot
FNDA:0,competenciaParts
FNDA:0,slugUnidade
FNDA:0,buildPath
FNDA:0,hashFile
FNDA:0,moveFile
FNDA:0,removeFile
FNDA:0,removeTempFile
DA:1,0
DA:2,0
DA:3,0
DA:6,0
DA:10,0
DA:11,0
DA:12,0
DA:13,0
DA:15,0
DA:19,0
DA:30,0
DA:31,0
DA:32,0
DA:36,0
DA:37,0
DA:41,0
DA:42,0
DA:43,0
DA:46,0
DA:47,0
DA:48,0
DA:49,0
DA:51,0
DA:56,0
DA:57,0
DA:64,0
DA:65,0
DA:69,0
LF:28
LH:0
BRDA:6,0,0,0
BRDA:6,0,1,0
BRDA:12,1,0,0
BRDA:12,1,1,0
BRDA:12,2,0,0
BRDA:12,2,1,0
BRDA:19,3,0,0
BRDA:19,3,1,0
BRDA:46,4,0,0
BRDA:46,4,1,0
BRDA:64,5,0,0
BRDA:64,5,1,0
BRF:12
BRH:0
end_of_record
