TN:
SF:src\middleware\errorHandler.js
FN:1,errorHandler
FNF:1
FNH:1
FNDA:31,errorHandler
DA:2,31
DA:3,31
DA:8,31
DA:9,29
DA:12,31
DA:21,31
DA:24,22
LF:7
LH:7
BRDA:2,0,0,31
BRDA:2,0,1,5
BRDA:4,1,0,31
BRDA:4,1,1,1
BRDA:8,2,0,29
BRDA:8,2,1,2
BRDA:8,3,0,31
BRDA:8,3,1,30
BRF:8
BRH:8
end_of_record
TN:
SF:src\middleware\requestLogger.js
FN:3,requestLogger
FN:9,(anonymous_1)
FNF:2
FNH:2
FNDA:221,requestLogger
FNDA:220,(anonymous_1)
DA:1,22
DA:4,221
DA:5,221
DA:6,221
DA:8,221
DA:9,221
DA:10,220
DA:21,221
DA:24,22
LF:9
LH:9
BRDA:4,0,0,221
BRDA:4,0,1,220
BRDA:14,1,0,220
BRDA:14,1,1,1
BRF:4
BRH:4
end_of_record
TN:
SF:src\middleware\requireAdmin.js
FN:1,requireAdmin
FNF:1
FNH:1
FNDA:28,requireAdmin
DA:2,28
DA:3,7
DA:5,21
DA:8,22
LF:4
LH:4
BRDA:2,0,0,7
BRDA:2,0,1,21
BRF:2
BRH:2
end_of_record
TN:
SF:src\middleware\requireAdminOrPlanning.js
FN:1,requireAdminOrPlanning
FNF:1
FNH:1
FNDA:6,requireAdminOrPlanning
DA:2,6
DA:3,6
DA:4,5
DA:6,1
DA:9,22
LF:5
LH:5
BRDA:3,0,0,5
BRDA:3,0,1,1
BRDA:3,1,0,6
BRDA:3,1,1,3
BRF:4
BRH:4
end_of_record
TN:
SF:src\middleware\requirePlanningStaff.js
FN:7,requirePlanningStaff
FNF:1
FNH:1
FNDA:61,requirePlanningStaff
DA:1,21
DA:8,61
DA:9,11
DA:14,50
DA:17,21
DA:18,21
LF:6
LH:6
BRDA:8,0,0,11
BRDA:8,0,1,50
BRF:2
BRH:2
end_of_record
TN:
SF:src\middleware\verifyJWT.js
FN:4,verifyJWT
FNF:1
FNH:1
FNDA:209,verifyJWT
DA:1,22
DA:2,22
DA:5,209
DA:6,209
DA:8,209
DA:9,11
DA:12,198
DA:13,198
DA:14,196
DA:20,196
DA:22,2
DA:26,22
LF:12
LH:12
BRDA:5,0,0,209
BRDA:5,0,1,11
BRDA:8,1,0,11
BRDA:8,1,1,198
BRF:4
BRH:4
end_of_record
TN:
SF:src\routes\admin.js
FN:28,clientIp
FN:32,validateSenha
FN:39,(anonymous_2)
FN:93,(anonymous_3)
FN:106,(anonymous_4)
FN:150,(anonymous_5)
FN:216,(anonymous_6)
FN:254,(anonymous_7)
FN:267,(anonymous_8)
FN:304,(anonymous_9)
FN:314,(anonymous_10)
FN:322,(anonymous_11)
FN:338,(anonymous_12)
FN:355,(anonymous_13)
FN:374,(anonymous_14)
FN:407,(anonymous_15)
FNF:16
FNH:13
FNDA:7,clientIp
FNDA:4,validateSenha
FNDA:3,(anonymous_2)
FNDA:1,(anonymous_3)
FNDA:5,(anonymous_4)
FNDA:4,(anonymous_5)
FNDA:3,(anonymous_6)
FNDA:1,(anonymous_7)
FNDA:3,(anonymous_8)
FNDA:2,(anonymous_9)
FNDA:1,(anonymous_10)
FNDA:1,(anonymous_11)
FNDA:0,(anonymous_12)
FNDA:0,(anonymous_13)
FNDA:1,(anonymous_14)
FNDA:0,(anonymous_15)
DA:1,21
DA:2,21
DA:3,21
DA:4,21
DA:5,21
DA:6,21
DA:7,21
DA:8,21
DA:9,21
DA:10,21
DA:12,21
DA:14,21
DA:22,21
DA:23,21
DA:29,7
DA:33,4
DA:34,1
DA:36,3
DA:39,21
DA:40,3
DA:41,3
DA:42,3
DA:43,3
DA:45,3
DA:46,3
DA:48,3
DA:49,1
DA:50,1
DA:52,3
DA:53,1
DA:54,1
DA:57,3
DA:59,3
DA:63,3
DA:65,3
DA:66,3
DA:77,3
DA:87,0
DA:91,21
DA:93,21
DA:94,1
DA:95,1
DA:100,1
DA:102,0
DA:106,21
DA:107,5
DA:108,5
DA:110,5
DA:111,1
DA:116,4
DA:117,1
DA:120,3
DA:121,3
DA:122,1
DA:125,2
DA:126,2
DA:133,1
DA:141,1
DA:143,1
DA:144,1
DA:146,0
DA:150,21
DA:151,4
DA:152,4
DA:154,4
DA:155,1
DA:158,3
DA:159,3
DA:161,3
DA:162,2
DA:163,2
DA:165,3
DA:166,0
DA:167,0
DA:169,3
DA:170,0
DA:171,0
DA:173,3
DA:174,1
DA:175,1
DA:176,0
DA:178,1
DA:179,1
DA:180,1
DA:183,3
DA:184,1
DA:187,2
DA:188,0
DA:191,2
DA:192,2
DA:198,2
DA:199,1
DA:202,1
DA:210,1
DA:212,0
DA:216,21
DA:217,3
DA:218,3
DA:219,3
DA:220,1
DA:223,2
DA:226,2
DA:227,0
DA:230,2
DA:236,2
DA:237,1
DA:240,1
DA:248,1
DA:250,0
DA:254,21
DA:255,1
DA:256,1
DA:261,1
DA:263,0
DA:267,21
DA:268,3
DA:269,3
DA:275,3
DA:276,1
DA:281,2
DA:282,2
DA:283,2
DA:284,0
DA:287,2
DA:297,2
DA:300,2
DA:304,2
DA:308,2
DA:310,0
DA:314,21
DA:315,1
DA:316,1
DA:318,0
DA:322,21
DA:323,1
DA:324,1
DA:325,1
DA:332,1
DA:334,0
DA:338,21
DA:339,0
DA:340,0
DA:341,0
DA:342,0
DA:344,0
DA:345,0
DA:349,0
DA:351,0
DA:355,21
DA:356,0
DA:357,0
DA:358,0
DA:359,0
DA:361,0
DA:368,0
DA:370,0
DA:374,21
DA:375,1
DA:376,1
DA:377,1
DA:380,1
DA:381,0
DA:382,0
DA:384,0
DA:385,1
DA:386,1
DA:388,0
DA:391,1
DA:402,1
DA:404,0
DA:406,1
DA:407,0
DA:412,21
LF:173
LH:135
BRDA:22,0,0,21
BRDA:22,0,1,21
BRDA:29,1,0,7
BRDA:29,1,1,7
BRDA:29,1,2,0
BRDA:33,2,0,1
BRDA:33,2,1,3
BRDA:33,3,0,4
BRDA:33,3,1,4
BRDA:41,4,0,3
BRDA:41,4,1,2
BRDA:42,5,0,3
BRDA:42,5,1,2
BRDA:48,6,0,1
BRDA:48,6,1,2
BRDA:52,7,0,1
BRDA:52,7,1,2
BRDA:57,8,0,1
BRDA:57,8,1,2
BRDA:83,9,0,3
BRDA:83,9,1,2
BRDA:108,10,0,5
BRDA:108,10,1,0
BRDA:110,11,0,1
BRDA:110,11,1,4
BRDA:110,12,0,5
BRDA:110,12,1,5
BRDA:110,12,2,4
BRDA:110,12,3,4
BRDA:116,13,0,1
BRDA:116,13,1,3
BRDA:121,14,0,1
BRDA:121,14,1,2
BRDA:143,15,0,1
BRDA:143,15,1,0
BRDA:152,16,0,4
BRDA:152,16,1,0
BRDA:154,17,0,1
BRDA:154,17,1,3
BRDA:154,18,0,4
BRDA:154,18,1,1
BRDA:161,19,0,2
BRDA:161,19,1,1
BRDA:165,20,0,0
BRDA:165,20,1,3
BRDA:169,21,0,0
BRDA:169,21,1,3
BRDA:173,22,0,1
BRDA:173,22,1,2
BRDA:175,23,0,0
BRDA:175,23,1,1
BRDA:183,24,0,1
BRDA:183,24,1,2
BRDA:187,25,0,0
BRDA:187,25,1,2
BRDA:187,26,0,2
BRDA:187,26,1,0
BRDA:198,27,0,1
BRDA:198,27,1,1
BRDA:219,28,0,1
BRDA:219,28,1,2
BRDA:226,29,0,0
BRDA:226,29,1,2
BRDA:226,30,0,2
BRDA:226,30,1,0
BRDA:236,31,0,1
BRDA:236,31,1,1
BRDA:269,32,0,1
BRDA:269,32,1,2
BRDA:271,33,0,1
BRDA:271,33,1,1
BRDA:275,34,0,1
BRDA:275,34,1,2
BRDA:283,35,0,0
BRDA:283,35,1,2
BRDA:283,36,0,2
BRDA:283,36,1,2
BRDA:295,37,0,2
BRDA:295,37,1,2
BRDA:341,38,0,0
BRDA:341,38,1,0
BRDA:358,39,0,0
BRDA:358,39,1,0
BRDA:380,40,0,0
BRDA:380,40,1,1
BRDA:381,41,0,0
BRDA:381,41,1,0
BRDA:385,42,0,1
BRDA:385,42,1,0
BRDA:396,43,0,1
BRDA:396,43,1,0
BRDA:406,44,0,0
BRDA:406,44,1,1
BRF:93
BRH:71
end_of_record
TN:
SF:src\routes\api.js
FNF:0
FNH:0
DA:1,21
DA:2,21
DA:3,21
DA:4,21
DA:5,21
DA:6,21
DA:8,21
DA:10,21
DA:11,21
DA:12,21
DA:13,21
DA:14,21
DA:16,21
LF:13
LH:13
BRF:0
BRH:0
end_of_record
TN:
SF:src\routes\auth.js
FN:8,clientIp
FN:12,(anonymous_1)
FN:48,(anonymous_2)
FN:52,(anonymous_3)
FNF:4
FNH:4
FNDA:6,clientIp
FNDA:8,(anonymous_1)
FNDA:1,(anonymous_2)
FNDA:2,(anonymous_3)
DA:1,21
DA:2,21
DA:3,21
DA:4,21
DA:6,21
DA:9,6
DA:12,21
DA:13,8
DA:14,8
DA:16,8
DA:17,1
DA:20,7
DA:21,6
DA:23,6
DA:24,2
DA:31,2
DA:34,4
DA:42,4
DA:44,1
DA:48,21
DA:49,1
DA:52,21
DA:53,2
DA:60,21
LF:24
LH:24
BRDA:9,0,0,6
BRDA:9,0,1,6
BRDA:9,0,2,0
BRDA:14,1,0,8
BRDA:14,1,1,0
BRDA:16,2,0,1
BRDA:16,2,1,7
BRDA:16,3,0,8
BRDA:16,3,1,8
BRDA:23,4,0,2
BRDA:23,4,1,4
BRDA:25,5,0,2
BRDA:25,5,1,1
BRF:13
BRH:11
end_of_record
TN:
SF:src\routes\cadastros.js
FN:35,(anonymous_0)
FN:61,(anonymous_1)
FN:70,(anonymous_2)
FN:82,(anonymous_3)
FN:91,(anonymous_4)
FN:115,(anonymous_5)
FN:140,(anonymous_6)
FN:163,(anonymous_7)
FN:172,(anonymous_8)
FN:181,(anonymous_9)
FN:190,createReadOnlyWriteHandler
FN:191,(anonymous_11)
FN:202,(anonymous_12)
FN:215,(anonymous_13)
FN:228,registerResource
FN:229,(anonymous_15)
FN:238,(anonymous_16)
FN:247,(anonymous_17)
FN:256,(anonymous_18)
FNF:19
FNH:19
FNDA:4,(anonymous_0)
FNDA:2,(anonymous_1)
FNDA:2,(anonymous_2)
FNDA:6,(anonymous_3)
FNDA:3,(anonymous_4)
FNDA:3,(anonymous_5)
FNDA:4,(anonymous_6)
FNDA:3,(anonymous_7)
FNDA:1,(anonymous_8)
FNDA:2,(anonymous_9)
FNDA:189,createReadOnlyWriteHandler
FNDA:16,(anonymous_11)
FNDA:4,(anonymous_12)
FNDA:2,(anonymous_13)
FNDA:42,registerResource
FNDA:3,(anonymous_15)
FNDA:3,(anonymous_16)
FNDA:1,(anonymous_17)
FNDA:3,(anonymous_18)
DA:1,21
DA:2,21
DA:8,21
DA:13,21
DA:21,21
DA:25,21
DA:26,21
DA:27,21
DA:28,21
DA:29,21
DA:30,21
DA:31,21
DA:33,21
DA:35,21
DA:36,4
DA:37,4
DA:39,3
DA:40,2
DA:55,3
DA:57,1
DA:61,21
DA:62,2
DA:63,2
DA:64,1
DA:66,1
DA:70,21
DA:71,2
DA:72,2
DA:76,1
DA:78,1
DA:82,21
DA:83,6
DA:84,6
DA:85,4
DA:87,2
DA:91,21
DA:92,3
DA:93,3
DA:95,2
DA:106,2
DA:108,1
DA:112,21
DA:116,3
DA:117,3
DA:119,2
DA:130,2
DA:132,1
DA:137,21
DA:141,4
DA:142,4
DA:144,2
DA:156,2
DA:158,2
DA:163,21
DA:164,3
DA:165,3
DA:166,2
DA:168,1
DA:172,21
DA:173,1
DA:174,1
DA:175,1
DA:177,0
DA:181,21
DA:182,2
DA:183,2
DA:184,1
DA:186,1
DA:191,189
DA:192,16
DA:198,21
DA:199,21
DA:200,21
DA:202,21
DA:203,4
DA:204,4
DA:205,3
DA:207,1
DA:211,21
DA:212,21
DA:213,21
DA:215,21
DA:216,2
DA:217,2
DA:218,2
DA:220,0
DA:224,21
DA:225,21
DA:226,21
DA:229,42
DA:230,3
DA:231,3
DA:232,2
DA:234,1
DA:238,42
DA:239,3
DA:240,3
DA:241,2
DA:243,1
DA:247,42
DA:248,1
DA:249,1
DA:250,0
DA:252,1
DA:256,42
DA:257,3
DA:258,3
DA:259,2
DA:261,1
DA:266,21
DA:267,21
DA:268,21
DA:270,21
LF:113
LH:110
BRDA:39,0,0,2
BRDA:39,0,1,1
BRDA:41,1,0,2
BRDA:41,1,1,0
BRDA:96,2,0,2
BRDA:96,2,1,0
BRDA:120,3,0,2
BRDA:120,3,1,0
BRDA:145,4,0,2
BRDA:145,4,1,0
BRDA:150,5,0,2
BRDA:150,5,1,0
BRF:12
BRH:7
end_of_record
TN:
SF:src\routes\config.js
FN:9,(anonymous_0)
FNF:1
FNH:1
FNDA:2,(anonymous_0)
DA:1,21
DA:2,21
DA:4,21
DA:6,21
DA:7,21
DA:9,21
DA:10,2
DA:11,2
DA:15,2
DA:17,2
DA:18,2
DA:20,0
DA:24,21
LF:13
LH:12
BRDA:17,0,0,1
BRDA:17,0,1,1
BRDA:17,1,0,2
BRDA:17,1,1,1
BRF:4
BRH:4
end_of_record
TN:
SF:src\routes\dashboard.js
FN:9,parseOptionalInt
FN:17,(anonymous_1)
FN:34,(anonymous_2)
FN:82,(anonymous_3)
FNF:4
FNH:4
FNDA:6,parseOptionalInt
FNDA:8,(anonymous_1)
FNDA:4,(anonymous_2)
FNDA:4,(anonymous_3)
DA:1,21
DA:2,21
DA:3,21
DA:4,21
DA:6,21
DA:7,21
DA:10,6
DA:11,5
DA:13,1
DA:14,1
DA:17,21
DA:18,8
DA:20,8
DA:21,8
DA:28,7
DA:30,1
DA:34,21
DA:35,4
DA:42,4
DA:44,4
DA:45,1
DA:50,3
DA:51,3
DA:53,3
DA:54,1
DA:59,2
DA:60,0
DA:65,2
DA:73,1
DA:75,1
DA:76,1
DA:78,0
DA:82,21
DA:83,4
DA:84,4
DA:85,4
DA:87,4
DA:88,2
DA:89,1
DA:92,2
DA:93,1
DA:99,1
DA:100,1
DA:102,1
DA:103,1
DA:105,1
DA:109,21
LF:47
LH:45
BRDA:10,0,0,5
BRDA:10,0,1,1
BRDA:10,1,0,6
BRDA:10,1,1,1
BRDA:14,2,0,0
BRDA:14,2,1,1
BRDA:38,3,0,4
BRDA:39,4,0,4
BRDA:44,5,0,1
BRDA:44,5,1,3
BRDA:44,6,0,4
BRDA:44,6,1,3
BRDA:53,7,0,1
BRDA:53,7,1,2
BRDA:53,8,0,3
BRDA:53,8,1,1
BRDA:53,8,2,1
BRDA:59,9,0,0
BRDA:59,9,1,2
BRDA:59,10,0,2
BRDA:59,10,1,0
BRDA:59,10,2,0
BRDA:75,11,0,1
BRDA:75,11,1,0
BRDA:85,12,0,4
BRDA:85,12,1,2
BRDA:87,13,0,2
BRDA:87,13,1,2
BRDA:92,14,0,1
BRDA:92,14,1,1
BRDA:92,15,0,2
BRDA:92,15,1,1
BRDA:92,15,2,1
BRDA:102,16,0,1
BRDA:102,16,1,0
BRF:35
BRH:29
end_of_record
TN:
SF:src\routes\health.js
FN:7,(anonymous_0)
FN:22,(anonymous_1)
FNF:2
FNH:2
FNDA:3,(anonymous_0)
FNDA:6,(anonymous_1)
DA:1,21
DA:2,21
DA:3,21
DA:5,21
DA:7,21
DA:8,3
DA:9,3
DA:10,2
DA:16,2
DA:18,2
DA:22,6
DA:27,1
DA:36,21
LF:13
LH:13
BRF:0
BRH:0
end_of_record
TN:
SF:src\routes\importacao.js
FN:34,parseResolucoes
FN:51,resolucaoMap
FN:61,updateArquivoPath
FN:106,triggerConsolidation
FN:127,(anonymous_4)
FN:179,(anonymous_5)
FN:184,(anonymous_6)
FN:192,(anonymous_7)
FN:199,(anonymous_8)
FN:270,(anonymous_9)
FN:273,(anonymous_10)
FN:278,(anonymous_11)
FN:287,(anonymous_12)
FN:307,(anonymous_13)
FN:338,(anonymous_14)
FN:350,(anonymous_15)
FN:387,(anonymous_16)
FN:428,(anonymous_17)
FN:496,(anonymous_18)
FNF:19
FNH:17
FNDA:10,parseResolucoes
FNDA:7,resolucaoMap
FNDA:2,updateArquivoPath
FNDA:5,triggerConsolidation
FNDA:6,(anonymous_4)
FNDA:0,(anonymous_5)
FNDA:11,(anonymous_6)
FNDA:3,(anonymous_7)
FNDA:2,(anonymous_8)
FNDA:3,(anonymous_9)
FNDA:0,(anonymous_10)
FNDA:1,(anonymous_11)
FNDA:1,(anonymous_12)
FNDA:1,(anonymous_13)
FNDA:2,(anonymous_14)
FNDA:2,(anonymous_15)
FNDA:4,(anonymous_16)
FNDA:3,(anonymous_17)
FNDA:2,(anonymous_18)
DA:1,21
DA:2,21
DA:3,21
DA:5,21
DA:6,21
DA:7,21
DA:14,21
DA:15,21
DA:24,21
DA:26,21
DA:28,21
DA:29,21
DA:35,10
DA:36,1
DA:38,9
DA:39,9
DA:40,9
DA:42,2
DA:45,0
DA:46,0
DA:48,0
DA:52,7
DA:53,7
DA:54,7
DA:55,7
DA:58,7
DA:62,2
DA:63,2
DA:82,2
DA:85,0
DA:107,5
DA:108,5
DA:121,4
DA:123,1
DA:127,21
DA:128,6
DA:129,6
DA:130,1
DA:133,5
DA:134,5
DA:136,5
DA:137,5
DA:138,5
DA:139,4
DA:140,4
DA:141,1
DA:145,1
DA:148,3
DA:152,3
DA:153,1
DA:155,3
DA:157,1
DA:162,5
DA:166,5
DA:167,1
DA:177,5
DA:179,0
DA:180,0
DA:184,21
DA:185,11
DA:186,11
DA:187,1
DA:190,10
DA:191,10
DA:192,3
DA:193,3
DA:196,7
DA:197,7
DA:198,7
DA:199,2
DA:200,2
DA:206,5
DA:207,5
DA:208,5
DA:210,5
DA:211,5
DA:212,5
DA:213,5
DA:214,1
DA:215,1
DA:219,1
DA:222,4
DA:224,2
DA:229,2
DA:231,2
DA:232,2
DA:236,2
DA:238,2
DA:239,2
DA:249,2
DA:250,2
DA:251,1
DA:256,1
DA:257,1
DA:259,0
DA:260,0
DA:264,0
DA:266,0
DA:270,3
DA:271,3
DA:273,0
DA:274,0
DA:278,21
DA:279,1
DA:280,1
DA:281,1
DA:283,0
DA:287,21
DA:288,1
DA:289,1
DA:290,1
DA:298,1
DA:300,0
DA:301,0
DA:303,0
DA:307,21
DA:308,1
DA:309,1
DA:314,1
DA:315,0
DA:318,1
DA:319,1
DA:329,1
DA:331,0
DA:332,0
DA:334,0
DA:338,21
DA:339,2
DA:340,2
DA:341,1
DA:343,1
DA:344,1
DA:346,0
DA:350,21
DA:351,2
DA:352,2
DA:353,2
DA:354,2
DA:356,2
DA:357,1
DA:358,1
DA:360,2
DA:361,1
DA:362,1
DA:365,2
DA:366,2
DA:381,2
DA:383,0
DA:387,21
DA:388,4
DA:389,4
DA:390,4
DA:391,1
DA:394,3
DA:395,3
DA:396,1
DA:400,2
DA:407,2
DA:408,2
DA:422,2
DA:424,0
DA:428,21
DA:429,3
DA:430,3
DA:431,1
DA:434,2
DA:435,2
DA:436,1
DA:437,1
DA:440,1
DA:441,1
DA:442,1
DA:443,1
DA:444,0
DA:445,0
DA:448,1
DA:454,1
DA:455,1
DA:457,1
DA:459,1
DA:461,1
DA:467,1
DA:468,1
DA:475,1
DA:484,1
DA:491,0
DA:492,0
DA:496,21
DA:497,2
DA:498,2
DA:502,2
DA:503,1
DA:506,1
DA:507,1
DA:510,1
DA:511,1
DA:513,0
DA:517,21
LF:198
LH:170
BRDA:28,0,0,21
BRDA:28,0,1,21
BRDA:35,1,0,1
BRDA:35,1,1,9
BRDA:35,2,0,10
BRDA:35,2,1,9
BRDA:38,3,0,9
BRDA:38,3,1,0
BRDA:45,4,0,0
BRDA:45,4,1,0
BRDA:54,5,0,7
BRDA:54,5,1,0
BRDA:61,6,0,0
BRDA:62,7,0,2
BRDA:62,7,1,0
BRDA:62,8,0,2
BRDA:62,8,1,2
BRDA:109,9,0,4
BRDA:109,9,1,1
BRDA:109,10,0,5
BRDA:109,10,1,4
BRDA:129,11,0,1
BRDA:129,11,1,5
BRDA:140,12,0,1
BRDA:140,12,1,3
BRDA:152,13,0,1
BRDA:152,13,1,2
BRDA:159,14,0,1
BRDA:159,14,1,0
BRDA:166,15,0,1
BRDA:166,15,1,4
BRDA:186,16,0,1
BRDA:186,16,1,10
BRDA:191,17,0,3
BRDA:191,17,1,7
BRDA:198,18,0,2
BRDA:198,18,1,5
BRDA:213,19,0,1
BRDA:213,19,1,4
BRDA:250,20,0,1
BRDA:250,20,1,1
BRDA:256,21,0,1
BRDA:256,21,1,0
BRDA:259,22,0,0
BRDA:259,22,1,0
BRDA:271,23,0,1
BRDA:271,23,1,2
BRDA:300,24,0,0
BRDA:300,24,1,0
BRDA:314,25,0,0
BRDA:314,25,1,1
BRDA:321,26,0,1
BRDA:321,26,1,1
BRDA:322,27,0,1
BRDA:322,27,1,1
BRDA:323,28,0,1
BRDA:323,28,1,1
BRDA:331,29,0,0
BRDA:331,29,1,0
BRDA:343,30,0,1
BRDA:343,30,1,0
BRDA:356,31,0,1
BRDA:356,31,1,1
BRDA:360,32,0,1
BRDA:360,32,1,1
BRDA:365,33,0,1
BRDA:365,33,1,1
BRDA:390,34,0,1
BRDA:390,34,1,3
BRDA:395,35,0,1
BRDA:395,35,1,2
BRDA:400,36,0,1
BRDA:400,36,1,1
BRDA:400,37,0,2
BRDA:400,37,1,1
BRDA:414,38,0,1
BRDA:414,38,1,1
BRDA:414,39,0,2
BRDA:414,39,1,1
BRDA:430,40,0,1
BRDA:430,40,1,2
BRDA:435,41,0,1
BRDA:435,41,1,1
BRDA:443,42,0,0
BRDA:443,42,1,1
BRDA:454,43,0,1
BRDA:454,43,1,0
BRDA:454,44,0,1
BRDA:454,44,1,1
BRDA:461,45,0,1
BRDA:461,45,1,0
BRDA:461,46,0,1
BRDA:461,46,1,1
BRDA:477,47,0,1
BRDA:477,47,1,0
BRDA:477,48,0,1
BRDA:477,48,1,1
BRDA:502,49,0,1
BRDA:502,49,1,1
BRDA:506,50,0,1
BRDA:506,50,1,0
BRF:101
BRH:80
end_of_record
TN:
SF:src\routes\painelMetricasCadastrosRoutes.js
FN:9,registerPainelMetricasCadastrosRoutes
FN:10,(anonymous_1)
FN:24,(anonymous_2)
FN:33,(anonymous_3)
FNF:4
FNH:4
FNDA:21,registerPainelMetricasCadastrosRoutes
FNDA:1,(anonymous_1)
FNDA:1,(anonymous_2)
FNDA:1,(anonymous_3)
DA:1,21
DA:2,21
DA:7,21
DA:10,21
DA:11,1
DA:12,1
DA:18,1
DA:20,0
DA:24,21
DA:25,1
DA:26,1
DA:27,0
DA:29,1
DA:33,21
DA:34,1
DA:35,1
DA:36,1
DA:38,1
DA:46,1
DA:48,0
DA:53,21
LF:21
LH:18
BRF:0
BRH:0
end_of_record
TN:
SF:src\routes\painelWidgetsCadastrosRoutes.js
FN:13,registerPainelWidgetsCadastrosRoutes
FN:14,(anonymous_1)
FN:28,(anonymous_2)
FN:37,(anonymous_3)
FN:61,(anonymous_4)
FN:85,(anonymous_5)
FN:115,(anonymous_6)
FN:136,(anonymous_7)
FNF:8
FNH:8
FNDA:21,registerPainelWidgetsCadastrosRoutes
FNDA:3,(anonymous_1)
FNDA:2,(anonymous_2)
FNDA:2,(anonymous_3)
FNDA:2,(anonymous_4)
FNDA:3,(anonymous_5)
FNDA:2,(anonymous_6)
FNDA:3,(anonymous_7)
DA:1,21
DA:2,21
DA:11,21
DA:14,21
DA:15,3
DA:16,3
DA:17,3
DA:22,2
DA:24,1
DA:28,21
DA:29,2
DA:30,2
DA:31,1
DA:33,1
DA:37,21
DA:38,2
DA:39,2
DA:40,1
DA:42,1
DA:55,1
DA:57,1
DA:61,21
DA:62,2
DA:63,2
DA:64,1
DA:66,1
DA:79,1
DA:81,1
DA:85,21
DA:86,3
DA:87,3
DA:88,3
DA:89,1
DA:94,2
DA:95,1
DA:97,1
DA:109,1
DA:111,1
DA:115,21
DA:116,2
DA:117,2
DA:118,1
DA:120,1
DA:130,1
DA:132,1
DA:136,21
DA:137,3
DA:138,3
DA:139,3
DA:140,3
DA:141,2
DA:143,1
DA:148,21
LF:53
LH:53
BRDA:16,0,0,1
BRDA:16,1,0,1
BRDA:20,2,0,3
BRDA:20,2,1,2
BRDA:87,3,0,3
BRDA:87,3,1,0
BRDA:88,4,0,1
BRDA:88,4,1,2
BRDA:88,5,0,3
BRDA:88,5,1,3
BRDA:88,5,2,3
BRDA:88,5,3,2
BRDA:138,6,0,3
BRDA:138,6,1,0
BRDA:139,7,0,2
BRDA:139,7,1,1
BRDA:140,8,0,3
BRDA:140,8,1,0
BRF:18
BRH:15
end_of_record
TN:
SF:src\routes\sia.js
FN:10,normalizeCompetencia
FN:17,getCompetenciaImportada
FN:50,(anonymous_2)
FN:84,(anonymous_3)
FN:101,(anonymous_4)
FN:114,(anonymous_5)
FNF:6
FNH:6
FNDA:18,normalizeCompetencia
FNDA:8,getCompetenciaImportada
FNDA:8,(anonymous_2)
FNDA:2,(anonymous_3)
FNDA:1,(anonymous_4)
FNDA:4,(anonymous_5)
DA:1,21
DA:2,21
DA:3,21
DA:4,21
DA:5,21
DA:6,21
DA:8,21
DA:11,18
DA:12,2
DA:14,16
DA:18,8
DA:19,8
DA:20,0
DA:23,8
DA:33,8
DA:34,5
DA:42,3
DA:50,21
DA:51,8
DA:52,8
DA:53,8
DA:54,1
DA:57,7
DA:58,7
DA:59,1
DA:67,6
DA:68,6
DA:70,6
DA:71,5
DA:72,5
DA:74,1
DA:78,6
DA:80,0
DA:84,21
DA:85,2
DA:86,2
DA:87,2
DA:88,1
DA:91,1
DA:92,1
DA:97,0
DA:101,21
DA:102,1
DA:103,1
DA:108,1
DA:110,0
DA:114,21
DA:115,4
DA:116,4
DA:117,4
DA:119,0
DA:123,21
LF:52
LH:47
BRDA:11,0,0,2
BRDA:11,0,1,16
BRDA:11,1,0,18
BRDA:11,1,1,18
BRDA:19,2,0,0
BRDA:19,2,1,8
BRDA:33,3,0,5
BRDA:33,3,1,3
BRDA:45,4,0,3
BRDA:45,4,1,0
BRDA:52,5,0,8
BRDA:52,5,1,0
BRDA:53,6,0,1
BRDA:53,6,1,7
BRDA:58,7,0,1
BRDA:58,7,1,6
BRDA:58,8,0,7
BRDA:58,8,1,2
BRDA:70,9,0,5
BRDA:70,9,1,1
BRDA:70,10,0,6
BRDA:70,10,1,2
BRDA:86,11,0,2
BRDA:86,11,1,0
BRDA:87,12,0,1
BRDA:87,12,1,1
BRF:26
BRH:22
end_of_record
TN:
SF:src\services\auditService.js
FN:3,logAudit
FNF:1
FNH:1
FNDA:9,logAudit
DA:1,19
DA:4,9
DA:11,19
LF:3
LH:3
BRDA:3,0,0,1
BRDA:3,1,0,1
BRDA:3,2,0,1
BRDA:3,3,0,1
BRF:4
BRH:4
end_of_record
TN:
SF:src\services\authService.js
FN:7,jwtExpiresIn
FN:11,jwtSecret
FN:19,findUserByUsername
FN:29,verifyPassword
FN:33,signToken
FN:46,toPublicUser
FN:54,authenticate
FNF:7
FNH:7
FNDA:4,jwtExpiresIn
FNDA:200,jwtSecret
FNDA:7,findUserByUsername
FNDA:8,verifyPassword
FNDA:4,signToken
FNDA:4,toPublicUser
FNDA:7,authenticate
DA:1,23
DA:2,23
DA:3,23
DA:5,23
DA:8,4
DA:12,200
DA:13,200
DA:14,1
DA:16,199
DA:20,7
DA:26,7
DA:30,8
DA:34,4
DA:47,4
DA:55,7
DA:56,7
DA:57,1
DA:60,6
DA:61,6
DA:62,2
DA:65,4
DA:67,4
DA:75,23
LF:23
LH:23
BRDA:8,0,0,4
BRDA:8,0,1,0
BRDA:13,1,0,1
BRDA:13,1,1,199
BRDA:26,2,0,7
BRDA:26,2,1,1
BRDA:56,3,0,1
BRDA:56,3,1,6
BRDA:56,4,0,7
BRDA:56,4,1,6
BRDA:61,5,0,2
BRDA:61,5,1,4
BRF:12
BRH:11
end_of_record
TN:
SF:src\services\backupService.js
FN:16,backupDir
FN:20,ensureBackupDir
FN:26,pgEnv
FN:37,timestampLabel
FN:41,buildFilename
FN:45,safeBackupFilename
FN:53,resolveBackupPath
FN:65,commandExists
FN:66,(anonymous_8)
FN:68,(anonymous_9)
FN:69,(anonymous_10)
FN:73,runCommand
FN:74,(anonymous_12)
FN:82,(anonymous_13)
FN:83,(anonymous_14)
FN:85,(anonymous_15)
FN:96,runPgDumpToFile
FN:109,runPsqlFile
FN:113,sqlLiteral
FN:135,listPublicTables
FN:142,(anonymous_20)
FN:145,exportDataSql
FN:155,(anonymous_22)
FN:165,(anonymous_23)
FN:167,(anonymous_24)
FN:194,createBackupPureJs
FN:204,restorePureJs
FN:214,statToMeta
FN:223,pruneOldBackups
FN:227,(anonymous_29)
FN:228,(anonymous_30)
FN:232,(anonymous_31)
FN:239,createBackup
FN:255,listBackups
FN:259,(anonymous_34)
FN:260,(anonymous_35)
FN:261,(anonymous_36)
FN:264,deleteBackup
FN:273,assertRestoreSize
FN:280,assertRestoreConfirm
FN:286,restoreBackupFile
FN:299,restoreFromStored
FN:308,restoreFromUpload
FNF:43
FNH:25
FNDA:7,backupDir
FNDA:3,ensureBackupDir
FNDA:1,pgEnv
FNDA:1,timestampLabel
FNDA:1,buildFilename
FNDA:2,safeBackupFilename
FNDA:0,resolveBackupPath
FNDA:1,commandExists
FNDA:1,(anonymous_8)
FNDA:0,(anonymous_9)
FNDA:1,(anonymous_10)
FNDA:0,runCommand
FNDA:0,(anonymous_12)
FNDA:0,(anonymous_13)
FNDA:0,(anonymous_14)
FNDA:0,(anonymous_15)
FNDA:0,runPgDumpToFile
FNDA:0,runPsqlFile
FNDA:2,sqlLiteral
FNDA:1,listPublicTables
FNDA:1,(anonymous_20)
FNDA:1,exportDataSql
FNDA:1,(anonymous_22)
FNDA:2,(anonymous_23)
FNDA:2,(anonymous_24)
FNDA:1,createBackupPureJs
FNDA:0,restorePureJs
FNDA:2,statToMeta
FNDA:1,pruneOldBackups
FNDA:0,(anonymous_29)
FNDA:0,(anonymous_30)
FNDA:0,(anonymous_31)
FNDA:1,createBackup
FNDA:1,listBackups
FNDA:2,(anonymous_34)
FNDA:1,(anonymous_35)
FNDA:0,(anonymous_36)
FNDA:0,deleteBackup
FNDA:0,assertRestoreSize
FNDA:1,assertRestoreConfirm
FNDA:0,restoreBackupFile
FNDA:1,restoreFromStored
FNDA:0,restoreFromUpload
DA:1,21
DA:2,21
DA:3,21
DA:4,21
DA:5,21
DA:7,21
DA:8,21
DA:9,21
DA:10,21
DA:11,21
DA:12,21
DA:14,21
DA:17,7
DA:21,3
DA:22,3
DA:23,3
DA:27,1
DA:38,1
DA:42,1
DA:46,2
DA:47,2
DA:48,1
DA:50,1
DA:54,0
DA:55,0
DA:56,0
DA:58,0
DA:59,0
DA:60,0
DA:62,0
DA:66,1
DA:67,1
DA:68,1
DA:69,1
DA:74,0
DA:75,0
DA:76,0
DA:82,0
DA:83,0
DA:84,0
DA:85,0
DA:86,0
DA:87,0
DA:88,0
DA:90,0
DA:97,0
DA:110,0
DA:114,2
DA:115,0
DA:117,2
DA:118,0
DA:120,2
DA:121,0
DA:123,2
DA:124,0
DA:126,2
DA:127,0
DA:129,2
DA:130,1
DA:132,1
DA:136,1
DA:142,1
DA:146,1
DA:147,1
DA:154,1
DA:155,1
DA:156,1
DA:159,1
DA:160,1
DA:161,1
DA:162,0
DA:164,1
DA:165,2
DA:166,1
DA:167,2
DA:168,1
DA:174,1
DA:175,1
DA:183,1
DA:184,1
DA:190,1
DA:191,1
DA:195,1
DA:196,1
DA:197,1
DA:198,1
DA:200,1
DA:205,0
DA:206,0
DA:207,0
DA:208,0
DA:210,0
DA:215,2
DA:216,2
DA:224,1
DA:225,1
DA:227,0
DA:228,0
DA:232,0
DA:234,1
DA:235,0
DA:240,1
DA:241,1
DA:242,1
DA:244,1
DA:245,1
DA:246,0
DA:248,1
DA:251,1
DA:252,1
DA:256,1
DA:257,1
DA:259,2
DA:260,1
DA:261,0
DA:265,0
DA:266,0
DA:267,0
DA:269,0
DA:270,0
DA:274,0
DA:275,0
DA:276,0
DA:281,1
DA:282,1
DA:287,0
DA:289,0
DA:290,0
DA:291,0
DA:292,0
DA:295,0
DA:296,0
DA:300,1
DA:301,0
DA:302,0
DA:303,0
DA:305,0
DA:309,0
DA:310,0
DA:313,21
LF:140
LH:82
BRDA:12,0,0,21
BRDA:12,0,1,21
BRDA:14,1,0,21
BRDA:14,1,1,21
BRDA:30,2,0,1
BRDA:30,2,1,0
BRDA:37,3,0,0
BRDA:41,4,0,1
BRDA:46,5,0,2
BRDA:46,5,1,0
BRDA:47,6,0,1
BRDA:47,6,1,1
BRDA:55,7,0,0
BRDA:55,7,1,0
BRDA:59,8,0,0
BRDA:59,8,1,0
BRDA:73,9,0,0
BRDA:86,10,0,0
BRDA:86,10,1,0
BRDA:88,11,0,0
BRDA:88,11,1,0
BRDA:114,12,0,0
BRDA:114,12,1,2
BRDA:114,13,0,2
BRDA:114,13,1,2
BRDA:117,14,0,0
BRDA:117,14,1,2
BRDA:118,15,0,0
BRDA:118,15,1,0
BRDA:120,16,0,0
BRDA:120,16,1,2
BRDA:123,17,0,0
BRDA:123,17,1,2
BRDA:126,18,0,0
BRDA:126,18,1,2
BRDA:129,19,0,1
BRDA:129,19,1,1
BRDA:129,20,0,2
BRDA:129,20,1,1
BRDA:154,21,0,1
BRDA:154,21,1,0
BRDA:161,22,0,0
BRDA:161,22,1,1
BRDA:245,23,0,0
BRDA:245,23,1,1
BRDA:266,24,0,0
BRDA:266,24,1,0
BRDA:275,25,0,0
BRDA:275,25,1,0
BRDA:281,26,0,1
BRDA:281,26,1,0
BRDA:281,27,0,1
BRDA:281,27,1,0
BRDA:290,28,0,0
BRDA:290,28,1,0
BRDA:302,29,0,0
BRDA:302,29,1,0
BRF:57
BRH:25
end_of_record
TN:
SF:src\services\cadastroReferenciaService.js
FN:7,canonicalCode
FN:22,canonicalFormaFromSigtap
FN:27,canonicalCboCode
FN:35,resolveFormaDescricao
FN:47,resolveCboDescricao
FNF:5
FNH:5
FNDA:14,canonicalCode
FNDA:4,canonicalFormaFromSigtap
FNDA:5,canonicalCboCode
FNDA:3,resolveFormaDescricao
FNDA:2,resolveCboDescricao
DA:1,23
DA:8,14
DA:9,3
DA:11,11
DA:12,11
DA:13,1
DA:15,10
DA:16,8
DA:18,2
DA:23,4
DA:28,5
DA:31,23
DA:33,23
DA:36,3
DA:37,3
DA:38,1
DA:40,2
DA:44,2
DA:48,2
DA:49,2
DA:50,0
DA:52,2
DA:56,2
DA:59,23
LF:24
LH:23
BRDA:7,0,0,0
BRDA:8,1,0,3
BRDA:8,1,1,11
BRDA:8,2,0,14
BRDA:8,2,1,13
BRDA:12,3,0,1
BRDA:12,3,1,10
BRDA:15,4,0,8
BRDA:15,4,1,2
BRDA:37,5,0,1
BRDA:37,5,1,2
BRDA:44,6,0,2
BRDA:44,6,1,1
BRDA:49,7,0,0
BRDA:49,7,1,2
BRDA:56,8,0,2
BRDA:56,8,1,1
BRF:17
BRH:15
end_of_record
TN:
SF:src\services\cadastroRegistry.js
FNF:0
FNH:0
DA:1,23
DA:36,23
LF:2
LH:2
BRF:0
BRH:0
end_of_record
TN:
SF:src\services\cadastrosService.js
FN:4,validateRequired
FN:5,(anonymous_1)
FN:20,pickFields
FN:30,buildInsert
FN:32,(anonymous_4)
FN:39,buildUpdate
FN:40,(anonymous_6)
FN:47,assertActiveEstabelecimento
FN:60,validateEntityFk
FN:71,listEntity
FN:117,createEntity
FN:130,(anonymous_11)
FN:135,updateEntity
FN:155,(anonymous_13)
FN:169,inactivateEntity
FNF:15
FNH:15
FNDA:6,validateRequired
FNDA:16,(anonymous_1)
FNDA:6,pickFields
FNDA:3,buildInsert
FNDA:9,(anonymous_4)
FNDA:1,buildUpdate
FNDA:2,(anonymous_6)
FNDA:4,assertActiveEstabelecimento
FNDA:5,validateEntityFk
FNDA:6,listEntity
FNDA:5,createEntity
FNDA:9,(anonymous_11)
FNDA:2,updateEntity
FNDA:2,(anonymous_13)
FNDA:3,inactivateEntity
DA:1,23
DA:2,23
DA:5,6
DA:6,16
DA:7,16
DA:10,6
DA:11,2
DA:17,4
DA:21,6
DA:22,6
DA:23,28
DA:24,13
DA:27,6
DA:31,3
DA:32,9
DA:33,3
DA:40,2
DA:41,1
DA:48,4
DA:53,4
DA:54,2
DA:55,2
DA:56,2
DA:61,5
DA:62,5
DA:63,2
DA:66,3
DA:67,3
DA:72,6
DA:73,6
DA:74,2
DA:75,2
DA:76,2
DA:79,4
DA:82,4
DA:87,2
DA:90,4
DA:91,4
DA:93,4
DA:94,3
DA:95,3
DA:100,1
DA:103,4
DA:104,0
DA:105,0
DA:109,4
DA:110,0
DA:113,4
DA:114,4
DA:118,5
DA:119,5
DA:120,5
DA:121,1
DA:122,1
DA:123,1
DA:126,4
DA:127,4
DA:129,3
DA:130,9
DA:131,3
DA:132,3
DA:136,2
DA:137,2
DA:139,2
DA:140,1
DA:141,1
DA:142,1
DA:145,1
DA:147,1
DA:148,1
DA:151,1
DA:152,1
DA:155,2
DA:158,1
DA:160,1
DA:161,1
DA:162,1
DA:163,1
DA:166,0
DA:170,3
DA:171,3
DA:176,3
DA:177,1
DA:178,1
DA:179,1
DA:182,2
DA:185,23
LF:87
LH:83
BRDA:7,0,0,16
BRDA:7,0,1,14
BRDA:7,0,2,14
BRDA:10,1,0,2
BRDA:10,1,1,4
BRDA:13,2,0,2
BRDA:13,2,1,0
BRDA:23,3,0,13
BRDA:23,3,1,15
BRDA:53,4,0,2
BRDA:53,4,1,2
BRDA:62,5,0,2
BRDA:62,5,1,3
BRDA:66,6,0,3
BRDA:66,6,1,0
BRDA:66,7,0,3
BRDA:66,7,1,3
BRDA:71,8,0,2
BRDA:73,9,0,2
BRDA:73,9,1,4
BRDA:82,10,0,2
BRDA:82,10,1,2
BRDA:83,11,0,4
BRDA:83,11,1,4
BRDA:83,11,2,2
BRDA:93,12,0,3
BRDA:93,12,1,1
BRDA:93,13,0,4
BRDA:93,13,1,4
BRDA:103,14,0,0
BRDA:103,14,1,4
BRDA:103,15,0,4
BRDA:103,15,1,0
BRDA:109,16,0,0
BRDA:109,16,1,4
BRDA:120,17,0,1
BRDA:120,17,1,4
BRDA:130,18,0,9
BRDA:130,18,1,0
BRDA:139,19,0,1
BRDA:139,19,1,1
BRDA:147,20,0,1
BRDA:147,20,1,0
BRDA:155,21,0,2
BRDA:155,21,1,0
BRDA:160,22,0,1
BRDA:160,22,1,0
BRDA:176,23,0,1
BRDA:176,23,1,2
BRF:49
BRH:40
end_of_record
TN:
SF:src\services\cadastrosSync.js
FN:12,scriptPath
FN:19,pythonBin
FN:23,parseSyncOutput
FN:36,mapSyncRow
FN:74,runSyncSubprocess
FN:75,(anonymous_5)
FN:86,(anonymous_6)
FN:95,(anonymous_7)
FN:102,(anonymous_8)
FN:105,(anonymous_9)
FN:109,(anonymous_10)
FN:111,(anonymous_11)
FN:139,sincronizar
FN:158,_resetSyncLockForTests
FN:162,listSyncHistory
FN:197,getLatestSync
FNF:16
FNH:16
FNDA:8,scriptPath
FNDA:8,pythonBin
FNDA:11,parseSyncOutput
FNDA:6,mapSyncRow
FNDA:8,runSyncSubprocess
FNDA:8,(anonymous_5)
FNDA:8,(anonymous_6)
FNDA:1,(anonymous_7)
FNDA:4,(anonymous_8)
FNDA:1,(anonymous_9)
FNDA:1,(anonymous_10)
FNDA:6,(anonymous_11)
FNDA:9,sincronizar
FNDA:19,_resetSyncLockForTests
FNDA:2,listSyncHistory
FNDA:2,getLatestSync
DA:1,22
DA:2,22
DA:3,22
DA:5,22
DA:10,22
DA:13,8
DA:20,8
DA:24,11
DA:25,11
DA:26,4
DA:29,7
DA:30,6
DA:31,2
DA:33,4
DA:37,6
DA:38,2
DA:41,4
DA:75,8
DA:76,8
DA:77,8
DA:82,8
DA:83,8
DA:84,8
DA:86,8
DA:87,8
DA:88,0
DA:90,8
DA:91,8
DA:92,8
DA:95,8
DA:96,1
DA:97,1
DA:98,1
DA:99,1
DA:102,8
DA:103,4
DA:105,8
DA:106,1
DA:109,8
DA:111,8
DA:112,6
DA:113,6
DA:114,5
DA:115,3
DA:116,3
DA:122,3
DA:123,1
DA:126,1
DA:127,1
DA:128,1
DA:129,1
DA:132,2
DA:133,2
DA:134,2
DA:140,9
DA:141,1
DA:142,1
DA:143,1
DA:146,8
DA:147,8
DA:149,8
DA:150,8
DA:152,8
DA:153,8
DA:159,19
DA:163,2
DA:164,2
DA:165,2
DA:167,2
DA:170,2
DA:172,2
DA:186,2
DA:198,2
DA:212,2
DA:213,1
DA:214,1
DA:215,1
DA:218,1
DA:221,22
LF:79
LH:78
BRDA:6,0,0,22
BRDA:6,0,1,22
BRDA:14,1,0,8
BRDA:14,1,1,8
BRDA:20,2,0,8
BRDA:20,2,1,0
BRDA:25,3,0,4
BRDA:25,3,1,7
BRDA:30,4,0,2
BRDA:30,4,1,4
BRDA:31,5,0,1
BRDA:31,5,1,1
BRDA:37,6,0,2
BRDA:37,6,1,4
BRDA:57,7,0,4
BRDA:57,7,1,1
BRDA:58,8,0,4
BRDA:58,8,1,1
BRDA:59,9,0,4
BRDA:59,9,1,1
BRDA:62,10,0,4
BRDA:62,10,1,1
BRDA:63,11,0,4
BRDA:63,11,1,1
BRDA:64,12,0,4
BRDA:64,12,1,1
BRDA:67,13,0,4
BRDA:67,13,1,1
BRDA:68,14,0,4
BRDA:68,14,1,1
BRDA:69,15,0,4
BRDA:69,15,1,1
BRDA:87,16,0,0
BRDA:87,16,1,8
BRDA:114,17,0,3
BRDA:114,17,1,2
BRDA:114,18,0,5
BRDA:114,18,1,3
BRDA:122,19,0,1
BRDA:122,19,1,2
BRDA:124,20,0,1
BRDA:124,20,1,0
BRDA:140,21,0,1
BRDA:140,21,1,8
BRDA:152,22,0,8
BRDA:152,22,1,0
BRDA:162,23,0,0
BRDA:162,24,0,0
BRDA:162,25,0,0
BRDA:163,26,0,2
BRDA:163,26,1,0
BRDA:164,27,0,2
BRDA:164,27,1,1
BRDA:192,28,0,2
BRDA:192,28,1,1
BRDA:212,29,0,1
BRDA:212,29,1,1
BRF:57
BRH:49
end_of_record
TN:
SF:src\services\cbosService.js
FN:5,createHttpError
FN:11,mapCboRow
FN:21,listCbos
FNF:3
FNH:3
FNDA:1,createHttpError
FNDA:51,mapCboRow
FNDA:6,listCbos
DA:1,22
DA:3,22
DA:6,1
DA:7,1
DA:8,1
DA:12,51
DA:22,6
DA:23,6
DA:24,6
DA:25,6
DA:26,6
DA:28,6
DA:29,1
DA:32,5
DA:33,5
DA:35,5
DA:36,4
DA:37,4
DA:40,5
DA:41,1
DA:42,1
DA:47,5
DA:49,5
DA:53,5
DA:55,5
DA:56,5
DA:65,5
DA:76,22
LF:28
LH:28
BRDA:21,0,0,0
BRDA:22,1,0,1
BRDA:22,1,1,5
BRDA:23,2,0,6
BRDA:23,2,1,4
BRDA:24,3,0,6
BRDA:24,3,1,4
BRDA:25,4,0,6
BRDA:25,4,1,3
BRDA:28,5,0,1
BRDA:28,5,1,5
BRDA:35,6,0,4
BRDA:35,6,1,1
BRDA:40,7,0,1
BRDA:40,7,1,4
BRDA:71,8,0,5
BRDA:71,8,1,2
BRF:17
BRH:16
end_of_record
TN:
SF:src\services\consolidator.js
FN:4,scriptPath
FN:11,pythonBin
FN:15,buildConsolidationArgs
FN:35,runConsolidation
FN:43,(anonymous_4)
FN:60,(anonymous_5)
FN:63,(anonymous_6)
FN:69,(anonymous_7)
FNF:8
FNH:8
FNDA:17,scriptPath
FNDA:7,pythonBin
FNDA:10,buildConsolidationArgs
FNDA:7,runConsolidation
FNDA:7,(anonymous_4)
FNDA:3,(anonymous_5)
FNDA:1,(anonymous_6)
FNDA:6,(anonymous_7)
DA:1,20
DA:2,20
DA:5,17
DA:12,7
DA:16,10
DA:18,10
DA:19,5
DA:20,5
DA:23,5
DA:25,5
DA:26,2
DA:27,2
DA:28,2
DA:31,3
DA:32,3
DA:43,7
DA:44,7
DA:45,7
DA:57,7
DA:58,7
DA:60,7
DA:61,3
DA:63,7
DA:64,1
DA:67,7
DA:69,7
DA:70,6
DA:71,2
DA:72,2
DA:73,2
DA:74,2
DA:75,2
DA:78,4
DA:79,4
DA:80,1
DA:81,1
DA:84,3
DA:85,3
DA:87,1
DA:88,1
DA:89,1
DA:90,1
DA:96,20
LF:43
LH:43
BRDA:6,0,0,17
BRDA:6,0,1,17
BRDA:12,1,0,7
BRDA:12,1,1,0
BRDA:15,2,0,0
BRDA:18,3,0,5
BRDA:18,3,1,5
BRDA:25,4,0,2
BRDA:25,4,1,3
BRDA:25,5,0,5
BRDA:25,5,1,2
BRDA:35,6,0,0
BRDA:36,7,0,3
BRDA:70,8,0,2
BRDA:70,8,1,4
BRDA:71,9,0,2
BRDA:71,9,1,1
BRDA:79,10,0,1
BRDA:79,10,1,3
BRF:19
BRH:16
end_of_record
TN:
SF:src\services\dashboardService.js
FN:7,parseCompetencia
FN:17,parseOptionalInt
FN:25,buildDashboardQuery
FN:68,envelopeDashboard
FN:97,logDashboardMiss
FN:106,fetchCadastroLabels
FN:117,isMunicipalQuery
FN:128,sumKpis
FN:145,fetchMunicipalAggregate
FN:187,(anonymous_9)
FN:196,(anonymous_10)
FN:197,(anonymous_11)
FN:202,(anonymous_12)
FN:236,fetchDashboard
FNF:14
FNH:14
FNDA:16,parseCompetencia
FNDA:20,parseOptionalInt
FNDA:12,buildDashboardQuery
FNDA:8,envelopeDashboard
FNDA:1,logDashboardMiss
FNDA:2,fetchCadastroLabels
FNDA:11,isMunicipalQuery
FNDA:2,sumKpis
FNDA:1,fetchMunicipalAggregate
FNDA:1,(anonymous_9)
FNDA:2,(anonymous_10)
FNDA:2,(anonymous_11)
FNDA:1,(anonymous_12)
FNDA:13,fetchDashboard
DA:1,22
DA:4,22
DA:5,22
DA:8,16
DA:9,4
DA:11,12
DA:12,1
DA:14,11
DA:18,20
DA:19,12
DA:21,8
DA:22,8
DA:32,12
DA:33,12
DA:34,12
DA:35,12
DA:37,12
DA:38,4
DA:39,4
DA:40,4
DA:41,8
DA:42,2
DA:43,2
DA:45,6
DA:46,6
DA:47,6
DA:49,6
DA:50,6
DA:51,6
DA:55,12
DA:69,8
DA:70,8
DA:72,8
DA:73,7
DA:83,1
DA:98,1
DA:107,2
DA:114,2
DA:118,11
DA:121,22
DA:129,2
DA:130,2
DA:131,8
DA:132,8
DA:133,8
DA:134,16
DA:135,16
DA:136,4
DA:137,4
DA:140,8
DA:142,2
DA:146,1
DA:153,1
DA:154,0
DA:157,1
DA:158,1
DA:159,2
DA:160,2
DA:161,2
DA:162,2
DA:168,2
DA:169,2
DA:170,2
DA:172,2
DA:175,1
DA:187,1
DA:193,1
DA:194,1
DA:195,1
DA:196,2
DA:197,2
DA:202,1
DA:204,1
DA:205,1
DA:207,1
DA:243,13
DA:244,13
DA:245,3
DA:248,10
DA:249,10
DA:251,10
DA:252,1
DA:260,9
DA:268,9
DA:269,1
DA:270,1
DA:271,0
DA:279,1
DA:282,8
DA:289,8
DA:291,8
DA:296,2
DA:297,2
DA:298,1
DA:303,1
DA:304,1
DA:305,1
DA:306,1
DA:307,1
DA:312,8
DA:313,3
DA:314,1
DA:316,3
DA:325,5
DA:331,22
LF:105
LH:103
BRDA:8,0,0,4
BRDA:8,0,1,12
BRDA:8,1,0,16
BRDA:8,1,1,12
BRDA:11,2,0,1
BRDA:11,2,1,11
BRDA:18,3,0,12
BRDA:18,3,1,8
BRDA:18,4,0,20
BRDA:18,4,1,8
BRDA:22,5,0,8
BRDA:22,5,1,0
BRDA:34,6,0,12
BRDA:34,6,1,6
BRDA:35,7,0,12
BRDA:35,7,1,6
BRDA:37,8,0,4
BRDA:37,8,1,8
BRDA:41,9,0,2
BRDA:41,9,1,6
BRDA:45,10,0,6
BRDA:45,10,1,0
BRDA:49,11,0,6
BRDA:49,11,1,0
BRDA:69,12,0,8
BRDA:69,12,1,0
BRDA:70,13,0,8
BRDA:70,13,1,7
BRDA:72,14,0,7
BRDA:72,14,1,1
BRDA:75,15,0,7
BRDA:75,15,1,0
BRDA:76,16,0,7
BRDA:76,16,1,0
BRDA:85,17,0,1
BRDA:85,17,1,0
BRDA:87,18,0,1
BRDA:87,18,1,0
BRDA:89,19,0,1
BRDA:89,19,1,0
BRDA:90,20,0,1
BRDA:90,20,1,0
BRDA:91,21,0,1
BRDA:91,21,1,1
BRDA:92,22,0,1
BRDA:92,22,1,1
BRDA:114,23,0,2
BRDA:114,23,1,1
BRDA:118,24,0,11
BRDA:118,24,1,7
BRDA:118,24,2,7
BRDA:118,24,3,2
BRDA:135,25,0,4
BRDA:135,25,1,12
BRDA:135,26,0,16
BRDA:135,26,1,4
BRDA:140,27,0,2
BRDA:140,27,1,6
BRDA:153,28,0,0
BRDA:153,28,1,1
BRDA:159,29,0,2
BRDA:159,29,1,0
BRDA:161,30,0,2
BRDA:161,30,1,0
BRDA:162,31,0,2
BRDA:162,31,1,2
BRDA:164,32,0,2
BRDA:164,32,1,0
BRDA:168,33,0,2
BRDA:168,33,1,0
BRDA:204,34,0,1
BRDA:204,34,1,0
BRDA:205,35,0,1
BRDA:205,35,1,0
BRDA:215,36,0,1
BRDA:215,36,1,0
BRDA:217,37,0,1
BRDA:217,37,1,0
BRDA:223,38,0,1
BRDA:223,38,1,1
BRDA:228,39,0,1
BRDA:228,39,1,1
BRDA:229,40,0,1
BRDA:229,40,1,1
BRDA:244,41,0,3
BRDA:244,41,1,10
BRDA:251,42,0,1
BRDA:251,42,1,9
BRDA:251,43,0,10
BRDA:251,43,1,6
BRDA:262,44,0,9
BRDA:262,44,1,5
BRDA:263,45,0,9
BRDA:263,45,1,5
BRDA:268,46,0,1
BRDA:268,46,1,8
BRDA:270,47,0,0
BRDA:270,47,1,1
BRDA:291,48,0,2
BRDA:291,48,1,6
BRDA:292,49,0,8
BRDA:292,49,1,4
BRDA:292,49,2,2
BRDA:297,50,0,1
BRDA:297,50,1,1
BRDA:305,51,0,1
BRDA:305,51,1,0
BRDA:312,52,0,3
BRDA:312,52,1,5
BRDA:313,53,0,1
BRDA:313,53,1,2
BRF:111
BRH:90
end_of_record
TN:
SF:src\services\db.js
FN:17,(anonymous_0)
FN:21,query
FNF:2
FNH:2
FNDA:1,(anonymous_0)
FNDA:89,query
DA:1,36
DA:2,36
DA:3,36
DA:4,36
DA:5,36
DA:6,35
DA:9,36
DA:17,36
DA:18,1
DA:22,89
DA:25,36
LF:11
LH:11
BRDA:4,0,0,36
BRDA:4,0,1,36
BRDA:5,1,0,35
BRDA:5,1,1,1
BRDA:11,2,0,36
BRDA:11,2,1,0
BRF:6
BRH:5
end_of_record
TN:
SF:src\services\estabelecimentosService.js
FN:76,createHttpError
FN:82,validateLeitos
FN:104,validateStringArray
FN:107,(anonymous_3)
FN:114,validateOptionalString
FN:127,validateEnrichmentForSlug
FN:137,(anonymous_6)
FN:146,(anonymous_7)
FN:202,validateEnrichmentPayload
FN:206,mergeScalarField
FN:217,mergeArrayField
FN:227,mergeLeitosField
FN:237,mergeEnrichmentForSlug
FN:272,(anonymous_13)
FN:281,mergeEnrichment
FN:285,mapEnrichmentFromJoin
FN:326,mapEstabelecimentoRow
FN:349,fetchEstabelecimentoCore
FN:364,fetchEnrichmentRow
FN:372,mapLegacyEnrichmentBody
FN:388,persistEnrichment
FN:494,listEstabelecimentos
FN:546,(anonymous_22)
FN:556,getEstabelecimentoById
FN:566,updatePerfil
FN:586,upsertEnrichment
FN:655,updateEnriquecimento
FN:665,(anonymous_27)
FN:684,(anonymous_28)
FNF:29
FNH:28
FNDA:13,createHttpError
FNDA:10,validateLeitos
FNDA:4,validateStringArray
FNDA:2,(anonymous_3)
FNDA:28,validateOptionalString
FNDA:21,validateEnrichmentForSlug
FNDA:27,(anonymous_6)
FNDA:26,(anonymous_7)
FNDA:5,validateEnrichmentPayload
FNDA:32,mergeScalarField
FNDA:14,mergeArrayField
FNDA:7,mergeLeitosField
FNDA:11,mergeEnrichmentForSlug
FNDA:53,(anonymous_13)
FNDA:1,mergeEnrichment
FNDA:18,mapEnrichmentFromJoin
FNDA:16,mapEstabelecimentoRow
FNDA:5,fetchEstabelecimentoCore
FNDA:0,fetchEnrichmentRow
FNDA:3,mapLegacyEnrichmentBody
FNDA:6,persistEnrichment
FNDA:7,listEstabelecimentos
FNDA:4,(anonymous_22)
FNDA:14,getEstabelecimentoById
FNDA:5,updatePerfil
FNDA:9,upsertEnrichment
FNDA:7,updateEnriquecimento
FNDA:11,(anonymous_27)
FNDA:3,(anonymous_28)
DA:1,22
DA:3,22
DA:4,22
DA:6,22
DA:14,22
DA:34,22
DA:54,22
DA:56,22
DA:77,13
DA:78,13
DA:79,13
DA:83,10
DA:88,2
DA:90,8
DA:91,8
DA:98,3
DA:101,5
DA:105,4
DA:107,2
DA:109,1
DA:111,3
DA:115,28
DA:116,14
DA:118,14
DA:119,1
DA:121,13
DA:122,1
DA:124,12
DA:128,21
DA:129,0
DA:132,21
DA:133,21
DA:134,1
DA:137,27
DA:138,20
DA:139,1
DA:145,19
DA:146,26
DA:147,19
DA:148,1
DA:154,18
DA:156,18
DA:157,11
DA:158,10
DA:160,11
DA:161,1
DA:163,11
DA:164,1
DA:166,11
DA:167,1
DA:174,18
DA:175,1
DA:178,18
DA:179,6
DA:180,22
DA:181,22
DA:182,22
DA:186,18
DA:187,10
DA:188,50
DA:189,6
DA:190,6
DA:195,18
DA:196,8
DA:199,10
DA:203,5
DA:207,32
DA:208,22
DA:210,10
DA:211,10
DA:212,2
DA:214,8
DA:218,14
DA:219,9
DA:221,5
DA:222,4
DA:224,1
DA:228,7
DA:229,1
DA:231,6
DA:232,2
DA:234,4
DA:238,11
DA:240,11
DA:241,6
DA:242,6
DA:243,6
DA:244,6
DA:245,6
DA:246,5
DA:247,1
DA:248,1
DA:253,1
DA:254,1
DA:255,4
DA:256,3
DA:257,15
DA:259,1
DA:260,1
DA:261,1
DA:266,1
DA:267,1
DA:268,0
DA:269,0
DA:272,11
DA:273,53
DA:274,32
DA:278,11
DA:282,1
DA:286,18
DA:288,6
DA:296,0
DA:303,12
DA:311,0
DA:318,0
DA:322,0
DA:327,16
DA:342,16
DA:343,12
DA:346,16
DA:350,5
DA:357,5
DA:358,0
DA:361,5
DA:365,0
DA:366,0
DA:369,0
DA:373,3
DA:374,3
DA:377,0
DA:378,0
DA:379,0
DA:380,0
DA:382,0
DA:383,0
DA:385,0
DA:389,6
DA:390,4
DA:410,4
DA:413,2
DA:414,0
DA:432,0
DA:435,2
DA:436,2
DA:457,2
DA:460,0
DA:461,0
DA:479,0
DA:482,0
DA:483,0
DA:495,7
DA:496,7
DA:497,7
DA:498,7
DA:499,7
DA:500,7
DA:502,7
DA:503,1
DA:506,6
DA:507,6
DA:509,6
DA:510,4
DA:511,4
DA:514,6
DA:515,5
DA:516,5
DA:519,6
DA:520,2
DA:521,2
DA:526,6
DA:528,6
DA:532,6
DA:534,6
DA:535,6
DA:545,6
DA:546,4
DA:557,14
DA:559,14
DA:560,2
DA:563,12
DA:567,5
DA:568,1
DA:571,4
DA:579,4
DA:580,2
DA:583,2
DA:587,9
DA:588,1
DA:591,8
DA:592,8
DA:593,1
DA:596,7
DA:597,7
DA:598,7
DA:600,7
DA:608,7
DA:609,0
DA:612,7
DA:613,7
DA:615,7
DA:616,1
DA:622,6
DA:623,6
DA:627,6
DA:628,6
DA:641,6
DA:642,6
DA:644,6
DA:646,1
DA:647,1
DA:649,7
DA:652,6
DA:656,7
DA:657,0
DA:660,7
DA:661,7
DA:662,0
DA:665,11
DA:666,7
DA:667,2
DA:673,5
DA:674,5
DA:676,5
DA:677,2
DA:683,3
DA:684,3
DA:685,3
DA:689,3
DA:692,22
LF:229
LH:201
BRDA:83,0,0,2
BRDA:83,0,1,8
BRDA:84,1,0,10
BRDA:84,1,1,10
BRDA:84,1,2,9
BRDA:91,2,0,3
BRDA:91,2,1,5
BRDA:92,3,0,8
BRDA:92,3,1,8
BRDA:92,3,2,8
BRDA:92,3,3,6
BRDA:92,3,4,5
BRDA:105,4,0,1
BRDA:105,4,1,3
BRDA:106,5,0,4
BRDA:106,5,1,4
BRDA:115,6,0,14
BRDA:115,6,1,14
BRDA:118,7,0,1
BRDA:118,7,1,13
BRDA:121,8,0,1
BRDA:121,8,1,12
BRDA:121,9,0,13
BRDA:121,9,1,13
BRDA:128,10,0,0
BRDA:128,10,1,21
BRDA:128,11,0,21
BRDA:128,11,1,21
BRDA:128,11,2,21
BRDA:133,12,0,1
BRDA:133,12,1,20
BRDA:138,13,0,1
BRDA:138,13,1,19
BRDA:145,14,0,19
BRDA:145,14,1,0
BRDA:147,15,0,1
BRDA:147,15,1,18
BRDA:156,16,0,11
BRDA:156,16,1,7
BRDA:156,17,0,18
BRDA:156,17,1,8
BRDA:157,18,0,10
BRDA:157,18,1,1
BRDA:160,19,0,1
BRDA:160,19,1,10
BRDA:160,20,0,11
BRDA:160,20,1,6
BRDA:163,21,0,1
BRDA:163,21,1,10
BRDA:163,22,0,11
BRDA:163,22,1,6
BRDA:166,23,0,1
BRDA:166,23,1,10
BRDA:166,24,0,11
BRDA:166,24,1,6
BRDA:166,24,2,1
BRDA:174,25,0,1
BRDA:174,25,1,17
BRDA:174,26,0,18
BRDA:174,26,1,12
BRDA:174,26,2,1
BRDA:178,27,0,6
BRDA:178,27,1,12
BRDA:178,28,0,18
BRDA:178,28,1,12
BRDA:180,29,0,4
BRDA:180,29,1,18
BRDA:182,30,0,2
BRDA:182,30,1,20
BRDA:186,31,0,10
BRDA:186,31,1,8
BRDA:188,32,0,6
BRDA:188,32,1,44
BRDA:190,33,0,0
BRDA:190,33,1,6
BRDA:195,34,0,8
BRDA:195,34,1,10
BRDA:207,35,0,22
BRDA:207,35,1,10
BRDA:211,36,0,2
BRDA:211,36,1,8
BRDA:211,37,0,10
BRDA:211,37,1,10
BRDA:211,37,2,10
BRDA:218,38,0,9
BRDA:218,38,1,5
BRDA:221,39,0,4
BRDA:221,39,1,1
BRDA:228,40,0,1
BRDA:228,40,1,6
BRDA:231,41,0,2
BRDA:231,41,1,4
BRDA:231,42,0,6
BRDA:231,42,1,6
BRDA:234,43,0,4
BRDA:234,43,1,0
BRDA:240,44,0,6
BRDA:240,44,1,5
BRDA:246,45,0,1
BRDA:246,45,1,4
BRDA:255,46,0,3
BRDA:255,46,1,1
BRDA:259,47,0,1
BRDA:259,47,1,0
BRDA:268,48,0,0
BRDA:268,48,1,0
BRDA:273,49,0,32
BRDA:273,49,1,21
BRDA:286,50,0,6
BRDA:286,50,1,0
BRDA:286,50,2,12
BRDA:286,50,3,0
BRDA:286,50,4,0
BRDA:286,50,5,0
BRDA:289,51,0,6
BRDA:289,51,1,3
BRDA:290,52,0,6
BRDA:290,52,1,6
BRDA:291,53,0,6
BRDA:291,53,1,6
BRDA:292,54,0,6
BRDA:292,54,1,6
BRDA:293,55,0,6
BRDA:293,55,1,3
BRDA:297,56,0,0
BRDA:297,56,1,0
BRDA:298,57,0,0
BRDA:298,57,1,0
BRDA:299,58,0,0
BRDA:299,58,1,0
BRDA:300,59,0,0
BRDA:300,59,1,0
BRDA:304,60,0,12
BRDA:304,60,1,3
BRDA:305,61,0,12
BRDA:305,61,1,3
BRDA:306,62,0,12
BRDA:306,62,1,3
BRDA:307,63,0,12
BRDA:307,63,1,12
BRDA:308,64,0,12
BRDA:308,64,1,4
BRDA:312,65,0,0
BRDA:312,65,1,0
BRDA:313,66,0,0
BRDA:313,66,1,0
BRDA:314,67,0,0
BRDA:314,67,1,0
BRDA:315,68,0,0
BRDA:315,68,1,0
BRDA:319,69,0,0
BRDA:319,69,1,0
BRDA:326,70,0,4
BRDA:326,71,0,4
BRDA:335,72,0,16
BRDA:335,72,1,0
BRDA:342,73,0,12
BRDA:342,73,1,4
BRDA:357,74,0,0
BRDA:357,74,1,5
BRDA:369,75,0,0
BRDA:369,75,1,0
BRDA:373,76,0,3
BRDA:373,76,1,0
BRDA:378,77,0,0
BRDA:378,77,1,0
BRDA:378,78,0,0
BRDA:378,78,1,0
BRDA:382,79,0,0
BRDA:382,79,1,0
BRDA:388,80,0,0
BRDA:389,81,0,4
BRDA:389,81,1,2
BRDA:403,82,0,4
BRDA:403,82,1,1
BRDA:404,83,0,4
BRDA:404,83,1,1
BRDA:405,84,0,4
BRDA:405,84,1,1
BRDA:406,85,0,4
BRDA:406,85,1,4
BRDA:407,86,0,4
BRDA:407,86,1,1
BRDA:413,87,0,0
BRDA:413,87,1,2
BRDA:426,88,0,0
BRDA:426,88,1,0
BRDA:427,89,0,0
BRDA:427,89,1,0
BRDA:428,90,0,0
BRDA:428,90,1,0
BRDA:429,91,0,0
BRDA:429,91,1,0
BRDA:435,92,0,2
BRDA:435,92,1,0
BRDA:450,93,0,2
BRDA:450,93,1,0
BRDA:451,94,0,2
BRDA:451,94,1,2
BRDA:452,95,0,2
BRDA:452,95,1,2
BRDA:453,96,0,2
BRDA:453,96,1,2
BRDA:454,97,0,2
BRDA:454,97,1,0
BRDA:460,98,0,0
BRDA:460,98,1,0
BRDA:473,99,0,0
BRDA:473,99,1,0
BRDA:474,100,0,0
BRDA:474,100,1,0
BRDA:475,101,0,0
BRDA:475,101,1,0
BRDA:476,102,0,0
BRDA:476,102,1,0
BRDA:482,103,0,0
BRDA:482,103,1,0
BRDA:489,104,0,0
BRDA:489,104,1,0
BRDA:494,105,0,0
BRDA:495,106,0,7
BRDA:495,106,1,2
BRDA:496,107,0,7
BRDA:496,107,1,6
BRDA:497,108,0,2
BRDA:497,108,1,5
BRDA:498,109,0,7
BRDA:498,109,1,7
BRDA:499,110,0,7
BRDA:499,110,1,7
BRDA:502,111,0,1
BRDA:502,111,1,6
BRDA:502,112,0,7
BRDA:502,112,1,5
BRDA:509,113,0,4
BRDA:509,113,1,2
BRDA:514,114,0,5
BRDA:514,114,1,1
BRDA:519,115,0,2
BRDA:519,115,1,4
BRDA:551,116,0,6
BRDA:551,116,1,2
BRDA:559,117,0,2
BRDA:559,117,1,12
BRDA:567,118,0,1
BRDA:567,118,1,4
BRDA:579,119,0,2
BRDA:579,119,1,2
BRDA:587,120,0,1
BRDA:587,120,1,8
BRDA:592,121,0,1
BRDA:592,121,1,7
BRDA:608,122,0,0
BRDA:608,122,1,7
BRDA:615,123,0,1
BRDA:615,123,1,6
BRDA:627,124,0,6
BRDA:627,124,1,4
BRDA:656,125,0,0
BRDA:656,125,1,7
BRDA:656,126,0,7
BRDA:656,126,1,7
BRDA:656,126,2,7
BRDA:661,127,0,0
BRDA:661,127,1,7
BRDA:666,128,0,2
BRDA:666,128,1,5
BRDA:676,129,0,2
BRDA:676,129,1,3
BRDA:685,130,0,3
BRDA:685,130,1,0
BRF:271
BRH:199
end_of_record
TN:
SF:src\services\formasService.js
FN:7,createHttpError
FN:13,mapFormaRow
FN:25,listFormas
FNF:3
FNH:3
FNDA:3,createHttpError
FNDA:2,mapFormaRow
FNDA:9,listFormas
DA:1,22
DA:3,22
DA:4,22
DA:5,22
DA:8,3
DA:9,3
DA:10,3
DA:14,2
DA:26,9
DA:27,9
DA:28,9
DA:29,9
DA:30,9
DA:31,9
DA:32,9
DA:34,9
DA:35,1
DA:38,8
DA:39,1
DA:42,7
DA:43,1
DA:46,6
DA:47,6
DA:49,6
DA:50,5
DA:51,5
DA:54,6
DA:55,1
DA:56,1
DA:59,6
DA:60,1
DA:61,1
DA:64,6
DA:65,1
DA:66,1
DA:71,6
DA:73,6
DA:77,6
DA:79,6
DA:80,6
DA:89,6
DA:100,22
LF:42
LH:42
BRDA:25,0,0,0
BRDA:26,1,0,1
BRDA:26,1,1,8
BRDA:27,2,0,9
BRDA:27,2,1,7
BRDA:28,3,0,2
BRDA:28,3,1,7
BRDA:29,4,0,2
BRDA:29,4,1,7
BRDA:30,5,0,9
BRDA:30,5,1,7
BRDA:31,6,0,9
BRDA:31,6,1,6
BRDA:34,7,0,1
BRDA:34,7,1,8
BRDA:38,8,0,1
BRDA:38,8,1,7
BRDA:38,9,0,8
BRDA:38,9,1,2
BRDA:42,10,0,1
BRDA:42,10,1,6
BRDA:42,11,0,7
BRDA:42,11,1,2
BRDA:49,12,0,5
BRDA:49,12,1,1
BRDA:54,13,0,1
BRDA:54,13,1,5
BRDA:59,14,0,1
BRDA:59,14,1,5
BRDA:64,15,0,1
BRDA:64,15,1,5
BRDA:95,16,0,6
BRDA:95,16,1,2
BRF:33
BRH:32
end_of_record
TN:
SF:src\services\importMappingService.js
FN:4,competenciaDate
FN:15,competenciaLabel
FN:19,isTodasEquipe
FN:24,normalizeForSimilarity
FN:35,tokenize
FN:65,distinctiveTokens
FN:67,(anonymous_6)
FN:71,scoreNameSimilarity
FN:104,suggestEstabelecimentos
FN:115,(anonymous_9)
FN:130,(anonymous_10)
FN:134,lookupMapeamentoUnidade
FN:148,lookupMapeamentoEquipe
FN:197,getEstabelecimentoBasico
FN:205,getEquipeBasica
FN:213,ensureEquipe
FN:265,detectTodasConflict
FN:281,(anonymous_17)
FN:298,(anonymous_18)
FN:303,purgeTodasImports
FN:332,(anonymous_20)
FN:337,checkJaImportado
FN:373,enrichPreviewItem
FN:468,touchMapeamentosForMeta
FN:509,resolveForUpload
FN:595,ensureEquipeWithClient
FN:644,listMapeamentos
FN:698,upsertMapeamentoWithClient
FN:782,upsertMapeamento
FN:786,deactivateMapeamento
FNF:30
FNH:30
FNDA:47,competenciaDate
FNDA:15,competenciaLabel
FNDA:45,isTodasEquipe
FNDA:35,normalizeForSimilarity
FNDA:35,tokenize
FNDA:4,distinctiveTokens
FNDA:34,(anonymous_6)
FNDA:11,scoreNameSimilarity
FNDA:4,suggestEstabelecimentos
FNDA:8,(anonymous_9)
FNDA:8,(anonymous_10)
FNDA:7,lookupMapeamentoUnidade
FNDA:5,lookupMapeamentoEquipe
FNDA:10,getEstabelecimentoBasico
FNDA:4,getEquipeBasica
FNDA:5,ensureEquipe
FNDA:17,detectTodasConflict
FNDA:2,(anonymous_17)
FNDA:5,(anonymous_18)
FNDA:4,purgeTodasImports
FNDA:4,(anonymous_20)
FNDA:7,checkJaImportado
FNDA:7,enrichPreviewItem
FNDA:4,touchMapeamentosForMeta
FNDA:9,resolveForUpload
FNDA:6,ensureEquipeWithClient
FNDA:2,listMapeamentos
FNDA:6,upsertMapeamentoWithClient
FNDA:4,upsertMapeamento
FNDA:2,deactivateMapeamento
DA:1,22
DA:2,22
DA:5,47
DA:6,47
DA:7,39
DA:9,8
DA:10,8
DA:12,0
DA:16,15
DA:20,45
DA:21,45
DA:25,35
DA:36,35
DA:37,35
DA:38,2
DA:40,33
DA:43,22
DA:66,4
DA:67,34
DA:72,11
DA:73,11
DA:75,11
DA:76,1
DA:79,10
DA:80,10
DA:81,10
DA:82,10
DA:83,84
DA:84,37
DA:88,10
DA:89,10
DA:91,10
DA:92,10
DA:93,10
DA:98,4
DA:101,10
DA:105,4
DA:112,4
DA:114,4
DA:116,8
DA:117,8
DA:118,8
DA:119,13
DA:120,7
DA:123,8
DA:130,8
DA:135,7
DA:145,7
DA:149,5
DA:150,1
DA:151,1
DA:157,1
DA:158,1
DA:160,0
DA:163,4
DA:164,3
DA:173,3
DA:174,2
DA:178,2
DA:179,2
DA:189,2
DA:190,1
DA:194,1
DA:198,10
DA:202,10
DA:206,4
DA:210,4
DA:214,5
DA:216,5
DA:217,2
DA:218,2
DA:224,2
DA:225,1
DA:228,1
DA:234,1
DA:237,3
DA:238,3
DA:239,1
DA:240,1
DA:241,1
DA:244,2
DA:246,2
DA:252,2
DA:253,1
DA:256,1
DA:262,1
DA:266,17
DA:267,17
DA:269,17
DA:270,5
DA:279,5
DA:281,2
DA:286,12
DA:296,12
DA:298,5
DA:304,4
DA:305,4
DA:306,4
DA:308,4
DA:312,4
DA:313,4
DA:314,1
DA:317,3
DA:324,3
DA:331,3
DA:332,4
DA:338,7
DA:339,4
DA:353,4
DA:356,3
DA:370,3
DA:374,7
DA:375,7
DA:376,7
DA:378,7
DA:380,7
DA:389,7
DA:390,1
DA:391,1
DA:399,6
DA:400,6
DA:401,1
DA:402,1
DA:410,5
DA:416,5
DA:417,5
DA:419,5
DA:425,5
DA:426,1
DA:440,4
DA:444,4
DA:446,4
DA:455,4
DA:456,3
DA:457,3
DA:460,4
DA:461,0
DA:464,4
DA:465,4
DA:469,4
DA:470,4
DA:471,4
DA:472,4
DA:473,4
DA:475,4
DA:485,4
DA:486,2
DA:496,4
DA:497,2
DA:510,9
DA:511,9
DA:512,1
DA:513,1
DA:514,1
DA:517,8
DA:519,8
DA:520,8
DA:522,8
DA:528,8
DA:529,3
DA:530,1
DA:533,1
DA:534,1
DA:536,2
DA:537,1
DA:540,1
DA:541,1
DA:542,1
DA:546,6
DA:547,6
DA:548,6
DA:550,6
DA:551,1
DA:554,6
DA:559,4
DA:560,2
DA:575,4
DA:577,4
DA:579,4
DA:581,4
DA:588,2
DA:589,2
DA:591,6
DA:596,6
DA:598,6
DA:599,2
DA:600,2
DA:606,2
DA:607,0
DA:609,2
DA:615,2
DA:618,4
DA:619,4
DA:620,1
DA:621,1
DA:622,1
DA:625,3
DA:626,3
DA:632,2
DA:633,0
DA:635,2
DA:641,2
DA:645,2
DA:646,2
DA:647,2
DA:648,2
DA:650,2
DA:651,2
DA:653,2
DA:654,1
DA:655,1
DA:662,2
DA:664,2
DA:672,2
DA:673,2
DA:687,2
DA:699,6
DA:700,6
DA:702,6
DA:704,6
DA:705,3
DA:714,3
DA:715,1
DA:722,1
DA:725,2
DA:737,2
DA:740,3
DA:748,3
DA:749,1
DA:761,1
DA:764,2
DA:779,2
DA:783,4
DA:787,2
DA:795,2
DA:796,1
DA:797,1
DA:798,1
DA:801,1
DA:804,22
LF:240
LH:235
BRDA:6,0,0,39
BRDA:6,0,1,8
BRDA:9,1,0,8
BRDA:9,1,1,0
BRDA:20,2,0,45
BRDA:20,2,1,0
BRDA:21,3,0,45
BRDA:21,3,1,30
BRDA:21,3,2,14
BRDA:25,4,0,35
BRDA:25,4,1,2
BRDA:37,5,0,2
BRDA:37,5,1,33
BRDA:67,6,0,34
BRDA:67,6,1,19
BRDA:75,7,0,1
BRDA:75,7,1,10
BRDA:75,8,0,11
BRDA:75,8,1,10
BRDA:83,9,0,37
BRDA:83,9,1,47
BRDA:89,10,0,10
BRDA:89,10,1,0
BRDA:93,11,0,4
BRDA:93,11,1,6
BRDA:94,12,0,10
BRDA:94,12,1,10
BRDA:94,12,2,10
BRDA:94,12,3,6
BRDA:104,13,0,4
BRDA:104,14,0,4
BRDA:119,15,0,7
BRDA:119,15,1,6
BRDA:130,16,0,8
BRDA:130,16,1,2
BRDA:145,17,0,7
BRDA:145,17,1,1
BRDA:149,18,0,1
BRDA:149,18,1,4
BRDA:157,19,0,1
BRDA:157,19,1,0
BRDA:163,20,0,3
BRDA:163,20,1,1
BRDA:173,21,0,2
BRDA:173,21,1,1
BRDA:178,22,0,2
BRDA:178,22,1,0
BRDA:189,23,0,1
BRDA:189,23,1,1
BRDA:202,24,0,10
BRDA:202,24,1,1
BRDA:210,25,0,4
BRDA:210,25,1,0
BRDA:216,26,0,2
BRDA:216,26,1,3
BRDA:224,27,0,1
BRDA:224,27,1,1
BRDA:237,28,0,3
BRDA:237,28,1,1
BRDA:238,29,0,1
BRDA:238,29,1,2
BRDA:244,30,0,2
BRDA:244,30,1,0
BRDA:252,31,0,1
BRDA:252,31,1,1
BRDA:269,32,0,5
BRDA:269,32,1,12
BRDA:304,33,0,2
BRDA:304,33,1,2
BRDA:313,34,0,1
BRDA:313,34,1,3
BRDA:338,35,0,4
BRDA:338,35,1,3
BRDA:338,36,0,7
BRDA:338,36,1,5
BRDA:373,37,0,7
BRDA:374,38,0,7
BRDA:374,38,1,0
BRDA:374,38,2,0
BRDA:375,39,0,7
BRDA:375,39,1,0
BRDA:375,39,2,0
BRDA:376,40,0,7
BRDA:376,40,1,2
BRDA:376,40,2,2
BRDA:381,41,0,7
BRDA:381,41,1,0
BRDA:389,42,0,1
BRDA:389,42,1,6
BRDA:400,43,0,1
BRDA:400,43,1,5
BRDA:416,44,0,5
BRDA:416,44,1,1
BRDA:416,44,2,1
BRDA:417,45,0,4
BRDA:417,45,1,1
BRDA:425,46,0,1
BRDA:425,46,1,4
BRDA:440,47,0,4
BRDA:440,47,1,2
BRDA:440,47,2,1
BRDA:442,48,0,1
BRDA:442,48,1,0
BRDA:444,49,0,4
BRDA:444,49,1,0
BRDA:455,50,0,3
BRDA:455,50,1,1
BRDA:460,51,0,0
BRDA:460,51,1,4
BRDA:469,52,0,4
BRDA:469,52,1,0
BRDA:470,53,0,4
BRDA:470,53,1,0
BRDA:470,53,2,0
BRDA:471,54,0,4
BRDA:471,54,1,2
BRDA:471,54,2,2
BRDA:472,55,0,4
BRDA:472,55,1,0
BRDA:472,55,2,0
BRDA:473,56,0,2
BRDA:473,56,1,2
BRDA:485,57,0,2
BRDA:485,57,1,2
BRDA:496,58,0,2
BRDA:496,58,1,2
BRDA:511,59,0,1
BRDA:511,59,1,8
BRDA:519,60,0,8
BRDA:519,60,1,0
BRDA:519,60,2,0
BRDA:520,61,0,8
BRDA:520,61,1,3
BRDA:520,61,2,3
BRDA:528,62,0,3
BRDA:528,62,1,5
BRDA:529,63,0,1
BRDA:529,63,1,2
BRDA:536,64,0,1
BRDA:536,64,1,1
BRDA:550,65,0,1
BRDA:550,65,1,5
BRDA:550,66,0,6
BRDA:550,66,1,1
BRDA:550,66,2,1
BRDA:559,67,0,2
BRDA:559,67,1,2
BRDA:559,68,0,4
BRDA:559,68,1,2
BRDA:562,69,0,2
BRDA:562,69,1,0
BRDA:564,70,0,1
BRDA:564,70,1,1
BRDA:584,71,0,4
BRDA:584,71,1,0
BRDA:598,72,0,2
BRDA:598,72,1,4
BRDA:606,73,0,0
BRDA:606,73,1,2
BRDA:618,74,0,4
BRDA:618,74,1,0
BRDA:619,75,0,1
BRDA:619,75,1,3
BRDA:625,76,0,3
BRDA:625,76,1,0
BRDA:632,77,0,0
BRDA:632,77,1,2
BRDA:644,78,0,0
BRDA:645,79,0,1
BRDA:645,79,1,1
BRDA:646,80,0,2
BRDA:646,80,1,0
BRDA:647,81,0,2
BRDA:647,81,1,0
BRDA:653,82,0,1
BRDA:653,82,1,1
BRDA:693,83,0,2
BRDA:693,83,1,1
BRDA:699,84,0,2
BRDA:699,84,1,4
BRDA:702,85,0,6
BRDA:702,85,1,3
BRDA:704,86,0,3
BRDA:704,86,1,3
BRDA:714,87,0,1
BRDA:714,87,1,2
BRDA:720,88,0,1
BRDA:720,88,1,0
BRDA:720,89,0,1
BRDA:720,89,1,0
BRDA:733,90,0,2
BRDA:733,90,1,1
BRDA:734,91,0,2
BRDA:734,91,1,0
BRDA:748,92,0,1
BRDA:748,92,1,2
BRDA:756,93,0,1
BRDA:756,93,1,0
BRDA:757,94,0,1
BRDA:757,94,1,0
BRDA:772,95,0,2
BRDA:772,95,1,0
BRDA:773,96,0,2
BRDA:773,96,1,0
BRDA:776,97,0,2
BRDA:776,97,1,0
BRDA:792,98,0,2
BRDA:792,98,1,0
BRDA:795,99,0,1
BRDA:795,99,1,1
BRF:210
BRH:170
end_of_record
TN:
SF:src\services\mysqlProbe.js
FN:6,repoRoot
FN:10,pythonBin
FN:14,mysqlConfigured
FN:15,(anonymous_3)
FN:18,probeMysql
FN:23,(anonymous_5)
FN:31,(anonymous_6)
FN:35,(anonymous_7)
FNF:8
FNH:8
FNDA:4,repoRoot
FNDA:4,pythonBin
FNDA:6,mysqlConfigured
FNDA:18,(anonymous_3)
FNDA:5,probeMysql
FNDA:4,(anonymous_5)
FNDA:1,(anonymous_6)
FNDA:3,(anonymous_7)
DA:1,21
DA:2,21
DA:4,21
DA:7,4
DA:11,4
DA:15,18
DA:19,5
DA:20,1
DA:23,4
DA:25,4
DA:26,4
DA:31,4
DA:32,1
DA:35,4
DA:36,3
DA:44,21
LF:16
LH:16
BRDA:11,0,0,4
BRDA:11,0,1,0
BRDA:19,1,0,1
BRDA:19,1,1,4
BRDA:38,2,0,2
BRDA:38,2,1,1
BRF:6
BRH:5
end_of_record
TN:
SF:src\services\painelMetricsService.js
FN:5,(anonymous_0)
FN:13,(anonymous_1)
FN:22,(anonymous_2)
FN:31,(anonymous_3)
FN:39,parseCompetencia
FN:57,parseOptionalBigInt
FN:70,hasMultipleStatements
FN:80,bindTemplate
FN:112,(anonymous_8)
FN:115,(anonymous_9)
FN:122,(anonymous_10)
FN:124,(anonymous_11)
FN:129,extractSingleValue
FN:143,slugifySegment
FN:155,buildMetricKey
FN:163,escapeSqlLiteral
FN:167,buildDiscoveredSqlTemplate
FN:194,discoverMetricsFromRaw
FN:273,listMetricas
FN:316,getMetricaById
FN:339,executeMetric
FNF:21
FNH:21
FNDA:66,(anonymous_0)
FNDA:3,(anonymous_1)
FNDA:5,(anonymous_2)
FNDA:5,(anonymous_3)
FNDA:10,parseCompetencia
FNDA:13,parseOptionalBigInt
FNDA:12,hasMultipleStatements
FNDA:14,bindTemplate
FNDA:15,(anonymous_8)
FNDA:8,(anonymous_9)
FNDA:10,(anonymous_10)
FNDA:8,(anonymous_11)
FNDA:4,extractSingleValue
FNDA:17,slugifySegment
FNDA:4,buildMetricKey
FNDA:12,escapeSqlLiteral
FNDA:3,buildDiscoveredSqlTemplate
FNDA:3,discoverMetricsFromRaw
FNDA:2,listMetricas
FNDA:3,getMetricaById
FNDA:5,executeMetric
DA:1,22
DA:3,22
DA:4,22
DA:5,22
DA:6,66
DA:7,66
DA:9,22
DA:10,22
DA:14,3
DA:15,3
DA:16,3
DA:17,3
DA:23,5
DA:24,5
DA:25,5
DA:26,5
DA:32,5
DA:33,5
DA:34,5
DA:35,5
DA:40,10
DA:41,1
DA:44,9
DA:45,9
DA:46,1
DA:49,8
DA:50,8
DA:51,1
DA:54,7
DA:58,13
DA:59,4
DA:62,9
DA:63,9
DA:64,1
DA:67,8
DA:71,12
DA:72,12
DA:73,1
DA:76,11
DA:77,11
DA:81,14
DA:82,2
DA:85,12
DA:86,2
DA:89,10
DA:95,6
DA:96,6
DA:97,6
DA:98,11
DA:99,11
DA:100,1
DA:102,11
DA:104,6
DA:106,6
DA:107,1
DA:112,5
DA:113,15
DA:115,5
DA:116,8
DA:117,8
DA:120,5
DA:122,10
DA:124,8
DA:126,5
DA:130,4
DA:131,1
DA:134,3
DA:135,3
DA:136,1
DA:139,2
DA:140,2
DA:144,17
DA:152,17
DA:156,4
DA:157,4
DA:158,3
DA:160,1
DA:164,12
DA:168,3
DA:169,3
DA:170,3
DA:171,3
DA:173,3
DA:195,3
DA:212,3
DA:213,1
DA:216,2
DA:217,2
DA:219,2
DA:220,2
DA:221,2
DA:222,2
DA:224,2
DA:263,2
DA:264,1
DA:266,1
DA:270,2
DA:274,2
DA:275,2
DA:276,2
DA:278,2
DA:279,2
DA:281,2
DA:282,1
DA:283,1
DA:285,2
DA:286,1
DA:287,1
DA:290,2
DA:291,2
DA:293,2
DA:294,2
DA:295,2
DA:297,2
DA:298,2
DA:303,2
DA:305,2
DA:317,3
DA:318,3
DA:319,1
DA:320,1
DA:321,1
DA:324,2
DA:332,2
DA:333,1
DA:336,1
DA:340,5
DA:341,5
DA:342,1
DA:345,4
DA:354,4
DA:355,1
DA:358,3
DA:359,2
DA:361,2
DA:367,22
LF:136
LH:136
BRDA:13,0,0,0
BRDA:40,1,0,1
BRDA:40,1,1,9
BRDA:40,2,0,10
BRDA:40,2,1,9
BRDA:45,3,0,1
BRDA:45,3,1,8
BRDA:50,4,0,1
BRDA:50,4,1,7
BRDA:50,5,0,8
BRDA:50,5,1,8
BRDA:58,6,0,4
BRDA:58,6,1,9
BRDA:58,7,0,13
BRDA:58,7,1,9
BRDA:63,8,0,1
BRDA:63,8,1,8
BRDA:63,9,0,9
BRDA:63,9,1,9
BRDA:72,10,0,1
BRDA:72,10,1,11
BRDA:81,11,0,2
BRDA:81,11,1,12
BRDA:81,12,0,14
BRDA:81,12,1,12
BRDA:85,13,0,2
BRDA:85,13,1,10
BRDA:99,14,0,1
BRDA:99,14,1,10
BRDA:106,15,0,1
BRDA:106,15,1,5
BRDA:130,16,0,1
BRDA:130,16,1,3
BRDA:130,17,0,4
BRDA:130,17,1,4
BRDA:135,18,0,1
BRDA:135,18,1,2
BRDA:140,19,0,1
BRDA:140,19,1,1
BRDA:144,20,0,17
BRDA:144,20,1,0
BRDA:152,21,0,17
BRDA:152,21,1,0
BRDA:157,22,0,3
BRDA:157,22,1,1
BRDA:164,23,0,12
BRDA:164,23,1,0
BRDA:212,24,0,1
BRDA:212,24,1,2
BRDA:263,25,0,1
BRDA:263,25,1,1
BRDA:273,26,0,0
BRDA:273,27,0,1
BRDA:273,28,0,1
BRDA:274,29,0,2
BRDA:274,29,1,0
BRDA:275,30,0,2
BRDA:275,30,1,0
BRDA:281,31,0,1
BRDA:281,31,1,1
BRDA:285,32,0,1
BRDA:285,32,1,1
BRDA:290,33,0,1
BRDA:290,33,1,1
BRDA:291,34,0,1
BRDA:291,34,1,1
BRDA:295,35,0,2
BRDA:295,35,1,0
BRDA:311,36,0,2
BRDA:311,36,1,1
BRDA:318,37,0,1
BRDA:318,37,1,2
BRDA:318,38,0,3
BRDA:318,38,1,2
BRDA:332,39,0,1
BRDA:332,39,1,1
BRDA:341,40,0,1
BRDA:341,40,1,4
BRDA:341,41,0,5
BRDA:341,41,1,4
BRDA:354,42,0,1
BRDA:354,42,1,3
BRF:82
BRH:74
end_of_record
TN:
SF:src\services\painelWidgetsService.js
FN:24,createHttpError
FN:33,assertPositiveInt
FN:41,parseOptionalMetricId
FN:48,ensureJsonObjectOrNull
FN:67,ensureMetricActive
FN:86,ensureUniqueSlug
FN:113,normalizeCreatePayload
FN:141,normalizeUpdatePayload
FN:187,formatByFormato
FN:214,getPreviousCompetencia
FN:229,computeDelta
FN:242,getMetricByChave
FN:255,resolveMetricValue
FN:277,buildScope
FN:285,resolveDelta
FN:315,resolveSparkSeries
FN:326,(anonymous_16)
FN:327,(anonymous_17)
FN:330,resolveCardWidget
FN:382,mapLineSeries
FN:384,(anonymous_20)
FN:388,(anonymous_21)
FN:391,mapRankingRows
FN:393,(anonymous_23)
FN:400,(anonymous_24)
FN:404,resolveLineWidget
FN:425,resolveRankingWidget
FN:436,(anonymous_27)
FN:454,resolveSingleWidget
FN:478,listWidgets
FN:499,getWidgetById
FN:515,createWidget
FN:554,updateWidget
FN:581,(anonymous_33)
FN:613,reorderWidgets
FN:622,(anonymous_35)
FN:671,inactivateWidget
FN:690,normalizePreviewDraft
FN:711,resolvePainelLayout
FN:750,previewWidget
FNF:40
FNH:40
FNDA:11,createHttpError
FNDA:25,assertPositiveInt
FNDA:14,parseOptionalMetricId
FNDA:17,ensureJsonObjectOrNull
FNDA:6,ensureMetricActive
FNDA:2,ensureUniqueSlug
FNDA:3,normalizeCreatePayload
FNDA:4,normalizeUpdatePayload
FNDA:12,formatByFormato
FNDA:3,getPreviousCompetencia
FNDA:5,computeDelta
FNDA:3,getMetricByChave
FNDA:13,resolveMetricValue
FNDA:12,buildScope
FNDA:8,resolveDelta
FNDA:8,resolveSparkSeries
FNDA:3,(anonymous_16)
FNDA:3,(anonymous_17)
FNDA:8,resolveCardWidget
FNDA:2,mapLineSeries
FNDA:4,(anonymous_20)
FNDA:4,(anonymous_21)
FNDA:2,mapRankingRows
FNDA:5,(anonymous_23)
FNDA:5,(anonymous_24)
FNDA:1,resolveLineWidget
FNDA:1,resolveRankingWidget
FNDA:2,(anonymous_27)
FNDA:11,resolveSingleWidget
FNDA:13,listWidgets
FNDA:7,getWidgetById
FNDA:2,createWidget
FNDA:3,updateWidget
FNDA:2,(anonymous_33)
FNDA:2,reorderWidgets
FNDA:5,(anonymous_35)
FNDA:2,inactivateWidget
FNDA:3,normalizePreviewDraft
FNDA:10,resolvePainelLayout
FNDA:2,previewWidget
DA:1,21
DA:2,21
DA:4,21
DA:22,21
DA:25,11
DA:26,11
DA:27,11
DA:28,11
DA:30,11
DA:34,25
DA:35,25
DA:36,0
DA:38,25
DA:42,14
DA:43,8
DA:45,6
DA:49,17
DA:50,9
DA:53,8
DA:54,0
DA:55,0
DA:57,0
DA:60,8
DA:61,3
DA:64,5
DA:68,6
DA:69,2
DA:72,4
DA:81,4
DA:82,1
DA:87,2
DA:88,2
DA:96,2
DA:97,0
DA:98,0
DA:101,2
DA:103,2
DA:104,2
DA:105,1
DA:114,3
DA:115,3
DA:116,45
DA:117,23
DA:121,3
DA:122,0
DA:129,3
DA:130,3
DA:131,3
DA:132,3
DA:134,2
DA:135,2
DA:136,2
DA:138,2
DA:142,4
DA:143,4
DA:144,60
DA:145,5
DA:149,4
DA:150,1
DA:153,3
DA:154,0
DA:156,3
DA:157,2
DA:159,3
DA:160,0
DA:162,3
DA:163,1
DA:166,3
DA:167,1
DA:169,2
DA:170,0
DA:173,2
DA:176,21
DA:188,12
DA:189,1
DA:192,11
DA:193,0
DA:199,11
DA:200,0
DA:207,11
DA:208,0
DA:211,11
DA:215,3
DA:216,3
DA:217,1
DA:220,2
DA:221,2
DA:222,2
DA:223,2
DA:224,2
DA:225,2
DA:226,2
DA:230,5
DA:231,1
DA:234,4
DA:235,4
DA:236,4
DA:237,4
DA:238,2
DA:239,1
DA:243,3
DA:252,3
DA:256,13
DA:257,1
DA:260,12
DA:261,12
DA:262,7
DA:265,5
DA:266,3
DA:269,2
DA:270,2
DA:271,1
DA:274,1
DA:278,12
DA:286,8
DA:287,8
DA:288,0
DA:291,8
DA:292,2
DA:298,6
DA:299,5
DA:302,1
DA:306,1
DA:307,1
DA:312,1
DA:316,8
DA:317,7
DA:320,1
DA:321,1
DA:322,0
DA:325,1
DA:326,3
DA:327,3
DA:331,8
DA:332,8
DA:334,8
DA:335,1
DA:336,1
DA:337,1
DA:338,1
DA:339,1
DA:340,1
DA:341,1
DA:345,1
DA:347,1
DA:351,1
DA:366,7
DA:367,7
DA:383,2
DA:384,4
DA:388,4
DA:392,2
DA:393,5
DA:400,5
DA:405,1
DA:410,1
DA:411,1
DA:426,1
DA:431,1
DA:432,1
DA:434,1
DA:435,1
DA:436,2
DA:440,1
DA:455,11
DA:456,8
DA:458,3
DA:459,1
DA:461,2
DA:462,1
DA:465,1
DA:479,13
DA:480,1
DA:483,12
DA:484,12
DA:485,12
DA:486,11
DA:489,12
DA:496,12
DA:500,7
DA:501,7
DA:508,7
DA:509,1
DA:512,6
DA:516,2
DA:517,2
DA:518,2
DA:519,2
DA:521,1
DA:551,1
DA:555,3
DA:556,3
DA:557,3
DA:559,2
DA:565,2
DA:566,2
DA:568,1
DA:569,0
DA:571,1
DA:576,0
DA:579,1
DA:580,1
DA:581,1
DA:582,2
DA:583,2
DA:586,1
DA:587,3
DA:588,1
DA:589,1
DA:590,1
DA:592,2
DA:595,1
DA:596,1
DA:598,1
DA:606,1
DA:607,0
DA:610,1
DA:614,2
DA:615,0
DA:622,5
DA:623,2
DA:624,2
DA:625,1
DA:628,1
DA:629,1
DA:630,1
DA:632,1
DA:642,1
DA:643,0
DA:650,1
DA:651,3
DA:660,1
DA:662,0
DA:663,0
DA:665,1
DA:668,1
DA:672,2
DA:674,2
DA:683,2
DA:684,1
DA:687,1
DA:691,3
DA:708,2
DA:718,10
DA:719,10
DA:720,10
DA:722,10
DA:723,1
DA:726,9
DA:727,9
DA:728,9
DA:731,9
DA:742,9
DA:751,2
DA:753,2
DA:757,2
DA:760,21
LF:257
LH:235
BRDA:27,0,0,11
BRDA:27,0,1,0
BRDA:35,1,0,0
BRDA:35,1,1,25
BRDA:35,2,0,25
BRDA:35,2,1,25
BRDA:42,3,0,8
BRDA:42,3,1,6
BRDA:42,4,0,14
BRDA:42,4,1,6
BRDA:42,4,2,6
BRDA:48,5,0,10
BRDA:48,6,0,10
BRDA:49,7,0,9
BRDA:49,7,1,8
BRDA:53,8,0,0
BRDA:53,8,1,8
BRDA:54,9,0,0
BRDA:54,9,1,0
BRDA:60,10,0,3
BRDA:60,10,1,5
BRDA:60,11,0,8
BRDA:60,11,1,8
BRDA:68,12,0,2
BRDA:68,12,1,4
BRDA:81,13,0,1
BRDA:81,13,1,3
BRDA:86,14,0,2
BRDA:96,15,0,0
BRDA:96,15,1,2
BRDA:104,16,0,1
BRDA:104,16,1,1
BRDA:113,17,0,0
BRDA:116,18,0,23
BRDA:116,18,1,22
BRDA:121,19,0,0
BRDA:121,19,1,3
BRDA:121,20,0,3
BRDA:121,20,1,3
BRDA:121,20,2,3
BRDA:121,20,3,3
BRDA:121,20,4,3
BRDA:129,21,0,1
BRDA:129,21,1,2
BRDA:133,22,0,3
BRDA:133,22,1,1
BRDA:136,23,0,2
BRDA:136,23,1,2
BRDA:141,24,0,0
BRDA:144,25,0,5
BRDA:144,25,1,55
BRDA:149,26,0,1
BRDA:149,26,1,3
BRDA:153,27,0,0
BRDA:153,27,1,3
BRDA:156,28,0,2
BRDA:156,28,1,1
BRDA:159,29,0,0
BRDA:159,29,1,3
BRDA:162,30,0,1
BRDA:162,30,1,2
BRDA:164,31,0,1
BRDA:164,31,1,0
BRDA:166,32,0,1
BRDA:166,32,1,2
BRDA:169,33,0,0
BRDA:169,33,1,2
BRDA:188,34,0,1
BRDA:188,34,1,11
BRDA:192,35,0,0
BRDA:192,35,1,11
BRDA:199,36,0,0
BRDA:199,36,1,11
BRDA:207,37,0,0
BRDA:207,37,1,11
BRDA:216,38,0,1
BRDA:216,38,1,2
BRDA:230,39,0,1
BRDA:230,39,1,4
BRDA:230,40,0,5
BRDA:230,40,1,4
BRDA:230,40,2,4
BRDA:235,41,0,2
BRDA:235,41,1,2
BRDA:235,42,0,1
BRDA:235,42,1,1
BRDA:237,43,0,2
BRDA:237,43,1,2
BRDA:238,44,0,1
BRDA:238,44,1,1
BRDA:252,45,0,3
BRDA:252,45,1,1
BRDA:255,46,0,11
BRDA:256,47,0,1
BRDA:256,47,1,12
BRDA:261,48,0,7
BRDA:261,48,1,5
BRDA:265,49,0,3
BRDA:265,49,1,2
BRDA:270,50,0,1
BRDA:270,50,1,1
BRDA:277,51,0,0
BRDA:280,52,0,12
BRDA:280,52,1,11
BRDA:281,53,0,12
BRDA:281,53,1,12
BRDA:286,54,0,8
BRDA:286,54,1,5
BRDA:287,55,0,0
BRDA:287,55,1,8
BRDA:287,56,0,8
BRDA:287,56,1,8
BRDA:291,57,0,2
BRDA:291,57,1,6
BRDA:293,58,0,2
BRDA:293,58,1,0
BRDA:298,59,0,5
BRDA:298,59,1,1
BRDA:298,60,0,6
BRDA:298,60,1,1
BRDA:316,61,0,7
BRDA:316,61,1,1
BRDA:321,62,0,0
BRDA:321,62,1,1
BRDA:334,63,0,1
BRDA:334,63,1,7
BRDA:337,64,0,1
BRDA:337,64,1,0
BRDA:339,65,0,1
BRDA:339,65,1,0
BRDA:347,66,0,0
BRDA:347,66,1,1
BRDA:347,67,0,1
BRDA:347,67,1,0
BRDA:349,68,0,1
BRDA:349,68,1,0
BRDA:349,69,0,1
BRDA:349,69,1,0
BRDA:360,70,0,1
BRDA:360,70,1,0
BRDA:382,71,0,0
BRDA:385,72,0,4
BRDA:385,72,1,1
BRDA:388,73,0,4
BRDA:388,73,1,3
BRDA:391,74,0,0
BRDA:391,75,0,0
BRDA:391,76,0,0
BRDA:394,77,0,5
BRDA:394,77,1,2
BRDA:394,77,2,1
BRDA:398,78,0,0
BRDA:398,78,1,5
BRDA:400,79,0,5
BRDA:400,79,1,4
BRDA:431,80,0,1
BRDA:431,80,1,0
BRDA:431,81,0,1
BRDA:431,81,1,0
BRDA:434,82,0,1
BRDA:434,82,1,0
BRDA:455,83,0,8
BRDA:455,83,1,3
BRDA:458,84,0,1
BRDA:458,84,1,2
BRDA:461,85,0,1
BRDA:461,85,1,1
BRDA:461,86,0,2
BRDA:461,86,1,1
BRDA:478,87,0,0
BRDA:478,88,0,2
BRDA:479,89,0,1
BRDA:479,89,1,12
BRDA:479,90,0,13
BRDA:479,90,1,12
BRDA:485,91,0,11
BRDA:485,91,1,1
BRDA:508,92,0,1
BRDA:508,92,1,6
BRDA:539,93,0,1
BRDA:539,93,1,1
BRDA:540,94,0,1
BRDA:540,94,1,0
BRDA:544,95,0,1
BRDA:544,95,1,0
BRDA:545,96,0,1
BRDA:545,96,1,1
BRDA:546,97,0,1
BRDA:546,97,1,0
BRDA:560,98,0,2
BRDA:560,98,1,2
BRDA:561,99,0,2
BRDA:561,99,1,2
BRDA:562,100,0,2
BRDA:562,100,1,2
BRDA:565,101,0,2
BRDA:565,101,1,0
BRDA:568,102,0,0
BRDA:568,102,1,1
BRDA:571,103,0,0
BRDA:571,103,1,1
BRDA:572,104,0,1
BRDA:572,104,1,1
BRDA:572,104,2,1
BRDA:587,105,0,1
BRDA:587,105,1,2
BRDA:587,106,0,3
BRDA:587,106,1,2
BRDA:587,106,2,2
BRDA:588,107,0,0
BRDA:588,107,1,1
BRDA:606,108,0,0
BRDA:606,108,1,1
BRDA:614,109,0,0
BRDA:614,109,1,2
BRDA:614,110,0,2
BRDA:614,110,1,2
BRDA:614,110,2,2
BRDA:614,110,3,2
BRDA:624,111,0,1
BRDA:624,111,1,1
BRDA:642,112,0,0
BRDA:642,112,1,1
BRDA:683,113,0,1
BRDA:683,113,1,1
BRDA:690,114,0,0
BRDA:693,115,0,3
BRDA:693,115,1,3
BRDA:694,116,0,3
BRDA:694,116,1,3
BRDA:694,117,0,3
BRDA:694,117,1,3
BRDA:695,118,0,3
BRDA:695,118,1,2
BRDA:696,119,0,3
BRDA:696,119,1,2
BRDA:697,120,0,3
BRDA:697,120,1,3
BRDA:698,121,0,3
BRDA:698,121,1,2
BRDA:700,122,0,3
BRDA:700,122,1,2
BRDA:712,123,0,0
BRDA:713,124,0,0
BRDA:715,125,0,9
BRDA:716,126,0,10
BRDA:722,127,0,1
BRDA:722,127,1,9
BRDA:750,128,0,0
BRDA:753,129,0,1
BRDA:753,129,1,1
BRDA:753,130,0,2
BRDA:753,130,1,1
BRF:253
BRH:203
end_of_record
TN:
SF:src\services\parser.js
FN:4,scriptPath
FN:10,pythonBin
FN:14,buildParserArgs
FN:25,runParser
FN:26,(anonymous_4)
FN:36,(anonymous_5)
FN:39,(anonymous_6)
FN:45,(anonymous_7)
FN:73,(anonymous_8)
FN:74,(anonymous_9)
FNF:10
FNH:10
FNDA:16,scriptPath
FNDA:7,pythonBin
FNDA:9,buildParserArgs
FNDA:7,runParser
FNDA:7,(anonymous_4)
FNDA:6,(anonymous_5)
FNDA:1,(anonymous_6)
FNDA:7,(anonymous_7)
FNDA:4,(anonymous_8)
FNDA:3,(anonymous_9)
DA:1,22
DA:2,22
DA:5,16
DA:11,7
DA:15,9
DA:16,9
DA:17,2
DA:19,9
DA:20,1
DA:22,9
DA:26,7
DA:27,7
DA:28,7
DA:33,7
DA:34,7
DA:36,7
DA:37,6
DA:39,7
DA:40,1
DA:43,7
DA:45,7
DA:46,7
DA:47,1
DA:48,1
DA:49,1
DA:50,1
DA:51,1
DA:54,6
DA:55,6
DA:56,1
DA:57,1
DA:60,5
DA:61,5
DA:62,4
DA:64,1
DA:65,1
DA:66,1
DA:67,1
DA:73,22
DA:74,22
DA:76,22
LF:41
LH:41
BRDA:6,0,0,16
BRDA:6,0,1,16
BRDA:11,1,0,7
BRDA:11,1,1,0
BRDA:14,2,0,1
BRDA:16,3,0,2
BRDA:16,3,1,7
BRDA:19,4,0,1
BRDA:19,4,1,8
BRDA:25,5,0,4
BRDA:46,6,0,1
BRDA:46,6,1,6
BRDA:47,7,0,1
BRDA:47,7,1,0
BRDA:55,8,0,1
BRDA:55,8,1,5
BRDA:62,9,0,4
BRDA:62,9,1,0
BRDA:74,10,0,2
BRF:19
BRH:16
end_of_record
TN:
SF:src\services\procedimentosService.js
FN:3,mapProcedimentoRow
FN:19,listProcedimentos
FN:71,getProcedimentoById
FNF:3
FNH:3
FNDA:2,mapProcedimentoRow
FNDA:2,listProcedimentos
FNDA:1,getProcedimentoById
DA:1,22
DA:4,2
DA:20,2
DA:21,2
DA:22,2
DA:23,2
DA:24,2
DA:26,2
DA:27,2
DA:29,2
DA:30,1
DA:31,1
DA:34,2
DA:35,1
DA:36,1
DA:41,2
DA:43,2
DA:47,2
DA:49,2
DA:50,2
DA:60,2
DA:72,1
DA:80,1
DA:81,0
DA:82,0
DA:83,0
DA:86,1
DA:89,22
LF:28
LH:25
BRDA:19,0,0,0
BRDA:20,1,0,1
BRDA:20,1,1,1
BRDA:21,2,0,2
BRDA:21,2,1,1
BRDA:22,3,0,2
BRDA:22,3,1,1
BRDA:23,4,0,2
BRDA:23,4,1,1
BRDA:29,5,0,1
BRDA:29,5,1,1
BRDA:34,6,0,1
BRDA:34,6,1,1
BRDA:66,7,0,2
BRDA:66,7,1,1
BRDA:80,8,0,0
BRDA:80,8,1,1
BRF:17
BRH:15
end_of_record
TN:
SF:src\services\sia.js
FN:4,scriptPath
FN:11,pythonBin
FN:15,parseSyncOutput
FN:28,sincronizar
FN:30,(anonymous_4)
FN:48,(anonymous_5)
FN:51,(anonymous_6)
FN:57,(anonymous_7)
FNF:8
FNH:8
FNDA:7,scriptPath
FNDA:7,pythonBin
FNDA:7,parseSyncOutput
FNDA:7,sincronizar
FNDA:7,(anonymous_4)
FNDA:3,(anonymous_5)
FNDA:1,(anonymous_6)
FNDA:6,(anonymous_7)
DA:1,22
DA:2,22
DA:5,7
DA:12,7
DA:16,7
DA:17,7
DA:18,1
DA:21,6
DA:22,5
DA:23,4
DA:25,1
DA:29,7
DA:30,7
DA:31,7
DA:32,7
DA:33,7
DA:34,1
DA:36,7
DA:45,7
DA:46,7
DA:48,7
DA:49,3
DA:51,7
DA:52,1
DA:55,7
DA:57,7
DA:58,6
DA:59,2
DA:60,2
DA:61,2
DA:62,2
DA:63,2
DA:66,4
DA:67,4
DA:68,3
DA:69,1
DA:70,1
DA:71,1
DA:72,1
DA:74,2
DA:76,1
DA:77,1
DA:78,1
DA:79,1
DA:85,22
LF:45
LH:45
BRDA:6,0,0,7
BRDA:6,0,1,7
BRDA:12,1,0,7
BRDA:12,1,1,0
BRDA:17,2,0,1
BRDA:17,2,1,6
BRDA:22,3,0,4
BRDA:22,3,1,1
BRDA:23,4,0,3
BRDA:23,4,1,1
BRDA:28,5,0,6
BRDA:29,6,0,6
BRDA:33,7,0,1
BRDA:33,7,1,6
BRDA:58,8,0,2
BRDA:58,8,1,4
BRDA:59,9,0,2
BRDA:59,9,1,1
BRDA:68,10,0,1
BRDA:68,10,1,2
BRF:20
BRH:19
end_of_record
TN:
SF:src\services\siaProducaoService.js
FN:9,getSiaProducaoColumns
FN:20,(anonymous_1)
FN:24,listProducao
FN:79,(anonymous_3)
FNF:4
FNH:4
FNDA:6,getSiaProducaoColumns
FNDA:4,(anonymous_1)
FNDA:6,listProducao
FNDA:3,(anonymous_3)
DA:1,22
DA:5,22
DA:7,22
DA:10,6
DA:11,2
DA:13,4
DA:20,4
DA:21,4
DA:25,6
DA:26,6
DA:27,6
DA:28,6
DA:29,6
DA:32,6
DA:36,6
DA:37,5
DA:38,5
DA:40,6
DA:41,4
DA:42,4
DA:44,6
DA:45,1
DA:46,1
DA:48,6
DA:49,1
DA:50,1
DA:53,6
DA:55,6
DA:74,6
DA:77,22
DA:80,3
LF:31
LH:31
BRDA:10,0,0,2
BRDA:10,0,1,4
BRDA:24,1,0,0
BRDA:29,2,0,2
BRDA:29,2,1,4
BRDA:32,3,0,2
BRDA:32,3,1,4
BRDA:36,4,0,5
BRDA:36,4,1,1
BRDA:40,5,0,4
BRDA:40,5,1,2
BRDA:44,6,0,1
BRDA:44,6,1,5
BRDA:48,7,0,1
BRDA:48,7,1,5
BRDA:53,8,0,5
BRDA:53,8,1,1
BRF:17
BRH:16
end_of_record
TN:
SF:src\services\storage.js
FN:5,uploadsRoot
FN:9,competenciaParts
FN:18,slugUnidade
FN:29,buildPath
FN:35,hashFile
FN:40,moveFile
FN:55,removeFile
FN:63,removeTempFile
FNF:8
FNH:8
FNDA:16,uploadsRoot
FNDA:11,competenciaParts
FNDA:11,slugUnidade
FNDA:8,buildPath
FNDA:1,hashFile
FNDA:3,moveFile
FNDA:5,removeFile
FNDA:3,removeTempFile
DA:1,23
DA:2,23
DA:3,23
DA:6,16
DA:10,11
DA:11,11
DA:12,11
DA:13,1
DA:15,10
DA:19,11
DA:30,8
DA:31,8
DA:32,8
DA:36,1
DA:37,1
DA:41,3
DA:42,3
DA:43,3
DA:46,2
DA:47,1
DA:48,1
DA:49,1
DA:51,1
DA:56,5
DA:57,5
DA:64,3
DA:65,1
DA:69,23
LF:28
LH:28
BRDA:6,0,0,16
BRDA:6,0,1,0
BRDA:12,1,0,1
BRDA:12,1,1,10
BRDA:12,2,0,11
BRDA:12,2,1,11
BRDA:19,3,0,11
BRDA:19,3,1,2
BRDA:46,4,0,1
BRDA:46,4,1,1
BRDA:64,5,0,1
BRDA:64,5,1,2
BRF:12
BRH:11
end_of_record
